
[1mRooFit v3.60 -- Developed by Wouter Verkerke and David Kirkby[0m 
                Copyright (C) 2000-2013 NIKHEF, University of California & Stanford University
                All rights reserved, please read http://roofit.sourceforge.net/license.txt


[1mGammaCombo v1.3 [0m-- All rights reserved under GPLv3, http://www.gnu.org/licenses/gpl.txt

Decay PIPIEE in bin 0
Decay 2 PIPIEE in bin 0
[#0] WARNING:InputArguments -- The parameter 'Y_Norm_sigma_brem0_1516_211-525' with range [-1e+30, 1e+30] of the RooGaussian 'Y_Norm_constraint_brem0_1516_211-525' exceeds the safe range of (0, inf). Advise to limit its range.
[#0] WARNING:InputArguments -- The parameter 'Y_Norm_sigma_brem1_1516_211-525' with range [-1e+30, 1e+30] of the RooGaussian 'Y_Norm_constraint_brem1_1516_211-525' exceeds the safe range of (0, inf). Advise to limit its range.
[#0] WARNING:InputArguments -- The parameter 'Y_Norm_sigma_brem0_1718_211-525' with range [-1e+30, 1e+30] of the RooGaussian 'Y_Norm_constraint_brem0_1718_211-525' exceeds the safe range of (0, inf). Advise to limit its range.
[#0] WARNING:InputArguments -- The parameter 'Y_Norm_sigma_brem1_1718_211-525' with range [-1e+30, 1e+30] of the RooGaussian 'Y_Norm_constraint_brem1_1718_211-525' exceeds the safe range of (0, inf). Advise to limit its range.
[#0] WARNING:InputArguments -- The parameter 'Y_Norm_sigma_brem0_1516_525-565' with range [-1e+30, 1e+30] of the RooGaussian 'Y_Norm_constraint_brem0_1516_525-565' exceeds the safe range of (0, inf). Advise to limit its range.
[#0] WARNING:InputArguments -- The parameter 'Y_Norm_sigma_brem1_1516_525-565' with range [-1e+30, 1e+30] of the RooGaussian 'Y_Norm_constraint_brem1_1516_525-565' exceeds the safe range of (0, inf). Advise to limit its range.
[#0] WARNING:InputArguments -- The parameter 'Y_Norm_sigma_brem0_1718_525-565' with range [-1e+30, 1e+30] of the RooGaussian 'Y_Norm_constraint_brem0_1718_525-565' exceeds the safe range of (0, inf). Advise to limit its range.
[#0] WARNING:InputArguments -- The parameter 'Y_Norm_sigma_brem1_1718_525-565' with range [-1e+30, 1e+30] of the RooGaussian 'Y_Norm_constraint_brem1_1718_525-565' exceeds the safe range of (0, inf). Advise to limit its range.
[#0] WARNING:InputArguments -- The parameter 'Y_Norm_sigma_brem0_1516_565-950' with range [-1e+30, 1e+30] of the RooGaussian 'Y_Norm_constraint_brem0_1516_565-950' exceeds the safe range of (0, inf). Advise to limit its range.
[#0] WARNING:InputArguments -- The parameter 'Y_Norm_sigma_brem1_1516_565-950' with range [-1e+30, 1e+30] of the RooGaussian 'Y_Norm_constraint_brem1_1516_565-950' exceeds the safe range of (0, inf). Advise to limit its range.
[#0] WARNING:InputArguments -- The parameter 'Y_Norm_sigma_brem0_1718_565-950' with range [-1e+30, 1e+30] of the RooGaussian 'Y_Norm_constraint_brem0_1718_565-950' exceeds the safe range of (0, inf). Advise to limit its range.
[#0] WARNING:InputArguments -- The parameter 'Y_Norm_sigma_brem1_1718_565-950' with range [-1e+30, 1e+30] of the RooGaussian 'Y_Norm_constraint_brem1_1718_565-950' exceeds the safe range of (0, inf). Advise to limit its range.
[#0] WARNING:InputArguments -- The parameter 'Y_Norm_sigma_brem0_1516_950-1100' with range [-1e+30, 1e+30] of the RooGaussian 'Y_Norm_constraint_brem0_1516_950-1100' exceeds the safe range of (0, inf). Advise to limit its range.
[#0] WARNING:InputArguments -- The parameter 'Y_Norm_sigma_brem1_1516_950-1100' with range [-1e+30, 1e+30] of the RooGaussian 'Y_Norm_constraint_brem1_1516_950-1100' exceeds the safe range of (0, inf). Advise to limit its range.
[#0] WARNING:InputArguments -- The parameter 'Y_Norm_sigma_brem0_1718_950-1100' with range [-1e+30, 1e+30] of the RooGaussian 'Y_Norm_constraint_brem0_1718_950-1100' exceeds the safe range of (0, inf). Advise to limit its range.
[#0] WARNING:InputArguments -- The parameter 'Y_Norm_sigma_brem1_1718_950-1100' with range [-1e+30, 1e+30] of the RooGaussian 'Y_Norm_constraint_brem1_1718_950-1100' exceeds the safe range of (0, inf). Advise to limit its range.
[#0] WARNING:InputArguments -- The parameter 'Y_Norm_sigma_brem0_1516_1100-1500' with range [-1e+30, 1e+30] of the RooGaussian 'Y_Norm_constraint_brem0_1516_1100-1500' exceeds the safe range of (0, inf). Advise to limit its range.
[#0] WARNING:InputArguments -- The parameter 'Y_Norm_sigma_brem1_1516_1100-1500' with range [-1e+30, 1e+30] of the RooGaussian 'Y_Norm_constraint_brem1_1516_1100-1500' exceeds the safe range of (0, inf). Advise to limit its range.
[#0] WARNING:InputArguments -- The parameter 'Y_Norm_sigma_brem0_1718_1100-1500' with range [-1e+30, 1e+30] of the RooGaussian 'Y_Norm_constraint_brem0_1718_1100-1500' exceeds the safe range of (0, inf). Advise to limit its range.
[#0] WARNING:InputArguments -- The parameter 'Y_Norm_sigma_brem1_1718_1100-1500' with range [-1e+30, 1e+30] of the RooGaussian 'Y_Norm_constraint_brem1_1718_1100-1500' exceeds the safe range of (0, inf). Advise to limit its range.
[#0] WARNING:InputArguments -- The parameter 'BF_norm_sigma' with range [-1e+30, 1e+30] of the RooGaussian 'BF_norm_constraint' exceeds the safe range of (0, inf). Advise to limit its range.
211-525
[#0] WARNING:InputArguments -- The parameter 'Eff_Ratio_sigmabrem0_1516_bin0' with range [-1e+30, 1e+30] of the RooGaussian 'Eff_Ratio_constraintbrem0_1516_bin0' exceeds the safe range of (0, inf). Advise to limit its range.
 BF_signal[ibin] = 7.8e-08 Y_Norm[ibin][ibrem][iyear] = 54.5258 Eff_Ratio[ibin][ibrem][iyear] = 0.802315
[#0] WARNING:InputArguments -- The parameter 'Eff_Ratio_sigmabrem0_1718_bin0' with range [-1e+30, 1e+30] of the RooGaussian 'Eff_Ratio_constraintbrem0_1718_bin0' exceeds the safe range of (0, inf). Advise to limit its range.
 BF_signal[ibin] = 7.8e-08 Y_Norm[ibin][ibrem][iyear] = 250.637 Eff_Ratio[ibin][ibrem][iyear] = 0.71824
[#0] WARNING:InputArguments -- The parameter 'Eff_Ratio_sigmabrem1_1516_bin0' with range [-1e+30, 1e+30] of the RooGaussian 'Eff_Ratio_constraintbrem1_1516_bin0' exceeds the safe range of (0, inf). Advise to limit its range.
 BF_signal[ibin] = 7.8e-08 Y_Norm[ibin][ibrem][iyear] = 48.1985 Eff_Ratio[ibin][ibrem][iyear] = 0.489758
[#0] WARNING:InputArguments -- The parameter 'Eff_Ratio_sigmabrem1_1718_bin0' with range [-1e+30, 1e+30] of the RooGaussian 'Eff_Ratio_constraintbrem1_1718_bin0' exceeds the safe range of (0, inf). Advise to limit its range.
 BF_signal[ibin] = 7.8e-08 Y_Norm[ibin][ibrem][iyear] = 436.714 Eff_Ratio[ibin][ibrem][iyear] = 0.651762
525-565
[#0] WARNING:InputArguments -- The parameter 'Eff_Ratio_sigmabrem0_1516_bin1' with range [-1e+30, 1e+30] of the RooGaussian 'Eff_Ratio_constraintbrem0_1516_bin1' exceeds the safe range of (0, inf). Advise to limit its range.
 BF_signal[ibin] = 2.4e-08 Y_Norm[ibin][ibrem][iyear] = 54.5258 Eff_Ratio[ibin][ibrem][iyear] = 0.4177
[#0] WARNING:InputArguments -- The parameter 'Eff_Ratio_sigmabrem0_1718_bin1' with range [-1e+30, 1e+30] of the RooGaussian 'Eff_Ratio_constraintbrem0_1718_bin1' exceeds the safe range of (0, inf). Advise to limit its range.
 BF_signal[ibin] = 2.4e-08 Y_Norm[ibin][ibrem][iyear] = 250.637 Eff_Ratio[ibin][ibrem][iyear] = 0.44302
[#0] WARNING:InputArguments -- The parameter 'Eff_Ratio_sigmabrem1_1516_bin1' with range [-1e+30, 1e+30] of the RooGaussian 'Eff_Ratio_constraintbrem1_1516_bin1' exceeds the safe range of (0, inf). Advise to limit its range.
 BF_signal[ibin] = 2.4e-08 Y_Norm[ibin][ibrem][iyear] = 48.1985 Eff_Ratio[ibin][ibrem][iyear] = 0.627754
[#0] WARNING:InputArguments -- The parameter 'Eff_Ratio_sigmabrem1_1718_bin1' with range [-1e+30, 1e+30] of the RooGaussian 'Eff_Ratio_constraintbrem1_1718_bin1' exceeds the safe range of (0, inf). Advise to limit its range.
 BF_signal[ibin] = 2.4e-08 Y_Norm[ibin][ibrem][iyear] = 436.714 Eff_Ratio[ibin][ibrem][iyear] = 0.421831
565-950
[#0] WARNING:InputArguments -- The parameter 'Eff_Ratio_sigmabrem0_1516_bin2' with range [-1e+30, 1e+30] of the RooGaussian 'Eff_Ratio_constraintbrem0_1516_bin2' exceeds the safe range of (0, inf). Advise to limit its range.
 BF_signal[ibin] = 4.06e-07 Y_Norm[ibin][ibrem][iyear] = 54.5258 Eff_Ratio[ibin][ibrem][iyear] = 0.825909
[#0] WARNING:InputArguments -- The parameter 'Eff_Ratio_sigmabrem0_1718_bin2' with range [-1e+30, 1e+30] of the RooGaussian 'Eff_Ratio_constraintbrem0_1718_bin2' exceeds the safe range of (0, inf). Advise to limit its range.
 BF_signal[ibin] = 4.06e-07 Y_Norm[ibin][ibrem][iyear] = 250.637 Eff_Ratio[ibin][ibrem][iyear] = 1.0076
[#0] WARNING:InputArguments -- The parameter 'Eff_Ratio_sigmabrem1_1516_bin2' with range [-1e+30, 1e+30] of the RooGaussian 'Eff_Ratio_constraintbrem1_1516_bin2' exceeds the safe range of (0, inf). Advise to limit its range.
 BF_signal[ibin] = 4.06e-07 Y_Norm[ibin][ibrem][iyear] = 48.1985 Eff_Ratio[ibin][ibrem][iyear] = 0.671521
[#0] WARNING:InputArguments -- The parameter 'Eff_Ratio_sigmabrem1_1718_bin2' with range [-1e+30, 1e+30] of the RooGaussian 'Eff_Ratio_constraintbrem1_1718_bin2' exceeds the safe range of (0, inf). Advise to limit its range.
 BF_signal[ibin] = 4.06e-07 Y_Norm[ibin][ibrem][iyear] = 436.714 Eff_Ratio[ibin][ibrem][iyear] = 1.13383
950-1100
[#0] WARNING:InputArguments -- The parameter 'Eff_Ratio_sigmabrem0_1516_bin3' with range [-1e+30, 1e+30] of the RooGaussian 'Eff_Ratio_constraintbrem0_1516_bin3' exceeds the safe range of (0, inf). Advise to limit its range.
 BF_signal[ibin] = 4.54e-07 Y_Norm[ibin][ibrem][iyear] = 54.5258 Eff_Ratio[ibin][ibrem][iyear] = 1.00587
[#0] WARNING:InputArguments -- The parameter 'Eff_Ratio_sigmabrem0_1718_bin3' with range [-1e+30, 1e+30] of the RooGaussian 'Eff_Ratio_constraintbrem0_1718_bin3' exceeds the safe range of (0, inf). Advise to limit its range.
 BF_signal[ibin] = 4.54e-07 Y_Norm[ibin][ibrem][iyear] = 250.637 Eff_Ratio[ibin][ibrem][iyear] = 1.17254
[#0] WARNING:InputArguments -- The parameter 'Eff_Ratio_sigmabrem1_1516_bin3' with range [-1e+30, 1e+30] of the RooGaussian 'Eff_Ratio_constraintbrem1_1516_bin3' exceeds the safe range of (0, inf). Advise to limit its range.
 BF_signal[ibin] = 4.54e-07 Y_Norm[ibin][ibrem][iyear] = 48.1985 Eff_Ratio[ibin][ibrem][iyear] = 1.02712
[#0] WARNING:InputArguments -- The parameter 'Eff_Ratio_sigmabrem1_1718_bin3' with range [-1e+30, 1e+30] of the RooGaussian 'Eff_Ratio_constraintbrem1_1718_bin3' exceeds the safe range of (0, inf). Advise to limit its range.
 BF_signal[ibin] = 4.54e-07 Y_Norm[ibin][ibrem][iyear] = 436.714 Eff_Ratio[ibin][ibrem][iyear] = 1.40843
1100-1500
[#0] WARNING:InputArguments -- The parameter 'Eff_Ratio_sigmabrem0_1516_bin4' with range [-1e+30, 1e+30] of the RooGaussian 'Eff_Ratio_constraintbrem0_1516_bin4' exceeds the safe range of (0, inf). Advise to limit its range.
 BF_signal[ibin] = 2.8e-08 Y_Norm[ibin][ibrem][iyear] = 54.5258 Eff_Ratio[ibin][ibrem][iyear] = 1.44259
[#0] WARNING:InputArguments -- The parameter 'Eff_Ratio_sigmabrem0_1718_bin4' with range [-1e+30, 1e+30] of the RooGaussian 'Eff_Ratio_constraintbrem0_1718_bin4' exceeds the safe range of (0, inf). Advise to limit its range.
 BF_signal[ibin] = 2.8e-08 Y_Norm[ibin][ibrem][iyear] = 250.637 Eff_Ratio[ibin][ibrem][iyear] = 0.845209
[#0] WARNING:InputArguments -- The parameter 'Eff_Ratio_sigmabrem1_1516_bin4' with range [-1e+30, 1e+30] of the RooGaussian 'Eff_Ratio_constraintbrem1_1516_bin4' exceeds the safe range of (0, inf). Advise to limit its range.
 BF_signal[ibin] = 2.8e-08 Y_Norm[ibin][ibrem][iyear] = 48.1985 Eff_Ratio[ibin][ibrem][iyear] = 0.760795
[#0] WARNING:InputArguments -- The parameter 'Eff_Ratio_sigmabrem1_1718_bin4' with range [-1e+30, 1e+30] of the RooGaussian 'Eff_Ratio_constraintbrem1_1718_bin4' exceeds the safe range of (0, inf). Advise to limit its range.
 BF_signal[ibin] = 2.8e-08 Y_Norm[ibin][ibrem][iyear] = 436.714 Eff_Ratio[ibin][ibrem][iyear] = 1.51282
events_SIGNAL 1
n_signal_value[ibin][ibrem][iyear] 0.853064
[#1] INFO:NumericIntegration -- RooRealIntegral::init(model_misid_only_bkg_brem0_1516_211-525_Int[D_M]) using numeric integrator RooIntegrator1D to calculate Int(D_M)
[#1] INFO:NumericIntegration -- RooRealIntegral::init(model_misid_only_bkg_brem0_1516_211-525_Int[D_M]) using numeric integrator RooIntegrator1D to calculate Int(D_M)
events_SIGNAL 0
n_signal_value[ibin][ibrem][iyear] 0.460309
events_SIGNAL 4
n_signal_value[ibin][ibrem][iyear] 3.51034
[#1] INFO:NumericIntegration -- RooRealIntegral::init(model_misid_only_bkg_brem0_1718_211-525_Int[D_M]) using numeric integrator RooIntegrator1D to calculate Int(D_M)
[#1] INFO:NumericIntegration -- RooRealIntegral::init(model_misid_only_bkg_brem0_1718_211-525_Int[D_M]) using numeric integrator RooIntegrator1D to calculate Int(D_M)
[#1] INFO:NumericIntegration -- RooRealIntegral::init(model_eta_only_bkg_brem0_1718_211-525_Int[D_M]) using numeric integrator RooIntegrator1D to calculate Int(D_M)
[#1] INFO:NumericIntegration -- RooRealIntegral::init(model_eta_only_bkg_brem0_1718_211-525_Int[D_M]) using numeric integrator RooIntegrator1D to calculate Int(D_M)
events_SIGNAL 6
n_signal_value[ibin][ibrem][iyear] 5.55035
[#1] INFO:NumericIntegration -- RooRealIntegral::init(model_misid_only_bkg_brem1_1718_211-525_Int[D_M]) using numeric integrator RooIntegrator1D to calculate Int(D_M)
[#1] INFO:NumericIntegration -- RooRealIntegral::init(model_misid_only_bkg_brem1_1718_211-525_Int[D_M]) using numeric integrator RooIntegrator1D to calculate Int(D_M)
[#1] INFO:NumericIntegration -- RooRealIntegral::init(model_eta_only_bkg_brem1_1718_211-525_Int[D_M]) using numeric integrator RooIntegrator1D to calculate Int(D_M)
[#1] INFO:NumericIntegration -- RooRealIntegral::init(model_eta_only_bkg_brem1_1718_211-525_Int[D_M]) using numeric integrator RooIntegrator1D to calculate Int(D_M)
[#1] INFO:Minization -- p.d.f. provides expected number of events, including extended term in likelihood.
[#1] INFO:Minization --  Including the following constraint terms in minimization: (BF_norm_constraint,Eff_Ratio_constraintbrem0_1516_bin0,Eff_Ratio_constraintbrem0_1718_bin0,Eff_Ratio_constraintbrem1_1516_bin0,Eff_Ratio_constraintbrem1_1718_bin0,Y_Norm_constraint_brem0_1516_211-525,Y_Norm_constraint_brem0_1718_211-525,Y_Norm_constraint_brem1_1516_211-525,Y_Norm_constraint_brem1_1718_211-525)
[#1] INFO:Fitting -- RooAddition::defaultErrorLevel(nll_mass_model_data_with_constr) Summation contains a RooNLLVar, using its error level
[#1] INFO:Minization -- RooMinimizer::optimizeConst: activating const optimization
RooAbsTestStatistic::initSimMode: creating slave calculator #0 for state brem0_1516 (11 dataset entries)
[#1] INFO:NumericIntegration -- RooRealIntegral::init(model_misid_only_bkg_brem0_1516_211-525_Int[D_M]) using numeric integrator RooIntegrator1D to calculate Int(D_M)
[#1] INFO:NumericIntegration -- RooRealIntegral::init(model_eta_only_bkg_brem0_1516_211-525_Int[D_M]) using numeric integrator RooIntegrator1D to calculate Int(D_M)
RooAbsTestStatistic::initSimMode: creating slave calculator #1 for state brem0_1718 (91 dataset entries)
[#1] INFO:NumericIntegration -- RooRealIntegral::init(model_misid_only_bkg_brem0_1718_211-525_Int[D_M]) using numeric integrator RooIntegrator1D to calculate Int(D_M)
[#1] INFO:NumericIntegration -- RooRealIntegral::init(model_eta_only_bkg_brem0_1718_211-525_Int[D_M]) using numeric integrator RooIntegrator1D to calculate Int(D_M)
RooAbsTestStatistic::initSimMode: creating slave calculator #2 for state brem1_1516 (0 dataset entries)
[#1] INFO:NumericIntegration -- RooRealIntegral::init(model_misid_only_bkg_brem1_1516_211-525_Int[D_M]) using numeric integrator RooIntegrator1D to calculate Int(D_M)
[#1] INFO:NumericIntegration -- RooRealIntegral::init(model_eta_only_bkg_brem1_1516_211-525_Int[D_M]) using numeric integrator RooIntegrator1D to calculate Int(D_M)
RooAbsTestStatistic::initSimMode: creating slave calculator #3 for state brem1_1718 (157 dataset entries)
[#1] INFO:NumericIntegration -- RooRealIntegral::init(model_misid_only_bkg_brem1_1718_211-525_Int[D_M]) using numeric integrator RooIntegrator1D to calculate Int(D_M)
[#1] INFO:NumericIntegration -- RooRealIntegral::init(model_eta_only_bkg_brem1_1718_211-525_Int[D_M]) using numeric integrator RooIntegrator1D to calculate Int(D_M)
[#1] INFO:Fitting -- RooAbsTestStatistic::initSimMode: created 4 slave calculators.
[#1] INFO:NumericIntegration -- RooRealIntegral::init(model_misid_only_bkg_brem0_1516_211-525_Int[D_M]) using numeric integrator RooIntegrator1D to calculate Int(D_M)
[#1] INFO:NumericIntegration -- RooRealIntegral::init(model_eta_only_bkg_brem0_1516_211-525_Int[D_M]) using numeric integrator RooIntegrator1D to calculate Int(D_M)
[#1] INFO:NumericIntegration -- RooRealIntegral::init(model_misid_only_bkg_brem0_1516_211-525_Int[D_M]) using numeric integrator RooIntegrator1D to calculate Int(D_M)
[#1] INFO:NumericIntegration -- RooRealIntegral::init(model_eta_only_bkg_brem0_1516_211-525_Int[D_M]) using numeric integrator RooIntegrator1D to calculate Int(D_M)
[#1] INFO:NumericIntegration -- RooRealIntegral::init(model_misid_only_bkg_brem0_1516_211-525_Int[D_M]) using numeric integrator RooIntegrator1D to calculate Int(D_M)
[#1] INFO:NumericIntegration -- RooRealIntegral::init(model_eta_only_bkg_brem0_1516_211-525_Int[D_M]) using numeric integrator RooIntegrator1D to calculate Int(D_M)
[#1] INFO:Minization --  The following expressions have been identified as constant and will be precalculated and cached: (model_signal_brem0_1516_211-525,model_comb_only_bkg_brem0_1516_211-525,model_misid_only_bkg_brem0_1516_211-525,model_eta_only_bkg_brem0_1516_211-525)
[#1] INFO:Minization --  The following expressions will be evaluated in cache-and-track mode: (emodel_signal_brem0_1516_bin0,emodel_comb_brem0_1516_bin0,emodel_misid_brem0_1516_bin0,emodel_eta_brem0_1516_bin0)
[#1] INFO:NumericIntegration -- RooRealIntegral::init(model_misid_only_bkg_brem0_1718_211-525_Int[D_M]) using numeric integrator RooIntegrator1D to calculate Int(D_M)
[#1] INFO:NumericIntegration -- RooRealIntegral::init(model_eta_only_bkg_brem0_1718_211-525_Int[D_M]) using numeric integrator RooIntegrator1D to calculate Int(D_M)
[#1] INFO:NumericIntegration -- RooRealIntegral::init(model_misid_only_bkg_brem0_1718_211-525_Int[D_M]) using numeric integrator RooIntegrator1D to calculate Int(D_M)
[#1] INFO:NumericIntegration -- RooRealIntegral::init(model_eta_only_bkg_brem0_1718_211-525_Int[D_M]) using numeric integrator RooIntegrator1D to calculate Int(D_M)
[#1] INFO:NumericIntegration -- RooRealIntegral::init(model_misid_only_bkg_brem0_1718_211-525_Int[D_M]) using numeric integrator RooIntegrator1D to calculate Int(D_M)
[#1] INFO:NumericIntegration -- RooRealIntegral::init(model_eta_only_bkg_brem0_1718_211-525_Int[D_M]) using numeric integrator RooIntegrator1D to calculate Int(D_M)
[#1] INFO:Minization --  The following expressions have been identified as constant and will be precalculated and cached: (model_signal_brem0_1718_211-525,model_comb_only_bkg_brem0_1718_211-525,model_misid_only_bkg_brem0_1718_211-525,model_eta_only_bkg_brem0_1718_211-525)
[#1] INFO:Minization --  The following expressions will be evaluated in cache-and-track mode: (emodel_signal_brem0_1718_bin0,emodel_comb_brem0_1718_bin0,emodel_misid_brem0_1718_bin0,emodel_eta_brem0_1718_bin0)
[#1] INFO:NumericIntegration -- RooRealIntegral::init(model_misid_only_bkg_brem1_1516_211-525_Int[D_M]) using numeric integrator RooIntegrator1D to calculate Int(D_M)
[#1] INFO:NumericIntegration -- RooRealIntegral::init(model_eta_only_bkg_brem1_1516_211-525_Int[D_M]) using numeric integrator RooIntegrator1D to calculate Int(D_M)
[#1] INFO:Minization --  The following expressions have been identified as constant and will be precalculated and cached: (model_signal_brem1_1516_211-525,model_comb_only_bkg_brem1_1516_211-525,model_misid_only_bkg_brem1_1516_211-525,model_eta_only_bkg_brem1_1516_211-525)
[#1] INFO:Minization --  The following expressions will be evaluated in cache-and-track mode: (emodel_signal_brem1_1516_bin0,emodel_comb_brem1_1516_bin0,emodel_misid_brem1_1516_bin0,emodel_eta_brem1_1516_bin0)
[#1] INFO:NumericIntegration -- RooRealIntegral::init(model_misid_only_bkg_brem1_1718_211-525_Int[D_M]) using numeric integrator RooIntegrator1D to calculate Int(D_M)
[#1] INFO:NumericIntegration -- RooRealIntegral::init(model_eta_only_bkg_brem1_1718_211-525_Int[D_M]) using numeric integrator RooIntegrator1D to calculate Int(D_M)
[#1] INFO:NumericIntegration -- RooRealIntegral::init(model_misid_only_bkg_brem1_1718_211-525_Int[D_M]) using numeric integrator RooIntegrator1D to calculate Int(D_M)
[#1] INFO:NumericIntegration -- RooRealIntegral::init(model_eta_only_bkg_brem1_1718_211-525_Int[D_M]) using numeric integrator RooIntegrator1D to calculate Int(D_M)
[#1] INFO:NumericIntegration -- RooRealIntegral::init(model_misid_only_bkg_brem1_1718_211-525_Int[D_M]) using numeric integrator RooIntegrator1D to calculate Int(D_M)
[#1] INFO:NumericIntegration -- RooRealIntegral::init(model_eta_only_bkg_brem1_1718_211-525_Int[D_M]) using numeric integrator RooIntegrator1D to calculate Int(D_M)
[#1] INFO:Minization --  The following expressions have been identified as constant and will be precalculated and cached: (model_signal_brem1_1718_211-525,model_comb_only_bkg_brem1_1718_211-525,model_misid_only_bkg_brem1_1718_211-525,model_eta_only_bkg_brem1_1718_211-525)
[#1] INFO:Minization --  The following expressions will be evaluated in cache-and-track mode: (emodel_signal_brem1_1718_bin0,emodel_comb_brem1_1718_bin0,emodel_misid_brem1_1718_bin0,emodel_eta_brem1_1718_bin0)
 **********
 **    1 **SET PRINT           1
 **********
 **********
 **    2 **SET NOGRAD
 **********
 PARAMETER DEFINITIONS:
    NO.   NAME         VALUE      STEP SIZE      LIMITS
     1 BF_norm_obs   4.00000e-06  1.00000e-06    1.00000e-20  1.00000e-05
     2 BFsignal     7.80000e-08  3.90000e-08    0.00000e+00  1.00000e-05
     3 n_comb_brem0_1516_bin0   1.34129e+00  6.70645e-01    0.00000e+00  3.00000e+02
     4 n_comb_brem0_1718_bin0   5.71874e+01  2.85937e+01    0.00000e+00  3.00000e+02
     5 n_comb_brem1_1516_bin0   3.08570e-05  1.54285e-05    0.00000e+00  3.00000e+02
     6 n_comb_brem1_1718_bin0   1.12621e+02  3.00000e+01    0.00000e+00  3.00000e+02
     7 n_eta_brem0_1516_bin0   1.69297e-09  8.46485e-10    0.00000e+00  1.00000e+02
 MINUIT WARNING IN PARAMETR
 ============== VARIABLE7 IS AT ITS LOWER ALLOWED LIMIT.
     8 n_eta_brem0_1718_bin0   4.10947e+00  2.05473e+00    0.00000e+00  1.00000e+02
     9 n_eta_brem1_1516_bin0   2.79133e-09  1.39567e-09    0.00000e+00  1.00000e+02
 MINUIT WARNING IN PARAMETR
 ============== VARIABLE9 IS AT ITS LOWER ALLOWED LIMIT.
    10 n_eta_brem1_1718_bin0   3.74100e+01  1.00000e+01    0.00000e+00  1.00000e+02
    11 n_misid_brem0_1516_bin0   8.85117e+00  4.42558e+00    0.00000e+00  2.00000e+02
    12 n_misid_brem0_1718_bin0   2.63899e+01  1.31950e+01    0.00000e+00  2.00000e+02
 **********
 **    3 **SET ERR         0.5
 **********
 **********
 **    4 **SET PRINT           1
 **********
 **********
 **    5 **SET STR           1
 **********
 NOW USING STRATEGY  1: TRY TO BALANCE SPEED AGAINST RELIABILITY
 **********
 **    6 **MIGRAD        6000           1
 **********
 FIRST CALL TO USER FUNCTION AT NEW START POINT, WITH IFLAG=4.
 MINUIT WARNING IN MIGrad    
 ============== VARIABLE7 IS AT ITS LOWER ALLOWED LIMIT.
 MINUIT WARNING IN MIGrad    
 ============== VARIABLE9 IS AT ITS LOWER ALLOWED LIMIT.
 START MIGRAD MINIMIZATION.  STRATEGY  1.  CONVERGENCE WHEN EDM .LT. 1.00e-03
 FCN=869.35 FROM MIGRAD    STATUS=INITIATE       44 CALLS          45 TOTAL
                     EDM= unknown      STRATEGY= 1      NO ERROR MATRIX       
  EXT PARAMETER               CURRENT GUESS       STEP         FIRST   
  NO.   NAME      VALUE            ERROR          SIZE      DERIVATIVE 
   1  BF_norm_obs   4.00000e-06   1.00000e-06   2.05758e-01   4.23330e-05
   2  BFsignal     7.80000e-08   3.90000e-08   4.58879e-02  -1.43150e+00
   3  n_comb_brem0_1516_bin0   1.34129e+00   6.70645e-01   3.46862e-02   1.13672e-01
   4  n_comb_brem0_1718_bin0   5.71874e+01   2.85937e+01   2.50335e-01  -5.09817e+00
   5  n_comb_brem1_1516_bin0   3.08570e-05   1.54285e-05   1.66013e-04** at limit **
   6  n_comb_brem1_1718_bin0   1.12621e+02   3.00000e+01   2.08325e-01  -3.03588e+00
   7  n_eta_brem0_1516_bin0   9.53674e-05   8.46485e-10   8.66800e-09   9.19927e-02
   8  n_eta_brem0_1718_bin0   4.10947e+00   2.05473e+00   1.07063e-01   6.03680e-01
   9  n_eta_brem1_1516_bin0   9.53674e-05   1.39567e-09   1.42916e-08   9.76562e-02
  10  n_eta_brem1_1718_bin0   3.74100e+01   1.00000e+01   2.08479e-01   3.42685e+00
  11  n_misid_brem0_1516_bin0   8.85117e+00   4.42558e+00   1.11281e-01   1.50092e+00
  12  n_misid_brem0_1718_bin0   2.63899e+01   1.31950e+01   2.01281e-01   7.60901e+00
                               ERR DEF= 0.5
 MIGRAD MINIMIZATION HAS CONVERGED.
 MIGRAD WILL VERIFY CONVERGENCE AND ERROR MATRIX.
 COVARIANCE MATRIX CALCULATED SUCCESSFULLY
 FCN=868.128 FROM MIGRAD    STATUS=CONVERGED     328 CALLS         329 TOTAL
                     EDM=0.000105312    STRATEGY= 1      ERROR MATRIX ACCURATE 
  EXT PARAMETER                                   STEP         FIRST   
  NO.   NAME      VALUE            ERROR          SIZE      DERIVATIVE 
   1  BF_norm_obs   4.00000e-06   5.46560e-07   2.27530e-03  -4.28092e-05
   2  BFsignal     7.54490e-08   8.86377e-08   1.66270e-03  -5.05386e-03
   3  n_comb_brem0_1516_bin0   1.34003e+00   1.33972e+00   1.35810e-03  -8.10685e-02
   4  n_comb_brem0_1718_bin0   6.67326e+01   1.24337e+01   1.47112e-03  -2.71338e-02
   5  n_comb_brem1_1516_bin0   6.27288e-09   4.99722e-01   1.66171e-03** at limit **
   6  n_comb_brem1_1718_bin0   1.25314e+02   1.72017e+01   1.69824e-03   3.40845e-02
   7  n_eta_brem0_1516_bin0   2.38637e-08   5.31042e-01   2.96847e-03** at limit **
   8  n_eta_brem0_1718_bin0   1.02783e+00   9.47480e+00   9.54419e-03   1.09293e-03
   9  n_eta_brem1_1516_bin0   1.93430e-08   4.99168e-01   2.87817e-03** at limit **
  10  n_eta_brem1_1718_bin0   2.52779e+01   1.13623e+01   4.24931e-03  -7.69552e-03
  11  n_misid_brem0_1516_bin0   8.52434e+00   3.05274e+00   1.50252e-03  -3.88175e-02
  12  n_misid_brem0_1718_bin0   1.93103e+01   7.04178e+00   2.15503e-03   4.10153e-02
                               ERR DEF= 0.5
 EXTERNAL ERROR MATRIX.    NDIM=  25    NPAR= 12    ERR DEF=0.5
 ELEMENTS ABOVE DIAGONAL ARE NOT PRINTED.
  3.000e-13 
  2.398e-24  7.884e-15 
 -1.110e-18 -3.649e-09  1.798e+00 
 -1.501e-15 -2.940e-07  1.360e-01  1.551e+02 
  2.936e-30  5.081e-21 -7.675e-14 -8.898e-13  1.255e-08 
 -2.152e-16 -6.786e-07  3.140e-01  2.730e+01 -9.240e-13  2.972e+02 
  1.983e-26  6.519e-17 -1.117e-09 -2.432e-09 -1.385e-17 -5.611e-09  5.078e-08 
  1.294e-15  7.545e-08 -3.492e-02 -4.722e+01  9.238e-14 -6.770e+00  6.239e-10  4.070e+01 
  3.203e-30  2.658e-21 -1.230e-15 -1.318e-12  9.598e-27 -2.496e-13  2.199e-23  1.008e-13  3.869e-08 
  5.117e-17  1.602e-07 -7.415e-02 -6.531e+00 -2.415e-13 -1.193e+02  1.325e-09  1.610e+00  5.981e-14  1.322e+02 
 -1.631e-17 -5.364e-08 -3.787e-01  2.000e+00 -2.009e-13  4.616e+00 -1.359e-07 -5.133e-01 -1.808e-14 -1.090e+00  9.337e+00 
  7.721e-17 -1.701e-07  7.871e-02 -2.307e+01  7.428e-14  1.150e+01 -1.406e-09  2.429e+00  2.485e-13 -2.582e+00  1.157e+00 
  7.721e-17 -1.701e-07  7.871e-02 -2.307e+01  7.428e-14  1.150e+01 -1.406e-09  2.429e+00  2.485e-13 -2.582e+00  1.157e+00  4.982e+01 
 PARAMETER  CORRELATION COEFFICIENTS  
       NO.  GLOBAL      1      2      3      4      5      6      7      8      9     10     11     12
        1  0.00000   1.000  0.000 -0.000 -0.000  0.000 -0.000  0.000  0.000  0.000  0.000 -0.000  0.000
        2  0.60588   0.000  1.000 -0.031 -0.266  0.000 -0.443  0.000  0.133  0.000  0.157 -0.198 -0.271
        3  0.10504  -0.000 -0.031  1.000  0.008 -0.000  0.014 -0.000 -0.004 -0.000 -0.005 -0.092  0.008
        4  0.69000  -0.000 -0.266  0.008  1.000 -0.000  0.127 -0.000 -0.594 -0.000 -0.046  0.053 -0.262
        5  0.00000   0.000  0.000 -0.000 -0.000  1.000 -0.000 -0.000  0.000  0.000 -0.000 -0.000  0.000
        6  0.69806  -0.000 -0.443  0.014  0.127 -0.000  1.000 -0.000 -0.062 -0.000 -0.602  0.088  0.094
        7  0.00020   0.000  0.000 -0.000 -0.000 -0.000 -0.000  1.000  0.000  0.000  0.000 -0.000 -0.000
        8  0.60760   0.000  0.133 -0.004 -0.594  0.000 -0.062  0.000  1.000  0.000  0.022 -0.026  0.054
        9  0.00000   0.000  0.000 -0.000 -0.000  0.000 -0.000  0.000  0.000  1.000  0.000 -0.000  0.000
       10  0.61413   0.000  0.157 -0.005 -0.046 -0.000 -0.602  0.000  0.022  0.000  1.000 -0.031 -0.032
       11  0.22088  -0.000 -0.198 -0.092  0.053 -0.000  0.088 -0.000 -0.026 -0.000 -0.031  1.000  0.054
       12  0.46247   0.000 -0.271  0.008 -0.262  0.000  0.094 -0.000  0.054  0.000 -0.032  0.054  1.000
 ELEMENTS ABOVE DIAGONAL ARE NOT PRINTED.
 **********
 **    7 **SET ERR         0.5
 **********
 **********
 **    8 **SET PRINT           1
 **********
 **********
 **    9 **HESSE        6000
 **********
 COVARIANCE MATRIX CALCULATED SUCCESSFULLY
 FCN=868.128 FROM HESSE     STATUS=OK            115 CALLS         444 TOTAL
                     EDM=0.000105192    STRATEGY= 1      ERROR MATRIX ACCURATE 
  EXT PARAMETER                                INTERNAL      INTERNAL  
  NO.   NAME      VALUE            ERROR       STEP SIZE       VALUE   
   1  BF_norm_obs   4.00000e-06   5.46560e-07   9.10122e-05  -2.01358e-01
   2  BFsignal     7.54490e-08   8.85448e-08   6.65081e-05  -1.39685e+00
   3  n_comb_brem0_1516_bin0   1.34003e+00   1.33974e+00   2.71620e-04  -1.43703e+00
   4  n_comb_brem0_1718_bin0   6.67326e+01   1.23274e+01   2.94223e-04  -5.88502e-01
   5  n_comb_brem1_1516_bin0   6.27288e-09   4.99722e-01   3.32343e-04  -1.57081e+00
                                 WARNING -   - ABOVE PARAMETER IS AT LIMIT.
   6  n_comb_brem1_1718_bin0   1.25314e+02   1.72130e+01   3.39647e-04  -1.65325e-01
   7  n_eta_brem0_1516_bin0   2.38637e-08   5.31041e-01   5.93694e-04  -1.57083e+00
                                 WARNING -   - ABOVE PARAMETER IS AT LIMIT.
   8  n_eta_brem0_1718_bin0   1.02783e+00   9.30925e+00   3.81768e-04  -1.36768e+00
   9  n_eta_brem1_1516_bin0   1.93430e-08   4.99167e-01   5.75635e-04  -1.57082e+00
                                 WARNING -   - ABOVE PARAMETER IS AT LIMIT.
  10  n_eta_brem1_1718_bin0   2.52779e+01   1.13744e+01   8.49862e-04  -5.17193e-01
  11  n_misid_brem0_1516_bin0   8.52434e+00   3.05281e+00   3.00505e-04  -1.15490e+00
  12  n_misid_brem0_1718_bin0   1.93103e+01   7.04180e+00   4.31007e-04  -9.38880e-01
                               ERR DEF= 0.5
 EXTERNAL ERROR MATRIX.    NDIM=  25    NPAR= 12    ERR DEF=0.5
 ELEMENTS ABOVE DIAGONAL ARE NOT PRINTED.
  3.000e-13 
  9.372e-21  7.868e-15 
  2.096e-14 -3.624e-09  1.798e+00 
  3.033e-13 -2.891e-07  1.332e-01  1.525e+02 
  2.105e-18 -1.046e-19  1.522e-13  7.364e-11  1.255e-08 
 -6.513e-13 -6.774e-07  3.121e-01  2.689e+01  9.446e-12  2.976e+02 
  4.235e-18  1.187e-17 -1.958e-10 -2.961e-10  6.497e-21 -1.045e-09  5.078e-08 
 -6.164e-13  7.287e-08 -3.357e-02 -4.563e+01 -6.482e-11 -6.545e+00 -1.848e-11  3.997e+01 
 -3.696e-18 -1.585e-18  9.130e-13  1.805e-10 -3.023e-16  1.165e-10 -6.083e-16 -1.268e-10  3.869e-08 
  2.951e-13  1.610e-07 -7.415e-02 -6.473e+00 -2.263e-12 -1.197e+02  2.251e-10  1.566e+00 -4.793e-11  1.324e+02 
 -6.954e-14 -5.361e-08 -3.789e-01  1.970e+00 -1.599e-12  4.616e+00 -2.496e-08 -4.965e-01  6.743e-12 -1.097e+00  9.337e+00 
 -3.614e-13 -1.695e-07  7.809e-02 -2.308e+01 -4.199e-12  1.145e+01 -2.683e-10  2.401e+00  2.326e-11 -2.588e+00  1.155e+00 
 -3.614e-13 -1.695e-07  7.809e-02 -2.308e+01 -4.199e-12  1.145e+01 -2.683e-10  2.401e+00  2.326e-11 -2.588e+00  1.155e+00  4.982e+01 
 PARAMETER  CORRELATION COEFFICIENTS  
       NO.  GLOBAL      1      2      3      4      5      6      7      8      9     10     11     12
        1  0.00000   1.000  0.000  0.000  0.000  0.000 -0.000  0.000 -0.000 -0.000  0.000 -0.000 -0.000
        2  0.60478   0.000  1.000 -0.030 -0.264 -0.000 -0.443  0.000  0.130 -0.000  0.158 -0.198 -0.271
        3  0.10502   0.000 -0.030  1.000  0.008  0.000  0.013 -0.000 -0.004  0.000 -0.005 -0.092  0.008
        4  0.68338   0.000 -0.264  0.008  1.000  0.000  0.126 -0.000 -0.585  0.000 -0.046  0.052 -0.265
        5  0.00000   0.000 -0.000  0.000  0.000  1.000  0.000  0.000 -0.000 -0.000 -0.000 -0.000 -0.000
        6  0.69855  -0.000 -0.443  0.013  0.126  0.000  1.000 -0.000 -0.060  0.000 -0.603  0.088  0.094
        7  0.00004   0.000  0.000 -0.000 -0.000  0.000 -0.000  1.000 -0.000 -0.000  0.000 -0.000 -0.000
        8  0.59779  -0.000  0.130 -0.004 -0.585 -0.000 -0.060 -0.000  1.000 -0.000  0.022 -0.026  0.054
        9  0.00000  -0.000 -0.000  0.000  0.000 -0.000  0.000 -0.000 -0.000  1.000 -0.000  0.000  0.000
       10  0.61524   0.000  0.158 -0.005 -0.046 -0.000 -0.603  0.000  0.022 -0.000  1.000 -0.031 -0.032
       11  0.22098  -0.000 -0.198 -0.092  0.052 -0.000  0.088 -0.000 -0.026  0.000 -0.031  1.000  0.054
       12  0.46248  -0.000 -0.271  0.008 -0.265 -0.000  0.094 -0.000  0.054  0.000 -0.032  0.054  1.000
 ELEMENTS ABOVE DIAGONAL ARE NOT PRINTED.
[#1] INFO:Minization -- RooMinimizer::optimizeConst: deactivating const optimization
 MY RESULTS ON REAL DATA: 

  RooFitResult: minimized FCN value: 868.128, estimated distance to minimum: 0.000105192
                covariance matrix quality: Full, accurate covariance matrix
                Status : MINIMIZE=0 HESSE=0 

    Floating Parameter    FinalValue +/-  Error   
  --------------------  --------------------------
           BF_norm_obs    4.0000e-06 +/-  5.47e-07
              BFsignal    7.5449e-08 +/-  8.85e-08
  n_comb_brem0_1516_bin0    1.3400e+00 +/-  1.34e+00
  n_comb_brem0_1718_bin0    6.6733e+01 +/-  1.23e+01
  n_comb_brem1_1516_bin0    6.2729e-09 +/-  5.00e-01
  n_comb_brem1_1718_bin0    1.2531e+02 +/-  1.72e+01
  n_eta_brem0_1516_bin0    2.3864e-08 +/-  5.31e-01
  n_eta_brem0_1718_bin0    1.0278e+00 +/-  9.31e+00
  n_eta_brem1_1516_bin0    1.9343e-08 +/-  4.99e-01
  n_eta_brem1_1718_bin0    2.5278e+01 +/-  1.14e+01
  n_misid_brem0_1516_bin0    8.5243e+00 +/-  3.05e+00
  n_misid_brem0_1718_bin0    1.9310e+01 +/-  7.04e+00

[#1] INFO:ObjectHandling -- RooWorkspace::import(dataset_workspace) importing RooSimultaneous::mass_model
[#1] INFO:ObjectHandling -- RooWorkspace::import(dataset_workspace) importing RooCategory::sample_CLs
[#1] INFO:ObjectHandling -- RooWorkspace::import(dataset_workspace) importing RooAddPdf::final_model_brem0_1516_bin0
[#1] INFO:ObjectHandling -- RooWorkspace::import(dataset_workspace) importing RooExtendPdf::emodel_signal_brem0_1516_bin0
[#1] INFO:ObjectHandling -- RooWorkspace::import(dataset_workspace) importing RooCBShape::model_signal_brem0_1516_211-525
[#1] INFO:ObjectHandling -- RooWorkspace::import(dataset_workspace) importing RooRealVar::D_M
[#1] INFO:ObjectHandling -- RooWorkspace::import(dataset_workspace) importing RooRealVar::mean_211-525
[#1] INFO:ObjectHandling -- RooWorkspace::import(dataset_workspace) importing RooRealVar::sigma_211-525
[#1] INFO:ObjectHandling -- RooWorkspace::import(dataset_workspace) importing RooRealVar::alpha_CB_211-525
[#1] INFO:ObjectHandling -- RooWorkspace::import(dataset_workspace) importing RooRealVar::n_211-525
[#1] INFO:ObjectHandling -- RooWorkspace::import(dataset_workspace) importing RooFormulaVar::n_signal_brem0_1516_bin0
[#1] INFO:ObjectHandling -- RooWorkspace::import(dataset_workspace) importing RooRealVar::BFsignal
[#1] INFO:ObjectHandling -- RooWorkspace::import(dataset_workspace) importing RooRealVar::BF_norm
[#1] INFO:ObjectHandling -- RooWorkspace::import(dataset_workspace) importing RooRealVar::Y_Norm_brem0_1516_211-525
[#1] INFO:ObjectHandling -- RooWorkspace::import(dataset_workspace) importing RooRealVar::Eff_Ratio_brem0_1516_bin0
[#1] INFO:ObjectHandling -- RooWorkspace::import(dataset_workspace) importing RooExtendPdf::emodel_comb_brem0_1516_bin0
[#1] INFO:ObjectHandling -- RooWorkspace::import(dataset_workspace) importing RooPolynomial::model_comb_only_bkg_brem0_1516_211-525
[#1] INFO:ObjectHandling -- RooWorkspace::import(dataset_workspace) importing RooRealVar::c1_211-525
[#1] INFO:ObjectHandling -- RooWorkspace::import(dataset_workspace) importing RooRealVar::n_comb_brem0_1516_bin0
[#1] INFO:ObjectHandling -- RooWorkspace::import(dataset_workspace) importing RooExtendPdf::emodel_misid_brem0_1516_bin0
[#1] INFO:ObjectHandling -- RooWorkspace::import(dataset_workspace) importing RooBukinPdf::model_misid_only_bkg_brem0_1516_211-525
[#1] INFO:ObjectHandling -- RooWorkspace::import(dataset_workspace) importing RooRealVar::mean_had_bkg_211-525
[#1] INFO:ObjectHandling -- RooWorkspace::import(dataset_workspace) importing RooRealVar::sigma_had_bkg_211-525
[#1] INFO:ObjectHandling -- RooWorkspace::import(dataset_workspace) importing RooRealVar::asym_had_bkg_211-525
[#1] INFO:ObjectHandling -- RooWorkspace::import(dataset_workspace) importing RooRealVar::rho0_had_bkg_211-525
[#1] INFO:ObjectHandling -- RooWorkspace::import(dataset_workspace) importing RooRealVar::rho1_had_bkg_211-525
[#1] INFO:ObjectHandling -- RooWorkspace::import(dataset_workspace) importing RooRealVar::n_misid_brem0_1516_bin0
[#1] INFO:ObjectHandling -- RooWorkspace::import(dataset_workspace) importing RooExtendPdf::emodel_eta_brem0_1516_bin0
[#1] INFO:ObjectHandling -- RooWorkspace::import(dataset_workspace) importing RooBukinPdf::model_eta_only_bkg_brem0_1516_211-525
[#1] INFO:ObjectHandling -- RooWorkspace::import(dataset_workspace) importing RooRealVar::mean_eta_211-525
[#1] INFO:ObjectHandling -- RooWorkspace::import(dataset_workspace) importing RooRealVar::sigma_eta_211-525
[#1] INFO:ObjectHandling -- RooWorkspace::import(dataset_workspace) importing RooRealVar::asym_eta_211-525
[#1] INFO:ObjectHandling -- RooWorkspace::import(dataset_workspace) importing RooRealVar::rho0_eta_211-525
[#1] INFO:ObjectHandling -- RooWorkspace::import(dataset_workspace) importing RooRealVar::rho1_eta_211-525
[#1] INFO:ObjectHandling -- RooWorkspace::import(dataset_workspace) importing RooRealVar::n_eta_brem0_1516_bin0
[#1] INFO:ObjectHandling -- RooWorkspace::import(dataset_workspace) importing RooAddPdf::final_model_brem1_1516_bin0
[#1] INFO:ObjectHandling -- RooWorkspace::import(dataset_workspace) importing RooExtendPdf::emodel_signal_brem1_1516_bin0
[#1] INFO:ObjectHandling -- RooWorkspace::import(dataset_workspace) importing RooCrystalBall::model_signal_brem1_1516_211-525
[#1] INFO:ObjectHandling -- RooWorkspace::import(dataset_workspace) importing RooRealVar::mean1_211-525
[#1] INFO:ObjectHandling -- RooWorkspace::import(dataset_workspace) importing RooRealVar::sigmaL_211-525
[#1] INFO:ObjectHandling -- RooWorkspace::import(dataset_workspace) importing RooRealVar::alphaL_211-525
[#1] INFO:ObjectHandling -- RooWorkspace::import(dataset_workspace) importing RooRealVar::nL_211-525
[#1] INFO:ObjectHandling -- RooWorkspace::import(dataset_workspace) importing RooRealVar::alphaR_211-525
[#1] INFO:ObjectHandling -- RooWorkspace::import(dataset_workspace) importing RooRealVar::nR_211-525
[#1] INFO:ObjectHandling -- RooWorkspace::import(dataset_workspace) importing RooFormulaVar::n_signal_brem1_1516_bin0
[#1] INFO:ObjectHandling -- RooWorkspace::import(dataset_workspace) importing RooRealVar::Y_Norm_brem1_1516_211-525
[#1] INFO:ObjectHandling -- RooWorkspace::import(dataset_workspace) importing RooRealVar::Eff_Ratio_brem1_1516_bin0
[#1] INFO:ObjectHandling -- RooWorkspace::import(dataset_workspace) importing RooExtendPdf::emodel_comb_brem1_1516_bin0
[#1] INFO:ObjectHandling -- RooWorkspace::import(dataset_workspace) importing RooPolynomial::model_comb_only_bkg_brem1_1516_211-525
[#1] INFO:ObjectHandling -- RooWorkspace::import(dataset_workspace) importing RooRealVar::c1_brem1_211-525
[#1] INFO:ObjectHandling -- RooWorkspace::import(dataset_workspace) importing RooRealVar::n_comb_brem1_1516_bin0
[#1] INFO:ObjectHandling -- RooWorkspace::import(dataset_workspace) importing RooExtendPdf::emodel_misid_brem1_1516_bin0
[#1] INFO:ObjectHandling -- RooWorkspace::import(dataset_workspace) importing RooBukinPdf::model_misid_only_bkg_brem1_1516_211-525
[#1] INFO:ObjectHandling -- RooWorkspace::import(dataset_workspace) importing RooRealVar::mean_had_bkg_brem_211-525
[#1] INFO:ObjectHandling -- RooWorkspace::import(dataset_workspace) importing RooRealVar::sigma_had_bkg_brem_211-525
[#1] INFO:ObjectHandling -- RooWorkspace::import(dataset_workspace) importing RooRealVar::asym_had_bkg_brem_211-525
[#1] INFO:ObjectHandling -- RooWorkspace::import(dataset_workspace) importing RooRealVar::rho0_had_bkg_brem_211-525
[#1] INFO:ObjectHandling -- RooWorkspace::import(dataset_workspace) importing RooRealVar::rho1_had_bkg_brem_211-525
[#1] INFO:ObjectHandling -- RooWorkspace::import(dataset_workspace) importing RooFormulaVar::n_misid_brem1_1516_bin0
[#1] INFO:ObjectHandling -- RooWorkspace::import(dataset_workspace) importing RooRealVar::ratio_brem1_brem0
[#1] INFO:ObjectHandling -- RooWorkspace::import(dataset_workspace) importing RooExtendPdf::emodel_eta_brem1_1516_bin0
[#1] INFO:ObjectHandling -- RooWorkspace::import(dataset_workspace) importing RooBukinPdf::model_eta_only_bkg_brem1_1516_211-525
[#1] INFO:ObjectHandling -- RooWorkspace::import(dataset_workspace) importing RooRealVar::mean_eta_brem_211-525
[#1] INFO:ObjectHandling -- RooWorkspace::import(dataset_workspace) importing RooRealVar::rho0_eta_brem_211-525
[#1] INFO:ObjectHandling -- RooWorkspace::import(dataset_workspace) importing RooRealVar::n_eta_brem1_1516_bin0
[#1] INFO:ObjectHandling -- RooWorkspace::import(dataset_workspace) importing RooAddPdf::final_model_brem0_1718_bin0
[#1] INFO:ObjectHandling -- RooWorkspace::import(dataset_workspace) importing RooExtendPdf::emodel_signal_brem0_1718_bin0
[#1] INFO:ObjectHandling -- RooWorkspace::import(dataset_workspace) importing RooCBShape::model_signal_brem0_1718_211-525
[#1] INFO:ObjectHandling -- RooWorkspace::import(dataset_workspace) importing RooFormulaVar::n_signal_brem0_1718_bin0
[#1] INFO:ObjectHandling -- RooWorkspace::import(dataset_workspace) importing RooRealVar::Y_Norm_brem0_1718_211-525
[#1] INFO:ObjectHandling -- RooWorkspace::import(dataset_workspace) importing RooRealVar::Eff_Ratio_brem0_1718_bin0
[#1] INFO:ObjectHandling -- RooWorkspace::import(dataset_workspace) importing RooExtendPdf::emodel_comb_brem0_1718_bin0
[#1] INFO:ObjectHandling -- RooWorkspace::import(dataset_workspace) importing RooPolynomial::model_comb_only_bkg_brem0_1718_211-525
[#1] INFO:ObjectHandling -- RooWorkspace::import(dataset_workspace) importing RooRealVar::n_comb_brem0_1718_bin0
[#1] INFO:ObjectHandling -- RooWorkspace::import(dataset_workspace) importing RooExtendPdf::emodel_misid_brem0_1718_bin0
[#1] INFO:ObjectHandling -- RooWorkspace::import(dataset_workspace) importing RooBukinPdf::model_misid_only_bkg_brem0_1718_211-525
[#1] INFO:ObjectHandling -- RooWorkspace::import(dataset_workspace) importing RooRealVar::n_misid_brem0_1718_bin0
[#1] INFO:ObjectHandling -- RooWorkspace::import(dataset_workspace) importing RooExtendPdf::emodel_eta_brem0_1718_bin0
[#1] INFO:ObjectHandling -- RooWorkspace::import(dataset_workspace) importing RooBukinPdf::model_eta_only_bkg_brem0_1718_211-525
[#1] INFO:ObjectHandling -- RooWorkspace::import(dataset_workspace) importing RooRealVar::n_eta_brem0_1718_bin0
[#1] INFO:ObjectHandling -- RooWorkspace::import(dataset_workspace) importing RooAddPdf::final_model_brem1_1718_bin0
[#1] INFO:ObjectHandling -- RooWorkspace::import(dataset_workspace) importing RooExtendPdf::emodel_signal_brem1_1718_bin0
[#1] INFO:ObjectHandling -- RooWorkspace::import(dataset_workspace) importing RooCrystalBall::model_signal_brem1_1718_211-525
[#1] INFO:ObjectHandling -- RooWorkspace::import(dataset_workspace) importing RooFormulaVar::n_signal_brem1_1718_bin0
[#1] INFO:ObjectHandling -- RooWorkspace::import(dataset_workspace) importing RooRealVar::Y_Norm_brem1_1718_211-525
[#1] INFO:ObjectHandling -- RooWorkspace::import(dataset_workspace) importing RooRealVar::Eff_Ratio_brem1_1718_bin0
[#1] INFO:ObjectHandling -- RooWorkspace::import(dataset_workspace) importing RooExtendPdf::emodel_comb_brem1_1718_bin0
[#1] INFO:ObjectHandling -- RooWorkspace::import(dataset_workspace) importing RooPolynomial::model_comb_only_bkg_brem1_1718_211-525
[#1] INFO:ObjectHandling -- RooWorkspace::import(dataset_workspace) importing RooRealVar::n_comb_brem1_1718_bin0
[#1] INFO:ObjectHandling -- RooWorkspace::import(dataset_workspace) importing RooExtendPdf::emodel_misid_brem1_1718_bin0
[#1] INFO:ObjectHandling -- RooWorkspace::import(dataset_workspace) importing RooBukinPdf::model_misid_only_bkg_brem1_1718_211-525
[#1] INFO:ObjectHandling -- RooWorkspace::import(dataset_workspace) importing RooFormulaVar::n_misid_brem1_1718_bin0
[#1] INFO:ObjectHandling -- RooWorkspace::import(dataset_workspace) importing RooExtendPdf::emodel_eta_brem1_1718_bin0
[#1] INFO:ObjectHandling -- RooWorkspace::import(dataset_workspace) importing RooBukinPdf::model_eta_only_bkg_brem1_1718_211-525
[#1] INFO:ObjectHandling -- RooWorkspace::import(dataset_workspace) importing RooRealVar::n_eta_brem1_1718_bin0
[#0] ERROR:ObjectHandling -- RooWorkSpace::import(dataset_workspace) ERROR object named extended_bkg_model: component(s) (model_comb_only_bkg_brem0_1516_211-525,model_misid_only_bkg_brem0_1516_211-525,model_eta_only_bkg_brem0_1516_211-525,model_comb_only_bkg_brem1_1516_211-525,model_misid_only_bkg_brem1_1516_211-525,n_misid_brem1_1516_bin0,model_eta_only_bkg_brem1_1516_211-525,model_comb_only_bkg_brem0_1718_211-525,model_misid_only_bkg_brem0_1718_211-525,model_eta_only_bkg_brem0_1718_211-525,model_comb_only_bkg_brem1_1718_211-525,model_misid_only_bkg_brem1_1718_211-525,n_misid_brem1_1718_bin0,model_eta_only_bkg_brem1_1718_211-525) already in the workspace and no conflict resolution protocol specified
[#1] INFO:ObjectHandling -- RooWorkspace::import(dataset_workspace) importing dataset data
[#1] INFO:ObjectHandling -- RooWorkspace::import(dataset_workspace) importing RooGaussian::BF_norm_constraint
[#1] INFO:ObjectHandling -- RooWorkspace::import(dataset_workspace) importing RooRealVar::BF_norm_obs
[#1] INFO:ObjectHandling -- RooWorkspace::import(dataset_workspace) importing RooRealVar::BF_norm_sigma
[#1] INFO:ObjectHandling -- RooWorkspace::import(dataset_workspace) importing RooGaussian::Eff_Ratio_constraintbrem0_1516_bin0
[#1] INFO:ObjectHandling -- RooWorkspace::import(dataset_workspace) importing RooRealVar::Eff_Ratio_obsbrem0_1516_bin0
[#1] INFO:ObjectHandling -- RooWorkspace::import(dataset_workspace) importing RooRealVar::Eff_Ratio_sigmabrem0_1516_bin0
[#1] INFO:ObjectHandling -- RooWorkspace::import(dataset_workspace) importing RooGaussian::Eff_Ratio_constraintbrem0_1718_bin0
[#1] INFO:ObjectHandling -- RooWorkspace::import(dataset_workspace) importing RooRealVar::Eff_Ratio_obsbrem0_1718_bin0
[#1] INFO:ObjectHandling -- RooWorkspace::import(dataset_workspace) importing RooRealVar::Eff_Ratio_sigmabrem0_1718_bin0
[#1] INFO:ObjectHandling -- RooWorkspace::import(dataset_workspace) importing RooGaussian::Eff_Ratio_constraintbrem1_1516_bin0
[#1] INFO:ObjectHandling -- RooWorkspace::import(dataset_workspace) importing RooRealVar::Eff_Ratio_obsbrem1_1516_bin0
[#1] INFO:ObjectHandling -- RooWorkspace::import(dataset_workspace) importing RooRealVar::Eff_Ratio_sigmabrem1_1516_bin0
[#1] INFO:ObjectHandling -- RooWorkspace::import(dataset_workspace) importing RooGaussian::Eff_Ratio_constraintbrem1_1718_bin0
[#1] INFO:ObjectHandling -- RooWorkspace::import(dataset_workspace) importing RooRealVar::Eff_Ratio_obsbrem1_1718_bin0
[#1] INFO:ObjectHandling -- RooWorkspace::import(dataset_workspace) importing RooRealVar::Eff_Ratio_sigmabrem1_1718_bin0
[#1] INFO:ObjectHandling -- RooWorkspace::import(dataset_workspace) importing RooGaussian::Y_Norm_constraint_brem0_1516_211-525
[#1] INFO:ObjectHandling -- RooWorkspace::import(dataset_workspace) importing RooRealVar::Y_Norm_obs_brem0_1516_211-525
[#1] INFO:ObjectHandling -- RooWorkspace::import(dataset_workspace) importing RooRealVar::Y_Norm_sigma_brem0_1516_211-525
[#1] INFO:ObjectHandling -- RooWorkspace::import(dataset_workspace) importing RooGaussian::Y_Norm_constraint_brem0_1718_211-525
[#1] INFO:ObjectHandling -- RooWorkspace::import(dataset_workspace) importing RooRealVar::Y_Norm_obs_brem0_1718_211-525
[#1] INFO:ObjectHandling -- RooWorkspace::import(dataset_workspace) importing RooRealVar::Y_Norm_sigma_brem0_1718_211-525
[#1] INFO:ObjectHandling -- RooWorkspace::import(dataset_workspace) importing RooGaussian::Y_Norm_constraint_brem1_1516_211-525
[#1] INFO:ObjectHandling -- RooWorkspace::import(dataset_workspace) importing RooRealVar::Y_Norm_obs_brem1_1516_211-525
[#1] INFO:ObjectHandling -- RooWorkspace::import(dataset_workspace) importing RooRealVar::Y_Norm_sigma_brem1_1516_211-525
[#1] INFO:ObjectHandling -- RooWorkspace::import(dataset_workspace) importing RooGaussian::Y_Norm_constraint_brem1_1718_211-525
[#1] INFO:ObjectHandling -- RooWorkspace::import(dataset_workspace) importing RooRealVar::Y_Norm_obs_brem1_1718_211-525
[#1] INFO:ObjectHandling -- RooWorkspace::import(dataset_workspace) importing RooRealVar::Y_Norm_sigma_brem1_1718_211-525
