
[1mRooFit v3.60 -- Developed by Wouter Verkerke and David Kirkby[0m 
                Copyright (C) 2000-2013 NIKHEF, University of California & Stanford University
                All rights reserved, please read http://roofit.sourceforge.net/license.txt


[1mGammaCombo v1.3 [0m-- All rights reserved under GPLv3, http://www.gnu.org/licenses/gpl.txt

Decay PIPIEE in bin 3
Decay 2 PIPIEE in bin 3
[#0] WARNING:InputArguments -- The parameter 'Y_Norm_sigma_brem0_1516_211-525' with range [-1e+30, 1e+30] of the RooGaussian 'Y_Norm_constraint_brem0_1516_211-525' exceeds the safe range of (0, inf). Advise to limit its range.
[#0] WARNING:InputArguments -- The parameter 'Y_Norm_sigma_brem1_1516_211-525' with range [-1e+30, 1e+30] of the RooGaussian 'Y_Norm_constraint_brem1_1516_211-525' exceeds the safe range of (0, inf). Advise to limit its range.
[#0] WARNING:InputArguments -- The parameter 'Y_Norm_sigma_brem0_1718_211-525' with range [-1e+30, 1e+30] of the RooGaussian 'Y_Norm_constraint_brem0_1718_211-525' exceeds the safe range of (0, inf). Advise to limit its range.
[#0] WARNING:InputArguments -- The parameter 'Y_Norm_sigma_brem1_1718_211-525' with range [-1e+30, 1e+30] of the RooGaussian 'Y_Norm_constraint_brem1_1718_211-525' exceeds the safe range of (0, inf). Advise to limit its range.
[#0] WARNING:InputArguments -- The parameter 'Y_Norm_sigma_brem0_1516_525-565' with range [-1e+30, 1e+30] of the RooGaussian 'Y_Norm_constraint_brem0_1516_525-565' exceeds the safe range of (0, inf). Advise to limit its range.
[#0] WARNING:InputArguments -- The parameter 'Y_Norm_sigma_brem1_1516_525-565' with range [-1e+30, 1e+30] of the RooGaussian 'Y_Norm_constraint_brem1_1516_525-565' exceeds the safe range of (0, inf). Advise to limit its range.
[#0] WARNING:InputArguments -- The parameter 'Y_Norm_sigma_brem0_1718_525-565' with range [-1e+30, 1e+30] of the RooGaussian 'Y_Norm_constraint_brem0_1718_525-565' exceeds the safe range of (0, inf). Advise to limit its range.
[#0] WARNING:InputArguments -- The parameter 'Y_Norm_sigma_brem1_1718_525-565' with range [-1e+30, 1e+30] of the RooGaussian 'Y_Norm_constraint_brem1_1718_525-565' exceeds the safe range of (0, inf). Advise to limit its range.
[#0] WARNING:InputArguments -- The parameter 'Y_Norm_sigma_brem0_1516_565-950' with range [-1e+30, 1e+30] of the RooGaussian 'Y_Norm_constraint_brem0_1516_565-950' exceeds the safe range of (0, inf). Advise to limit its range.
[#0] WARNING:InputArguments -- The parameter 'Y_Norm_sigma_brem1_1516_565-950' with range [-1e+30, 1e+30] of the RooGaussian 'Y_Norm_constraint_brem1_1516_565-950' exceeds the safe range of (0, inf). Advise to limit its range.
[#0] WARNING:InputArguments -- The parameter 'Y_Norm_sigma_brem0_1718_565-950' with range [-1e+30, 1e+30] of the RooGaussian 'Y_Norm_constraint_brem0_1718_565-950' exceeds the safe range of (0, inf). Advise to limit its range.
[#0] WARNING:InputArguments -- The parameter 'Y_Norm_sigma_brem1_1718_565-950' with range [-1e+30, 1e+30] of the RooGaussian 'Y_Norm_constraint_brem1_1718_565-950' exceeds the safe range of (0, inf). Advise to limit its range.
[#0] WARNING:InputArguments -- The parameter 'Y_Norm_sigma_brem0_1516_950-1100' with range [-1e+30, 1e+30] of the RooGaussian 'Y_Norm_constraint_brem0_1516_950-1100' exceeds the safe range of (0, inf). Advise to limit its range.
[#0] WARNING:InputArguments -- The parameter 'Y_Norm_sigma_brem1_1516_950-1100' with range [-1e+30, 1e+30] of the RooGaussian 'Y_Norm_constraint_brem1_1516_950-1100' exceeds the safe range of (0, inf). Advise to limit its range.
[#0] WARNING:InputArguments -- The parameter 'Y_Norm_sigma_brem0_1718_950-1100' with range [-1e+30, 1e+30] of the RooGaussian 'Y_Norm_constraint_brem0_1718_950-1100' exceeds the safe range of (0, inf). Advise to limit its range.
[#0] WARNING:InputArguments -- The parameter 'Y_Norm_sigma_brem1_1718_950-1100' with range [-1e+30, 1e+30] of the RooGaussian 'Y_Norm_constraint_brem1_1718_950-1100' exceeds the safe range of (0, inf). Advise to limit its range.
[#0] WARNING:InputArguments -- The parameter 'Y_Norm_sigma_brem0_1516_1100-1500' with range [-1e+30, 1e+30] of the RooGaussian 'Y_Norm_constraint_brem0_1516_1100-1500' exceeds the safe range of (0, inf). Advise to limit its range.
[#0] WARNING:InputArguments -- The parameter 'Y_Norm_sigma_brem1_1516_1100-1500' with range [-1e+30, 1e+30] of the RooGaussian 'Y_Norm_constraint_brem1_1516_1100-1500' exceeds the safe range of (0, inf). Advise to limit its range.
[#0] WARNING:InputArguments -- The parameter 'Y_Norm_sigma_brem0_1718_1100-1500' with range [-1e+30, 1e+30] of the RooGaussian 'Y_Norm_constraint_brem0_1718_1100-1500' exceeds the safe range of (0, inf). Advise to limit its range.
[#0] WARNING:InputArguments -- The parameter 'Y_Norm_sigma_brem1_1718_1100-1500' with range [-1e+30, 1e+30] of the RooGaussian 'Y_Norm_constraint_brem1_1718_1100-1500' exceeds the safe range of (0, inf). Advise to limit its range.
[#0] WARNING:InputArguments -- The parameter 'BF_norm_sigma' with range [-1e+30, 1e+30] of the RooGaussian 'BF_norm_constraint' exceeds the safe range of (0, inf). Advise to limit its range.
211-525
[#0] WARNING:InputArguments -- The parameter 'Eff_Ratio_sigmabrem0_1516_bin0' with range [-1e+30, 1e+30] of the RooGaussian 'Eff_Ratio_constraintbrem0_1516_bin0' exceeds the safe range of (0, inf). Advise to limit its range.
 BF_signal[ibin] = 7.8e-08 Y_Norm[ibin][ibrem][iyear] = 54.5258 Eff_Ratio[ibin][ibrem][iyear] = 0.802315
[#0] WARNING:InputArguments -- The parameter 'Eff_Ratio_sigmabrem0_1718_bin0' with range [-1e+30, 1e+30] of the RooGaussian 'Eff_Ratio_constraintbrem0_1718_bin0' exceeds the safe range of (0, inf). Advise to limit its range.
 BF_signal[ibin] = 7.8e-08 Y_Norm[ibin][ibrem][iyear] = 250.637 Eff_Ratio[ibin][ibrem][iyear] = 0.71824
[#0] WARNING:InputArguments -- The parameter 'Eff_Ratio_sigmabrem1_1516_bin0' with range [-1e+30, 1e+30] of the RooGaussian 'Eff_Ratio_constraintbrem1_1516_bin0' exceeds the safe range of (0, inf). Advise to limit its range.
 BF_signal[ibin] = 7.8e-08 Y_Norm[ibin][ibrem][iyear] = 48.1985 Eff_Ratio[ibin][ibrem][iyear] = 0.489758
[#0] WARNING:InputArguments -- The parameter 'Eff_Ratio_sigmabrem1_1718_bin0' with range [-1e+30, 1e+30] of the RooGaussian 'Eff_Ratio_constraintbrem1_1718_bin0' exceeds the safe range of (0, inf). Advise to limit its range.
 BF_signal[ibin] = 7.8e-08 Y_Norm[ibin][ibrem][iyear] = 436.714 Eff_Ratio[ibin][ibrem][iyear] = 0.651762
525-565
[#0] WARNING:InputArguments -- The parameter 'Eff_Ratio_sigmabrem0_1516_bin1' with range [-1e+30, 1e+30] of the RooGaussian 'Eff_Ratio_constraintbrem0_1516_bin1' exceeds the safe range of (0, inf). Advise to limit its range.
 BF_signal[ibin] = 2.4e-08 Y_Norm[ibin][ibrem][iyear] = 54.5258 Eff_Ratio[ibin][ibrem][iyear] = 0.4177
[#0] WARNING:InputArguments -- The parameter 'Eff_Ratio_sigmabrem0_1718_bin1' with range [-1e+30, 1e+30] of the RooGaussian 'Eff_Ratio_constraintbrem0_1718_bin1' exceeds the safe range of (0, inf). Advise to limit its range.
 BF_signal[ibin] = 2.4e-08 Y_Norm[ibin][ibrem][iyear] = 250.637 Eff_Ratio[ibin][ibrem][iyear] = 0.44302
[#0] WARNING:InputArguments -- The parameter 'Eff_Ratio_sigmabrem1_1516_bin1' with range [-1e+30, 1e+30] of the RooGaussian 'Eff_Ratio_constraintbrem1_1516_bin1' exceeds the safe range of (0, inf). Advise to limit its range.
 BF_signal[ibin] = 2.4e-08 Y_Norm[ibin][ibrem][iyear] = 48.1985 Eff_Ratio[ibin][ibrem][iyear] = 0.627754
[#0] WARNING:InputArguments -- The parameter 'Eff_Ratio_sigmabrem1_1718_bin1' with range [-1e+30, 1e+30] of the RooGaussian 'Eff_Ratio_constraintbrem1_1718_bin1' exceeds the safe range of (0, inf). Advise to limit its range.
 BF_signal[ibin] = 2.4e-08 Y_Norm[ibin][ibrem][iyear] = 436.714 Eff_Ratio[ibin][ibrem][iyear] = 0.421831
565-950
[#0] WARNING:InputArguments -- The parameter 'Eff_Ratio_sigmabrem0_1516_bin2' with range [-1e+30, 1e+30] of the RooGaussian 'Eff_Ratio_constraintbrem0_1516_bin2' exceeds the safe range of (0, inf). Advise to limit its range.
 BF_signal[ibin] = 4.06e-07 Y_Norm[ibin][ibrem][iyear] = 54.5258 Eff_Ratio[ibin][ibrem][iyear] = 0.825909
[#0] WARNING:InputArguments -- The parameter 'Eff_Ratio_sigmabrem0_1718_bin2' with range [-1e+30, 1e+30] of the RooGaussian 'Eff_Ratio_constraintbrem0_1718_bin2' exceeds the safe range of (0, inf). Advise to limit its range.
 BF_signal[ibin] = 4.06e-07 Y_Norm[ibin][ibrem][iyear] = 250.637 Eff_Ratio[ibin][ibrem][iyear] = 1.0076
[#0] WARNING:InputArguments -- The parameter 'Eff_Ratio_sigmabrem1_1516_bin2' with range [-1e+30, 1e+30] of the RooGaussian 'Eff_Ratio_constraintbrem1_1516_bin2' exceeds the safe range of (0, inf). Advise to limit its range.
 BF_signal[ibin] = 4.06e-07 Y_Norm[ibin][ibrem][iyear] = 48.1985 Eff_Ratio[ibin][ibrem][iyear] = 0.671521
[#0] WARNING:InputArguments -- The parameter 'Eff_Ratio_sigmabrem1_1718_bin2' with range [-1e+30, 1e+30] of the RooGaussian 'Eff_Ratio_constraintbrem1_1718_bin2' exceeds the safe range of (0, inf). Advise to limit its range.
 BF_signal[ibin] = 4.06e-07 Y_Norm[ibin][ibrem][iyear] = 436.714 Eff_Ratio[ibin][ibrem][iyear] = 1.13383
950-1100
[#0] WARNING:InputArguments -- The parameter 'Eff_Ratio_sigmabrem0_1516_bin3' with range [-1e+30, 1e+30] of the RooGaussian 'Eff_Ratio_constraintbrem0_1516_bin3' exceeds the safe range of (0, inf). Advise to limit its range.
 BF_signal[ibin] = 4.54e-07 Y_Norm[ibin][ibrem][iyear] = 54.5258 Eff_Ratio[ibin][ibrem][iyear] = 1.00587
[#0] WARNING:InputArguments -- The parameter 'Eff_Ratio_sigmabrem0_1718_bin3' with range [-1e+30, 1e+30] of the RooGaussian 'Eff_Ratio_constraintbrem0_1718_bin3' exceeds the safe range of (0, inf). Advise to limit its range.
 BF_signal[ibin] = 4.54e-07 Y_Norm[ibin][ibrem][iyear] = 250.637 Eff_Ratio[ibin][ibrem][iyear] = 1.17254
[#0] WARNING:InputArguments -- The parameter 'Eff_Ratio_sigmabrem1_1516_bin3' with range [-1e+30, 1e+30] of the RooGaussian 'Eff_Ratio_constraintbrem1_1516_bin3' exceeds the safe range of (0, inf). Advise to limit its range.
 BF_signal[ibin] = 4.54e-07 Y_Norm[ibin][ibrem][iyear] = 48.1985 Eff_Ratio[ibin][ibrem][iyear] = 1.02712
[#0] WARNING:InputArguments -- The parameter 'Eff_Ratio_sigmabrem1_1718_bin3' with range [-1e+30, 1e+30] of the RooGaussian 'Eff_Ratio_constraintbrem1_1718_bin3' exceeds the safe range of (0, inf). Advise to limit its range.
 BF_signal[ibin] = 4.54e-07 Y_Norm[ibin][ibrem][iyear] = 436.714 Eff_Ratio[ibin][ibrem][iyear] = 1.40843
1100-1500
[#0] WARNING:InputArguments -- The parameter 'Eff_Ratio_sigmabrem0_1516_bin4' with range [-1e+30, 1e+30] of the RooGaussian 'Eff_Ratio_constraintbrem0_1516_bin4' exceeds the safe range of (0, inf). Advise to limit its range.
 BF_signal[ibin] = 2.8e-08 Y_Norm[ibin][ibrem][iyear] = 54.5258 Eff_Ratio[ibin][ibrem][iyear] = 1.44259
[#0] WARNING:InputArguments -- The parameter 'Eff_Ratio_sigmabrem0_1718_bin4' with range [-1e+30, 1e+30] of the RooGaussian 'Eff_Ratio_constraintbrem0_1718_bin4' exceeds the safe range of (0, inf). Advise to limit its range.
 BF_signal[ibin] = 2.8e-08 Y_Norm[ibin][ibrem][iyear] = 250.637 Eff_Ratio[ibin][ibrem][iyear] = 0.845209
[#0] WARNING:InputArguments -- The parameter 'Eff_Ratio_sigmabrem1_1516_bin4' with range [-1e+30, 1e+30] of the RooGaussian 'Eff_Ratio_constraintbrem1_1516_bin4' exceeds the safe range of (0, inf). Advise to limit its range.
 BF_signal[ibin] = 2.8e-08 Y_Norm[ibin][ibrem][iyear] = 48.1985 Eff_Ratio[ibin][ibrem][iyear] = 0.760795
[#0] WARNING:InputArguments -- The parameter 'Eff_Ratio_sigmabrem1_1718_bin4' with range [-1e+30, 1e+30] of the RooGaussian 'Eff_Ratio_constraintbrem1_1718_bin4' exceeds the safe range of (0, inf). Advise to limit its range.
 BF_signal[ibin] = 2.8e-08 Y_Norm[ibin][ibrem][iyear] = 436.714 Eff_Ratio[ibin][ibrem][iyear] = 1.51282
events_SIGNAL 6
n_signal_value[ibin][ibrem][iyear] 6.22501
[#1] INFO:NumericIntegration -- RooRealIntegral::init(model_misid_only_bkg_brem0_1516_950-1100_Int[D_M]) using numeric integrator RooIntegrator1D to calculate Int(D_M)
[#1] INFO:NumericIntegration -- RooRealIntegral::init(model_misid_only_bkg_brem0_1516_950-1100_Int[D_M]) using numeric integrator RooIntegrator1D to calculate Int(D_M)
events_SIGNAL 6
n_signal_value[ibin][ibrem][iyear] 5.61891
events_SIGNAL 33
n_signal_value[ibin][ibrem][iyear] 33.3556
[#1] INFO:NumericIntegration -- RooRealIntegral::init(model_misid_only_bkg_brem0_1718_950-1100_Int[D_M]) using numeric integrator RooIntegrator1D to calculate Int(D_M)
[#1] INFO:NumericIntegration -- RooRealIntegral::init(model_misid_only_bkg_brem0_1718_950-1100_Int[D_M]) using numeric integrator RooIntegrator1D to calculate Int(D_M)
events_SIGNAL 70
n_signal_value[ibin][ibrem][iyear] 69.8119
[#1] INFO:NumericIntegration -- RooRealIntegral::init(model_misid_only_bkg_brem1_1718_950-1100_Int[D_M]) using numeric integrator RooIntegrator1D to calculate Int(D_M)
[#1] INFO:NumericIntegration -- RooRealIntegral::init(model_misid_only_bkg_brem1_1718_950-1100_Int[D_M]) using numeric integrator RooIntegrator1D to calculate Int(D_M)
[#1] INFO:NumericIntegration -- RooRealIntegral::init(model_leak_only_bkg_brem1_1718_phi_Int[D_M]) using numeric integrator RooIntegrator1D to calculate Int(D_M)
[#1] INFO:NumericIntegration -- RooRealIntegral::init(model_leak_only_bkg_brem1_1718_phi_Int[D_M]) using numeric integrator RooIntegrator1D to calculate Int(D_M)
[#1] INFO:Minization -- p.d.f. provides expected number of events, including extended term in likelihood.
[#1] INFO:Minization --  Including the following constraint terms in minimization: (BF_norm_constraint,Eff_Ratio_constraintbrem0_1516_bin3,Eff_Ratio_constraintbrem0_1718_bin3,Eff_Ratio_constraintbrem1_1516_bin3,Eff_Ratio_constraintbrem1_1718_bin3,Y_Norm_constraint_brem0_1516_950-1100,Y_Norm_constraint_brem0_1718_950-1100,Y_Norm_constraint_brem1_1516_950-1100,Y_Norm_constraint_brem1_1718_950-1100)
[#1] INFO:Fitting -- RooAddition::defaultErrorLevel(nll_mass_model_data_with_constr) Summation contains a RooNLLVar, using its error level
[#1] INFO:Minization -- RooMinimizer::optimizeConst: activating const optimization
RooAbsTestStatistic::initSimMode: creating slave calculator #0 for state brem0_1516 (12 dataset entries)
[#1] INFO:NumericIntegration -- RooRealIntegral::init(model_misid_only_bkg_brem0_1516_950-1100_Int[D_M]) using numeric integrator RooIntegrator1D to calculate Int(D_M)
RooAbsTestStatistic::initSimMode: creating slave calculator #1 for state brem0_1718 (59 dataset entries)
[#1] INFO:NumericIntegration -- RooRealIntegral::init(model_misid_only_bkg_brem0_1718_950-1100_Int[D_M]) using numeric integrator RooIntegrator1D to calculate Int(D_M)
RooAbsTestStatistic::initSimMode: creating slave calculator #2 for state brem1_1516 (6 dataset entries)
[#1] INFO:NumericIntegration -- RooRealIntegral::init(model_misid_only_bkg_brem1_1516_950-1100_Int[D_M]) using numeric integrator RooIntegrator1D to calculate Int(D_M)
RooAbsTestStatistic::initSimMode: creating slave calculator #3 for state brem1_1718 (143 dataset entries)
[#1] INFO:NumericIntegration -- RooRealIntegral::init(model_misid_only_bkg_brem1_1718_950-1100_Int[D_M]) using numeric integrator RooIntegrator1D to calculate Int(D_M)
[#1] INFO:Fitting -- RooAbsTestStatistic::initSimMode: created 4 slave calculators.
[#1] INFO:NumericIntegration -- RooRealIntegral::init(model_misid_only_bkg_brem0_1516_950-1100_Int[D_M]) using numeric integrator RooIntegrator1D to calculate Int(D_M)
[#1] INFO:NumericIntegration -- RooRealIntegral::init(model_misid_only_bkg_brem0_1516_950-1100_Int[D_M]) using numeric integrator RooIntegrator1D to calculate Int(D_M)
[#1] INFO:NumericIntegration -- RooRealIntegral::init(model_misid_only_bkg_brem0_1516_950-1100_Int[D_M]) using numeric integrator RooIntegrator1D to calculate Int(D_M)
[#1] INFO:Minization --  The following expressions have been identified as constant and will be precalculated and cached: (model_signal_brem0_1516_950-1100,model_comb_only_bkg_brem0_1516_950-1100,model_misid_only_bkg_brem0_1516_950-1100)
[#1] INFO:Minization --  The following expressions will be evaluated in cache-and-track mode: (emodel_signal_brem0_1516_bin3,emodel_comb_brem0_1516_bin3,emodel_misid_brem0_1516_bin3)
[#1] INFO:NumericIntegration -- RooRealIntegral::init(model_misid_only_bkg_brem0_1718_950-1100_Int[D_M]) using numeric integrator RooIntegrator1D to calculate Int(D_M)
[#1] INFO:NumericIntegration -- RooRealIntegral::init(model_misid_only_bkg_brem0_1718_950-1100_Int[D_M]) using numeric integrator RooIntegrator1D to calculate Int(D_M)
[#1] INFO:NumericIntegration -- RooRealIntegral::init(model_misid_only_bkg_brem0_1718_950-1100_Int[D_M]) using numeric integrator RooIntegrator1D to calculate Int(D_M)
[#1] INFO:Minization --  The following expressions have been identified as constant and will be precalculated and cached: (model_signal_brem0_1718_950-1100,model_comb_only_bkg_brem0_1718_950-1100,model_misid_only_bkg_brem0_1718_950-1100)
[#1] INFO:Minization --  The following expressions will be evaluated in cache-and-track mode: (emodel_signal_brem0_1718_bin3,emodel_comb_brem0_1718_bin3,emodel_misid_brem0_1718_bin3)
[#1] INFO:NumericIntegration -- RooRealIntegral::init(model_misid_only_bkg_brem1_1516_950-1100_Int[D_M]) using numeric integrator RooIntegrator1D to calculate Int(D_M)
[#1] INFO:NumericIntegration -- RooRealIntegral::init(model_misid_only_bkg_brem1_1516_950-1100_Int[D_M]) using numeric integrator RooIntegrator1D to calculate Int(D_M)
[#1] INFO:NumericIntegration -- RooRealIntegral::init(model_misid_only_bkg_brem1_1516_950-1100_Int[D_M]) using numeric integrator RooIntegrator1D to calculate Int(D_M)
[#1] INFO:Minization --  The following expressions have been identified as constant and will be precalculated and cached: (model_signal_brem1_1516_950-1100,model_comb_only_bkg_brem1_1516_950-1100,model_misid_only_bkg_brem1_1516_950-1100)
[#1] INFO:Minization --  The following expressions will be evaluated in cache-and-track mode: (emodel_signal_brem1_1516_bin3,emodel_comb_brem1_1516_bin3,emodel_misid_brem1_1516_bin3)
[#1] INFO:NumericIntegration -- RooRealIntegral::init(model_misid_only_bkg_brem1_1718_950-1100_Int[D_M]) using numeric integrator RooIntegrator1D to calculate Int(D_M)
[#1] INFO:NumericIntegration -- RooRealIntegral::init(model_misid_only_bkg_brem1_1718_950-1100_Int[D_M]) using numeric integrator RooIntegrator1D to calculate Int(D_M)
[#1] INFO:NumericIntegration -- RooRealIntegral::init(model_misid_only_bkg_brem1_1718_950-1100_Int[D_M]) using numeric integrator RooIntegrator1D to calculate Int(D_M)
[#1] INFO:Minization --  The following expressions have been identified as constant and will be precalculated and cached: (model_signal_brem1_1718_950-1100,model_comb_only_bkg_brem1_1718_950-1100,model_misid_only_bkg_brem1_1718_950-1100)
[#1] INFO:Minization --  The following expressions will be evaluated in cache-and-track mode: (emodel_signal_brem1_1718_bin3,emodel_comb_brem1_1718_bin3,emodel_misid_brem1_1718_bin3)
 **********
 **    1 **SET PRINT           1
 **********
 **********
 **    2 **SET NOGRAD
 **********
 PARAMETER DEFINITIONS:
    NO.   NAME         VALUE      STEP SIZE      LIMITS
     1 BF_norm_obs   4.00000e-06  1.00000e-06    1.00000e-20  1.00000e-05
     2 BFsignal     4.54000e-07  2.27000e-07    0.00000e+00  1.00000e-05
     3 n_comb_brem0_1516_bin3   1.29562e+00  6.47810e-01    0.00000e+00  3.00000e+02
     4 n_comb_brem0_1718_bin3   8.67384e+00  4.33692e+00    0.00000e+00  3.00000e+02
     5 n_comb_brem1_1516_bin3   1.18998e-10  5.94990e-11    0.00000e+00  3.00000e+02
 MINUIT WARNING IN PARAMETR
 ============== VARIABLE5 IS AT ITS LOWER ALLOWED LIMIT.
     6 n_comb_brem1_1718_bin3   7.04478e+01  3.00000e+01    0.00000e+00  3.00000e+02
     7 n_misid_brem0_1516_bin3   5.39387e+00  2.69693e+00    0.00000e+00  2.00000e+02
     8 n_misid_brem0_1718_bin3   1.67269e+01  8.36345e+00    0.00000e+00  2.00000e+02
 **********
 **    3 **SET ERR         0.5
 **********
 **********
 **    4 **SET PRINT           1
 **********
 **********
 **    5 **SET STR           1
 **********
 NOW USING STRATEGY  1: TRY TO BALANCE SPEED AGAINST RELIABILITY
 **********
 **    6 **MIGRAD        4000           1
 **********
 FIRST CALL TO USER FUNCTION AT NEW START POINT, WITH IFLAG=4.
 MINUIT WARNING IN MIGrad    
 ============== VARIABLE5 IS AT ITS LOWER ALLOWED LIMIT.
 START MIGRAD MINIMIZATION.  STRATEGY  1.  CONVERGENCE WHEN EDM .LT. 1.00e-03
 FCN=728.085 FROM MIGRAD    STATUS=INITIATE       78 CALLS          79 TOTAL
                     EDM= unknown      STRATEGY= 1      NO ERROR MATRIX       
  EXT PARAMETER               CURRENT GUESS       STEP         FIRST   
  NO.   NAME      VALUE            ERROR          SIZE      DERIVATIVE 
   1  BF_norm_obs   4.00000e-06   1.00000e-06   0.00000e+00   3.54581e-05
   2  BFsignal     4.54000e-07   2.27000e-07   0.00000e+00  -1.12333e+01
   3  n_comb_brem0_1516_bin3   1.29562e+00   6.47810e-01   0.00000e+00   1.75029e+00
   4  n_comb_brem0_1718_bin3   8.67384e+00   4.33692e+00   0.00000e+00   1.70717e+01
   5  n_comb_brem1_1516_bin3   2.37925e+00   5.94990e-11   1.68913e-01  -1.75544e+00
   6  n_comb_brem1_1718_bin3   7.04478e+01   3.00000e+01   0.00000e+00  -4.44343e-02
   7  n_misid_brem0_1516_bin3   5.39387e+00   2.69693e+00   0.00000e+00  -1.26888e-01
   8  n_misid_brem0_1718_bin3   1.67269e+01   8.36345e+00   0.00000e+00   2.21941e+00
                               ERR DEF= 0.5
 MIGRAD MINIMIZATION HAS CONVERGED.
 MIGRAD WILL VERIFY CONVERGENCE AND ERROR MATRIX.
 COVARIANCE MATRIX CALCULATED SUCCESSFULLY
 FCN=725.481 FROM MIGRAD    STATUS=CONVERGED     237 CALLS         238 TOTAL
                     EDM=9.3071e-06    STRATEGY= 1      ERROR MATRIX ACCURATE 
  EXT PARAMETER                                   STEP         FIRST   
  NO.   NAME      VALUE            ERROR          SIZE      DERIVATIVE 
   1  BF_norm_obs   4.00000e-06   5.46560e-07   2.08010e-03  -3.51612e-05
   2  BFsignal     5.13694e-07   6.52333e-08   4.48831e-04  -2.57367e-02
   3  n_comb_brem0_1516_bin3   1.08532e+00   1.31425e+00   1.35220e-03  -3.13584e-02
   4  n_comb_brem0_1718_bin3   8.60009e-07   2.50723e+00   3.40771e-03** at limit **
   5  n_comb_brem1_1516_bin3   2.44433e+00   2.09659e+00   1.43889e-03  -1.47806e-02
   6  n_comb_brem1_1718_bin3   6.57879e+01   1.13355e+01   1.53813e-03  -6.21648e-04
   7  n_misid_brem0_1516_bin3   5.00654e+00   3.02196e+00   1.76967e-03  -6.70404e-03
   8  n_misid_brem0_1718_bin3   1.45130e+01   6.69962e+00   2.17393e-03  -1.28854e-02
                               ERR DEF= 0.5
 EXTERNAL ERROR MATRIX.    NDIM=  25    NPAR=  8    ERR DEF=0.5
  3.000e-13  1.661e-24  2.609e-16  5.295e-19  7.585e-18  1.760e-15 -6.073e-16 -1.187e-15 
  1.661e-24  4.257e-15 -1.954e-09 -5.948e-13 -1.417e-08 -3.164e-07 -3.134e-08 -1.892e-07 
  2.609e-16 -1.954e-09  1.730e+00  2.730e-07  1.525e-02  1.452e-01 -3.825e-01  8.687e-02 
  5.295e-19 -5.948e-13  2.730e-07  8.649e-06  1.980e-06  4.526e-05  4.380e-06 -4.445e-06 
  7.585e-18 -1.417e-08  1.525e-02  1.980e-06  4.405e+00  1.053e+00 -9.250e-02  6.298e-01 
  1.760e-15 -3.164e-07  1.452e-01  4.526e-05  1.053e+00  1.289e+02  2.330e+00  1.281e+01 
 -6.073e-16 -3.134e-08 -3.825e-01  4.380e-06 -9.250e-02  2.330e+00  9.161e+00  1.393e+00 
 -1.187e-15 -1.892e-07  8.687e-02 -4.445e-06  6.298e-01  1.281e+01  1.393e+00  4.514e+01 
 PARAMETER  CORRELATION COEFFICIENTS  
       NO.  GLOBAL      1      2      3      4      5      6      7      8
        1  0.00000   1.000  0.000  0.000  0.000  0.000  0.000 -0.000 -0.000
        2  0.57770   0.000  1.000 -0.023 -0.003 -0.103 -0.427 -0.159 -0.432
        3  0.10351   0.000 -0.023  1.000  0.000  0.006  0.010 -0.096  0.010
        4  0.00355   0.000 -0.003  0.000  1.000  0.000  0.001  0.000 -0.000
        5  0.10811   0.000 -0.103  0.006  0.000  1.000  0.044 -0.015  0.045
        6  0.42759   0.000 -0.427  0.010  0.001  0.044  1.000  0.068  0.168
        7  0.18996  -0.000 -0.159 -0.096  0.000 -0.015  0.068  1.000  0.069
        8  0.43210  -0.000 -0.432  0.010 -0.000  0.045  0.168  0.069  1.000
 **********
 **    7 **SET ERR         0.5
 **********
 **********
 **    8 **SET PRINT           1
 **********
 **********
 **    9 **HESSE        4000
 **********
 COVARIANCE MATRIX CALCULATED SUCCESSFULLY
 FCN=725.481 FROM HESSE     STATUS=OK             61 CALLS         299 TOTAL
                     EDM=9.31069e-06    STRATEGY= 1      ERROR MATRIX ACCURATE 
  EXT PARAMETER                                INTERNAL      INTERNAL  
  NO.   NAME      VALUE            ERROR       STEP SIZE       VALUE   
   1  BF_norm_obs   4.00000e-06   5.46560e-07   8.32042e-05  -2.01358e-01
   2  BFsignal     5.13694e-07   6.52789e-08   8.97662e-05  -1.11353e+00
   3  n_comb_brem0_1516_bin3   1.08532e+00   1.31426e+00   2.70441e-04  -1.45043e+00
   4  n_comb_brem0_1718_bin3   8.60009e-07   2.50737e+00   6.81542e-04  -1.57090e+00
                                 WARNING -   - ABOVE PARAMETER IS AT LIMIT.
   5  n_comb_brem1_1516_bin3   2.44433e+00   2.09666e+00   2.87778e-04  -1.39002e+00
   6  n_comb_brem1_1718_bin3   6.57879e+01   1.13395e+01   6.15250e-05  -5.96094e-01
   7  n_misid_brem0_1516_bin3   5.00654e+00   3.02222e+00   3.53935e-04  -1.25303e+00
   8  n_misid_brem0_1718_bin3   1.45130e+01   6.70216e+00   4.34786e-04  -1.02530e+00
                               ERR DEF= 0.5
 EXTERNAL ERROR MATRIX.    NDIM=  25    NPAR=  8    ERR DEF=0.5
  3.000e-13 -2.078e-21 -2.584e-14 -6.608e-17 -3.870e-14  1.500e-13 -4.328e-14  2.287e-13 
 -2.078e-21  4.263e-15 -1.961e-09 -8.725e-14 -1.423e-08 -3.172e-07 -3.147e-08 -1.898e-07 
 -2.584e-14 -1.961e-09  1.730e+00  4.014e-08  1.531e-02  1.459e-01 -3.827e-01  8.730e-02 
 -6.608e-17 -8.725e-14  4.014e-08  8.650e-06  2.912e-07  6.646e-06  6.441e-07 -6.385e-07 
 -3.870e-14 -1.423e-08  1.531e-02  2.912e-07  4.405e+00  1.059e+00 -9.197e-02  6.333e-01 
  1.500e-13 -3.172e-07  1.459e-01  6.646e-06  1.059e+00  1.289e+02  2.342e+00  1.287e+01 
 -4.328e-14 -3.147e-08 -3.827e-01  6.441e-07 -9.197e-02  2.342e+00  9.162e+00  1.401e+00 
  2.287e-13 -1.898e-07  8.730e-02 -6.385e-07  6.333e-01  1.287e+01  1.401e+00  4.517e+01 
 PARAMETER  CORRELATION COEFFICIENTS  
       NO.  GLOBAL      1      2      3      4      5      6      7      8
        1  0.00000   1.000 -0.000 -0.000 -0.000 -0.000  0.000 -0.000  0.000
        2  0.57850  -0.000  1.000 -0.023 -0.000 -0.104 -0.428 -0.159 -0.432
        3  0.10359  -0.000 -0.023  1.000  0.000  0.006  0.010 -0.096  0.010
        4  0.00052  -0.000 -0.000  0.000  1.000  0.000  0.000  0.000 -0.000
        5  0.10847  -0.000 -0.104  0.006  0.000  1.000  0.044 -0.014  0.045
        6  0.42826   0.000 -0.428  0.010  0.000  0.044  1.000  0.068  0.169
        7  0.19041  -0.000 -0.159 -0.096  0.000 -0.014  0.068  1.000  0.069
        8  0.43282   0.000 -0.432  0.010 -0.000  0.045  0.169  0.069  1.000
[#1] INFO:Minization -- RooMinimizer::optimizeConst: deactivating const optimization
 MY RESULTS ON REAL DATA: 

  RooFitResult: minimized FCN value: 725.481, estimated distance to minimum: 9.31069e-06
                covariance matrix quality: Full, accurate covariance matrix
                Status : MINIMIZE=0 HESSE=0 

    Floating Parameter    FinalValue +/-  Error   
  --------------------  --------------------------
           BF_norm_obs    4.0000e-06 +/-  5.47e-07
              BFsignal    5.1369e-07 +/-  6.53e-08
  n_comb_brem0_1516_bin3    1.0853e+00 +/-  1.31e+00
  n_comb_brem0_1718_bin3    8.6001e-07 +/-  2.51e+00
  n_comb_brem1_1516_bin3    2.4443e+00 +/-  2.10e+00
  n_comb_brem1_1718_bin3    6.5788e+01 +/-  1.13e+01
  n_misid_brem0_1516_bin3    5.0065e+00 +/-  3.02e+00
  n_misid_brem0_1718_bin3    1.4513e+01 +/-  6.70e+00

[#1] INFO:ObjectHandling -- RooWorkspace::import(dataset_workspace) importing RooSimultaneous::mass_model
[#1] INFO:ObjectHandling -- RooWorkspace::import(dataset_workspace) importing RooCategory::sample_CLs
[#1] INFO:ObjectHandling -- RooWorkspace::import(dataset_workspace) importing RooAddPdf::final_model_brem0_1516_bin3
[#1] INFO:ObjectHandling -- RooWorkspace::import(dataset_workspace) importing RooExtendPdf::emodel_signal_brem0_1516_bin3
[#1] INFO:ObjectHandling -- RooWorkspace::import(dataset_workspace) importing RooCBShape::model_signal_brem0_1516_950-1100
[#1] INFO:ObjectHandling -- RooWorkspace::import(dataset_workspace) importing RooRealVar::D_M
[#1] INFO:ObjectHandling -- RooWorkspace::import(dataset_workspace) importing RooRealVar::mean_950-1100
[#1] INFO:ObjectHandling -- RooWorkspace::import(dataset_workspace) importing RooRealVar::sigma_950-1100
[#1] INFO:ObjectHandling -- RooWorkspace::import(dataset_workspace) importing RooRealVar::alpha_CB_950-1100
[#1] INFO:ObjectHandling -- RooWorkspace::import(dataset_workspace) importing RooRealVar::n_950-1100
[#1] INFO:ObjectHandling -- RooWorkspace::import(dataset_workspace) importing RooFormulaVar::n_signal_brem0_1516_bin3
[#1] INFO:ObjectHandling -- RooWorkspace::import(dataset_workspace) importing RooRealVar::BFsignal
[#1] INFO:ObjectHandling -- RooWorkspace::import(dataset_workspace) importing RooRealVar::BF_norm
[#1] INFO:ObjectHandling -- RooWorkspace::import(dataset_workspace) importing RooRealVar::Y_Norm_brem0_1516_950-1100
[#1] INFO:ObjectHandling -- RooWorkspace::import(dataset_workspace) importing RooRealVar::Eff_Ratio_brem0_1516_bin3
[#1] INFO:ObjectHandling -- RooWorkspace::import(dataset_workspace) importing RooExtendPdf::emodel_comb_brem0_1516_bin3
[#1] INFO:ObjectHandling -- RooWorkspace::import(dataset_workspace) importing RooPolynomial::model_comb_only_bkg_brem0_1516_950-1100
[#1] INFO:ObjectHandling -- RooWorkspace::import(dataset_workspace) importing RooRealVar::c1_950-1100
[#1] INFO:ObjectHandling -- RooWorkspace::import(dataset_workspace) importing RooRealVar::n_comb_brem0_1516_bin3
[#1] INFO:ObjectHandling -- RooWorkspace::import(dataset_workspace) importing RooExtendPdf::emodel_misid_brem0_1516_bin3
[#1] INFO:ObjectHandling -- RooWorkspace::import(dataset_workspace) importing RooBukinPdf::model_misid_only_bkg_brem0_1516_950-1100
[#1] INFO:ObjectHandling -- RooWorkspace::import(dataset_workspace) importing RooRealVar::mean_had_bkg_950-1100
[#1] INFO:ObjectHandling -- RooWorkspace::import(dataset_workspace) importing RooRealVar::sigma_had_bkg_950-1100
[#1] INFO:ObjectHandling -- RooWorkspace::import(dataset_workspace) importing RooRealVar::asym_had_bkg_950-1100
[#1] INFO:ObjectHandling -- RooWorkspace::import(dataset_workspace) importing RooRealVar::rho0_had_bkg_950-1100
[#1] INFO:ObjectHandling -- RooWorkspace::import(dataset_workspace) importing RooRealVar::rho1_had_bkg_950-1100
[#1] INFO:ObjectHandling -- RooWorkspace::import(dataset_workspace) importing RooRealVar::n_misid_brem0_1516_bin3
[#1] INFO:ObjectHandling -- RooWorkspace::import(dataset_workspace) importing RooAddPdf::final_model_brem1_1516_bin3
[#1] INFO:ObjectHandling -- RooWorkspace::import(dataset_workspace) importing RooExtendPdf::emodel_signal_brem1_1516_bin3
[#1] INFO:ObjectHandling -- RooWorkspace::import(dataset_workspace) importing RooCrystalBall::model_signal_brem1_1516_950-1100
[#1] INFO:ObjectHandling -- RooWorkspace::import(dataset_workspace) importing RooRealVar::mean1_950-1100
[#1] INFO:ObjectHandling -- RooWorkspace::import(dataset_workspace) importing RooRealVar::sigmaL_950-1100
[#1] INFO:ObjectHandling -- RooWorkspace::import(dataset_workspace) importing RooRealVar::alphaL_950-1100
[#1] INFO:ObjectHandling -- RooWorkspace::import(dataset_workspace) importing RooRealVar::nL_950-1100
[#1] INFO:ObjectHandling -- RooWorkspace::import(dataset_workspace) importing RooRealVar::alphaR_950-1100
[#1] INFO:ObjectHandling -- RooWorkspace::import(dataset_workspace) importing RooRealVar::nR_950-1100
[#1] INFO:ObjectHandling -- RooWorkspace::import(dataset_workspace) importing RooFormulaVar::n_signal_brem1_1516_bin3
[#1] INFO:ObjectHandling -- RooWorkspace::import(dataset_workspace) importing RooRealVar::Y_Norm_brem1_1516_950-1100
[#1] INFO:ObjectHandling -- RooWorkspace::import(dataset_workspace) importing RooRealVar::Eff_Ratio_brem1_1516_bin3
[#1] INFO:ObjectHandling -- RooWorkspace::import(dataset_workspace) importing RooExtendPdf::emodel_comb_brem1_1516_bin3
[#1] INFO:ObjectHandling -- RooWorkspace::import(dataset_workspace) importing RooPolynomial::model_comb_only_bkg_brem1_1516_950-1100
[#1] INFO:ObjectHandling -- RooWorkspace::import(dataset_workspace) importing RooRealVar::c1_brem1_950-1100
[#1] INFO:ObjectHandling -- RooWorkspace::import(dataset_workspace) importing RooRealVar::n_comb_brem1_1516_bin3
[#1] INFO:ObjectHandling -- RooWorkspace::import(dataset_workspace) importing RooExtendPdf::emodel_misid_brem1_1516_bin3
[#1] INFO:ObjectHandling -- RooWorkspace::import(dataset_workspace) importing RooBukinPdf::model_misid_only_bkg_brem1_1516_950-1100
[#1] INFO:ObjectHandling -- RooWorkspace::import(dataset_workspace) importing RooRealVar::mean_had_bkg_brem_950-1100
[#1] INFO:ObjectHandling -- RooWorkspace::import(dataset_workspace) importing RooRealVar::sigma_had_bkg_brem_950-1100
[#1] INFO:ObjectHandling -- RooWorkspace::import(dataset_workspace) importing RooRealVar::asym_had_bkg_brem_950-1100
[#1] INFO:ObjectHandling -- RooWorkspace::import(dataset_workspace) importing RooRealVar::rho0_had_bkg_brem_950-1100
[#1] INFO:ObjectHandling -- RooWorkspace::import(dataset_workspace) importing RooRealVar::rho1_had_bkg_brem_950-1100
[#1] INFO:ObjectHandling -- RooWorkspace::import(dataset_workspace) importing RooFormulaVar::n_misid_brem1_1516_bin3
[#1] INFO:ObjectHandling -- RooWorkspace::import(dataset_workspace) importing RooRealVar::ratio_brem1_brem0
[#1] INFO:ObjectHandling -- RooWorkspace::import(dataset_workspace) importing RooAddPdf::final_model_brem0_1718_bin3
[#1] INFO:ObjectHandling -- RooWorkspace::import(dataset_workspace) importing RooExtendPdf::emodel_signal_brem0_1718_bin3
[#1] INFO:ObjectHandling -- RooWorkspace::import(dataset_workspace) importing RooCBShape::model_signal_brem0_1718_950-1100
[#1] INFO:ObjectHandling -- RooWorkspace::import(dataset_workspace) importing RooFormulaVar::n_signal_brem0_1718_bin3
[#1] INFO:ObjectHandling -- RooWorkspace::import(dataset_workspace) importing RooRealVar::Y_Norm_brem0_1718_950-1100
[#1] INFO:ObjectHandling -- RooWorkspace::import(dataset_workspace) importing RooRealVar::Eff_Ratio_brem0_1718_bin3
[#1] INFO:ObjectHandling -- RooWorkspace::import(dataset_workspace) importing RooExtendPdf::emodel_comb_brem0_1718_bin3
[#1] INFO:ObjectHandling -- RooWorkspace::import(dataset_workspace) importing RooPolynomial::model_comb_only_bkg_brem0_1718_950-1100
[#1] INFO:ObjectHandling -- RooWorkspace::import(dataset_workspace) importing RooRealVar::n_comb_brem0_1718_bin3
[#1] INFO:ObjectHandling -- RooWorkspace::import(dataset_workspace) importing RooExtendPdf::emodel_misid_brem0_1718_bin3
[#1] INFO:ObjectHandling -- RooWorkspace::import(dataset_workspace) importing RooBukinPdf::model_misid_only_bkg_brem0_1718_950-1100
[#1] INFO:ObjectHandling -- RooWorkspace::import(dataset_workspace) importing RooRealVar::n_misid_brem0_1718_bin3
[#1] INFO:ObjectHandling -- RooWorkspace::import(dataset_workspace) importing RooAddPdf::final_model_brem1_1718_bin3
[#1] INFO:ObjectHandling -- RooWorkspace::import(dataset_workspace) importing RooExtendPdf::emodel_signal_brem1_1718_bin3
[#1] INFO:ObjectHandling -- RooWorkspace::import(dataset_workspace) importing RooCrystalBall::model_signal_brem1_1718_950-1100
[#1] INFO:ObjectHandling -- RooWorkspace::import(dataset_workspace) importing RooFormulaVar::n_signal_brem1_1718_bin3
[#1] INFO:ObjectHandling -- RooWorkspace::import(dataset_workspace) importing RooRealVar::Y_Norm_brem1_1718_950-1100
[#1] INFO:ObjectHandling -- RooWorkspace::import(dataset_workspace) importing RooRealVar::Eff_Ratio_brem1_1718_bin3
[#1] INFO:ObjectHandling -- RooWorkspace::import(dataset_workspace) importing RooExtendPdf::emodel_comb_brem1_1718_bin3
[#1] INFO:ObjectHandling -- RooWorkspace::import(dataset_workspace) importing RooPolynomial::model_comb_only_bkg_brem1_1718_950-1100
[#1] INFO:ObjectHandling -- RooWorkspace::import(dataset_workspace) importing RooRealVar::n_comb_brem1_1718_bin3
[#1] INFO:ObjectHandling -- RooWorkspace::import(dataset_workspace) importing RooExtendPdf::emodel_misid_brem1_1718_bin3
[#1] INFO:ObjectHandling -- RooWorkspace::import(dataset_workspace) importing RooBukinPdf::model_misid_only_bkg_brem1_1718_950-1100
[#1] INFO:ObjectHandling -- RooWorkspace::import(dataset_workspace) importing RooFormulaVar::n_misid_brem1_1718_bin3
[#0] ERROR:ObjectHandling -- RooWorkSpace::import(dataset_workspace) ERROR object named extended_bkg_model: component(s) (model_comb_only_bkg_brem0_1516_950-1100,model_misid_only_bkg_brem0_1516_950-1100,model_comb_only_bkg_brem1_1516_950-1100,model_misid_only_bkg_brem1_1516_950-1100,n_misid_brem1_1516_bin3,model_comb_only_bkg_brem0_1718_950-1100,model_misid_only_bkg_brem0_1718_950-1100,model_comb_only_bkg_brem1_1718_950-1100,model_misid_only_bkg_brem1_1718_950-1100,n_misid_brem1_1718_bin3) already in the workspace and no conflict resolution protocol specified
[#1] INFO:ObjectHandling -- RooWorkspace::import(dataset_workspace) importing dataset data
[#1] INFO:ObjectHandling -- RooWorkspace::import(dataset_workspace) importing RooGaussian::BF_norm_constraint
[#1] INFO:ObjectHandling -- RooWorkspace::import(dataset_workspace) importing RooRealVar::BF_norm_obs
[#1] INFO:ObjectHandling -- RooWorkspace::import(dataset_workspace) importing RooRealVar::BF_norm_sigma
[#1] INFO:ObjectHandling -- RooWorkspace::import(dataset_workspace) importing RooGaussian::Eff_Ratio_constraintbrem0_1516_bin3
[#1] INFO:ObjectHandling -- RooWorkspace::import(dataset_workspace) importing RooRealVar::Eff_Ratio_obsbrem0_1516_bin3
[#1] INFO:ObjectHandling -- RooWorkspace::import(dataset_workspace) importing RooRealVar::Eff_Ratio_sigmabrem0_1516_bin3
[#1] INFO:ObjectHandling -- RooWorkspace::import(dataset_workspace) importing RooGaussian::Eff_Ratio_constraintbrem0_1718_bin3
[#1] INFO:ObjectHandling -- RooWorkspace::import(dataset_workspace) importing RooRealVar::Eff_Ratio_obsbrem0_1718_bin3
[#1] INFO:ObjectHandling -- RooWorkspace::import(dataset_workspace) importing RooRealVar::Eff_Ratio_sigmabrem0_1718_bin3
[#1] INFO:ObjectHandling -- RooWorkspace::import(dataset_workspace) importing RooGaussian::Eff_Ratio_constraintbrem1_1516_bin3
[#1] INFO:ObjectHandling -- RooWorkspace::import(dataset_workspace) importing RooRealVar::Eff_Ratio_obsbrem1_1516_bin3
[#1] INFO:ObjectHandling -- RooWorkspace::import(dataset_workspace) importing RooRealVar::Eff_Ratio_sigmabrem1_1516_bin3
[#1] INFO:ObjectHandling -- RooWorkspace::import(dataset_workspace) importing RooGaussian::Eff_Ratio_constraintbrem1_1718_bin3
[#1] INFO:ObjectHandling -- RooWorkspace::import(dataset_workspace) importing RooRealVar::Eff_Ratio_obsbrem1_1718_bin3
[#1] INFO:ObjectHandling -- RooWorkspace::import(dataset_workspace) importing RooRealVar::Eff_Ratio_sigmabrem1_1718_bin3
[#1] INFO:ObjectHandling -- RooWorkspace::import(dataset_workspace) importing RooGaussian::Y_Norm_constraint_brem0_1516_950-1100
[#1] INFO:ObjectHandling -- RooWorkspace::import(dataset_workspace) importing RooRealVar::Y_Norm_obs_brem0_1516_950-1100
[#1] INFO:ObjectHandling -- RooWorkspace::import(dataset_workspace) importing RooRealVar::Y_Norm_sigma_brem0_1516_950-1100
[#1] INFO:ObjectHandling -- RooWorkspace::import(dataset_workspace) importing RooGaussian::Y_Norm_constraint_brem0_1718_950-1100
[#1] INFO:ObjectHandling -- RooWorkspace::import(dataset_workspace) importing RooRealVar::Y_Norm_obs_brem0_1718_950-1100
[#1] INFO:ObjectHandling -- RooWorkspace::import(dataset_workspace) importing RooRealVar::Y_Norm_sigma_brem0_1718_950-1100
[#1] INFO:ObjectHandling -- RooWorkspace::import(dataset_workspace) importing RooGaussian::Y_Norm_constraint_brem1_1516_950-1100
[#1] INFO:ObjectHandling -- RooWorkspace::import(dataset_workspace) importing RooRealVar::Y_Norm_obs_brem1_1516_950-1100
[#1] INFO:ObjectHandling -- RooWorkspace::import(dataset_workspace) importing RooRealVar::Y_Norm_sigma_brem1_1516_950-1100
[#1] INFO:ObjectHandling -- RooWorkspace::import(dataset_workspace) importing RooGaussian::Y_Norm_constraint_brem1_1718_950-1100
[#1] INFO:ObjectHandling -- RooWorkspace::import(dataset_workspace) importing RooRealVar::Y_Norm_obs_brem1_1718_950-1100
[#1] INFO:ObjectHandling -- RooWorkspace::import(dataset_workspace) importing RooRealVar::Y_Norm_sigma_brem1_1718_950-1100
[#1] INFO:ObjectHandling -- RooWorkspace::import(dataset_workspace) importing RooRealVar::n_leak_brem1_1516_bin3
[#1] INFO:ObjectHandling -- RooWorkspace::import(dataset_workspace) importing RooRealVar::n_leak_brem1_1718_bin3
