
[1mRooFit v3.60 -- Developed by Wouter Verkerke and David Kirkby[0m 
                Copyright (C) 2000-2013 NIKHEF, University of California & Stanford University
                All rights reserved, please read http://roofit.sourceforge.net/license.txt


[1mGammaCombo v1.3 [0m-- All rights reserved under GPLv3, http://www.gnu.org/licenses/gpl.txt

Decay KKEE in bin 1
Decay 2 KKEE in bin 1
[#0] WARNING:InputArguments -- The parameter 'Y_Norm_sigma_brem0_1516_211-525' with range [-1e+30, 1e+30] of the RooGaussian 'Y_Norm_constraint_brem0_1516_211-525' exceeds the safe range of (0, inf). Advise to limit its range.
[#0] WARNING:InputArguments -- The parameter 'Y_Norm_sigma_brem1_1516_211-525' with range [-1e+30, 1e+30] of the RooGaussian 'Y_Norm_constraint_brem1_1516_211-525' exceeds the safe range of (0, inf). Advise to limit its range.
[#0] WARNING:InputArguments -- The parameter 'Y_Norm_sigma_brem0_1718_211-525' with range [-1e+30, 1e+30] of the RooGaussian 'Y_Norm_constraint_brem0_1718_211-525' exceeds the safe range of (0, inf). Advise to limit its range.
[#0] WARNING:InputArguments -- The parameter 'Y_Norm_sigma_brem1_1718_211-525' with range [-1e+30, 1e+30] of the RooGaussian 'Y_Norm_constraint_brem1_1718_211-525' exceeds the safe range of (0, inf). Advise to limit its range.
[#0] WARNING:InputArguments -- The parameter 'Y_Norm_sigma_brem0_1516_525-565' with range [-1e+30, 1e+30] of the RooGaussian 'Y_Norm_constraint_brem0_1516_525-565' exceeds the safe range of (0, inf). Advise to limit its range.
[#0] WARNING:InputArguments -- The parameter 'Y_Norm_sigma_brem1_1516_525-565' with range [-1e+30, 1e+30] of the RooGaussian 'Y_Norm_constraint_brem1_1516_525-565' exceeds the safe range of (0, inf). Advise to limit its range.
[#0] WARNING:InputArguments -- The parameter 'Y_Norm_sigma_brem0_1718_525-565' with range [-1e+30, 1e+30] of the RooGaussian 'Y_Norm_constraint_brem0_1718_525-565' exceeds the safe range of (0, inf). Advise to limit its range.
[#0] WARNING:InputArguments -- The parameter 'Y_Norm_sigma_brem1_1718_525-565' with range [-1e+30, 1e+30] of the RooGaussian 'Y_Norm_constraint_brem1_1718_525-565' exceeds the safe range of (0, inf). Advise to limit its range.
[#0] WARNING:InputArguments -- The parameter 'Y_Norm_sigma_brem0_1516_565-950' with range [-1e+30, 1e+30] of the RooGaussian 'Y_Norm_constraint_brem0_1516_565-950' exceeds the safe range of (0, inf). Advise to limit its range.
[#0] WARNING:InputArguments -- The parameter 'Y_Norm_sigma_brem1_1516_565-950' with range [-1e+30, 1e+30] of the RooGaussian 'Y_Norm_constraint_brem1_1516_565-950' exceeds the safe range of (0, inf). Advise to limit its range.
[#0] WARNING:InputArguments -- The parameter 'Y_Norm_sigma_brem0_1718_565-950' with range [-1e+30, 1e+30] of the RooGaussian 'Y_Norm_constraint_brem0_1718_565-950' exceeds the safe range of (0, inf). Advise to limit its range.
[#0] WARNING:InputArguments -- The parameter 'Y_Norm_sigma_brem1_1718_565-950' with range [-1e+30, 1e+30] of the RooGaussian 'Y_Norm_constraint_brem1_1718_565-950' exceeds the safe range of (0, inf). Advise to limit its range.
[#0] WARNING:InputArguments -- The parameter 'BF_norm_sigma' with range [-1e+30, 1e+30] of the RooGaussian 'BF_norm_constraint' exceeds the safe range of (0, inf). Advise to limit its range.
211-525
[#0] WARNING:InputArguments -- The parameter 'Eff_Ratio_sigmabrem0_1516_bin0' with range [-1e+30, 1e+30] of the RooGaussian 'Eff_Ratio_constraintbrem0_1516_bin0' exceeds the safe range of (0, inf). Advise to limit its range.
 BF_signal[ibin] = 2.6e-08 Y_Norm[ibin][ibrem][iyear] = 56.8773 Eff_Ratio[ibin][ibrem][iyear] = 0.653551
[#0] WARNING:InputArguments -- The parameter 'Eff_Ratio_sigmabrem0_1718_bin0' with range [-1e+30, 1e+30] of the RooGaussian 'Eff_Ratio_constraintbrem0_1718_bin0' exceeds the safe range of (0, inf). Advise to limit its range.
 BF_signal[ibin] = 2.6e-08 Y_Norm[ibin][ibrem][iyear] = 262.287 Eff_Ratio[ibin][ibrem][iyear] = 0.659239
[#0] WARNING:InputArguments -- The parameter 'Eff_Ratio_sigmabrem1_1516_bin0' with range [-1e+30, 1e+30] of the RooGaussian 'Eff_Ratio_constraintbrem1_1516_bin0' exceeds the safe range of (0, inf). Advise to limit its range.
 BF_signal[ibin] = 2.6e-08 Y_Norm[ibin][ibrem][iyear] = 56.7008 Eff_Ratio[ibin][ibrem][iyear] = 0.578317
[#0] WARNING:InputArguments -- The parameter 'Eff_Ratio_sigmabrem1_1718_bin0' with range [-1e+30, 1e+30] of the RooGaussian 'Eff_Ratio_constraintbrem1_1718_bin0' exceeds the safe range of (0, inf). Advise to limit its range.
 BF_signal[ibin] = 2.6e-08 Y_Norm[ibin][ibrem][iyear] = 469.352 Eff_Ratio[ibin][ibrem][iyear] = 0.519103
525-565
[#0] WARNING:InputArguments -- The parameter 'Eff_Ratio_sigmabrem0_1516_bin1' with range [-1e+30, 1e+30] of the RooGaussian 'Eff_Ratio_constraintbrem0_1516_bin1' exceeds the safe range of (0, inf). Advise to limit its range.
 BF_signal[ibin] = 7e-09 Y_Norm[ibin][ibrem][iyear] = 56.8773 Eff_Ratio[ibin][ibrem][iyear] = 0.984477
[#0] WARNING:InputArguments -- The parameter 'Eff_Ratio_sigmabrem0_1718_bin1' with range [-1e+30, 1e+30] of the RooGaussian 'Eff_Ratio_constraintbrem0_1718_bin1' exceeds the safe range of (0, inf). Advise to limit its range.
 BF_signal[ibin] = 7e-09 Y_Norm[ibin][ibrem][iyear] = 262.287 Eff_Ratio[ibin][ibrem][iyear] = 0.450888
[#0] WARNING:InputArguments -- The parameter 'Eff_Ratio_sigmabrem1_1516_bin1' with range [-1e+30, 1e+30] of the RooGaussian 'Eff_Ratio_constraintbrem1_1516_bin1' exceeds the safe range of (0, inf). Advise to limit its range.
 BF_signal[ibin] = 7e-09 Y_Norm[ibin][ibrem][iyear] = 56.7008 Eff_Ratio[ibin][ibrem][iyear] = 1.05053
[#0] WARNING:InputArguments -- The parameter 'Eff_Ratio_sigmabrem1_1718_bin1' with range [-1e+30, 1e+30] of the RooGaussian 'Eff_Ratio_constraintbrem1_1718_bin1' exceeds the safe range of (0, inf). Advise to limit its range.
 BF_signal[ibin] = 7e-09 Y_Norm[ibin][ibrem][iyear] = 469.352 Eff_Ratio[ibin][ibrem][iyear] = 0.372027
565-950
[#0] WARNING:InputArguments -- The parameter 'Eff_Ratio_sigmabrem0_1516_bin2' with range [-1e+30, 1e+30] of the RooGaussian 'Eff_Ratio_constraintbrem0_1516_bin2' exceeds the safe range of (0, inf). Advise to limit its range.
 BF_signal[ibin] = 1.2e-07 Y_Norm[ibin][ibrem][iyear] = 56.8773 Eff_Ratio[ibin][ibrem][iyear] = 0.473149
[#0] WARNING:InputArguments -- The parameter 'Eff_Ratio_sigmabrem0_1718_bin2' with range [-1e+30, 1e+30] of the RooGaussian 'Eff_Ratio_constraintbrem0_1718_bin2' exceeds the safe range of (0, inf). Advise to limit its range.
 BF_signal[ibin] = 1.2e-07 Y_Norm[ibin][ibrem][iyear] = 262.287 Eff_Ratio[ibin][ibrem][iyear] = 0.520676
[#0] WARNING:InputArguments -- The parameter 'Eff_Ratio_sigmabrem1_1516_bin2' with range [-1e+30, 1e+30] of the RooGaussian 'Eff_Ratio_constraintbrem1_1516_bin2' exceeds the safe range of (0, inf). Advise to limit its range.
 BF_signal[ibin] = 1.2e-07 Y_Norm[ibin][ibrem][iyear] = 56.7008 Eff_Ratio[ibin][ibrem][iyear] = 0.414096
[#0] WARNING:InputArguments -- The parameter 'Eff_Ratio_sigmabrem1_1718_bin2' with range [-1e+30, 1e+30] of the RooGaussian 'Eff_Ratio_constraintbrem1_1718_bin2' exceeds the safe range of (0, inf). Advise to limit its range.
 BF_signal[ibin] = 1.2e-07 Y_Norm[ibin][ibrem][iyear] = 469.352 Eff_Ratio[ibin][ibrem][iyear] = 0.438377
events_SIGNAL 0
n_signal_value[ibin][ibrem][iyear] 0.0979902
events_SIGNAL 0
n_signal_value[ibin][ibrem][iyear] 0.104241
events_SIGNAL 0
n_signal_value[ibin][ibrem][iyear] 0.206958
[#1] INFO:NumericIntegration -- RooRealIntegral::init(model_misid_only_bkg_brem0_1718_525-565_Int[D_M]) using numeric integrator RooIntegrator1D to calculate Int(D_M)
[#1] INFO:NumericIntegration -- RooRealIntegral::init(model_misid_only_bkg_brem0_1718_525-565_Int[D_M]) using numeric integrator RooIntegrator1D to calculate Int(D_M)
events_SIGNAL 0
n_signal_value[ibin][ibrem][iyear] 0.30557
[#1] INFO:Minization -- p.d.f. provides expected number of events, including extended term in likelihood.
[#1] INFO:Minization --  Including the following constraint terms in minimization: (BF_norm_constraint,Eff_Ratio_constraintbrem0_1516_bin1,Eff_Ratio_constraintbrem0_1718_bin1,Eff_Ratio_constraintbrem1_1516_bin1,Eff_Ratio_constraintbrem1_1718_bin1,Y_Norm_constraint_brem0_1516_525-565,Y_Norm_constraint_brem0_1718_525-565,Y_Norm_constraint_brem1_1516_525-565,Y_Norm_constraint_brem1_1718_525-565)
[#1] INFO:Fitting -- RooAddition::defaultErrorLevel(nll_mass_model_data_with_constr) Summation contains a RooNLLVar, using its error level
[#1] INFO:Minization -- RooMinimizer::optimizeConst: activating const optimization
RooAbsTestStatistic::initSimMode: creating slave calculator #0 for state brem0_1516 (0 dataset entries)
[#1] INFO:NumericIntegration -- RooRealIntegral::init(model_misid_only_bkg_brem0_1516_525-565_Int[D_M]) using numeric integrator RooIntegrator1D to calculate Int(D_M)
RooAbsTestStatistic::initSimMode: creating slave calculator #1 for state brem0_1718 (5 dataset entries)
[#1] INFO:NumericIntegration -- RooRealIntegral::init(model_misid_only_bkg_brem0_1718_525-565_Int[D_M]) using numeric integrator RooIntegrator1D to calculate Int(D_M)
RooAbsTestStatistic::initSimMode: creating slave calculator #2 for state brem1_1516 (1 dataset entries)
[#1] INFO:NumericIntegration -- RooRealIntegral::init(model_misid_only_bkg_brem1_1516_525-565_Int[D_M]) using numeric integrator RooIntegrator1D to calculate Int(D_M)
RooAbsTestStatistic::initSimMode: creating slave calculator #3 for state brem1_1718 (4 dataset entries)
[#1] INFO:NumericIntegration -- RooRealIntegral::init(model_misid_only_bkg_brem1_1718_525-565_Int[D_M]) using numeric integrator RooIntegrator1D to calculate Int(D_M)
[#1] INFO:Fitting -- RooAbsTestStatistic::initSimMode: created 4 slave calculators.
[#1] INFO:NumericIntegration -- RooRealIntegral::init(model_misid_only_bkg_brem0_1516_525-565_Int[D_M]) using numeric integrator RooIntegrator1D to calculate Int(D_M)
[#1] INFO:Minization --  The following expressions have been identified as constant and will be precalculated and cached: (model_signal_brem0_1516_525-565,model_comb_only_bkg_brem0_1516_525-565,model_misid_only_bkg_brem0_1516_525-565)
[#1] INFO:Minization --  The following expressions will be evaluated in cache-and-track mode: (emodel_signal_brem0_1516_bin1,emodel_comb_brem0_1516_bin1,emodel_misid_brem0_1516_bin1)
[#1] INFO:NumericIntegration -- RooRealIntegral::init(model_misid_only_bkg_brem0_1718_525-565_Int[D_M]) using numeric integrator RooIntegrator1D to calculate Int(D_M)
[#1] INFO:NumericIntegration -- RooRealIntegral::init(model_misid_only_bkg_brem0_1718_525-565_Int[D_M]) using numeric integrator RooIntegrator1D to calculate Int(D_M)
[#1] INFO:NumericIntegration -- RooRealIntegral::init(model_misid_only_bkg_brem0_1718_525-565_Int[D_M]) using numeric integrator RooIntegrator1D to calculate Int(D_M)
[#1] INFO:Minization --  The following expressions have been identified as constant and will be precalculated and cached: (model_signal_brem0_1718_525-565,model_comb_only_bkg_brem0_1718_525-565,model_misid_only_bkg_brem0_1718_525-565)
[#1] INFO:Minization --  The following expressions will be evaluated in cache-and-track mode: (emodel_signal_brem0_1718_bin1,emodel_comb_brem0_1718_bin1,emodel_misid_brem0_1718_bin1)
[#1] INFO:NumericIntegration -- RooRealIntegral::init(model_misid_only_bkg_brem1_1516_525-565_Int[D_M]) using numeric integrator RooIntegrator1D to calculate Int(D_M)
[#1] INFO:NumericIntegration -- RooRealIntegral::init(model_misid_only_bkg_brem1_1516_525-565_Int[D_M]) using numeric integrator RooIntegrator1D to calculate Int(D_M)
[#1] INFO:NumericIntegration -- RooRealIntegral::init(model_misid_only_bkg_brem1_1516_525-565_Int[D_M]) using numeric integrator RooIntegrator1D to calculate Int(D_M)
[#1] INFO:Minization --  The following expressions have been identified as constant and will be precalculated and cached: (model_signal_brem1_1516_525-565,model_comb_only_bkg_brem1_1516_525-565,model_misid_only_bkg_brem1_1516_525-565)
[#1] INFO:Minization --  The following expressions will be evaluated in cache-and-track mode: (emodel_signal_brem1_1516_bin1,emodel_comb_brem1_1516_bin1,emodel_misid_brem1_1516_bin1)
[#1] INFO:NumericIntegration -- RooRealIntegral::init(model_misid_only_bkg_brem1_1718_525-565_Int[D_M]) using numeric integrator RooIntegrator1D to calculate Int(D_M)
[#1] INFO:NumericIntegration -- RooRealIntegral::init(model_misid_only_bkg_brem1_1718_525-565_Int[D_M]) using numeric integrator RooIntegrator1D to calculate Int(D_M)
[#1] INFO:NumericIntegration -- RooRealIntegral::init(model_misid_only_bkg_brem1_1718_525-565_Int[D_M]) using numeric integrator RooIntegrator1D to calculate Int(D_M)
[#1] INFO:Minization --  The following expressions have been identified as constant and will be precalculated and cached: (model_signal_brem1_1718_525-565,model_comb_only_bkg_brem1_1718_525-565,model_misid_only_bkg_brem1_1718_525-565)
[#1] INFO:Minization --  The following expressions will be evaluated in cache-and-track mode: (emodel_signal_brem1_1718_bin1,emodel_comb_brem1_1718_bin1,emodel_misid_brem1_1718_bin1)
 **********
 **    1 **SET PRINT           1
 **********
 **********
 **    2 **SET NOGRAD
 **********
 PARAMETER DEFINITIONS:
    NO.   NAME         VALUE      STEP SIZE      LIMITS
     1 BF_norm_obs   4.00000e-06  1.00000e-06    1.00000e-20  1.00000e-05
     2 BFsignal     7.00000e-09  3.50000e-09    0.00000e+00  1.00000e-05
     3 n_comb_brem0_1516_bin1   3.84414e-09  1.92207e-09    0.00000e+00  3.00000e+02
 MINUIT WARNING IN PARAMETR
 ============== VARIABLE3 IS AT ITS LOWER ALLOWED LIMIT.
     4 n_comb_brem0_1718_bin1   3.16074e+00  1.58037e+00    0.00000e+00  3.00000e+02
     5 n_comb_brem1_1516_bin1   9.98383e-01  4.99191e-01    0.00000e+00  3.00000e+02
     6 n_comb_brem1_1718_bin1   3.94558e+00  1.97279e+00    0.00000e+00  3.00000e+02
     7 n_misid_brem0_1516_bin1   4.62200e-11  2.31100e-11    0.00000e+00  2.00000e+02
 MINUIT WARNING IN PARAMETR
 ============== VARIABLE7 IS AT ITS LOWER ALLOWED LIMIT.
     8 n_misid_brem0_1718_bin1   1.76366e+00  8.81830e-01    0.00000e+00  2.00000e+02
 **********
 **    3 **SET ERR         0.5
 **********
 **********
 **    4 **SET PRINT           1
 **********
 **********
 **    5 **SET STR           1
 **********
 NOW USING STRATEGY  1: TRY TO BALANCE SPEED AGAINST RELIABILITY
 **********
 **    6 **MIGRAD        4000           1
 **********
 FIRST CALL TO USER FUNCTION AT NEW START POINT, WITH IFLAG=4.
 MINUIT WARNING IN MIGrad    
 ============== VARIABLE3 IS AT ITS LOWER ALLOWED LIMIT.
 MINUIT WARNING IN MIGrad    
 ============== VARIABLE7 IS AT ITS LOWER ALLOWED LIMIT.
 START MIGRAD MINIMIZATION.  STRATEGY  1.  CONVERGENCE WHEN EDM .LT. 1.00e-03
 FCN=62.544 FROM MIGRAD    STATUS=INITIATE       28 CALLS          29 TOTAL
                     EDM= unknown      STRATEGY= 1      NO ERROR MATRIX       
  EXT PARAMETER               CURRENT GUESS       STEP         FIRST   
  NO.   NAME      VALUE            ERROR          SIZE      DERIVATIVE 
   1  BF_norm_obs   4.00000e-06   1.00000e-06   2.05758e-01   3.06817e-06
   2  BFsignal     7.00000e-09   3.50000e-09   1.37000e-02   1.19211e+01
   3  n_comb_brem0_1516_bin1   2.86102e-04   1.92207e-09   6.56064e-09   2.92969e-01
   4  n_comb_brem0_1718_bin1   3.16074e+00   1.58037e+00   5.34021e-02  -2.69388e+00
   5  n_comb_brem1_1516_bin1   9.98383e-01   4.99191e-01   2.99093e-02   5.63891e-01
   6  n_comb_brem1_1718_bin1   3.94558e+00   1.97279e+00   5.97405e-02   3.62188e+00
   7  n_misid_brem0_1516_bin1   1.90735e-04   2.31100e-11   1.18348e-10   1.74049e-01
   8  n_misid_brem0_1718_bin1   1.76366e+00   8.81830e-01   4.88154e-02   2.38993e+00
                               ERR DEF= 0.5
 MIGRAD MINIMIZATION HAS CONVERGED.
 MIGRAD WILL VERIFY CONVERGENCE AND ERROR MATRIX.
 COVARIANCE MATRIX CALCULATED SUCCESSFULLY
 FCN=62.1841 FROM MIGRAD    STATUS=CONVERGED     166 CALLS         167 TOTAL
                     EDM=6.14994e-05    STRATEGY= 1      ERROR MATRIX ACCURATE 
  EXT PARAMETER                                   STEP         FIRST   
  NO.   NAME      VALUE            ERROR          SIZE      DERIVATIVE 
   1  BF_norm_obs   4.00000e-06   5.46560e-07   6.11225e-04  -2.94037e-06
   2  BFsignal     2.22441e-13   1.47256e-08   4.16882e-04** at limit **
   3  n_comb_brem0_1516_bin1   3.38191e-07   4.99722e-01   4.46394e-04** at limit **
   4  n_comb_brem0_1718_bin1   3.94313e+00   2.59204e+00   3.47122e-04  -1.92555e-02
   5  n_comb_brem1_1516_bin1   9.99290e-01   9.98910e-01   3.16440e-04  -1.22686e-02
   6  n_comb_brem1_1718_bin1   3.86717e+00   2.00604e+00   3.23106e-04  -1.04344e-01
   7  n_misid_brem0_1516_bin1   2.29422e-07   5.64549e-01   5.80963e-04** at limit **
   8  n_misid_brem0_1718_bin1   1.09497e+00   2.02793e+00   6.17726e-04   6.15591e-03
                               ERR DEF= 0.5
 EXTERNAL ERROR MATRIX.    NDIM=  25    NPAR=  8    ERR DEF=0.5
  3.000e-13 -1.499e-26 -1.071e-19 -6.095e-16 -1.301e-16  2.080e-16  9.387e-20  4.675e-16 
 -1.499e-26  1.311e-20  9.020e-23  2.525e-15  1.985e-14  2.038e-13  1.212e-22  3.933e-14 
 -1.071e-19  9.020e-23  6.764e-07  5.964e-13  3.903e-13  7.403e-13  2.815e-16  3.613e-13 
 -6.095e-16  2.525e-15  5.964e-13  6.732e+00  4.547e-09  3.145e-01 -3.510e-16 -2.893e+00 
 -1.301e-16  1.985e-14  3.903e-13  4.547e-09  9.989e-01  3.094e-07 -5.165e-07  5.999e-08 
  2.080e-16  2.038e-13  7.403e-13  3.145e-01  3.094e-07  4.029e+00  1.420e-15 -4.499e-01 
  9.387e-20  1.212e-22  2.815e-16 -3.510e-16 -5.165e-07  1.420e-15  5.186e-07  1.370e-16 
  4.675e-16  3.933e-14  3.613e-13 -2.893e+00  5.999e-08 -4.499e-01  1.370e-16  4.139e+00 
 PARAMETER  CORRELATION COEFFICIENTS  
       NO.  GLOBAL      1      2      3      4      5      6      7      8
        1  0.00000   1.000 -0.000 -0.000 -0.000 -0.000  0.000  0.000  0.000
        2  0.00095  -0.000  1.000  0.000  0.000  0.000  0.001  0.000  0.000
        3  0.00000  -0.000  0.000  1.000  0.000  0.000  0.000  0.000  0.000
        4  0.54815  -0.000  0.000  0.000  1.000  0.000  0.060 -0.000 -0.548
        5  0.00074  -0.000  0.000  0.000  0.000  1.000  0.000 -0.001  0.000
        6  0.11018   0.000  0.001  0.000  0.060  0.000  1.000  0.000 -0.110
        7  0.00072   0.000  0.000  0.000 -0.000 -0.001  0.000  1.000  0.000
        8  0.55357   0.000  0.000  0.000 -0.548  0.000 -0.110  0.000  1.000
 **********
 **    7 **SET ERR         0.5
 **********
 **********
 **    8 **SET PRINT           1
 **********
 **********
 **    9 **HESSE        4000
 **********
 COVARIANCE MATRIX CALCULATED SUCCESSFULLY
 FCN=62.1841 FROM HESSE     STATUS=OK             61 CALLS         228 TOTAL
                     EDM=6.15921e-05    STRATEGY= 1      ERROR MATRIX ACCURATE 
  EXT PARAMETER                                INTERNAL      INTERNAL  
  NO.   NAME      VALUE            ERROR       STEP SIZE       VALUE   
   1  BF_norm_obs   4.00000e-06   5.46560e-07   2.44490e-05  -2.01358e-01
   2  BFsignal     2.22441e-13   1.47258e-08   8.33763e-05  -1.57109e+00
                                 WARNING -   - ABOVE PARAMETER IS AT LIMIT.
   3  n_comb_brem0_1516_bin1   3.38191e-07   4.99722e-01   8.92787e-05  -1.57073e+00
                                 WARNING -   - ABOVE PARAMETER IS AT LIMIT.
   4  n_comb_brem0_1718_bin1   3.94313e+00   2.59396e+00   6.94243e-05  -1.34100e+00
   5  n_comb_brem1_1516_bin1   9.99290e-01   9.98911e-01   6.32880e-05  -1.45530e+00
   6  n_comb_brem1_1718_bin1   3.86717e+00   2.00607e+00   6.46212e-05  -1.34323e+00
   7  n_misid_brem0_1516_bin1   2.29422e-07   5.64549e-01   1.16193e-04  -1.57073e+00
                                 WARNING -   - ABOVE PARAMETER IS AT LIMIT.
   8  n_misid_brem0_1718_bin1   1.09497e+00   2.02943e+00   1.23545e-04  -1.42268e+00
                               ERR DEF= 0.5
 EXTERNAL ERROR MATRIX.    NDIM=  25    NPAR=  8    ERR DEF=0.5
  3.000e-13  0.000e+00  0.000e+00  0.000e+00  0.000e+00  0.000e+00  0.000e+00  0.000e+00 
  0.000e+00  1.311e-20  0.000e+00  7.201e-15  5.688e-14  5.829e-13  4.949e-22  1.123e-13 
  0.000e+00  0.000e+00  6.764e-07  0.000e+00  0.000e+00  0.000e+00  0.000e+00  0.000e+00 
  0.000e+00  7.201e-15  0.000e+00  6.742e+00  6.811e-08  3.156e-01  3.831e-11 -2.903e+00 
  0.000e+00  5.688e-14  0.000e+00  6.811e-08  9.989e-01  2.531e-06 -1.820e-07  4.712e-07 
  0.000e+00  5.829e-13  0.000e+00  3.156e-01  2.531e-06  4.029e+00  1.989e-13 -4.507e-01 
  0.000e+00  4.949e-22  0.000e+00  3.831e-11 -1.820e-07  1.989e-13  5.186e-07 -1.623e-12 
  0.000e+00  1.123e-13  0.000e+00 -2.903e+00  4.712e-07 -4.507e-01 -1.623e-12  4.145e+00 
 PARAMETER  CORRELATION COEFFICIENTS  
       NO.  GLOBAL      1      2      3      4      5      6      7      8
        1  0.00000   1.000  0.000  0.000  0.000  0.000  0.000  0.000  0.000
        2  0.00272   0.000  1.000  0.000  0.000  0.000  0.003  0.000  0.000
        3  0.00000   0.000  0.000  1.000  0.000  0.000  0.000  0.000  0.000
        4  0.54910   0.000  0.000  0.000  1.000  0.000  0.061  0.000 -0.549
        5  0.00056   0.000  0.000  0.000  0.000  1.000  0.000 -0.000  0.000
        6  0.11031   0.000  0.003  0.000  0.061  0.000  1.000  0.000 -0.110
        7  0.00025   0.000  0.000  0.000  0.000 -0.000  0.000  1.000 -0.000
        8  0.55450   0.000  0.000  0.000 -0.549  0.000 -0.110 -0.000  1.000
[#1] INFO:Minization -- RooMinimizer::optimizeConst: deactivating const optimization
 MY RESULTS ON REAL DATA: 

  RooFitResult: minimized FCN value: 62.1841, estimated distance to minimum: 6.15921e-05
                covariance matrix quality: Full, accurate covariance matrix
                Status : MINIMIZE=0 HESSE=0 

    Floating Parameter    FinalValue +/-  Error   
  --------------------  --------------------------
           BF_norm_obs    4.0000e-06 +/-  5.47e-07
              BFsignal    2.2244e-13 +/-  1.47e-08
  n_comb_brem0_1516_bin1    3.3819e-07 +/-  5.00e-01
  n_comb_brem0_1718_bin1    3.9431e+00 +/-  2.59e+00
  n_comb_brem1_1516_bin1    9.9929e-01 +/-  9.99e-01
  n_comb_brem1_1718_bin1    3.8672e+00 +/-  2.01e+00
  n_misid_brem0_1516_bin1    2.2942e-07 +/-  5.65e-01
  n_misid_brem0_1718_bin1    1.0950e+00 +/-  2.03e+00

[#1] INFO:ObjectHandling -- RooWorkspace::import(dataset_workspace) importing RooSimultaneous::mass_model
[#1] INFO:ObjectHandling -- RooWorkspace::import(dataset_workspace) importing RooCategory::sample_CLs
[#1] INFO:ObjectHandling -- RooWorkspace::import(dataset_workspace) importing RooAddPdf::final_model_brem0_1516_bin1
[#1] INFO:ObjectHandling -- RooWorkspace::import(dataset_workspace) importing RooExtendPdf::emodel_signal_brem0_1516_bin1
[#1] INFO:ObjectHandling -- RooWorkspace::import(dataset_workspace) importing RooCBShape::model_signal_brem0_1516_525-565
[#1] INFO:ObjectHandling -- RooWorkspace::import(dataset_workspace) importing RooRealVar::D_M
[#1] INFO:ObjectHandling -- RooWorkspace::import(dataset_workspace) importing RooRealVar::mean_525-565
[#1] INFO:ObjectHandling -- RooWorkspace::import(dataset_workspace) importing RooRealVar::sigma_525-565
[#1] INFO:ObjectHandling -- RooWorkspace::import(dataset_workspace) importing RooRealVar::alpha_CB_525-565
[#1] INFO:ObjectHandling -- RooWorkspace::import(dataset_workspace) importing RooRealVar::n_525-565
[#1] INFO:ObjectHandling -- RooWorkspace::import(dataset_workspace) importing RooFormulaVar::n_signal_brem0_1516_bin1
[#1] INFO:ObjectHandling -- RooWorkspace::import(dataset_workspace) importing RooRealVar::BFsignal
[#1] INFO:ObjectHandling -- RooWorkspace::import(dataset_workspace) importing RooRealVar::BF_norm
[#1] INFO:ObjectHandling -- RooWorkspace::import(dataset_workspace) importing RooRealVar::Y_Norm_brem0_1516_525-565
[#1] INFO:ObjectHandling -- RooWorkspace::import(dataset_workspace) importing RooRealVar::Eff_Ratio_brem0_1516_bin1
[#1] INFO:ObjectHandling -- RooWorkspace::import(dataset_workspace) importing RooExtendPdf::emodel_comb_brem0_1516_bin1
[#1] INFO:ObjectHandling -- RooWorkspace::import(dataset_workspace) importing RooPolynomial::model_comb_only_bkg_brem0_1516_525-565
[#1] INFO:ObjectHandling -- RooWorkspace::import(dataset_workspace) importing RooRealVar::c1_525-565
[#1] INFO:ObjectHandling -- RooWorkspace::import(dataset_workspace) importing RooRealVar::n_comb_brem0_1516_bin1
[#1] INFO:ObjectHandling -- RooWorkspace::import(dataset_workspace) importing RooExtendPdf::emodel_misid_brem0_1516_bin1
[#1] INFO:ObjectHandling -- RooWorkspace::import(dataset_workspace) importing RooBukinPdf::model_misid_only_bkg_brem0_1516_525-565
[#1] INFO:ObjectHandling -- RooWorkspace::import(dataset_workspace) importing RooRealVar::mean_had_bkg_525-565
[#1] INFO:ObjectHandling -- RooWorkspace::import(dataset_workspace) importing RooRealVar::sigma_had_bkg_525-565
[#1] INFO:ObjectHandling -- RooWorkspace::import(dataset_workspace) importing RooRealVar::asym_had_bkg_525-565
[#1] INFO:ObjectHandling -- RooWorkspace::import(dataset_workspace) importing RooRealVar::rho0_had_bkg_525-565
[#1] INFO:ObjectHandling -- RooWorkspace::import(dataset_workspace) importing RooRealVar::rho1_had_bkg_525-565
[#1] INFO:ObjectHandling -- RooWorkspace::import(dataset_workspace) importing RooRealVar::n_misid_brem0_1516_bin1
[#1] INFO:ObjectHandling -- RooWorkspace::import(dataset_workspace) importing RooAddPdf::final_model_brem1_1516_bin1
[#1] INFO:ObjectHandling -- RooWorkspace::import(dataset_workspace) importing RooExtendPdf::emodel_signal_brem1_1516_bin1
[#1] INFO:ObjectHandling -- RooWorkspace::import(dataset_workspace) importing RooCrystalBall::model_signal_brem1_1516_525-565
[#1] INFO:ObjectHandling -- RooWorkspace::import(dataset_workspace) importing RooRealVar::mean1_525-565
[#1] INFO:ObjectHandling -- RooWorkspace::import(dataset_workspace) importing RooRealVar::sigmaL_525-565
[#1] INFO:ObjectHandling -- RooWorkspace::import(dataset_workspace) importing RooRealVar::alphaL_525-565
[#1] INFO:ObjectHandling -- RooWorkspace::import(dataset_workspace) importing RooRealVar::nL_525-565
[#1] INFO:ObjectHandling -- RooWorkspace::import(dataset_workspace) importing RooRealVar::alphaR_525-565
[#1] INFO:ObjectHandling -- RooWorkspace::import(dataset_workspace) importing RooRealVar::nR_525-565
[#1] INFO:ObjectHandling -- RooWorkspace::import(dataset_workspace) importing RooFormulaVar::n_signal_brem1_1516_bin1
[#1] INFO:ObjectHandling -- RooWorkspace::import(dataset_workspace) importing RooRealVar::Y_Norm_brem1_1516_525-565
[#1] INFO:ObjectHandling -- RooWorkspace::import(dataset_workspace) importing RooRealVar::Eff_Ratio_brem1_1516_bin1
[#1] INFO:ObjectHandling -- RooWorkspace::import(dataset_workspace) importing RooExtendPdf::emodel_comb_brem1_1516_bin1
[#1] INFO:ObjectHandling -- RooWorkspace::import(dataset_workspace) importing RooPolynomial::model_comb_only_bkg_brem1_1516_525-565
[#1] INFO:ObjectHandling -- RooWorkspace::import(dataset_workspace) importing RooRealVar::c1_brem1_525-565
[#1] INFO:ObjectHandling -- RooWorkspace::import(dataset_workspace) importing RooRealVar::n_comb_brem1_1516_bin1
[#1] INFO:ObjectHandling -- RooWorkspace::import(dataset_workspace) importing RooExtendPdf::emodel_misid_brem1_1516_bin1
[#1] INFO:ObjectHandling -- RooWorkspace::import(dataset_workspace) importing RooBukinPdf::model_misid_only_bkg_brem1_1516_525-565
[#1] INFO:ObjectHandling -- RooWorkspace::import(dataset_workspace) importing RooRealVar::mean_had_bkg_brem_525-565
[#1] INFO:ObjectHandling -- RooWorkspace::import(dataset_workspace) importing RooRealVar::sigma_had_bkg_brem_525-565
[#1] INFO:ObjectHandling -- RooWorkspace::import(dataset_workspace) importing RooRealVar::asym_had_bkg_brem_525-565
[#1] INFO:ObjectHandling -- RooWorkspace::import(dataset_workspace) importing RooRealVar::rho0_had_bkg_brem_525-565
[#1] INFO:ObjectHandling -- RooWorkspace::import(dataset_workspace) importing RooRealVar::rho1_had_bkg_brem_525-565
[#1] INFO:ObjectHandling -- RooWorkspace::import(dataset_workspace) importing RooFormulaVar::n_misid_brem1_1516_bin1
[#1] INFO:ObjectHandling -- RooWorkspace::import(dataset_workspace) importing RooRealVar::ratio_brem1_brem0
[#1] INFO:ObjectHandling -- RooWorkspace::import(dataset_workspace) importing RooAddPdf::final_model_brem0_1718_bin1
[#1] INFO:ObjectHandling -- RooWorkspace::import(dataset_workspace) importing RooExtendPdf::emodel_signal_brem0_1718_bin1
[#1] INFO:ObjectHandling -- RooWorkspace::import(dataset_workspace) importing RooCBShape::model_signal_brem0_1718_525-565
[#1] INFO:ObjectHandling -- RooWorkspace::import(dataset_workspace) importing RooFormulaVar::n_signal_brem0_1718_bin1
[#1] INFO:ObjectHandling -- RooWorkspace::import(dataset_workspace) importing RooRealVar::Y_Norm_brem0_1718_525-565
[#1] INFO:ObjectHandling -- RooWorkspace::import(dataset_workspace) importing RooRealVar::Eff_Ratio_brem0_1718_bin1
[#1] INFO:ObjectHandling -- RooWorkspace::import(dataset_workspace) importing RooExtendPdf::emodel_comb_brem0_1718_bin1
[#1] INFO:ObjectHandling -- RooWorkspace::import(dataset_workspace) importing RooPolynomial::model_comb_only_bkg_brem0_1718_525-565
[#1] INFO:ObjectHandling -- RooWorkspace::import(dataset_workspace) importing RooRealVar::n_comb_brem0_1718_bin1
[#1] INFO:ObjectHandling -- RooWorkspace::import(dataset_workspace) importing RooExtendPdf::emodel_misid_brem0_1718_bin1
[#1] INFO:ObjectHandling -- RooWorkspace::import(dataset_workspace) importing RooBukinPdf::model_misid_only_bkg_brem0_1718_525-565
[#1] INFO:ObjectHandling -- RooWorkspace::import(dataset_workspace) importing RooRealVar::n_misid_brem0_1718_bin1
[#1] INFO:ObjectHandling -- RooWorkspace::import(dataset_workspace) importing RooAddPdf::final_model_brem1_1718_bin1
[#1] INFO:ObjectHandling -- RooWorkspace::import(dataset_workspace) importing RooExtendPdf::emodel_signal_brem1_1718_bin1
[#1] INFO:ObjectHandling -- RooWorkspace::import(dataset_workspace) importing RooCrystalBall::model_signal_brem1_1718_525-565
[#1] INFO:ObjectHandling -- RooWorkspace::import(dataset_workspace) importing RooFormulaVar::n_signal_brem1_1718_bin1
[#1] INFO:ObjectHandling -- RooWorkspace::import(dataset_workspace) importing RooRealVar::Y_Norm_brem1_1718_525-565
[#1] INFO:ObjectHandling -- RooWorkspace::import(dataset_workspace) importing RooRealVar::Eff_Ratio_brem1_1718_bin1
[#1] INFO:ObjectHandling -- RooWorkspace::import(dataset_workspace) importing RooExtendPdf::emodel_comb_brem1_1718_bin1
[#1] INFO:ObjectHandling -- RooWorkspace::import(dataset_workspace) importing RooPolynomial::model_comb_only_bkg_brem1_1718_525-565
[#1] INFO:ObjectHandling -- RooWorkspace::import(dataset_workspace) importing RooRealVar::n_comb_brem1_1718_bin1
[#1] INFO:ObjectHandling -- RooWorkspace::import(dataset_workspace) importing RooExtendPdf::emodel_misid_brem1_1718_bin1
[#1] INFO:ObjectHandling -- RooWorkspace::import(dataset_workspace) importing RooBukinPdf::model_misid_only_bkg_brem1_1718_525-565
[#1] INFO:ObjectHandling -- RooWorkspace::import(dataset_workspace) importing RooFormulaVar::n_misid_brem1_1718_bin1
[#0] ERROR:ObjectHandling -- RooWorkSpace::import(dataset_workspace) ERROR object named extended_bkg_model: component(s) (model_comb_only_bkg_brem0_1516_525-565,model_misid_only_bkg_brem0_1516_525-565,model_comb_only_bkg_brem1_1516_525-565,model_misid_only_bkg_brem1_1516_525-565,n_misid_brem1_1516_bin1,model_comb_only_bkg_brem0_1718_525-565,model_misid_only_bkg_brem0_1718_525-565,model_comb_only_bkg_brem1_1718_525-565,model_misid_only_bkg_brem1_1718_525-565,n_misid_brem1_1718_bin1) already in the workspace and no conflict resolution protocol specified
[#1] INFO:ObjectHandling -- RooWorkspace::import(dataset_workspace) importing dataset data
[#1] INFO:ObjectHandling -- RooWorkspace::import(dataset_workspace) importing RooGaussian::BF_norm_constraint
[#1] INFO:ObjectHandling -- RooWorkspace::import(dataset_workspace) importing RooRealVar::BF_norm_obs
[#1] INFO:ObjectHandling -- RooWorkspace::import(dataset_workspace) importing RooRealVar::BF_norm_sigma
[#1] INFO:ObjectHandling -- RooWorkspace::import(dataset_workspace) importing RooGaussian::Eff_Ratio_constraintbrem0_1516_bin1
[#1] INFO:ObjectHandling -- RooWorkspace::import(dataset_workspace) importing RooRealVar::Eff_Ratio_obsbrem0_1516_bin1
[#1] INFO:ObjectHandling -- RooWorkspace::import(dataset_workspace) importing RooRealVar::Eff_Ratio_sigmabrem0_1516_bin1
[#1] INFO:ObjectHandling -- RooWorkspace::import(dataset_workspace) importing RooGaussian::Eff_Ratio_constraintbrem0_1718_bin1
[#1] INFO:ObjectHandling -- RooWorkspace::import(dataset_workspace) importing RooRealVar::Eff_Ratio_obsbrem0_1718_bin1
[#1] INFO:ObjectHandling -- RooWorkspace::import(dataset_workspace) importing RooRealVar::Eff_Ratio_sigmabrem0_1718_bin1
[#1] INFO:ObjectHandling -- RooWorkspace::import(dataset_workspace) importing RooGaussian::Eff_Ratio_constraintbrem1_1516_bin1
[#1] INFO:ObjectHandling -- RooWorkspace::import(dataset_workspace) importing RooRealVar::Eff_Ratio_obsbrem1_1516_bin1
[#1] INFO:ObjectHandling -- RooWorkspace::import(dataset_workspace) importing RooRealVar::Eff_Ratio_sigmabrem1_1516_bin1
[#1] INFO:ObjectHandling -- RooWorkspace::import(dataset_workspace) importing RooGaussian::Eff_Ratio_constraintbrem1_1718_bin1
[#1] INFO:ObjectHandling -- RooWorkspace::import(dataset_workspace) importing RooRealVar::Eff_Ratio_obsbrem1_1718_bin1
[#1] INFO:ObjectHandling -- RooWorkspace::import(dataset_workspace) importing RooRealVar::Eff_Ratio_sigmabrem1_1718_bin1
[#1] INFO:ObjectHandling -- RooWorkspace::import(dataset_workspace) importing RooGaussian::Y_Norm_constraint_brem0_1516_525-565
[#1] INFO:ObjectHandling -- RooWorkspace::import(dataset_workspace) importing RooRealVar::Y_Norm_obs_brem0_1516_525-565
[#1] INFO:ObjectHandling -- RooWorkspace::import(dataset_workspace) importing RooRealVar::Y_Norm_sigma_brem0_1516_525-565
[#1] INFO:ObjectHandling -- RooWorkspace::import(dataset_workspace) importing RooGaussian::Y_Norm_constraint_brem0_1718_525-565
[#1] INFO:ObjectHandling -- RooWorkspace::import(dataset_workspace) importing RooRealVar::Y_Norm_obs_brem0_1718_525-565
[#1] INFO:ObjectHandling -- RooWorkspace::import(dataset_workspace) importing RooRealVar::Y_Norm_sigma_brem0_1718_525-565
[#1] INFO:ObjectHandling -- RooWorkspace::import(dataset_workspace) importing RooGaussian::Y_Norm_constraint_brem1_1516_525-565
[#1] INFO:ObjectHandling -- RooWorkspace::import(dataset_workspace) importing RooRealVar::Y_Norm_obs_brem1_1516_525-565
[#1] INFO:ObjectHandling -- RooWorkspace::import(dataset_workspace) importing RooRealVar::Y_Norm_sigma_brem1_1516_525-565
[#1] INFO:ObjectHandling -- RooWorkspace::import(dataset_workspace) importing RooGaussian::Y_Norm_constraint_brem1_1718_525-565
[#1] INFO:ObjectHandling -- RooWorkspace::import(dataset_workspace) importing RooRealVar::Y_Norm_obs_brem1_1718_525-565
[#1] INFO:ObjectHandling -- RooWorkspace::import(dataset_workspace) importing RooRealVar::Y_Norm_sigma_brem1_1718_525-565
