
[1mRooFit v3.60 -- Developed by Wouter Verkerke and David Kirkby[0m 
                Copyright (C) 2000-2013 NIKHEF, University of California & Stanford University
                All rights reserved, please read http://roofit.sourceforge.net/license.txt


[1mGammaCombo v1.3 [0m-- All rights reserved under GPLv3, http://www.gnu.org/licenses/gpl.txt

INFO in PDF_Datasets::initData -- Data initialized
intitalising no multipdf. isPdfSet=0 isMultipdfSet=0.
INFO in PDF_Datasets::initPDF -- PDF initialized
[#1] INFO:Minization -- createNLL: caching constraint set under name CONSTR_OF_PDF_mass_model_FOR_OBS_D_M:sample_CLs with 9 entries
[#1] INFO:Minization --  Including the following constraint terms in minimization: (BF_norm_constraint,Eff_Ratio_constraintbrem0_1516_bin1,Eff_Ratio_constraintbrem0_1718_bin1,Eff_Ratio_constraintbrem1_1516_bin1,Eff_Ratio_constraintbrem1_1718_bin1,Y_Norm_constraint_brem0_1516_525-565,Y_Norm_constraint_brem0_1718_525-565,Y_Norm_constraint_brem1_1516_525-565,Y_Norm_constraint_brem1_1718_525-565)
RooAbsTestStatistic::initSimMode: creating slave calculator #0 for state brem0_1516 (4 dataset entries)
[#0] ERROR:Integration --  RooNumIntFactory::Init : libRooFitMore cannot be loaded. GSL integrators will not beavailable ! 
[#1] INFO:NumericIntegration -- RooRealIntegral::init(model_misid_only_bkg_brem0_1516_525-565_Int[D_M]) using numeric integrator RooIntegrator1D to calculate Int(D_M)
RooAbsTestStatistic::initSimMode: creating slave calculator #1 for state brem0_1718 (14 dataset entries)
[#1] INFO:NumericIntegration -- RooRealIntegral::init(model_misid_only_bkg_brem0_1516_525-565_Int[D_M]) using numeric integrator RooIntegrator1D to calculate Int(D_M)
RooAbsTestStatistic::initSimMode: creating slave calculator #2 for state brem1_1516 (9 dataset entries)
[#1] INFO:NumericIntegration -- RooRealIntegral::init(model_misid_only_bkg_brem1_1516_525-565_Int[D_M]) using numeric integrator RooIntegrator1D to calculate Int(D_M)
RooAbsTestStatistic::initSimMode: creating slave calculator #3 for state brem1_1718 (5 dataset entries)
[#1] INFO:NumericIntegration -- RooRealIntegral::init(model_misid_only_bkg_brem1_1516_525-565_Int[D_M]) using numeric integrator RooIntegrator1D to calculate Int(D_M)
[#1] INFO:Fitting -- RooAbsTestStatistic::initSimMode: created 4 slave calculators.
[#1] INFO:NumericIntegration -- RooRealIntegral::init(model_misid_only_bkg_brem0_1516_525-565_Int[D_M]) using numeric integrator RooIntegrator1D to calculate Int(D_M)
[#1] INFO:NumericIntegration -- RooRealIntegral::init(model_misid_only_bkg_brem0_1516_525-565_Int[D_M]) using numeric integrator RooIntegrator1D to calculate Int(D_M)
[#1] INFO:NumericIntegration -- RooRealIntegral::init(model_misid_only_bkg_brem1_1516_525-565_Int[D_M]) using numeric integrator RooIntegrator1D to calculate Int(D_M)
[#1] INFO:NumericIntegration -- RooRealIntegral::init(model_misid_only_bkg_brem1_1516_525-565_Int[D_M]) using numeric integrator RooIntegrator1D to calculate Int(D_M)
[#1] INFO:Eval -- RooRealVar::setRange(D_M) new range named 'unblind0' created with bounds [1700,2050]
Start parameter configuration:

  No start parameter file was found, will use the default values
  configured in ParameterAbs class. Start parameter files are searched
  in the following order:
  1. --parfile option
  2. default start paramter file: plots/par/tutorial_dataset_PDF_Dataset_BFsignal_start.dat

=============== Global minimum (2*-Log(Likelihood)) is: 364.55
=============== Bkg minimum (2*-Log(Likelihood)) is: 364.821
Scan strategy:
==============

1. perform an initial scan
2. perform an additional scan starting from each solution found

first scan ...
MethodDatasetsProbScan::scan1d_prob() : starting ... with 3 scanpoints...
 33% [================                                  ] 66% [=================================                 ]100% [==================================================]                                                          Wrote ToyTree to file
analysing toys ...
 33% [================                                  ] 66% [=================================                 ]100% [==================================================]                                                          Best fit at: scanVar  = -4.46911e-08 with Chi2Min: 364.55
Scan i: 0

Results:
========

SOLUTION 0:

  combination: PDF_Dataset
  title:       default
  date:        Fri Mar 24 18:43:48 2023
  FCN: 182.275, EDM: 4.17378e-06
  COV quality: 3, status: 0, confirmed: yes

    Parameter                      FinalValue +/- Error (HESSE)
  ----------------------------   ---------------------------------
                      BF_norm          4e-06 +/-          0 (const)
                BF_norm_sigma          5e-07 +/-          0 (const)
       Eff_Ratio_brem0_1516_bin1       0.580818 +/-          0 (const)
       Eff_Ratio_brem0_1718_bin1       0.258287 +/-          0 (const)
       Eff_Ratio_brem1_1516_bin1       0.342992 +/-          0 (const)
       Eff_Ratio_brem1_1718_bin1       0.272995 +/-          0 (const)
       Eff_Ratio_sigmabrem0_1516_bin1      0.0290409 +/-          0 (const)
       Eff_Ratio_sigmabrem0_1718_bin1      0.0129143 +/-          0 (const)
       Eff_Ratio_sigmabrem1_1516_bin1      0.0171496 +/-          0 (const)
       Eff_Ratio_sigmabrem1_1718_bin1      0.0136498 +/-          0 (const)
       Y_Norm_brem0_1516_525-565        57.4115 +/-          0 (const)
       Y_Norm_brem0_1718_525-565        279.772 +/-          0 (const)
       Y_Norm_brem1_1516_525-565        63.8809 +/-          0 (const)
       Y_Norm_brem1_1718_525-565        549.358 +/-          0 (const)
       Y_Norm_sigma_brem0_1516_525-565        12.3188 +/-          0 (const)
       Y_Norm_sigma_brem0_1718_525-565         25.247 +/-          0 (const)
       Y_Norm_sigma_brem1_1516_525-565        8.63618 +/-          0 (const)
       Y_Norm_sigma_brem1_1718_525-565         28.963 +/-          0 (const)
            alpha_CB1_525-565        1.46049 +/-          0 (const)
             alpha_CB_525-565       0.955499 +/-          0 (const)
         asym_had_bkg_525-565      -0.270769 +/-          0 (const)
       asym_had_bkg_brem_525-565       0.262134 +/-          0 (const)
                   c1_525-565    -0.000452248 +/-          0 (const)
             c1_brem1_525-565    -1.28128e-06 +/-          0 (const)
                 frac_525-565       0.375879 +/-          0 (const)
                mean1_525-565        1856.84 +/-          0 (const)
                 mean_525-565        1855.77 +/-          0 (const)
         mean_had_bkg_525-565        1825.87 +/-          0 (const)
       mean_had_bkg_brem_525-565        1858.69 +/-          0 (const)
                   n1_525-565        3.66324 +/-          0 (const)
                    n_525-565        3.36039 +/-          0 (const)
            ratio_brem1_brem0          0.052 +/-          0 (const)
         rho0_had_bkg_525-565      0.0154288 +/-          0 (const)
       rho0_had_bkg_brem_525-565        0.28354 +/-          0 (const)
         rho1_had_bkg_525-565     -0.0161062 +/-          0 (const)
       rho1_had_bkg_brem_525-565      0.0265198 +/-          0 (const)
               sigma1_525-565        16.2741 +/-          0 (const)
               sigma2_525-565        34.1289 +/-          0 (const)
                sigma_525-565        10.8492 +/-          0 (const)
        sigma_had_bkg_525-565        15.4285 +/-          0 (const)
       sigma_had_bkg_brem_525-565        33.1829 +/-          0 (const)
     0            BF_norm_obs          4e-06 +/- 4.99132e-07
     1               BFsignal    -4.46911e-08 +/- 3.56329e-07
     2 Eff_Ratio_obsbrem0_1516_bin1       0.580818 +/-  0.0290393
     3 Eff_Ratio_obsbrem0_1718_bin1       0.258287 +/-   0.012914
     4 Eff_Ratio_obsbrem1_1516_bin1       0.342992 +/-  0.0171491
     5 Eff_Ratio_obsbrem1_1718_bin1       0.272995 +/-  0.0136494
     6 Y_Norm_obs_brem0_1516_525-565        57.4113 +/-    12.3162
     7 Y_Norm_obs_brem0_1718_525-565        279.772 +/-    25.2414
     8 Y_Norm_obs_brem1_1516_525-565        63.8809 +/-    8.63531
     9 Y_Norm_obs_brem1_1718_525-565        549.358 +/-    28.9579
    10 n_comb_brem0_1516_bin1        7.24945 +/-    2.50888
    11 n_comb_brem1_1516_bin1        7.11754 +/-    1.90813
    12 n_misid_brem0_1516_bin1        2.13824 +/-    1.69464

Computing CL values based on test statistic decision
Using 2-sided test statistic
Confidence Intervals for CLs method 1:
CONFIDENCE INTERVALS for combination PDF_Dataset

MethodAbsScan::calcCLintervals(): WARNING: no solution in scanrange found, will use lowest bin!
MethodAbsScan::calcCLintervals(): WARNING: no solution in scanrange found, will use lowest bin!
BFsignal = [-0.000000005, 0.000000115] (-0.000000045 -0.000000040 +0.000000160) @0.90CL, DatasetsProb Simplified CL_s

BFsignal = [-0.000000005, 0.000000115] (-0.000000045 -0.000000040 +0.000000160) @0.95CL, DatasetsProb Simplified CL_s




BFsignal =  -0.000
Simplified CL_s: 
BFsignal = [  -0.00,    0.00] @0.90CL, DatasetsProb (boundary scan)
Simplified CL_s: 
BFsignal = [  -0.00,    0.00] @0.95CL, DatasetsProb (boundary scan)
Simplified CL_s: 
BFsignal = [  -0.00,    0.00] @0.90CL, DatasetsProb (boundary scan)
Simplified CL_s: 
BFsignal = [  -0.00,    0.00] @0.95CL, DatasetsProb (boundary scan)

saving parameters to: plots/par/tutorial_dataset_PDF_Dataset_BFsignal.dat
MethodDatasetsProbScan::plotFitRes() : WARNING : No background pdf is given. Will plot S+B hypothesis with S=0.
32.0002
saving plot (pdf and other formats) to: plots/pdf/tutorial_dataset_BFsignal_cls_fit.pdf
Dataset Scan Done
saving plot (pdf and other formats) to: plots/pdf/tutorial_dataset_BFsignal_cls.pdf

Real time 0:00:00, CP time 0.640
