
[1mRooFit v3.60 -- Developed by Wouter Verkerke and David Kirkby[0m 
                Copyright (C) 2000-2013 NIKHEF, University of California & Stanford University
                All rights reserved, please read http://roofit.sourceforge.net/license.txt


[1mGammaCombo v1.3 [0m-- All rights reserved under GPLv3, http://www.gnu.org/licenses/gpl.txt

INFO in PDF_Datasets::initData -- Data initialized
intitalising no multipdf. isPdfSet=0 isMultipdfSet=0.
INFO in PDF_Datasets::initPDF -- PDF initialized
[#1] INFO:Minization -- createNLL: caching constraint set under name CONSTR_OF_PDF_mass_model_FOR_OBS_D_M:sample_CLs with 9 entries
[#1] INFO:Minization --  Including the following constraint terms in minimization: (BF_norm_constraint,Eff_Ratio_constraintbrem0_1516_bin0,Eff_Ratio_constraintbrem0_1718_bin0,Eff_Ratio_constraintbrem1_1516_bin0,Eff_Ratio_constraintbrem1_1718_bin0,Y_Norm_constraint_brem0_1516_211-525,Y_Norm_constraint_brem0_1718_211-525,Y_Norm_constraint_brem1_1516_211-525,Y_Norm_constraint_brem1_1718_211-525)
RooAbsTestStatistic::initSimMode: creating slave calculator #0 for state brem0_1516 (11 dataset entries)
[#1] INFO:NumericIntegration -- RooRealIntegral::init(model_misid_only_bkg_brem0_1516_211-525_Int[D_M]) using numeric integrator RooIntegrator1D to calculate Int(D_M)
[#1] INFO:NumericIntegration -- RooRealIntegral::init(model_eta_only_bkg_brem0_1516_211-525_Int[D_M]) using numeric integrator RooIntegrator1D to calculate Int(D_M)
RooAbsTestStatistic::initSimMode: creating slave calculator #1 for state brem0_1718 (91 dataset entries)
[#1] INFO:NumericIntegration -- RooRealIntegral::init(model_misid_only_bkg_brem0_1718_211-525_Int[D_M]) using numeric integrator RooIntegrator1D to calculate Int(D_M)
[#1] INFO:NumericIntegration -- RooRealIntegral::init(model_eta_only_bkg_brem0_1718_211-525_Int[D_M]) using numeric integrator RooIntegrator1D to calculate Int(D_M)
RooAbsTestStatistic::initSimMode: creating slave calculator #2 for state brem1_1516 (0 dataset entries)
[#1] INFO:NumericIntegration -- RooRealIntegral::init(model_misid_only_bkg_brem1_1516_211-525_Int[D_M]) using numeric integrator RooIntegrator1D to calculate Int(D_M)
[#1] INFO:NumericIntegration -- RooRealIntegral::init(model_eta_only_bkg_brem1_1516_211-525_Int[D_M]) using numeric integrator RooIntegrator1D to calculate Int(D_M)
RooAbsTestStatistic::initSimMode: creating slave calculator #3 for state brem1_1718 (157 dataset entries)
[#1] INFO:NumericIntegration -- RooRealIntegral::init(model_misid_only_bkg_brem1_1718_211-525_Int[D_M]) using numeric integrator RooIntegrator1D to calculate Int(D_M)
[#1] INFO:NumericIntegration -- RooRealIntegral::init(model_eta_only_bkg_brem1_1718_211-525_Int[D_M]) using numeric integrator RooIntegrator1D to calculate Int(D_M)
[#1] INFO:Fitting -- RooAbsTestStatistic::initSimMode: created 4 slave calculators.
[#1] INFO:NumericIntegration -- RooRealIntegral::init(model_misid_only_bkg_brem0_1516_211-525_Int[D_M]) using numeric integrator RooIntegrator1D to calculate Int(D_M)
[#1] INFO:NumericIntegration -- RooRealIntegral::init(model_eta_only_bkg_brem0_1516_211-525_Int[D_M]) using numeric integrator RooIntegrator1D to calculate Int(D_M)
[#1] INFO:NumericIntegration -- RooRealIntegral::init(model_misid_only_bkg_brem0_1718_211-525_Int[D_M]) using numeric integrator RooIntegrator1D to calculate Int(D_M)
[#1] INFO:NumericIntegration -- RooRealIntegral::init(model_eta_only_bkg_brem0_1718_211-525_Int[D_M]) using numeric integrator RooIntegrator1D to calculate Int(D_M)
[#1] INFO:NumericIntegration -- RooRealIntegral::init(model_misid_only_bkg_brem1_1718_211-525_Int[D_M]) using numeric integrator RooIntegrator1D to calculate Int(D_M)
[#1] INFO:NumericIntegration -- RooRealIntegral::init(model_eta_only_bkg_brem1_1718_211-525_Int[D_M]) using numeric integrator RooIntegrator1D to calculate Int(D_M)
[#1] INFO:Eval -- RooRealVar::setRange(D_M) new range named 'unblind0' created with bounds [1700,2050]
=============== Global minimum (2*-Log(Likelihood)) is: 1736.26
=============== Bkg minimum (2*-Log(Likelihood)) is: 1737.05
loading scanner: plots/scanner/tutorial_dataset_scanner_PDF_Dataset_DatasetsProb_BFsignal.root
analysing toys ...
  4%
  8%
 12%
 16%
 20%
 24%
 28%
 32%
 36%
 40%
 44%
 48%
 52%
 56%
 60%
 64%
 68%
 72%
 76%
 80%
 84%
 88%
 92%
 96%
100%
Best fit at: scanVar  = 7.58267e-08 with Chi2Min: 1736.26
=============== Global Minimum (2*-Log(Likelihood)) is: 1736.26
=============== Bkg minimum (2*-Log(Likelihood)) is: 1737.05
++++ > Fit not converged: 
++++ > edm: 0.00106279
++++ > status: -60
MethodDatasetsPluginScan::scan1d_plugin() : starting ... with 50 scanpoints...
WARNING: For CLs option the first point in the scan should be zero, not: 1e-09
+++++ > still negative test statistic after whole procedure!! 
+++++ > try to fit with different starting values
+++++ > dChi2: -0.00012207
+++++ > dChi2PDF: -0.00012207
+++++ > Improvement found in extra fit: Nll before: 878.377 after: 878.377
+++++ > new minNll value: 878.377
PDF_Datasets::fit(): Imperfect fit! Fit status 0 cov Qual 2
PDF_Datasets::fit(): Imperfect fit! Fit status 0 cov Qual 2
  4%
PDF_Datasets::fit(): Imperfect fit! Fit status 0 cov Qual 2
PDF_Datasets::fit(): Imperfect fit! Fit status 0 cov Qual 2
  8%
PDF_Datasets::fit(): Imperfect fit! Fit status 0 cov Qual 2
PDF_Datasets::fit(): Imperfect fit! Fit status 0 cov Qual 2
PDF_Datasets::fit(): Imperfect fit! Fit status 0 cov Qual 2
PDF_Datasets::fit(): Imperfect fit! Fit status 4 cov Qual 2
PDF_Datasets::fit(): Imperfect fit! Fit status 0 cov Qual 2
PDF_Datasets::fit(): Imperfect fit! Fit status 4 cov Qual 3
 12%
PDF_Datasets::fit(): Imperfect fit! Fit status 0 cov Qual 2
PDF_Datasets::fit(): Imperfect fit! Fit status 0 cov Qual 2
PDF_Datasets::fit(): Imperfect fit! Fit status 0 cov Qual 2
 16%
 20%
PDF_Datasets::fit(): Imperfect fit! Fit status 0 cov Qual 2
PDF_Datasets::fit(): Imperfect fit! Fit status 0 cov Qual 2
PDF_Datasets::fit(): Imperfect fit! Fit status 0 cov Qual 2
 24%
PDF_Datasets::fit(): Imperfect fit! Fit status 0 cov Qual 2
PDF_Datasets::fit(): Imperfect fit! Fit status 0 cov Qual 2
 28%
PDF_Datasets::fit(): Imperfect fit! Fit status 0 cov Qual 2
PDF_Datasets::fit(): Imperfect fit! Fit status 0 cov Qual 2
PDF_Datasets::fit(): Imperfect fit! Fit status 0 cov Qual 2
 32%
PDF_Datasets::fit(): Imperfect fit! Fit status 0 cov Qual 2
 36%
PDF_Datasets::fit(): Imperfect fit! Fit status 0 cov Qual 2
 40%
PDF_Datasets::fit(): Imperfect fit! Fit status 0 cov Qual 2
 44%
PDF_Datasets::fit(): Imperfect fit! Fit status 0 cov Qual 2
PDF_Datasets::fit(): Imperfect fit! Fit status 0 cov Qual 2
 48%
 52%
PDF_Datasets::fit(): Imperfect fit! Fit status 0 cov Qual 2
 56%
PDF_Datasets::fit(): Imperfect fit! Fit status 0 cov Qual 2
PDF_Datasets::fit(): Imperfect fit! Fit status 4 cov Qual 3
 60%
 64%
 68%
PDF_Datasets::fit(): Imperfect fit! Fit status 0 cov Qual 2
PDF_Datasets::fit(): Imperfect fit! Fit status 0 cov Qual 2
PDF_Datasets::fit(): Imperfect fit! Fit status 0 cov Qual 2
 72%
 76%
 80%
PDF_Datasets::fit(): Imperfect fit! Fit status 0 cov Qual 2
 84%
 88%
 92%
PDF_Datasets::fit(): Imperfect fit! Fit status 0 cov Qual 2
PDF_Datasets::fit(): Imperfect fit! Fit status 0 cov Qual 2
PDF_Datasets::fit(): Imperfect fit! Fit status 0 cov Qual 2
 96%
PDF_Datasets::fit(): Imperfect fit! Fit status 0 cov Qual 2
PDF_Datasets::fit(): Imperfect fit! Fit status 0 cov Qual 2
100%
Dataset Scan Done

Real time 0:27:23, CP time 1642.780
