
[1mRooFit v3.60 -- Developed by Wouter Verkerke and David Kirkby[0m 
                Copyright (C) 2000-2013 NIKHEF, University of California & Stanford University
                All rights reserved, please read http://roofit.sourceforge.net/license.txt


[1mGammaCombo v1.3 [0m-- All rights reserved under GPLv3, http://www.gnu.org/licenses/gpl.txt

INFO in PDF_Datasets::initData -- Data initialized
intitalising no multipdf. isPdfSet=0 isMultipdfSet=0.
INFO in PDF_Datasets::initPDF -- PDF initialized
[#1] INFO:Minization -- createNLL: caching constraint set under name CONSTR_OF_PDF_mass_model_FOR_OBS_D_M:sample_CLs with 9 entries
[#1] INFO:Minization --  Including the following constraint terms in minimization: (BF_norm_constraint,Eff_Ratio_constraintbrem0_1516_bin0,Eff_Ratio_constraintbrem0_1718_bin0,Eff_Ratio_constraintbrem1_1516_bin0,Eff_Ratio_constraintbrem1_1718_bin0,Y_Norm_constraint_brem0_1516_211-525,Y_Norm_constraint_brem0_1718_211-525,Y_Norm_constraint_brem1_1516_211-525,Y_Norm_constraint_brem1_1718_211-525)
RooAbsTestStatistic::initSimMode: creating slave calculator #0 for state brem0_1516 (25 dataset entries)
[#0] ERROR:Integration --  RooNumIntFactory::Init : libRooFitMore cannot be loaded. GSL integrators will not beavailable ! 
[#1] INFO:NumericIntegration -- RooRealIntegral::init(model_misid_only_bkg_brem0_1516_211-525_Int[D_M]) using numeric integrator RooIntegrator1D to calculate Int(D_M)
[#1] INFO:NumericIntegration -- RooRealIntegral::init(model_eta_only_bkg_brem0_1516_211-525_Int[D_M]) using numeric integrator RooIntegrator1D to calculate Int(D_M)
RooAbsTestStatistic::initSimMode: creating slave calculator #1 for state brem0_1718 (114 dataset entries)
[#1] INFO:NumericIntegration -- RooRealIntegral::init(model_misid_only_bkg_brem0_1516_211-525_Int[D_M]) using numeric integrator RooIntegrator1D to calculate Int(D_M)
[#1] INFO:NumericIntegration -- RooRealIntegral::init(model_eta_only_bkg_brem0_1516_211-525_Int[D_M]) using numeric integrator RooIntegrator1D to calculate Int(D_M)
RooAbsTestStatistic::initSimMode: creating slave calculator #2 for state brem1_1516 (38 dataset entries)
[#1] INFO:NumericIntegration -- RooRealIntegral::init(model_misid_only_bkg_brem1_1516_211-525_Int[D_M]) using numeric integrator RooIntegrator1D to calculate Int(D_M)
[#1] INFO:NumericIntegration -- RooRealIntegral::init(model_eta_only_bkg_brem1_1516_211-525_Int[D_M]) using numeric integrator RooIntegrator1D to calculate Int(D_M)
RooAbsTestStatistic::initSimMode: creating slave calculator #3 for state brem1_1718 (55 dataset entries)
[#1] INFO:NumericIntegration -- RooRealIntegral::init(model_misid_only_bkg_brem1_1516_211-525_Int[D_M]) using numeric integrator RooIntegrator1D to calculate Int(D_M)
[#1] INFO:NumericIntegration -- RooRealIntegral::init(model_eta_only_bkg_brem1_1516_211-525_Int[D_M]) using numeric integrator RooIntegrator1D to calculate Int(D_M)
[#1] INFO:Fitting -- RooAbsTestStatistic::initSimMode: created 4 slave calculators.
[#1] INFO:NumericIntegration -- RooRealIntegral::init(model_misid_only_bkg_brem0_1516_211-525_Int[D_M]) using numeric integrator RooIntegrator1D to calculate Int(D_M)
[#1] INFO:NumericIntegration -- RooRealIntegral::init(model_eta_only_bkg_brem0_1516_211-525_Int[D_M]) using numeric integrator RooIntegrator1D to calculate Int(D_M)
[#1] INFO:NumericIntegration -- RooRealIntegral::init(model_misid_only_bkg_brem0_1516_211-525_Int[D_M]) using numeric integrator RooIntegrator1D to calculate Int(D_M)
[#1] INFO:NumericIntegration -- RooRealIntegral::init(model_eta_only_bkg_brem0_1516_211-525_Int[D_M]) using numeric integrator RooIntegrator1D to calculate Int(D_M)
[#1] INFO:NumericIntegration -- RooRealIntegral::init(model_misid_only_bkg_brem1_1516_211-525_Int[D_M]) using numeric integrator RooIntegrator1D to calculate Int(D_M)
[#1] INFO:NumericIntegration -- RooRealIntegral::init(model_eta_only_bkg_brem1_1516_211-525_Int[D_M]) using numeric integrator RooIntegrator1D to calculate Int(D_M)
[#1] INFO:NumericIntegration -- RooRealIntegral::init(model_misid_only_bkg_brem1_1516_211-525_Int[D_M]) using numeric integrator RooIntegrator1D to calculate Int(D_M)
[#1] INFO:NumericIntegration -- RooRealIntegral::init(model_eta_only_bkg_brem1_1516_211-525_Int[D_M]) using numeric integrator RooIntegrator1D to calculate Int(D_M)
[#1] INFO:Eval -- RooRealVar::setRange(D_M) new range named 'unblind0' created with bounds [1700,2050]
Start parameter configuration:

  No start parameter file was found, will use the default values
  configured in ParameterAbs class. Start parameter files are searched
  in the following order:
  1. --parfile option
  2. default start paramter file: plots/par/tutorial_dataset_PDF_Dataset_BFsignal_start.dat

=============== Global minimum (2*-Log(Likelihood)) is: 1865.4
=============== Bkg minimum (2*-Log(Likelihood)) is: 1865.93
Scan strategy:
==============

1. perform an initial scan
2. perform an additional scan starting from each solution found

first scan ...
MethodDatasetsProbScan::scan1d_prob() : starting ... with 3 scanpoints...
 33% [================                                  ] 66% [=================================                 ]100% [==================================================]                                                          Wrote ToyTree to file
analysing toys ...
 33% [================                                  ] 66% [=================================                 ]100% [==================================================]                                                          Best fit at: scanVar  = -5e-08 with Chi2Min: 1865.4
Scan i: 0

Results:
========

SOLUTION 0:

  combination: PDF_Dataset
  title:       default
  date:        Fri Mar 24 18:43:59 2023
  FCN: 932.699, EDM: 8.75761e-05
  COV quality: 3, status: 0, confirmed: yes

    Parameter                      FinalValue +/- Error (HESSE)
  ----------------------------   ---------------------------------
                      BF_norm          4e-06 +/-          0 (const)
                BF_norm_sigma          5e-07 +/-          0 (const)
       Eff_Ratio_brem0_1516_bin0       0.652553 +/-          0 (const)
       Eff_Ratio_brem0_1718_bin0       0.713772 +/-          0 (const)
       Eff_Ratio_brem1_1516_bin0       0.467348 +/-          0 (const)
       Eff_Ratio_brem1_1718_bin0       0.647579 +/-          0 (const)
       Eff_Ratio_sigmabrem0_1516_bin0      0.0326276 +/-          0 (const)
       Eff_Ratio_sigmabrem0_1718_bin0      0.0356886 +/-          0 (const)
       Eff_Ratio_sigmabrem1_1516_bin0      0.0233674 +/-          0 (const)
       Eff_Ratio_sigmabrem1_1718_bin0      0.0323789 +/-          0 (const)
       Y_Norm_brem0_1516_211-525        57.4115 +/-          0 (const)
       Y_Norm_brem0_1718_211-525        279.772 +/-          0 (const)
       Y_Norm_brem1_1516_211-525        63.8809 +/-          0 (const)
       Y_Norm_brem1_1718_211-525        549.358 +/-          0 (const)
       Y_Norm_sigma_brem0_1516_211-525        12.3188 +/-          0 (const)
       Y_Norm_sigma_brem0_1718_211-525         25.247 +/-          0 (const)
       Y_Norm_sigma_brem1_1516_211-525        8.63618 +/-          0 (const)
       Y_Norm_sigma_brem1_1718_211-525         28.963 +/-          0 (const)
            alpha_CB1_211-525        2.33966 +/-          0 (const)
             alpha_CB_211-525         0.3908 +/-          0 (const)
             asym_eta_211-525     -0.0341081 +/-          0 (const)
         asym_had_bkg_211-525      -0.285835 +/-          0 (const)
       asym_had_bkg_brem_211-525       0.157436 +/-          0 (const)
                   c1_211-525    -2.00109e-05 +/-          0 (const)
             c1_brem1_211-525    -0.000211451 +/-          0 (const)
                 frac_211-525       0.529082 +/-          0 (const)
                mean1_211-525        1854.65 +/-          0 (const)
                 mean_211-525        1854.69 +/-          0 (const)
             mean_eta_211-525        1733.87 +/-          0 (const)
        mean_eta_brem_211-525        1755.56 +/-          0 (const)
         mean_had_bkg_211-525        1825.31 +/-          0 (const)
       mean_had_bkg_brem_211-525        1854.04 +/-          0 (const)
                   n1_211-525    6.59455e-07 +/-          0 (const)
                    n_211-525        6.28435 +/-          0 (const)
            ratio_brem1_brem0          0.052 +/-          0 (const)
             rho0_eta_211-525        4.83548 +/-          0 (const)
        rho0_eta_brem_211-525        2.10046 +/-          0 (const)
         rho0_had_bkg_211-525      0.0402866 +/-          0 (const)
       rho0_had_bkg_brem_211-525       0.206137 +/-          0 (const)
             rho1_eta_211-525       -1.58805 +/-          0 (const)
         rho1_had_bkg_211-525      0.0826735 +/-          0 (const)
       rho1_had_bkg_brem_211-525       0.103696 +/-          0 (const)
               sigma1_211-525        17.0947 +/-          0 (const)
               sigma2_211-525        63.4069 +/-          0 (const)
                sigma_211-525        12.4216 +/-          0 (const)
            sigma_eta_211-525        43.2016 +/-          0 (const)
        sigma_had_bkg_211-525        15.6483 +/-          0 (const)
       sigma_had_bkg_brem_211-525        29.1778 +/-          0 (const)
     0            BF_norm_obs          4e-06 +/- 4.99133e-07
     1               BFsignal         -5e-08 +/- 9.59294e-08
     2 Eff_Ratio_obsbrem0_1516_bin0       0.652553 +/-  0.0326256
     3 Eff_Ratio_obsbrem0_1718_bin0       0.713772 +/-  0.0356861
     4 Eff_Ratio_obsbrem1_1516_bin0       0.467348 +/-  0.0233664
     5 Eff_Ratio_obsbrem1_1718_bin0       0.647579 +/-  0.0323769
     6 Y_Norm_obs_brem0_1516_211-525        57.4111 +/-    12.3162
     7 Y_Norm_obs_brem0_1718_211-525        279.772 +/-    25.2414
     8 Y_Norm_obs_brem1_1516_211-525        63.8808 +/-    8.63531
     9 Y_Norm_obs_brem1_1718_211-525        549.358 +/-    28.9579
    10 n_comb_brem0_1516_bin0        45.1777 +/-    6.30484
    11 n_comb_brem1_1516_bin0        29.2609 +/-    5.40729
    12  n_eta_brem0_1516_bin0        12.7933 +/-    4.21719
    13  n_eta_brem1_1516_bin0        17.0213 +/-    4.77716
    14 n_misid_brem0_1516_bin0        11.8389 +/-    3.80755

Computing CL values based on test statistic decision
Using 2-sided test statistic
Confidence Intervals for CLs method 1:
CONFIDENCE INTERVALS for combination PDF_Dataset

MethodAbsScan::calcCLintervals(): WARNING: no solution in scanrange found, will use lowest bin!
MethodAbsScan::calcCLintervals(): WARNING: no solution in scanrange found, will use lowest bin!
BFsignal = [-0.000000005, 0.000000115] (-0.000000050 -0.000000045 +0.000000165) @0.90CL, DatasetsProb Simplified CL_s

BFsignal = [-0.000000005, 0.000000115] (-0.000000050 -0.000000045 +0.000000165) @0.95CL, DatasetsProb Simplified CL_s




BFsignal =  -0.000
Simplified CL_s: 
BFsignal = [  -0.00,    0.00] @0.90CL, DatasetsProb (boundary scan)
Simplified CL_s: 
BFsignal = [  -0.00,    0.00] @0.95CL, DatasetsProb (boundary scan)
Simplified CL_s: 
BFsignal = [  -0.00,    0.00] @0.90CL, DatasetsProb (boundary scan)
Simplified CL_s: 
BFsignal = [  -0.00,    0.00] @0.95CL, DatasetsProb (boundary scan)

saving parameters to: plots/par/tutorial_dataset_PDF_Dataset_BFsignal.dat
MethodDatasetsProbScan::plotFitRes() : WARNING : No background pdf is given. Will plot S+B hypothesis with S=0.
232.013
saving plot (pdf and other formats) to: plots/pdf/tutorial_dataset_BFsignal_cls_fit.pdf
Dataset Scan Done
saving plot (pdf and other formats) to: plots/pdf/tutorial_dataset_BFsignal_cls.pdf

Real time 0:00:01, CP time 1.000
