Building DAG of jobs...
Using shell: /cvmfs/lhcbdev.cern.ch/conda/envs/default/2023-03-05_13-05/linux-64/bin/bash
Provided cores: 1 (use --cores to define parallelism)
Rules claiming more threads will be scaled down.
Job stats:
job                count    min threads    max threads
---------------  -------  -------------  -------------
all                    1              1              1
run_plugin             8              1              1
run_pluginbatch       20              1              1
run_prob               1              1              1
total                 30              1              1

Select jobs to execute...

[Mon Mar 27 10:08:22 2023]
rule run_pluginbatch:
    input: workspace.root, root/scan1dDatasetsProb_PDF_Dataset_50p_BFsignal_KKEE_1.root
    output: root/scan1dDatasetsPlugin_PDF_Dataset_BFsignal_KKEE_1/scan1dDatasetsPlugin_PDF_Dataset_BFsignal_KKEE_1_run1.root
    log: tutorial_dataset_pluginbatch_PDF_Dataset_BFsignal_KKEE_1_1.log
    jobid: 48
    reason: Forced execution
    wildcards: name=PDF_Dataset, var=BFsignal, decay=KKEE, nbin=1, jobnum=1
    resources: tmpdir=/tmp/ascarabo

[Mon Mar 27 10:14:00 2023]
Finished job 48.
1 of 30 steps (3%) done
Select jobs to execute...

[Mon Mar 27 10:14:00 2023]
rule run_pluginbatch:
    input: workspace.root, root/scan1dDatasetsProb_PDF_Dataset_50p_BFsignal_PIPIEE_0.root
    output: root/scan1dDatasetsPlugin_PDF_Dataset_BFsignal_PIPIEE_0/scan1dDatasetsPlugin_PDF_Dataset_BFsignal_PIPIEE_0_run1.root
    log: tutorial_dataset_pluginbatch_PDF_Dataset_BFsignal_PIPIEE_0_1.log
    jobid: 15
    reason: Missing output files: root/scan1dDatasetsPlugin_PDF_Dataset_BFsignal_PIPIEE_0/scan1dDatasetsPlugin_PDF_Dataset_BFsignal_PIPIEE_0_run1.root; Updated input files: root/scan1dDatasetsProb_PDF_Dataset_50p_BFsignal_PIPIEE_0.root
    wildcards: name=PDF_Dataset, var=BFsignal, decay=PIPIEE, nbin=0, jobnum=1
    resources: tmpdir=/tmp/ascarabo

[Mon Mar 27 10:36:58 2023]
Finished job 15.
2 of 30 steps (7%) done
Select jobs to execute...

[Mon Mar 27 10:36:58 2023]
rule run_pluginbatch:
    input: workspace.root, root/scan1dDatasetsProb_PDF_Dataset_50p_BFsignal_PIPIEE_0.root
    output: root/scan1dDatasetsPlugin_PDF_Dataset_BFsignal_PIPIEE_0/scan1dDatasetsPlugin_PDF_Dataset_BFsignal_PIPIEE_0_run3.root
    log: tutorial_dataset_pluginbatch_PDF_Dataset_BFsignal_PIPIEE_0_3.log
    jobid: 17
    reason: Missing output files: root/scan1dDatasetsPlugin_PDF_Dataset_BFsignal_PIPIEE_0/scan1dDatasetsPlugin_PDF_Dataset_BFsignal_PIPIEE_0_run3.root; Updated input files: root/scan1dDatasetsProb_PDF_Dataset_50p_BFsignal_PIPIEE_0.root
    wildcards: name=PDF_Dataset, var=BFsignal, decay=PIPIEE, nbin=0, jobnum=3
    resources: tmpdir=/tmp/ascarabo

[Mon Mar 27 10:59:42 2023]
Finished job 17.
3 of 30 steps (10%) done
Select jobs to execute...

[Mon Mar 27 10:59:42 2023]
rule run_pluginbatch:
    input: workspace.root, root/scan1dDatasetsProb_PDF_Dataset_50p_BFsignal_KKEE_1.root
    output: root/scan1dDatasetsPlugin_PDF_Dataset_BFsignal_KKEE_1/scan1dDatasetsPlugin_PDF_Dataset_BFsignal_KKEE_1_run2.root
    log: tutorial_dataset_pluginbatch_PDF_Dataset_BFsignal_KKEE_1_2.log
    jobid: 49
    reason: Missing output files: root/scan1dDatasetsPlugin_PDF_Dataset_BFsignal_KKEE_1/scan1dDatasetsPlugin_PDF_Dataset_BFsignal_KKEE_1_run2.root; Updated input files: root/scan1dDatasetsProb_PDF_Dataset_50p_BFsignal_KKEE_1.root
    wildcards: name=PDF_Dataset, var=BFsignal, decay=KKEE, nbin=1, jobnum=2
    resources: tmpdir=/tmp/ascarabo

[Mon Mar 27 11:05:12 2023]
Finished job 49.
4 of 30 steps (13%) done
Select jobs to execute...

[Mon Mar 27 11:05:13 2023]
rule run_pluginbatch:
    input: workspace.root, root/scan1dDatasetsProb_PDF_Dataset_50p_BFsignal_KKEE_1.root
    output: root/scan1dDatasetsPlugin_PDF_Dataset_BFsignal_KKEE_1/scan1dDatasetsPlugin_PDF_Dataset_BFsignal_KKEE_1_run4.root
    log: tutorial_dataset_pluginbatch_PDF_Dataset_BFsignal_KKEE_1_4.log
    jobid: 51
    reason: Missing output files: root/scan1dDatasetsPlugin_PDF_Dataset_BFsignal_KKEE_1/scan1dDatasetsPlugin_PDF_Dataset_BFsignal_KKEE_1_run4.root; Updated input files: root/scan1dDatasetsProb_PDF_Dataset_50p_BFsignal_KKEE_1.root
    wildcards: name=PDF_Dataset, var=BFsignal, decay=KKEE, nbin=1, jobnum=4
    resources: tmpdir=/tmp/ascarabo

[Mon Mar 27 11:10:41 2023]
Finished job 51.
5 of 30 steps (17%) done
Select jobs to execute...

[Mon Mar 27 11:10:41 2023]
rule run_pluginbatch:
    input: workspace.root, root/scan1dDatasetsProb_PDF_Dataset_50p_BFsignal_PIPIEE_2.root
    output: root/scan1dDatasetsPlugin_PDF_Dataset_BFsignal_PIPIEE_2/scan1dDatasetsPlugin_PDF_Dataset_BFsignal_PIPIEE_2_run1.root
    log: tutorial_dataset_pluginbatch_PDF_Dataset_BFsignal_PIPIEE_2_1.log
    jobid: 25
    reason: Missing output files: root/scan1dDatasetsPlugin_PDF_Dataset_BFsignal_PIPIEE_2/scan1dDatasetsPlugin_PDF_Dataset_BFsignal_PIPIEE_2_run1.root; Updated input files: root/scan1dDatasetsProb_PDF_Dataset_50p_BFsignal_PIPIEE_2.root
    wildcards: name=PDF_Dataset, var=BFsignal, decay=PIPIEE, nbin=2, jobnum=1
    resources: tmpdir=/tmp/ascarabo

[Mon Mar 27 11:27:12 2023]
Finished job 25.
6 of 30 steps (20%) done
Select jobs to execute...

[Mon Mar 27 11:27:12 2023]
rule run_pluginbatch:
    input: workspace.root, root/scan1dDatasetsProb_PDF_Dataset_50p_BFsignal_PIPIEE_2.root
    output: root/scan1dDatasetsPlugin_PDF_Dataset_BFsignal_PIPIEE_2/scan1dDatasetsPlugin_PDF_Dataset_BFsignal_PIPIEE_2_run3.root
    log: tutorial_dataset_pluginbatch_PDF_Dataset_BFsignal_PIPIEE_2_3.log
    jobid: 27
    reason: Missing output files: root/scan1dDatasetsPlugin_PDF_Dataset_BFsignal_PIPIEE_2/scan1dDatasetsPlugin_PDF_Dataset_BFsignal_PIPIEE_2_run3.root; Updated input files: root/scan1dDatasetsProb_PDF_Dataset_50p_BFsignal_PIPIEE_2.root
    wildcards: name=PDF_Dataset, var=BFsignal, decay=PIPIEE, nbin=2, jobnum=3
    resources: tmpdir=/tmp/ascarabo

[Mon Mar 27 11:43:49 2023]
Finished job 27.
7 of 30 steps (23%) done
Select jobs to execute...

[Mon Mar 27 11:43:49 2023]
rule run_prob:
    input: workspace_PIPIEE_4.root
    output: root/scan1dDatasetsProb_PDF_Dataset_50p_BFsignal_PIPIEE_4.root
    log: tutorial_dataset_prob_PDF_Dataset_50p_BFsignal_PIPIEE_4.log
    jobid: 13
    reason: Missing output files: root/scan1dDatasetsProb_PDF_Dataset_50p_BFsignal_PIPIEE_4.root
    wildcards: name=PDF_Dataset, points=50, var=BFsignal, decay=PIPIEE, bin_number=4
    resources: tmpdir=/tmp/ascarabo

[Mon Mar 27 11:43:52 2023]
Finished job 13.
8 of 30 steps (27%) done
Select jobs to execute...

[Mon Mar 27 11:43:52 2023]
rule run_pluginbatch:
    input: workspace.root, root/scan1dDatasetsProb_PDF_Dataset_50p_BFsignal_PIPIEE_2.root
    output: root/scan1dDatasetsPlugin_PDF_Dataset_BFsignal_PIPIEE_2/scan1dDatasetsPlugin_PDF_Dataset_BFsignal_PIPIEE_2_run4.root
    log: tutorial_dataset_pluginbatch_PDF_Dataset_BFsignal_PIPIEE_2_4.log
    jobid: 28
    reason: Missing output files: root/scan1dDatasetsPlugin_PDF_Dataset_BFsignal_PIPIEE_2/scan1dDatasetsPlugin_PDF_Dataset_BFsignal_PIPIEE_2_run4.root; Updated input files: root/scan1dDatasetsProb_PDF_Dataset_50p_BFsignal_PIPIEE_2.root
    wildcards: name=PDF_Dataset, var=BFsignal, decay=PIPIEE, nbin=2, jobnum=4
    resources: tmpdir=/tmp/ascarabo

[Mon Mar 27 12:00:26 2023]
Finished job 28.
9 of 30 steps (30%) done
Select jobs to execute...

[Mon Mar 27 12:00:26 2023]
rule run_pluginbatch:
    input: workspace.root, root/scan1dDatasetsProb_PDF_Dataset_50p_BFsignal_PIPIEE_4.root
    output: root/scan1dDatasetsPlugin_PDF_Dataset_BFsignal_PIPIEE_4/scan1dDatasetsPlugin_PDF_Dataset_BFsignal_PIPIEE_4_run0.root
    log: tutorial_dataset_pluginbatch_PDF_Dataset_BFsignal_PIPIEE_4_0.log
    jobid: 34
    reason: Input files updated by another job: root/scan1dDatasetsProb_PDF_Dataset_50p_BFsignal_PIPIEE_4.root; Set of input files has changed since last execution
    wildcards: name=PDF_Dataset, var=BFsignal, decay=PIPIEE, nbin=4, jobnum=0
    resources: tmpdir=/tmp/ascarabo

[Mon Mar 27 12:09:37 2023]
Finished job 34.
10 of 30 steps (33%) done
Select jobs to execute...

[Mon Mar 27 12:09:37 2023]
rule run_pluginbatch:
    input: workspace.root, root/scan1dDatasetsProb_PDF_Dataset_50p_BFsignal_PIPIEE_4.root
    output: root/scan1dDatasetsPlugin_PDF_Dataset_BFsignal_PIPIEE_4/scan1dDatasetsPlugin_PDF_Dataset_BFsignal_PIPIEE_4_run2.root
    log: tutorial_dataset_pluginbatch_PDF_Dataset_BFsignal_PIPIEE_4_2.log
    jobid: 36
    reason: Missing output files: root/scan1dDatasetsPlugin_PDF_Dataset_BFsignal_PIPIEE_4/scan1dDatasetsPlugin_PDF_Dataset_BFsignal_PIPIEE_4_run2.root; Input files updated by another job: root/scan1dDatasetsProb_PDF_Dataset_50p_BFsignal_PIPIEE_4.root
    wildcards: name=PDF_Dataset, var=BFsignal, decay=PIPIEE, nbin=4, jobnum=2
    resources: tmpdir=/tmp/ascarabo

[Mon Mar 27 12:19:10 2023]
Finished job 36.
11 of 30 steps (37%) done
Select jobs to execute...

[Mon Mar 27 12:19:10 2023]
rule run_pluginbatch:
    input: workspace.root, root/scan1dDatasetsProb_PDF_Dataset_50p_BFsignal_PIPIEE_4.root
    output: root/scan1dDatasetsPlugin_PDF_Dataset_BFsignal_PIPIEE_4/scan1dDatasetsPlugin_PDF_Dataset_BFsignal_PIPIEE_4_run4.root
    log: tutorial_dataset_pluginbatch_PDF_Dataset_BFsignal_PIPIEE_4_4.log
    jobid: 38
    reason: Missing output files: root/scan1dDatasetsPlugin_PDF_Dataset_BFsignal_PIPIEE_4/scan1dDatasetsPlugin_PDF_Dataset_BFsignal_PIPIEE_4_run4.root; Input files updated by another job: root/scan1dDatasetsProb_PDF_Dataset_50p_BFsignal_PIPIEE_4.root
    wildcards: name=PDF_Dataset, var=BFsignal, decay=PIPIEE, nbin=4, jobnum=4
    resources: tmpdir=/tmp/ascarabo

[Mon Mar 27 12:28:29 2023]
Finished job 38.
12 of 30 steps (40%) done
Select jobs to execute...

[Mon Mar 27 12:28:29 2023]
rule run_pluginbatch:
    input: workspace.root, root/scan1dDatasetsProb_PDF_Dataset_50p_BFsignal_PIPIEE_2.root
    output: root/scan1dDatasetsPlugin_PDF_Dataset_BFsignal_PIPIEE_2/scan1dDatasetsPlugin_PDF_Dataset_BFsignal_PIPIEE_2_run2.root
    log: tutorial_dataset_pluginbatch_PDF_Dataset_BFsignal_PIPIEE_2_2.log
    jobid: 26
    reason: Missing output files: root/scan1dDatasetsPlugin_PDF_Dataset_BFsignal_PIPIEE_2/scan1dDatasetsPlugin_PDF_Dataset_BFsignal_PIPIEE_2_run2.root; Updated input files: root/scan1dDatasetsProb_PDF_Dataset_50p_BFsignal_PIPIEE_2.root
    wildcards: name=PDF_Dataset, var=BFsignal, decay=PIPIEE, nbin=2, jobnum=2
    resources: tmpdir=/tmp/ascarabo

[Mon Mar 27 12:44:54 2023]
Finished job 26.
13 of 30 steps (43%) done
Select jobs to execute...

[Mon Mar 27 12:44:54 2023]
rule run_pluginbatch:
    input: workspace.root, root/scan1dDatasetsProb_PDF_Dataset_50p_BFsignal_PIPIEE_2.root
    output: root/scan1dDatasetsPlugin_PDF_Dataset_BFsignal_PIPIEE_2/scan1dDatasetsPlugin_PDF_Dataset_BFsignal_PIPIEE_2_run0.root
    log: tutorial_dataset_pluginbatch_PDF_Dataset_BFsignal_PIPIEE_2_0.log
    jobid: 24
    reason: Updated input files: root/scan1dDatasetsProb_PDF_Dataset_50p_BFsignal_PIPIEE_2.root
    wildcards: name=PDF_Dataset, var=BFsignal, decay=PIPIEE, nbin=2, jobnum=0
    resources: tmpdir=/tmp/ascarabo

[Mon Mar 27 13:01:35 2023]
Finished job 24.
14 of 30 steps (47%) done
Select jobs to execute...

[Mon Mar 27 13:01:35 2023]
rule run_pluginbatch:
    input: workspace.root, root/scan1dDatasetsProb_PDF_Dataset_50p_BFsignal_PIPIEE_4.root
    output: root/scan1dDatasetsPlugin_PDF_Dataset_BFsignal_PIPIEE_4/scan1dDatasetsPlugin_PDF_Dataset_BFsignal_PIPIEE_4_run3.root
    log: tutorial_dataset_pluginbatch_PDF_Dataset_BFsignal_PIPIEE_4_3.log
    jobid: 37
    reason: Missing output files: root/scan1dDatasetsPlugin_PDF_Dataset_BFsignal_PIPIEE_4/scan1dDatasetsPlugin_PDF_Dataset_BFsignal_PIPIEE_4_run3.root; Input files updated by another job: root/scan1dDatasetsProb_PDF_Dataset_50p_BFsignal_PIPIEE_4.root
    wildcards: name=PDF_Dataset, var=BFsignal, decay=PIPIEE, nbin=4, jobnum=3
    resources: tmpdir=/tmp/ascarabo

[Mon Mar 27 13:11:09 2023]
Finished job 37.
15 of 30 steps (50%) done
Select jobs to execute...

[Mon Mar 27 13:11:10 2023]
rule run_pluginbatch:
    input: workspace.root, root/scan1dDatasetsProb_PDF_Dataset_50p_BFsignal_KKEE_2.root
    output: root/scan1dDatasetsPlugin_PDF_Dataset_BFsignal_KKEE_2/scan1dDatasetsPlugin_PDF_Dataset_BFsignal_KKEE_2_run1.root
    log: tutorial_dataset_pluginbatch_PDF_Dataset_BFsignal_KKEE_2_1.log
    jobid: 54
    reason: Missing output files: root/scan1dDatasetsPlugin_PDF_Dataset_BFsignal_KKEE_2/scan1dDatasetsPlugin_PDF_Dataset_BFsignal_KKEE_2_run1.root; Updated input files: root/scan1dDatasetsProb_PDF_Dataset_50p_BFsignal_KKEE_2.root
    wildcards: name=PDF_Dataset, var=BFsignal, decay=KKEE, nbin=2, jobnum=1
    resources: tmpdir=/tmp/ascarabo

[Mon Mar 27 13:16:57 2023]
Finished job 54.
16 of 30 steps (53%) done
Select jobs to execute...

[Mon Mar 27 13:16:58 2023]
rule run_pluginbatch:
    input: workspace.root, root/scan1dDatasetsProb_PDF_Dataset_50p_BFsignal_PIPIEE_1.root
    output: root/scan1dDatasetsPlugin_PDF_Dataset_BFsignal_PIPIEE_1/scan1dDatasetsPlugin_PDF_Dataset_BFsignal_PIPIEE_1_run1.root
    log: tutorial_dataset_pluginbatch_PDF_Dataset_BFsignal_PIPIEE_1_1.log
    jobid: 20
    reason: Missing output files: root/scan1dDatasetsPlugin_PDF_Dataset_BFsignal_PIPIEE_1/scan1dDatasetsPlugin_PDF_Dataset_BFsignal_PIPIEE_1_run1.root; Updated input files: root/scan1dDatasetsProb_PDF_Dataset_50p_BFsignal_PIPIEE_1.root
    wildcards: name=PDF_Dataset, var=BFsignal, decay=PIPIEE, nbin=1, jobnum=1
    resources: tmpdir=/tmp/ascarabo

[Mon Mar 27 13:23:04 2023]
Finished job 20.
17 of 30 steps (57%) done
Select jobs to execute...

[Mon Mar 27 13:23:04 2023]
rule run_pluginbatch:
    input: workspace.root, root/scan1dDatasetsProb_PDF_Dataset_50p_BFsignal_PIPIEE_4.root
    output: root/scan1dDatasetsPlugin_PDF_Dataset_BFsignal_PIPIEE_4/scan1dDatasetsPlugin_PDF_Dataset_BFsignal_PIPIEE_4_run1.root
    log: tutorial_dataset_pluginbatch_PDF_Dataset_BFsignal_PIPIEE_4_1.log
    jobid: 35
    reason: Missing output files: root/scan1dDatasetsPlugin_PDF_Dataset_BFsignal_PIPIEE_4/scan1dDatasetsPlugin_PDF_Dataset_BFsignal_PIPIEE_4_run1.root; Input files updated by another job: root/scan1dDatasetsProb_PDF_Dataset_50p_BFsignal_PIPIEE_4.root
    wildcards: name=PDF_Dataset, var=BFsignal, decay=PIPIEE, nbin=4, jobnum=1
    resources: tmpdir=/tmp/ascarabo

[Mon Mar 27 13:32:27 2023]
Finished job 35.
18 of 30 steps (60%) done
Select jobs to execute...

[Mon Mar 27 13:32:27 2023]
rule run_pluginbatch:
    input: workspace.root, root/scan1dDatasetsProb_PDF_Dataset_50p_BFsignal_KKEE_1.root
    output: root/scan1dDatasetsPlugin_PDF_Dataset_BFsignal_KKEE_1/scan1dDatasetsPlugin_PDF_Dataset_BFsignal_KKEE_1_run3.root
    log: tutorial_dataset_pluginbatch_PDF_Dataset_BFsignal_KKEE_1_3.log
    jobid: 50
    reason: Missing output files: root/scan1dDatasetsPlugin_PDF_Dataset_BFsignal_KKEE_1/scan1dDatasetsPlugin_PDF_Dataset_BFsignal_KKEE_1_run3.root; Updated input files: root/scan1dDatasetsProb_PDF_Dataset_50p_BFsignal_KKEE_1.root
    wildcards: name=PDF_Dataset, var=BFsignal, decay=KKEE, nbin=1, jobnum=3
    resources: tmpdir=/tmp/ascarabo

[Mon Mar 27 13:38:01 2023]
Finished job 50.
19 of 30 steps (63%) done
Select jobs to execute...

[Mon Mar 27 13:38:01 2023]
rule run_pluginbatch:
    input: workspace.root, root/scan1dDatasetsProb_PDF_Dataset_50p_BFsignal_PIPIEE_3.root
    output: root/scan1dDatasetsPlugin_PDF_Dataset_BFsignal_PIPIEE_3/scan1dDatasetsPlugin_PDF_Dataset_BFsignal_PIPIEE_3_run0.root
    log: tutorial_dataset_pluginbatch_PDF_Dataset_BFsignal_PIPIEE_3_0.log
    jobid: 29
    reason: Updated input files: root/scan1dDatasetsProb_PDF_Dataset_50p_BFsignal_PIPIEE_3.root
    wildcards: name=PDF_Dataset, var=BFsignal, decay=PIPIEE, nbin=3, jobnum=0
    resources: tmpdir=/tmp/ascarabo

[Mon Mar 27 13:45:28 2023]
Finished job 29.
20 of 30 steps (67%) done
Select jobs to execute...

[Mon Mar 27 13:45:28 2023]
rule run_pluginbatch:
    input: workspace.root, root/scan1dDatasetsProb_PDF_Dataset_50p_BFsignal_PIPIEE_0.root
    output: root/scan1dDatasetsPlugin_PDF_Dataset_BFsignal_PIPIEE_0/scan1dDatasetsPlugin_PDF_Dataset_BFsignal_PIPIEE_0_run4.root
    log: tutorial_dataset_pluginbatch_PDF_Dataset_BFsignal_PIPIEE_0_4.log
    jobid: 18
    reason: Missing output files: root/scan1dDatasetsPlugin_PDF_Dataset_BFsignal_PIPIEE_0/scan1dDatasetsPlugin_PDF_Dataset_BFsignal_PIPIEE_0_run4.root; Updated input files: root/scan1dDatasetsProb_PDF_Dataset_50p_BFsignal_PIPIEE_0.root
    wildcards: name=PDF_Dataset, var=BFsignal, decay=PIPIEE, nbin=0, jobnum=4
    resources: tmpdir=/tmp/ascarabo

[Mon Mar 27 14:08:00 2023]
Finished job 18.
21 of 30 steps (70%) done
Select jobs to execute...

[Mon Mar 27 14:08:00 2023]
rule run_plugin:
    input: workspace.root, root/scan1dDatasetsProb_PDF_Dataset_50p_BFsignal_PIPIEE_2.root, root/scan1dDatasetsPlugin_PDF_Dataset_BFsignal_PIPIEE_0/scan1dDatasetsPlugin_PDF_Dataset_BFsignal_PIPIEE_0_run0.root, root/scan1dDatasetsPlugin_PDF_Dataset_BFsignal_PIPIEE_0/scan1dDatasetsPlugin_PDF_Dataset_BFsignal_PIPIEE_0_run1.root, root/scan1dDatasetsPlugin_PDF_Dataset_BFsignal_PIPIEE_0/scan1dDatasetsPlugin_PDF_Dataset_BFsignal_PIPIEE_0_run2.root, root/scan1dDatasetsPlugin_PDF_Dataset_BFsignal_PIPIEE_0/scan1dDatasetsPlugin_PDF_Dataset_BFsignal_PIPIEE_0_run3.root, root/scan1dDatasetsPlugin_PDF_Dataset_BFsignal_PIPIEE_0/scan1dDatasetsPlugin_PDF_Dataset_BFsignal_PIPIEE_0_run4.root, root/scan1dDatasetsPlugin_PDF_Dataset_BFsignal_PIPIEE_1/scan1dDatasetsPlugin_PDF_Dataset_BFsignal_PIPIEE_1_run0.root, root/scan1dDatasetsPlugin_PDF_Dataset_BFsignal_PIPIEE_1/scan1dDatasetsPlugin_PDF_Dataset_BFsignal_PIPIEE_1_run1.root, root/scan1dDatasetsPlugin_PDF_Dataset_BFsignal_PIPIEE_1/scan1dDatasetsPlugin_PDF_Dataset_BFsignal_PIPIEE_1_run2.root, root/scan1dDatasetsPlugin_PDF_Dataset_BFsignal_PIPIEE_1/scan1dDatasetsPlugin_PDF_Dataset_BFsignal_PIPIEE_1_run3.root, root/scan1dDatasetsPlugin_PDF_Dataset_BFsignal_PIPIEE_1/scan1dDatasetsPlugin_PDF_Dataset_BFsignal_PIPIEE_1_run4.root, root/scan1dDatasetsPlugin_PDF_Dataset_BFsignal_PIPIEE_2/scan1dDatasetsPlugin_PDF_Dataset_BFsignal_PIPIEE_2_run0.root, root/scan1dDatasetsPlugin_PDF_Dataset_BFsignal_PIPIEE_2/scan1dDatasetsPlugin_PDF_Dataset_BFsignal_PIPIEE_2_run1.root, root/scan1dDatasetsPlugin_PDF_Dataset_BFsignal_PIPIEE_2/scan1dDatasetsPlugin_PDF_Dataset_BFsignal_PIPIEE_2_run2.root, root/scan1dDatasetsPlugin_PDF_Dataset_BFsignal_PIPIEE_2/scan1dDatasetsPlugin_PDF_Dataset_BFsignal_PIPIEE_2_run3.root, root/scan1dDatasetsPlugin_PDF_Dataset_BFsignal_PIPIEE_2/scan1dDatasetsPlugin_PDF_Dataset_BFsignal_PIPIEE_2_run4.root, root/scan1dDatasetsPlugin_PDF_Dataset_BFsignal_PIPIEE_3/scan1dDatasetsPlugin_PDF_Dataset_BFsignal_PIPIEE_3_run0.root, root/scan1dDatasetsPlugin_PDF_Dataset_BFsignal_PIPIEE_3/scan1dDatasetsPlugin_PDF_Dataset_BFsignal_PIPIEE_3_run1.root, root/scan1dDatasetsPlugin_PDF_Dataset_BFsignal_PIPIEE_3/scan1dDatasetsPlugin_PDF_Dataset_BFsignal_PIPIEE_3_run2.root, root/scan1dDatasetsPlugin_PDF_Dataset_BFsignal_PIPIEE_3/scan1dDatasetsPlugin_PDF_Dataset_BFsignal_PIPIEE_3_run3.root, root/scan1dDatasetsPlugin_PDF_Dataset_BFsignal_PIPIEE_3/scan1dDatasetsPlugin_PDF_Dataset_BFsignal_PIPIEE_3_run4.root, root/scan1dDatasetsPlugin_PDF_Dataset_BFsignal_PIPIEE_4/scan1dDatasetsPlugin_PDF_Dataset_BFsignal_PIPIEE_4_run0.root, root/scan1dDatasetsPlugin_PDF_Dataset_BFsignal_PIPIEE_4/scan1dDatasetsPlugin_PDF_Dataset_BFsignal_PIPIEE_4_run1.root, root/scan1dDatasetsPlugin_PDF_Dataset_BFsignal_PIPIEE_4/scan1dDatasetsPlugin_PDF_Dataset_BFsignal_PIPIEE_4_run2.root, root/scan1dDatasetsPlugin_PDF_Dataset_BFsignal_PIPIEE_4/scan1dDatasetsPlugin_PDF_Dataset_BFsignal_PIPIEE_4_run3.root, root/scan1dDatasetsPlugin_PDF_Dataset_BFsignal_PIPIEE_4/scan1dDatasetsPlugin_PDF_Dataset_BFsignal_PIPIEE_4_run4.root, root/scan1dDatasetsPlugin_PDF_Dataset_BFsignal_KKEE_0/scan1dDatasetsPlugin_PDF_Dataset_BFsignal_KKEE_0_run0.root, root/scan1dDatasetsPlugin_PDF_Dataset_BFsignal_KKEE_0/scan1dDatasetsPlugin_PDF_Dataset_BFsignal_KKEE_0_run1.root, root/scan1dDatasetsPlugin_PDF_Dataset_BFsignal_KKEE_0/scan1dDatasetsPlugin_PDF_Dataset_BFsignal_KKEE_0_run2.root, root/scan1dDatasetsPlugin_PDF_Dataset_BFsignal_KKEE_0/scan1dDatasetsPlugin_PDF_Dataset_BFsignal_KKEE_0_run3.root, root/scan1dDatasetsPlugin_PDF_Dataset_BFsignal_KKEE_0/scan1dDatasetsPlugin_PDF_Dataset_BFsignal_KKEE_0_run4.root, root/scan1dDatasetsPlugin_PDF_Dataset_BFsignal_KKEE_1/scan1dDatasetsPlugin_PDF_Dataset_BFsignal_KKEE_1_run0.root, root/scan1dDatasetsPlugin_PDF_Dataset_BFsignal_KKEE_1/scan1dDatasetsPlugin_PDF_Dataset_BFsignal_KKEE_1_run1.root, root/scan1dDatasetsPlugin_PDF_Dataset_BFsignal_KKEE_1/scan1dDatasetsPlugin_PDF_Dataset_BFsignal_KKEE_1_run2.root, root/scan1dDatasetsPlugin_PDF_Dataset_BFsignal_KKEE_1/scan1dDatasetsPlugin_PDF_Dataset_BFsignal_KKEE_1_run3.root, root/scan1dDatasetsPlugin_PDF_Dataset_BFsignal_KKEE_1/scan1dDatasetsPlugin_PDF_Dataset_BFsignal_KKEE_1_run4.root, root/scan1dDatasetsPlugin_PDF_Dataset_BFsignal_KKEE_2/scan1dDatasetsPlugin_PDF_Dataset_BFsignal_KKEE_2_run0.root, root/scan1dDatasetsPlugin_PDF_Dataset_BFsignal_KKEE_2/scan1dDatasetsPlugin_PDF_Dataset_BFsignal_KKEE_2_run1.root, root/scan1dDatasetsPlugin_PDF_Dataset_BFsignal_KKEE_2/scan1dDatasetsPlugin_PDF_Dataset_BFsignal_KKEE_2_run2.root, root/scan1dDatasetsPlugin_PDF_Dataset_BFsignal_KKEE_2/scan1dDatasetsPlugin_PDF_Dataset_BFsignal_KKEE_2_run3.root, root/scan1dDatasetsPlugin_PDF_Dataset_BFsignal_KKEE_2/scan1dDatasetsPlugin_PDF_Dataset_BFsignal_KKEE_2_run4.root
    output: plots/cl/clintervals_PDF_Dataset_BFsignal_PIPIEE_2_DatasetsPlugin.py, plots/cl/clintervals_PDF_Dataset_BFsignal_PIPIEE_2_DatasetsPlugin_CLs2.py, plots/cl/clintervals_PDF_Dataset_BFsignal_PIPIEE_2_DatasetsPlugin_expected_standardCLs.py
    log: tutorial_dataset_plugin_PDF_Dataset_BFsignal_PIPIEE_2.log
    jobid: 59
    reason: Input files updated by another job: root/scan1dDatasetsPlugin_PDF_Dataset_BFsignal_PIPIEE_2/scan1dDatasetsPlugin_PDF_Dataset_BFsignal_PIPIEE_2_run3.root, root/scan1dDatasetsPlugin_PDF_Dataset_BFsignal_PIPIEE_4/scan1dDatasetsPlugin_PDF_Dataset_BFsignal_PIPIEE_4_run0.root, root/scan1dDatasetsPlugin_PDF_Dataset_BFsignal_KKEE_1/scan1dDatasetsPlugin_PDF_Dataset_BFsignal_KKEE_1_run2.root, root/scan1dDatasetsPlugin_PDF_Dataset_BFsignal_KKEE_1/scan1dDatasetsPlugin_PDF_Dataset_BFsignal_KKEE_1_run4.root, root/scan1dDatasetsPlugin_PDF_Dataset_BFsignal_PIPIEE_4/scan1dDatasetsPlugin_PDF_Dataset_BFsignal_PIPIEE_4_run2.root, root/scan1dDatasetsPlugin_PDF_Dataset_BFsignal_PIPIEE_2/scan1dDatasetsPlugin_PDF_Dataset_BFsignal_PIPIEE_2_run4.root, root/scan1dDatasetsPlugin_PDF_Dataset_BFsignal_PIPIEE_2/scan1dDatasetsPlugin_PDF_Dataset_BFsignal_PIPIEE_2_run1.root, root/scan1dDatasetsPlugin_PDF_Dataset_BFsignal_KKEE_1/scan1dDatasetsPlugin_PDF_Dataset_BFsignal_KKEE_1_run3.root, root/scan1dDatasetsPlugin_PDF_Dataset_BFsignal_PIPIEE_2/scan1dDatasetsPlugin_PDF_Dataset_BFsignal_PIPIEE_2_run2.root, root/scan1dDatasetsPlugin_PDF_Dataset_BFsignal_PIPIEE_3/scan1dDatasetsPlugin_PDF_Dataset_BFsignal_PIPIEE_3_run0.root, root/scan1dDatasetsPlugin_PDF_Dataset_BFsignal_PIPIEE_0/scan1dDatasetsPlugin_PDF_Dataset_BFsignal_PIPIEE_0_run3.root, root/scan1dDatasetsPlugin_PDF_Dataset_BFsignal_KKEE_1/scan1dDatasetsPlugin_PDF_Dataset_BFsignal_KKEE_1_run1.root, root/scan1dDatasetsPlugin_PDF_Dataset_BFsignal_PIPIEE_1/scan1dDatasetsPlugin_PDF_Dataset_BFsignal_PIPIEE_1_run1.root, root/scan1dDatasetsPlugin_PDF_Dataset_BFsignal_PIPIEE_0/scan1dDatasetsPlugin_PDF_Dataset_BFsignal_PIPIEE_0_run4.root, root/scan1dDatasetsPlugin_PDF_Dataset_BFsignal_PIPIEE_2/scan1dDatasetsPlugin_PDF_Dataset_BFsignal_PIPIEE_2_run0.root, root/scan1dDatasetsPlugin_PDF_Dataset_BFsignal_PIPIEE_4/scan1dDatasetsPlugin_PDF_Dataset_BFsignal_PIPIEE_4_run3.root, root/scan1dDatasetsPlugin_PDF_Dataset_BFsignal_KKEE_2/scan1dDatasetsPlugin_PDF_Dataset_BFsignal_KKEE_2_run1.root, root/scan1dDatasetsPlugin_PDF_Dataset_BFsignal_PIPIEE_0/scan1dDatasetsPlugin_PDF_Dataset_BFsignal_PIPIEE_0_run1.root, root/scan1dDatasetsPlugin_PDF_Dataset_BFsignal_PIPIEE_4/scan1dDatasetsPlugin_PDF_Dataset_BFsignal_PIPIEE_4_run4.root, root/scan1dDatasetsPlugin_PDF_Dataset_BFsignal_PIPIEE_4/scan1dDatasetsPlugin_PDF_Dataset_BFsignal_PIPIEE_4_run1.root
    wildcards: name=PDF_Dataset, var=BFsignal, decay=PIPIEE, bin_number=2
    resources: tmpdir=/tmp/ascarabo

[Mon Mar 27 14:08:02 2023]
Finished job 59.
22 of 30 steps (73%) done
Select jobs to execute...

[Mon Mar 27 14:08:02 2023]
rule run_plugin:
    input: workspace.root, root/scan1dDatasetsProb_PDF_Dataset_50p_BFsignal_KKEE_2.root, root/scan1dDatasetsPlugin_PDF_Dataset_BFsignal_PIPIEE_0/scan1dDatasetsPlugin_PDF_Dataset_BFsignal_PIPIEE_0_run0.root, root/scan1dDatasetsPlugin_PDF_Dataset_BFsignal_PIPIEE_0/scan1dDatasetsPlugin_PDF_Dataset_BFsignal_PIPIEE_0_run1.root, root/scan1dDatasetsPlugin_PDF_Dataset_BFsignal_PIPIEE_0/scan1dDatasetsPlugin_PDF_Dataset_BFsignal_PIPIEE_0_run2.root, root/scan1dDatasetsPlugin_PDF_Dataset_BFsignal_PIPIEE_0/scan1dDatasetsPlugin_PDF_Dataset_BFsignal_PIPIEE_0_run3.root, root/scan1dDatasetsPlugin_PDF_Dataset_BFsignal_PIPIEE_0/scan1dDatasetsPlugin_PDF_Dataset_BFsignal_PIPIEE_0_run4.root, root/scan1dDatasetsPlugin_PDF_Dataset_BFsignal_PIPIEE_1/scan1dDatasetsPlugin_PDF_Dataset_BFsignal_PIPIEE_1_run0.root, root/scan1dDatasetsPlugin_PDF_Dataset_BFsignal_PIPIEE_1/scan1dDatasetsPlugin_PDF_Dataset_BFsignal_PIPIEE_1_run1.root, root/scan1dDatasetsPlugin_PDF_Dataset_BFsignal_PIPIEE_1/scan1dDatasetsPlugin_PDF_Dataset_BFsignal_PIPIEE_1_run2.root, root/scan1dDatasetsPlugin_PDF_Dataset_BFsignal_PIPIEE_1/scan1dDatasetsPlugin_PDF_Dataset_BFsignal_PIPIEE_1_run3.root, root/scan1dDatasetsPlugin_PDF_Dataset_BFsignal_PIPIEE_1/scan1dDatasetsPlugin_PDF_Dataset_BFsignal_PIPIEE_1_run4.root, root/scan1dDatasetsPlugin_PDF_Dataset_BFsignal_PIPIEE_2/scan1dDatasetsPlugin_PDF_Dataset_BFsignal_PIPIEE_2_run0.root, root/scan1dDatasetsPlugin_PDF_Dataset_BFsignal_PIPIEE_2/scan1dDatasetsPlugin_PDF_Dataset_BFsignal_PIPIEE_2_run1.root, root/scan1dDatasetsPlugin_PDF_Dataset_BFsignal_PIPIEE_2/scan1dDatasetsPlugin_PDF_Dataset_BFsignal_PIPIEE_2_run2.root, root/scan1dDatasetsPlugin_PDF_Dataset_BFsignal_PIPIEE_2/scan1dDatasetsPlugin_PDF_Dataset_BFsignal_PIPIEE_2_run3.root, root/scan1dDatasetsPlugin_PDF_Dataset_BFsignal_PIPIEE_2/scan1dDatasetsPlugin_PDF_Dataset_BFsignal_PIPIEE_2_run4.root, root/scan1dDatasetsPlugin_PDF_Dataset_BFsignal_PIPIEE_3/scan1dDatasetsPlugin_PDF_Dataset_BFsignal_PIPIEE_3_run0.root, root/scan1dDatasetsPlugin_PDF_Dataset_BFsignal_PIPIEE_3/scan1dDatasetsPlugin_PDF_Dataset_BFsignal_PIPIEE_3_run1.root, root/scan1dDatasetsPlugin_PDF_Dataset_BFsignal_PIPIEE_3/scan1dDatasetsPlugin_PDF_Dataset_BFsignal_PIPIEE_3_run2.root, root/scan1dDatasetsPlugin_PDF_Dataset_BFsignal_PIPIEE_3/scan1dDatasetsPlugin_PDF_Dataset_BFsignal_PIPIEE_3_run3.root, root/scan1dDatasetsPlugin_PDF_Dataset_BFsignal_PIPIEE_3/scan1dDatasetsPlugin_PDF_Dataset_BFsignal_PIPIEE_3_run4.root, root/scan1dDatasetsPlugin_PDF_Dataset_BFsignal_PIPIEE_4/scan1dDatasetsPlugin_PDF_Dataset_BFsignal_PIPIEE_4_run0.root, root/scan1dDatasetsPlugin_PDF_Dataset_BFsignal_PIPIEE_4/scan1dDatasetsPlugin_PDF_Dataset_BFsignal_PIPIEE_4_run1.root, root/scan1dDatasetsPlugin_PDF_Dataset_BFsignal_PIPIEE_4/scan1dDatasetsPlugin_PDF_Dataset_BFsignal_PIPIEE_4_run2.root, root/scan1dDatasetsPlugin_PDF_Dataset_BFsignal_PIPIEE_4/scan1dDatasetsPlugin_PDF_Dataset_BFsignal_PIPIEE_4_run3.root, root/scan1dDatasetsPlugin_PDF_Dataset_BFsignal_PIPIEE_4/scan1dDatasetsPlugin_PDF_Dataset_BFsignal_PIPIEE_4_run4.root, root/scan1dDatasetsPlugin_PDF_Dataset_BFsignal_KKEE_0/scan1dDatasetsPlugin_PDF_Dataset_BFsignal_KKEE_0_run0.root, root/scan1dDatasetsPlugin_PDF_Dataset_BFsignal_KKEE_0/scan1dDatasetsPlugin_PDF_Dataset_BFsignal_KKEE_0_run1.root, root/scan1dDatasetsPlugin_PDF_Dataset_BFsignal_KKEE_0/scan1dDatasetsPlugin_PDF_Dataset_BFsignal_KKEE_0_run2.root, root/scan1dDatasetsPlugin_PDF_Dataset_BFsignal_KKEE_0/scan1dDatasetsPlugin_PDF_Dataset_BFsignal_KKEE_0_run3.root, root/scan1dDatasetsPlugin_PDF_Dataset_BFsignal_KKEE_0/scan1dDatasetsPlugin_PDF_Dataset_BFsignal_KKEE_0_run4.root, root/scan1dDatasetsPlugin_PDF_Dataset_BFsignal_KKEE_1/scan1dDatasetsPlugin_PDF_Dataset_BFsignal_KKEE_1_run0.root, root/scan1dDatasetsPlugin_PDF_Dataset_BFsignal_KKEE_1/scan1dDatasetsPlugin_PDF_Dataset_BFsignal_KKEE_1_run1.root, root/scan1dDatasetsPlugin_PDF_Dataset_BFsignal_KKEE_1/scan1dDatasetsPlugin_PDF_Dataset_BFsignal_KKEE_1_run2.root, root/scan1dDatasetsPlugin_PDF_Dataset_BFsignal_KKEE_1/scan1dDatasetsPlugin_PDF_Dataset_BFsignal_KKEE_1_run3.root, root/scan1dDatasetsPlugin_PDF_Dataset_BFsignal_KKEE_1/scan1dDatasetsPlugin_PDF_Dataset_BFsignal_KKEE_1_run4.root, root/scan1dDatasetsPlugin_PDF_Dataset_BFsignal_KKEE_2/scan1dDatasetsPlugin_PDF_Dataset_BFsignal_KKEE_2_run0.root, root/scan1dDatasetsPlugin_PDF_Dataset_BFsignal_KKEE_2/scan1dDatasetsPlugin_PDF_Dataset_BFsignal_KKEE_2_run1.root, root/scan1dDatasetsPlugin_PDF_Dataset_BFsignal_KKEE_2/scan1dDatasetsPlugin_PDF_Dataset_BFsignal_KKEE_2_run2.root, root/scan1dDatasetsPlugin_PDF_Dataset_BFsignal_KKEE_2/scan1dDatasetsPlugin_PDF_Dataset_BFsignal_KKEE_2_run3.root, root/scan1dDatasetsPlugin_PDF_Dataset_BFsignal_KKEE_2/scan1dDatasetsPlugin_PDF_Dataset_BFsignal_KKEE_2_run4.root
    output: plots/cl/clintervals_PDF_Dataset_BFsignal_KKEE_2_DatasetsPlugin.py, plots/cl/clintervals_PDF_Dataset_BFsignal_KKEE_2_DatasetsPlugin_CLs2.py, plots/cl/clintervals_PDF_Dataset_BFsignal_KKEE_2_DatasetsPlugin_expected_standardCLs.py
    log: tutorial_dataset_plugin_PDF_Dataset_BFsignal_KKEE_2.log
    jobid: 64
    reason: Input files updated by another job: root/scan1dDatasetsPlugin_PDF_Dataset_BFsignal_PIPIEE_2/scan1dDatasetsPlugin_PDF_Dataset_BFsignal_PIPIEE_2_run3.root, root/scan1dDatasetsPlugin_PDF_Dataset_BFsignal_PIPIEE_4/scan1dDatasetsPlugin_PDF_Dataset_BFsignal_PIPIEE_4_run0.root, root/scan1dDatasetsPlugin_PDF_Dataset_BFsignal_KKEE_1/scan1dDatasetsPlugin_PDF_Dataset_BFsignal_KKEE_1_run2.root, root/scan1dDatasetsPlugin_PDF_Dataset_BFsignal_KKEE_1/scan1dDatasetsPlugin_PDF_Dataset_BFsignal_KKEE_1_run4.root, root/scan1dDatasetsPlugin_PDF_Dataset_BFsignal_PIPIEE_4/scan1dDatasetsPlugin_PDF_Dataset_BFsignal_PIPIEE_4_run2.root, root/scan1dDatasetsPlugin_PDF_Dataset_BFsignal_PIPIEE_2/scan1dDatasetsPlugin_PDF_Dataset_BFsignal_PIPIEE_2_run4.root, root/scan1dDatasetsPlugin_PDF_Dataset_BFsignal_PIPIEE_2/scan1dDatasetsPlugin_PDF_Dataset_BFsignal_PIPIEE_2_run1.root, root/scan1dDatasetsPlugin_PDF_Dataset_BFsignal_KKEE_1/scan1dDatasetsPlugin_PDF_Dataset_BFsignal_KKEE_1_run3.root, root/scan1dDatasetsPlugin_PDF_Dataset_BFsignal_PIPIEE_2/scan1dDatasetsPlugin_PDF_Dataset_BFsignal_PIPIEE_2_run2.root, root/scan1dDatasetsPlugin_PDF_Dataset_BFsignal_PIPIEE_3/scan1dDatasetsPlugin_PDF_Dataset_BFsignal_PIPIEE_3_run0.root, root/scan1dDatasetsPlugin_PDF_Dataset_BFsignal_PIPIEE_0/scan1dDatasetsPlugin_PDF_Dataset_BFsignal_PIPIEE_0_run3.root, root/scan1dDatasetsPlugin_PDF_Dataset_BFsignal_KKEE_1/scan1dDatasetsPlugin_PDF_Dataset_BFsignal_KKEE_1_run1.root, root/scan1dDatasetsPlugin_PDF_Dataset_BFsignal_PIPIEE_1/scan1dDatasetsPlugin_PDF_Dataset_BFsignal_PIPIEE_1_run1.root, root/scan1dDatasetsPlugin_PDF_Dataset_BFsignal_PIPIEE_0/scan1dDatasetsPlugin_PDF_Dataset_BFsignal_PIPIEE_0_run4.root, root/scan1dDatasetsPlugin_PDF_Dataset_BFsignal_PIPIEE_2/scan1dDatasetsPlugin_PDF_Dataset_BFsignal_PIPIEE_2_run0.root, root/scan1dDatasetsPlugin_PDF_Dataset_BFsignal_PIPIEE_4/scan1dDatasetsPlugin_PDF_Dataset_BFsignal_PIPIEE_4_run3.root, root/scan1dDatasetsPlugin_PDF_Dataset_BFsignal_KKEE_2/scan1dDatasetsPlugin_PDF_Dataset_BFsignal_KKEE_2_run1.root, root/scan1dDatasetsPlugin_PDF_Dataset_BFsignal_PIPIEE_0/scan1dDatasetsPlugin_PDF_Dataset_BFsignal_PIPIEE_0_run1.root, root/scan1dDatasetsPlugin_PDF_Dataset_BFsignal_PIPIEE_4/scan1dDatasetsPlugin_PDF_Dataset_BFsignal_PIPIEE_4_run4.root, root/scan1dDatasetsPlugin_PDF_Dataset_BFsignal_PIPIEE_4/scan1dDatasetsPlugin_PDF_Dataset_BFsignal_PIPIEE_4_run1.root
    wildcards: name=PDF_Dataset, var=BFsignal, decay=KKEE, bin_number=2
    resources: tmpdir=/tmp/ascarabo

[Mon Mar 27 14:08:04 2023]
Finished job 64.
23 of 30 steps (77%) done
Select jobs to execute...

[Mon Mar 27 14:08:04 2023]
rule run_plugin:
    input: workspace.root, root/scan1dDatasetsProb_PDF_Dataset_50p_BFsignal_KKEE_0.root, root/scan1dDatasetsPlugin_PDF_Dataset_BFsignal_PIPIEE_0/scan1dDatasetsPlugin_PDF_Dataset_BFsignal_PIPIEE_0_run0.root, root/scan1dDatasetsPlugin_PDF_Dataset_BFsignal_PIPIEE_0/scan1dDatasetsPlugin_PDF_Dataset_BFsignal_PIPIEE_0_run1.root, root/scan1dDatasetsPlugin_PDF_Dataset_BFsignal_PIPIEE_0/scan1dDatasetsPlugin_PDF_Dataset_BFsignal_PIPIEE_0_run2.root, root/scan1dDatasetsPlugin_PDF_Dataset_BFsignal_PIPIEE_0/scan1dDatasetsPlugin_PDF_Dataset_BFsignal_PIPIEE_0_run3.root, root/scan1dDatasetsPlugin_PDF_Dataset_BFsignal_PIPIEE_0/scan1dDatasetsPlugin_PDF_Dataset_BFsignal_PIPIEE_0_run4.root, root/scan1dDatasetsPlugin_PDF_Dataset_BFsignal_PIPIEE_1/scan1dDatasetsPlugin_PDF_Dataset_BFsignal_PIPIEE_1_run0.root, root/scan1dDatasetsPlugin_PDF_Dataset_BFsignal_PIPIEE_1/scan1dDatasetsPlugin_PDF_Dataset_BFsignal_PIPIEE_1_run1.root, root/scan1dDatasetsPlugin_PDF_Dataset_BFsignal_PIPIEE_1/scan1dDatasetsPlugin_PDF_Dataset_BFsignal_PIPIEE_1_run2.root, root/scan1dDatasetsPlugin_PDF_Dataset_BFsignal_PIPIEE_1/scan1dDatasetsPlugin_PDF_Dataset_BFsignal_PIPIEE_1_run3.root, root/scan1dDatasetsPlugin_PDF_Dataset_BFsignal_PIPIEE_1/scan1dDatasetsPlugin_PDF_Dataset_BFsignal_PIPIEE_1_run4.root, root/scan1dDatasetsPlugin_PDF_Dataset_BFsignal_PIPIEE_2/scan1dDatasetsPlugin_PDF_Dataset_BFsignal_PIPIEE_2_run0.root, root/scan1dDatasetsPlugin_PDF_Dataset_BFsignal_PIPIEE_2/scan1dDatasetsPlugin_PDF_Dataset_BFsignal_PIPIEE_2_run1.root, root/scan1dDatasetsPlugin_PDF_Dataset_BFsignal_PIPIEE_2/scan1dDatasetsPlugin_PDF_Dataset_BFsignal_PIPIEE_2_run2.root, root/scan1dDatasetsPlugin_PDF_Dataset_BFsignal_PIPIEE_2/scan1dDatasetsPlugin_PDF_Dataset_BFsignal_PIPIEE_2_run3.root, root/scan1dDatasetsPlugin_PDF_Dataset_BFsignal_PIPIEE_2/scan1dDatasetsPlugin_PDF_Dataset_BFsignal_PIPIEE_2_run4.root, root/scan1dDatasetsPlugin_PDF_Dataset_BFsignal_PIPIEE_3/scan1dDatasetsPlugin_PDF_Dataset_BFsignal_PIPIEE_3_run0.root, root/scan1dDatasetsPlugin_PDF_Dataset_BFsignal_PIPIEE_3/scan1dDatasetsPlugin_PDF_Dataset_BFsignal_PIPIEE_3_run1.root, root/scan1dDatasetsPlugin_PDF_Dataset_BFsignal_PIPIEE_3/scan1dDatasetsPlugin_PDF_Dataset_BFsignal_PIPIEE_3_run2.root, root/scan1dDatasetsPlugin_PDF_Dataset_BFsignal_PIPIEE_3/scan1dDatasetsPlugin_PDF_Dataset_BFsignal_PIPIEE_3_run3.root, root/scan1dDatasetsPlugin_PDF_Dataset_BFsignal_PIPIEE_3/scan1dDatasetsPlugin_PDF_Dataset_BFsignal_PIPIEE_3_run4.root, root/scan1dDatasetsPlugin_PDF_Dataset_BFsignal_PIPIEE_4/scan1dDatasetsPlugin_PDF_Dataset_BFsignal_PIPIEE_4_run0.root, root/scan1dDatasetsPlugin_PDF_Dataset_BFsignal_PIPIEE_4/scan1dDatasetsPlugin_PDF_Dataset_BFsignal_PIPIEE_4_run1.root, root/scan1dDatasetsPlugin_PDF_Dataset_BFsignal_PIPIEE_4/scan1dDatasetsPlugin_PDF_Dataset_BFsignal_PIPIEE_4_run2.root, root/scan1dDatasetsPlugin_PDF_Dataset_BFsignal_PIPIEE_4/scan1dDatasetsPlugin_PDF_Dataset_BFsignal_PIPIEE_4_run3.root, root/scan1dDatasetsPlugin_PDF_Dataset_BFsignal_PIPIEE_4/scan1dDatasetsPlugin_PDF_Dataset_BFsignal_PIPIEE_4_run4.root, root/scan1dDatasetsPlugin_PDF_Dataset_BFsignal_KKEE_0/scan1dDatasetsPlugin_PDF_Dataset_BFsignal_KKEE_0_run0.root, root/scan1dDatasetsPlugin_PDF_Dataset_BFsignal_KKEE_0/scan1dDatasetsPlugin_PDF_Dataset_BFsignal_KKEE_0_run1.root, root/scan1dDatasetsPlugin_PDF_Dataset_BFsignal_KKEE_0/scan1dDatasetsPlugin_PDF_Dataset_BFsignal_KKEE_0_run2.root, root/scan1dDatasetsPlugin_PDF_Dataset_BFsignal_KKEE_0/scan1dDatasetsPlugin_PDF_Dataset_BFsignal_KKEE_0_run3.root, root/scan1dDatasetsPlugin_PDF_Dataset_BFsignal_KKEE_0/scan1dDatasetsPlugin_PDF_Dataset_BFsignal_KKEE_0_run4.root, root/scan1dDatasetsPlugin_PDF_Dataset_BFsignal_KKEE_1/scan1dDatasetsPlugin_PDF_Dataset_BFsignal_KKEE_1_run0.root, root/scan1dDatasetsPlugin_PDF_Dataset_BFsignal_KKEE_1/scan1dDatasetsPlugin_PDF_Dataset_BFsignal_KKEE_1_run1.root, root/scan1dDatasetsPlugin_PDF_Dataset_BFsignal_KKEE_1/scan1dDatasetsPlugin_PDF_Dataset_BFsignal_KKEE_1_run2.root, root/scan1dDatasetsPlugin_PDF_Dataset_BFsignal_KKEE_1/scan1dDatasetsPlugin_PDF_Dataset_BFsignal_KKEE_1_run3.root, root/scan1dDatasetsPlugin_PDF_Dataset_BFsignal_KKEE_1/scan1dDatasetsPlugin_PDF_Dataset_BFsignal_KKEE_1_run4.root, root/scan1dDatasetsPlugin_PDF_Dataset_BFsignal_KKEE_2/scan1dDatasetsPlugin_PDF_Dataset_BFsignal_KKEE_2_run0.root, root/scan1dDatasetsPlugin_PDF_Dataset_BFsignal_KKEE_2/scan1dDatasetsPlugin_PDF_Dataset_BFsignal_KKEE_2_run1.root, root/scan1dDatasetsPlugin_PDF_Dataset_BFsignal_KKEE_2/scan1dDatasetsPlugin_PDF_Dataset_BFsignal_KKEE_2_run2.root, root/scan1dDatasetsPlugin_PDF_Dataset_BFsignal_KKEE_2/scan1dDatasetsPlugin_PDF_Dataset_BFsignal_KKEE_2_run3.root, root/scan1dDatasetsPlugin_PDF_Dataset_BFsignal_KKEE_2/scan1dDatasetsPlugin_PDF_Dataset_BFsignal_KKEE_2_run4.root
    output: plots/cl/clintervals_PDF_Dataset_BFsignal_KKEE_0_DatasetsPlugin.py, plots/cl/clintervals_PDF_Dataset_BFsignal_KKEE_0_DatasetsPlugin_CLs2.py, plots/cl/clintervals_PDF_Dataset_BFsignal_KKEE_0_DatasetsPlugin_expected_standardCLs.py
    log: tutorial_dataset_plugin_PDF_Dataset_BFsignal_KKEE_0.log
    jobid: 62
    reason: Input files updated by another job: root/scan1dDatasetsPlugin_PDF_Dataset_BFsignal_PIPIEE_2/scan1dDatasetsPlugin_PDF_Dataset_BFsignal_PIPIEE_2_run3.root, root/scan1dDatasetsPlugin_PDF_Dataset_BFsignal_PIPIEE_4/scan1dDatasetsPlugin_PDF_Dataset_BFsignal_PIPIEE_4_run0.root, root/scan1dDatasetsPlugin_PDF_Dataset_BFsignal_KKEE_1/scan1dDatasetsPlugin_PDF_Dataset_BFsignal_KKEE_1_run2.root, root/scan1dDatasetsPlugin_PDF_Dataset_BFsignal_KKEE_1/scan1dDatasetsPlugin_PDF_Dataset_BFsignal_KKEE_1_run4.root, root/scan1dDatasetsPlugin_PDF_Dataset_BFsignal_PIPIEE_4/scan1dDatasetsPlugin_PDF_Dataset_BFsignal_PIPIEE_4_run2.root, root/scan1dDatasetsPlugin_PDF_Dataset_BFsignal_PIPIEE_2/scan1dDatasetsPlugin_PDF_Dataset_BFsignal_PIPIEE_2_run4.root, root/scan1dDatasetsPlugin_PDF_Dataset_BFsignal_PIPIEE_2/scan1dDatasetsPlugin_PDF_Dataset_BFsignal_PIPIEE_2_run1.root, root/scan1dDatasetsPlugin_PDF_Dataset_BFsignal_KKEE_1/scan1dDatasetsPlugin_PDF_Dataset_BFsignal_KKEE_1_run3.root, root/scan1dDatasetsPlugin_PDF_Dataset_BFsignal_PIPIEE_2/scan1dDatasetsPlugin_PDF_Dataset_BFsignal_PIPIEE_2_run2.root, root/scan1dDatasetsPlugin_PDF_Dataset_BFsignal_PIPIEE_3/scan1dDatasetsPlugin_PDF_Dataset_BFsignal_PIPIEE_3_run0.root, root/scan1dDatasetsPlugin_PDF_Dataset_BFsignal_PIPIEE_0/scan1dDatasetsPlugin_PDF_Dataset_BFsignal_PIPIEE_0_run3.root, root/scan1dDatasetsPlugin_PDF_Dataset_BFsignal_KKEE_1/scan1dDatasetsPlugin_PDF_Dataset_BFsignal_KKEE_1_run1.root, root/scan1dDatasetsPlugin_PDF_Dataset_BFsignal_PIPIEE_1/scan1dDatasetsPlugin_PDF_Dataset_BFsignal_PIPIEE_1_run1.root, root/scan1dDatasetsPlugin_PDF_Dataset_BFsignal_PIPIEE_0/scan1dDatasetsPlugin_PDF_Dataset_BFsignal_PIPIEE_0_run4.root, root/scan1dDatasetsPlugin_PDF_Dataset_BFsignal_PIPIEE_2/scan1dDatasetsPlugin_PDF_Dataset_BFsignal_PIPIEE_2_run0.root, root/scan1dDatasetsPlugin_PDF_Dataset_BFsignal_PIPIEE_4/scan1dDatasetsPlugin_PDF_Dataset_BFsignal_PIPIEE_4_run3.root, root/scan1dDatasetsPlugin_PDF_Dataset_BFsignal_KKEE_2/scan1dDatasetsPlugin_PDF_Dataset_BFsignal_KKEE_2_run1.root, root/scan1dDatasetsPlugin_PDF_Dataset_BFsignal_PIPIEE_0/scan1dDatasetsPlugin_PDF_Dataset_BFsignal_PIPIEE_0_run1.root, root/scan1dDatasetsPlugin_PDF_Dataset_BFsignal_PIPIEE_4/scan1dDatasetsPlugin_PDF_Dataset_BFsignal_PIPIEE_4_run4.root, root/scan1dDatasetsPlugin_PDF_Dataset_BFsignal_PIPIEE_4/scan1dDatasetsPlugin_PDF_Dataset_BFsignal_PIPIEE_4_run1.root
    wildcards: name=PDF_Dataset, var=BFsignal, decay=KKEE, bin_number=0
    resources: tmpdir=/tmp/ascarabo

[Mon Mar 27 14:08:06 2023]
Finished job 62.
24 of 30 steps (80%) done
Select jobs to execute...

[Mon Mar 27 14:08:06 2023]
rule run_plugin:
    input: workspace.root, root/scan1dDatasetsProb_PDF_Dataset_50p_BFsignal_PIPIEE_3.root, root/scan1dDatasetsPlugin_PDF_Dataset_BFsignal_PIPIEE_0/scan1dDatasetsPlugin_PDF_Dataset_BFsignal_PIPIEE_0_run0.root, root/scan1dDatasetsPlugin_PDF_Dataset_BFsignal_PIPIEE_0/scan1dDatasetsPlugin_PDF_Dataset_BFsignal_PIPIEE_0_run1.root, root/scan1dDatasetsPlugin_PDF_Dataset_BFsignal_PIPIEE_0/scan1dDatasetsPlugin_PDF_Dataset_BFsignal_PIPIEE_0_run2.root, root/scan1dDatasetsPlugin_PDF_Dataset_BFsignal_PIPIEE_0/scan1dDatasetsPlugin_PDF_Dataset_BFsignal_PIPIEE_0_run3.root, root/scan1dDatasetsPlugin_PDF_Dataset_BFsignal_PIPIEE_0/scan1dDatasetsPlugin_PDF_Dataset_BFsignal_PIPIEE_0_run4.root, root/scan1dDatasetsPlugin_PDF_Dataset_BFsignal_PIPIEE_1/scan1dDatasetsPlugin_PDF_Dataset_BFsignal_PIPIEE_1_run0.root, root/scan1dDatasetsPlugin_PDF_Dataset_BFsignal_PIPIEE_1/scan1dDatasetsPlugin_PDF_Dataset_BFsignal_PIPIEE_1_run1.root, root/scan1dDatasetsPlugin_PDF_Dataset_BFsignal_PIPIEE_1/scan1dDatasetsPlugin_PDF_Dataset_BFsignal_PIPIEE_1_run2.root, root/scan1dDatasetsPlugin_PDF_Dataset_BFsignal_PIPIEE_1/scan1dDatasetsPlugin_PDF_Dataset_BFsignal_PIPIEE_1_run3.root, root/scan1dDatasetsPlugin_PDF_Dataset_BFsignal_PIPIEE_1/scan1dDatasetsPlugin_PDF_Dataset_BFsignal_PIPIEE_1_run4.root, root/scan1dDatasetsPlugin_PDF_Dataset_BFsignal_PIPIEE_2/scan1dDatasetsPlugin_PDF_Dataset_BFsignal_PIPIEE_2_run0.root, root/scan1dDatasetsPlugin_PDF_Dataset_BFsignal_PIPIEE_2/scan1dDatasetsPlugin_PDF_Dataset_BFsignal_PIPIEE_2_run1.root, root/scan1dDatasetsPlugin_PDF_Dataset_BFsignal_PIPIEE_2/scan1dDatasetsPlugin_PDF_Dataset_BFsignal_PIPIEE_2_run2.root, root/scan1dDatasetsPlugin_PDF_Dataset_BFsignal_PIPIEE_2/scan1dDatasetsPlugin_PDF_Dataset_BFsignal_PIPIEE_2_run3.root, root/scan1dDatasetsPlugin_PDF_Dataset_BFsignal_PIPIEE_2/scan1dDatasetsPlugin_PDF_Dataset_BFsignal_PIPIEE_2_run4.root, root/scan1dDatasetsPlugin_PDF_Dataset_BFsignal_PIPIEE_3/scan1dDatasetsPlugin_PDF_Dataset_BFsignal_PIPIEE_3_run0.root, root/scan1dDatasetsPlugin_PDF_Dataset_BFsignal_PIPIEE_3/scan1dDatasetsPlugin_PDF_Dataset_BFsignal_PIPIEE_3_run1.root, root/scan1dDatasetsPlugin_PDF_Dataset_BFsignal_PIPIEE_3/scan1dDatasetsPlugin_PDF_Dataset_BFsignal_PIPIEE_3_run2.root, root/scan1dDatasetsPlugin_PDF_Dataset_BFsignal_PIPIEE_3/scan1dDatasetsPlugin_PDF_Dataset_BFsignal_PIPIEE_3_run3.root, root/scan1dDatasetsPlugin_PDF_Dataset_BFsignal_PIPIEE_3/scan1dDatasetsPlugin_PDF_Dataset_BFsignal_PIPIEE_3_run4.root, root/scan1dDatasetsPlugin_PDF_Dataset_BFsignal_PIPIEE_4/scan1dDatasetsPlugin_PDF_Dataset_BFsignal_PIPIEE_4_run0.root, root/scan1dDatasetsPlugin_PDF_Dataset_BFsignal_PIPIEE_4/scan1dDatasetsPlugin_PDF_Dataset_BFsignal_PIPIEE_4_run1.root, root/scan1dDatasetsPlugin_PDF_Dataset_BFsignal_PIPIEE_4/scan1dDatasetsPlugin_PDF_Dataset_BFsignal_PIPIEE_4_run2.root, root/scan1dDatasetsPlugin_PDF_Dataset_BFsignal_PIPIEE_4/scan1dDatasetsPlugin_PDF_Dataset_BFsignal_PIPIEE_4_run3.root, root/scan1dDatasetsPlugin_PDF_Dataset_BFsignal_PIPIEE_4/scan1dDatasetsPlugin_PDF_Dataset_BFsignal_PIPIEE_4_run4.root, root/scan1dDatasetsPlugin_PDF_Dataset_BFsignal_KKEE_0/scan1dDatasetsPlugin_PDF_Dataset_BFsignal_KKEE_0_run0.root, root/scan1dDatasetsPlugin_PDF_Dataset_BFsignal_KKEE_0/scan1dDatasetsPlugin_PDF_Dataset_BFsignal_KKEE_0_run1.root, root/scan1dDatasetsPlugin_PDF_Dataset_BFsignal_KKEE_0/scan1dDatasetsPlugin_PDF_Dataset_BFsignal_KKEE_0_run2.root, root/scan1dDatasetsPlugin_PDF_Dataset_BFsignal_KKEE_0/scan1dDatasetsPlugin_PDF_Dataset_BFsignal_KKEE_0_run3.root, root/scan1dDatasetsPlugin_PDF_Dataset_BFsignal_KKEE_0/scan1dDatasetsPlugin_PDF_Dataset_BFsignal_KKEE_0_run4.root, root/scan1dDatasetsPlugin_PDF_Dataset_BFsignal_KKEE_1/scan1dDatasetsPlugin_PDF_Dataset_BFsignal_KKEE_1_run0.root, root/scan1dDatasetsPlugin_PDF_Dataset_BFsignal_KKEE_1/scan1dDatasetsPlugin_PDF_Dataset_BFsignal_KKEE_1_run1.root, root/scan1dDatasetsPlugin_PDF_Dataset_BFsignal_KKEE_1/scan1dDatasetsPlugin_PDF_Dataset_BFsignal_KKEE_1_run2.root, root/scan1dDatasetsPlugin_PDF_Dataset_BFsignal_KKEE_1/scan1dDatasetsPlugin_PDF_Dataset_BFsignal_KKEE_1_run3.root, root/scan1dDatasetsPlugin_PDF_Dataset_BFsignal_KKEE_1/scan1dDatasetsPlugin_PDF_Dataset_BFsignal_KKEE_1_run4.root, root/scan1dDatasetsPlugin_PDF_Dataset_BFsignal_KKEE_2/scan1dDatasetsPlugin_PDF_Dataset_BFsignal_KKEE_2_run0.root, root/scan1dDatasetsPlugin_PDF_Dataset_BFsignal_KKEE_2/scan1dDatasetsPlugin_PDF_Dataset_BFsignal_KKEE_2_run1.root, root/scan1dDatasetsPlugin_PDF_Dataset_BFsignal_KKEE_2/scan1dDatasetsPlugin_PDF_Dataset_BFsignal_KKEE_2_run2.root, root/scan1dDatasetsPlugin_PDF_Dataset_BFsignal_KKEE_2/scan1dDatasetsPlugin_PDF_Dataset_BFsignal_KKEE_2_run3.root, root/scan1dDatasetsPlugin_PDF_Dataset_BFsignal_KKEE_2/scan1dDatasetsPlugin_PDF_Dataset_BFsignal_KKEE_2_run4.root
    output: plots/cl/clintervals_PDF_Dataset_BFsignal_PIPIEE_3_DatasetsPlugin.py, plots/cl/clintervals_PDF_Dataset_BFsignal_PIPIEE_3_DatasetsPlugin_CLs2.py, plots/cl/clintervals_PDF_Dataset_BFsignal_PIPIEE_3_DatasetsPlugin_expected_standardCLs.py
    log: tutorial_dataset_plugin_PDF_Dataset_BFsignal_PIPIEE_3.log
    jobid: 60
    reason: Input files updated by another job: root/scan1dDatasetsPlugin_PDF_Dataset_BFsignal_PIPIEE_2/scan1dDatasetsPlugin_PDF_Dataset_BFsignal_PIPIEE_2_run3.root, root/scan1dDatasetsPlugin_PDF_Dataset_BFsignal_PIPIEE_4/scan1dDatasetsPlugin_PDF_Dataset_BFsignal_PIPIEE_4_run0.root, root/scan1dDatasetsPlugin_PDF_Dataset_BFsignal_KKEE_1/scan1dDatasetsPlugin_PDF_Dataset_BFsignal_KKEE_1_run2.root, root/scan1dDatasetsPlugin_PDF_Dataset_BFsignal_KKEE_1/scan1dDatasetsPlugin_PDF_Dataset_BFsignal_KKEE_1_run4.root, root/scan1dDatasetsPlugin_PDF_Dataset_BFsignal_PIPIEE_4/scan1dDatasetsPlugin_PDF_Dataset_BFsignal_PIPIEE_4_run2.root, root/scan1dDatasetsPlugin_PDF_Dataset_BFsignal_PIPIEE_2/scan1dDatasetsPlugin_PDF_Dataset_BFsignal_PIPIEE_2_run4.root, root/scan1dDatasetsPlugin_PDF_Dataset_BFsignal_PIPIEE_2/scan1dDatasetsPlugin_PDF_Dataset_BFsignal_PIPIEE_2_run1.root, root/scan1dDatasetsPlugin_PDF_Dataset_BFsignal_KKEE_1/scan1dDatasetsPlugin_PDF_Dataset_BFsignal_KKEE_1_run3.root, root/scan1dDatasetsPlugin_PDF_Dataset_BFsignal_PIPIEE_2/scan1dDatasetsPlugin_PDF_Dataset_BFsignal_PIPIEE_2_run2.root, root/scan1dDatasetsPlugin_PDF_Dataset_BFsignal_PIPIEE_3/scan1dDatasetsPlugin_PDF_Dataset_BFsignal_PIPIEE_3_run0.root, root/scan1dDatasetsPlugin_PDF_Dataset_BFsignal_PIPIEE_0/scan1dDatasetsPlugin_PDF_Dataset_BFsignal_PIPIEE_0_run3.root, root/scan1dDatasetsPlugin_PDF_Dataset_BFsignal_KKEE_1/scan1dDatasetsPlugin_PDF_Dataset_BFsignal_KKEE_1_run1.root, root/scan1dDatasetsPlugin_PDF_Dataset_BFsignal_PIPIEE_1/scan1dDatasetsPlugin_PDF_Dataset_BFsignal_PIPIEE_1_run1.root, root/scan1dDatasetsPlugin_PDF_Dataset_BFsignal_PIPIEE_0/scan1dDatasetsPlugin_PDF_Dataset_BFsignal_PIPIEE_0_run4.root, root/scan1dDatasetsPlugin_PDF_Dataset_BFsignal_PIPIEE_2/scan1dDatasetsPlugin_PDF_Dataset_BFsignal_PIPIEE_2_run0.root, root/scan1dDatasetsPlugin_PDF_Dataset_BFsignal_PIPIEE_4/scan1dDatasetsPlugin_PDF_Dataset_BFsignal_PIPIEE_4_run3.root, root/scan1dDatasetsPlugin_PDF_Dataset_BFsignal_KKEE_2/scan1dDatasetsPlugin_PDF_Dataset_BFsignal_KKEE_2_run1.root, root/scan1dDatasetsPlugin_PDF_Dataset_BFsignal_PIPIEE_0/scan1dDatasetsPlugin_PDF_Dataset_BFsignal_PIPIEE_0_run1.root, root/scan1dDatasetsPlugin_PDF_Dataset_BFsignal_PIPIEE_4/scan1dDatasetsPlugin_PDF_Dataset_BFsignal_PIPIEE_4_run4.root, root/scan1dDatasetsPlugin_PDF_Dataset_BFsignal_PIPIEE_4/scan1dDatasetsPlugin_PDF_Dataset_BFsignal_PIPIEE_4_run1.root
    wildcards: name=PDF_Dataset, var=BFsignal, decay=PIPIEE, bin_number=3
    resources: tmpdir=/tmp/ascarabo

[Mon Mar 27 14:08:07 2023]
Finished job 60.
25 of 30 steps (83%) done
Select jobs to execute...

[Mon Mar 27 14:08:07 2023]
rule run_plugin:
    input: workspace.root, root/scan1dDatasetsProb_PDF_Dataset_50p_BFsignal_KKEE_1.root, root/scan1dDatasetsPlugin_PDF_Dataset_BFsignal_PIPIEE_0/scan1dDatasetsPlugin_PDF_Dataset_BFsignal_PIPIEE_0_run0.root, root/scan1dDatasetsPlugin_PDF_Dataset_BFsignal_PIPIEE_0/scan1dDatasetsPlugin_PDF_Dataset_BFsignal_PIPIEE_0_run1.root, root/scan1dDatasetsPlugin_PDF_Dataset_BFsignal_PIPIEE_0/scan1dDatasetsPlugin_PDF_Dataset_BFsignal_PIPIEE_0_run2.root, root/scan1dDatasetsPlugin_PDF_Dataset_BFsignal_PIPIEE_0/scan1dDatasetsPlugin_PDF_Dataset_BFsignal_PIPIEE_0_run3.root, root/scan1dDatasetsPlugin_PDF_Dataset_BFsignal_PIPIEE_0/scan1dDatasetsPlugin_PDF_Dataset_BFsignal_PIPIEE_0_run4.root, root/scan1dDatasetsPlugin_PDF_Dataset_BFsignal_PIPIEE_1/scan1dDatasetsPlugin_PDF_Dataset_BFsignal_PIPIEE_1_run0.root, root/scan1dDatasetsPlugin_PDF_Dataset_BFsignal_PIPIEE_1/scan1dDatasetsPlugin_PDF_Dataset_BFsignal_PIPIEE_1_run1.root, root/scan1dDatasetsPlugin_PDF_Dataset_BFsignal_PIPIEE_1/scan1dDatasetsPlugin_PDF_Dataset_BFsignal_PIPIEE_1_run2.root, root/scan1dDatasetsPlugin_PDF_Dataset_BFsignal_PIPIEE_1/scan1dDatasetsPlugin_PDF_Dataset_BFsignal_PIPIEE_1_run3.root, root/scan1dDatasetsPlugin_PDF_Dataset_BFsignal_PIPIEE_1/scan1dDatasetsPlugin_PDF_Dataset_BFsignal_PIPIEE_1_run4.root, root/scan1dDatasetsPlugin_PDF_Dataset_BFsignal_PIPIEE_2/scan1dDatasetsPlugin_PDF_Dataset_BFsignal_PIPIEE_2_run0.root, root/scan1dDatasetsPlugin_PDF_Dataset_BFsignal_PIPIEE_2/scan1dDatasetsPlugin_PDF_Dataset_BFsignal_PIPIEE_2_run1.root, root/scan1dDatasetsPlugin_PDF_Dataset_BFsignal_PIPIEE_2/scan1dDatasetsPlugin_PDF_Dataset_BFsignal_PIPIEE_2_run2.root, root/scan1dDatasetsPlugin_PDF_Dataset_BFsignal_PIPIEE_2/scan1dDatasetsPlugin_PDF_Dataset_BFsignal_PIPIEE_2_run3.root, root/scan1dDatasetsPlugin_PDF_Dataset_BFsignal_PIPIEE_2/scan1dDatasetsPlugin_PDF_Dataset_BFsignal_PIPIEE_2_run4.root, root/scan1dDatasetsPlugin_PDF_Dataset_BFsignal_PIPIEE_3/scan1dDatasetsPlugin_PDF_Dataset_BFsignal_PIPIEE_3_run0.root, root/scan1dDatasetsPlugin_PDF_Dataset_BFsignal_PIPIEE_3/scan1dDatasetsPlugin_PDF_Dataset_BFsignal_PIPIEE_3_run1.root, root/scan1dDatasetsPlugin_PDF_Dataset_BFsignal_PIPIEE_3/scan1dDatasetsPlugin_PDF_Dataset_BFsignal_PIPIEE_3_run2.root, root/scan1dDatasetsPlugin_PDF_Dataset_BFsignal_PIPIEE_3/scan1dDatasetsPlugin_PDF_Dataset_BFsignal_PIPIEE_3_run3.root, root/scan1dDatasetsPlugin_PDF_Dataset_BFsignal_PIPIEE_3/scan1dDatasetsPlugin_PDF_Dataset_BFsignal_PIPIEE_3_run4.root, root/scan1dDatasetsPlugin_PDF_Dataset_BFsignal_PIPIEE_4/scan1dDatasetsPlugin_PDF_Dataset_BFsignal_PIPIEE_4_run0.root, root/scan1dDatasetsPlugin_PDF_Dataset_BFsignal_PIPIEE_4/scan1dDatasetsPlugin_PDF_Dataset_BFsignal_PIPIEE_4_run1.root, root/scan1dDatasetsPlugin_PDF_Dataset_BFsignal_PIPIEE_4/scan1dDatasetsPlugin_PDF_Dataset_BFsignal_PIPIEE_4_run2.root, root/scan1dDatasetsPlugin_PDF_Dataset_BFsignal_PIPIEE_4/scan1dDatasetsPlugin_PDF_Dataset_BFsignal_PIPIEE_4_run3.root, root/scan1dDatasetsPlugin_PDF_Dataset_BFsignal_PIPIEE_4/scan1dDatasetsPlugin_PDF_Dataset_BFsignal_PIPIEE_4_run4.root, root/scan1dDatasetsPlugin_PDF_Dataset_BFsignal_KKEE_0/scan1dDatasetsPlugin_PDF_Dataset_BFsignal_KKEE_0_run0.root, root/scan1dDatasetsPlugin_PDF_Dataset_BFsignal_KKEE_0/scan1dDatasetsPlugin_PDF_Dataset_BFsignal_KKEE_0_run1.root, root/scan1dDatasetsPlugin_PDF_Dataset_BFsignal_KKEE_0/scan1dDatasetsPlugin_PDF_Dataset_BFsignal_KKEE_0_run2.root, root/scan1dDatasetsPlugin_PDF_Dataset_BFsignal_KKEE_0/scan1dDatasetsPlugin_PDF_Dataset_BFsignal_KKEE_0_run3.root, root/scan1dDatasetsPlugin_PDF_Dataset_BFsignal_KKEE_0/scan1dDatasetsPlugin_PDF_Dataset_BFsignal_KKEE_0_run4.root, root/scan1dDatasetsPlugin_PDF_Dataset_BFsignal_KKEE_1/scan1dDatasetsPlugin_PDF_Dataset_BFsignal_KKEE_1_run0.root, root/scan1dDatasetsPlugin_PDF_Dataset_BFsignal_KKEE_1/scan1dDatasetsPlugin_PDF_Dataset_BFsignal_KKEE_1_run1.root, root/scan1dDatasetsPlugin_PDF_Dataset_BFsignal_KKEE_1/scan1dDatasetsPlugin_PDF_Dataset_BFsignal_KKEE_1_run2.root, root/scan1dDatasetsPlugin_PDF_Dataset_BFsignal_KKEE_1/scan1dDatasetsPlugin_PDF_Dataset_BFsignal_KKEE_1_run3.root, root/scan1dDatasetsPlugin_PDF_Dataset_BFsignal_KKEE_1/scan1dDatasetsPlugin_PDF_Dataset_BFsignal_KKEE_1_run4.root, root/scan1dDatasetsPlugin_PDF_Dataset_BFsignal_KKEE_2/scan1dDatasetsPlugin_PDF_Dataset_BFsignal_KKEE_2_run0.root, root/scan1dDatasetsPlugin_PDF_Dataset_BFsignal_KKEE_2/scan1dDatasetsPlugin_PDF_Dataset_BFsignal_KKEE_2_run1.root, root/scan1dDatasetsPlugin_PDF_Dataset_BFsignal_KKEE_2/scan1dDatasetsPlugin_PDF_Dataset_BFsignal_KKEE_2_run2.root, root/scan1dDatasetsPlugin_PDF_Dataset_BFsignal_KKEE_2/scan1dDatasetsPlugin_PDF_Dataset_BFsignal_KKEE_2_run3.root, root/scan1dDatasetsPlugin_PDF_Dataset_BFsignal_KKEE_2/scan1dDatasetsPlugin_PDF_Dataset_BFsignal_KKEE_2_run4.root
    output: plots/cl/clintervals_PDF_Dataset_BFsignal_KKEE_1_DatasetsPlugin.py, plots/cl/clintervals_PDF_Dataset_BFsignal_KKEE_1_DatasetsPlugin_CLs2.py, plots/cl/clintervals_PDF_Dataset_BFsignal_KKEE_1_DatasetsPlugin_expected_standardCLs.py
    log: tutorial_dataset_plugin_PDF_Dataset_BFsignal_KKEE_1.log
    jobid: 63
    reason: Input files updated by another job: root/scan1dDatasetsPlugin_PDF_Dataset_BFsignal_PIPIEE_2/scan1dDatasetsPlugin_PDF_Dataset_BFsignal_PIPIEE_2_run3.root, root/scan1dDatasetsPlugin_PDF_Dataset_BFsignal_PIPIEE_4/scan1dDatasetsPlugin_PDF_Dataset_BFsignal_PIPIEE_4_run0.root, root/scan1dDatasetsPlugin_PDF_Dataset_BFsignal_KKEE_1/scan1dDatasetsPlugin_PDF_Dataset_BFsignal_KKEE_1_run2.root, root/scan1dDatasetsPlugin_PDF_Dataset_BFsignal_KKEE_1/scan1dDatasetsPlugin_PDF_Dataset_BFsignal_KKEE_1_run4.root, root/scan1dDatasetsPlugin_PDF_Dataset_BFsignal_PIPIEE_4/scan1dDatasetsPlugin_PDF_Dataset_BFsignal_PIPIEE_4_run2.root, root/scan1dDatasetsPlugin_PDF_Dataset_BFsignal_PIPIEE_2/scan1dDatasetsPlugin_PDF_Dataset_BFsignal_PIPIEE_2_run4.root, root/scan1dDatasetsPlugin_PDF_Dataset_BFsignal_PIPIEE_2/scan1dDatasetsPlugin_PDF_Dataset_BFsignal_PIPIEE_2_run1.root, root/scan1dDatasetsPlugin_PDF_Dataset_BFsignal_KKEE_1/scan1dDatasetsPlugin_PDF_Dataset_BFsignal_KKEE_1_run3.root, root/scan1dDatasetsPlugin_PDF_Dataset_BFsignal_PIPIEE_2/scan1dDatasetsPlugin_PDF_Dataset_BFsignal_PIPIEE_2_run2.root, root/scan1dDatasetsPlugin_PDF_Dataset_BFsignal_PIPIEE_3/scan1dDatasetsPlugin_PDF_Dataset_BFsignal_PIPIEE_3_run0.root, root/scan1dDatasetsPlugin_PDF_Dataset_BFsignal_PIPIEE_0/scan1dDatasetsPlugin_PDF_Dataset_BFsignal_PIPIEE_0_run3.root, root/scan1dDatasetsPlugin_PDF_Dataset_BFsignal_KKEE_1/scan1dDatasetsPlugin_PDF_Dataset_BFsignal_KKEE_1_run1.root, root/scan1dDatasetsPlugin_PDF_Dataset_BFsignal_PIPIEE_1/scan1dDatasetsPlugin_PDF_Dataset_BFsignal_PIPIEE_1_run1.root, root/scan1dDatasetsPlugin_PDF_Dataset_BFsignal_PIPIEE_0/scan1dDatasetsPlugin_PDF_Dataset_BFsignal_PIPIEE_0_run4.root, root/scan1dDatasetsPlugin_PDF_Dataset_BFsignal_PIPIEE_2/scan1dDatasetsPlugin_PDF_Dataset_BFsignal_PIPIEE_2_run0.root, root/scan1dDatasetsPlugin_PDF_Dataset_BFsignal_PIPIEE_4/scan1dDatasetsPlugin_PDF_Dataset_BFsignal_PIPIEE_4_run3.root, root/scan1dDatasetsPlugin_PDF_Dataset_BFsignal_KKEE_2/scan1dDatasetsPlugin_PDF_Dataset_BFsignal_KKEE_2_run1.root, root/scan1dDatasetsPlugin_PDF_Dataset_BFsignal_PIPIEE_0/scan1dDatasetsPlugin_PDF_Dataset_BFsignal_PIPIEE_0_run1.root, root/scan1dDatasetsPlugin_PDF_Dataset_BFsignal_PIPIEE_4/scan1dDatasetsPlugin_PDF_Dataset_BFsignal_PIPIEE_4_run4.root, root/scan1dDatasetsPlugin_PDF_Dataset_BFsignal_PIPIEE_4/scan1dDatasetsPlugin_PDF_Dataset_BFsignal_PIPIEE_4_run1.root
    wildcards: name=PDF_Dataset, var=BFsignal, decay=KKEE, bin_number=1
    resources: tmpdir=/tmp/ascarabo

[Mon Mar 27 14:08:09 2023]
Finished job 63.
26 of 30 steps (87%) done
Select jobs to execute...

[Mon Mar 27 14:08:09 2023]
rule run_plugin:
    input: workspace.root, root/scan1dDatasetsProb_PDF_Dataset_50p_BFsignal_PIPIEE_1.root, root/scan1dDatasetsPlugin_PDF_Dataset_BFsignal_PIPIEE_0/scan1dDatasetsPlugin_PDF_Dataset_BFsignal_PIPIEE_0_run0.root, root/scan1dDatasetsPlugin_PDF_Dataset_BFsignal_PIPIEE_0/scan1dDatasetsPlugin_PDF_Dataset_BFsignal_PIPIEE_0_run1.root, root/scan1dDatasetsPlugin_PDF_Dataset_BFsignal_PIPIEE_0/scan1dDatasetsPlugin_PDF_Dataset_BFsignal_PIPIEE_0_run2.root, root/scan1dDatasetsPlugin_PDF_Dataset_BFsignal_PIPIEE_0/scan1dDatasetsPlugin_PDF_Dataset_BFsignal_PIPIEE_0_run3.root, root/scan1dDatasetsPlugin_PDF_Dataset_BFsignal_PIPIEE_0/scan1dDatasetsPlugin_PDF_Dataset_BFsignal_PIPIEE_0_run4.root, root/scan1dDatasetsPlugin_PDF_Dataset_BFsignal_PIPIEE_1/scan1dDatasetsPlugin_PDF_Dataset_BFsignal_PIPIEE_1_run0.root, root/scan1dDatasetsPlugin_PDF_Dataset_BFsignal_PIPIEE_1/scan1dDatasetsPlugin_PDF_Dataset_BFsignal_PIPIEE_1_run1.root, root/scan1dDatasetsPlugin_PDF_Dataset_BFsignal_PIPIEE_1/scan1dDatasetsPlugin_PDF_Dataset_BFsignal_PIPIEE_1_run2.root, root/scan1dDatasetsPlugin_PDF_Dataset_BFsignal_PIPIEE_1/scan1dDatasetsPlugin_PDF_Dataset_BFsignal_PIPIEE_1_run3.root, root/scan1dDatasetsPlugin_PDF_Dataset_BFsignal_PIPIEE_1/scan1dDatasetsPlugin_PDF_Dataset_BFsignal_PIPIEE_1_run4.root, root/scan1dDatasetsPlugin_PDF_Dataset_BFsignal_PIPIEE_2/scan1dDatasetsPlugin_PDF_Dataset_BFsignal_PIPIEE_2_run0.root, root/scan1dDatasetsPlugin_PDF_Dataset_BFsignal_PIPIEE_2/scan1dDatasetsPlugin_PDF_Dataset_BFsignal_PIPIEE_2_run1.root, root/scan1dDatasetsPlugin_PDF_Dataset_BFsignal_PIPIEE_2/scan1dDatasetsPlugin_PDF_Dataset_BFsignal_PIPIEE_2_run2.root, root/scan1dDatasetsPlugin_PDF_Dataset_BFsignal_PIPIEE_2/scan1dDatasetsPlugin_PDF_Dataset_BFsignal_PIPIEE_2_run3.root, root/scan1dDatasetsPlugin_PDF_Dataset_BFsignal_PIPIEE_2/scan1dDatasetsPlugin_PDF_Dataset_BFsignal_PIPIEE_2_run4.root, root/scan1dDatasetsPlugin_PDF_Dataset_BFsignal_PIPIEE_3/scan1dDatasetsPlugin_PDF_Dataset_BFsignal_PIPIEE_3_run0.root, root/scan1dDatasetsPlugin_PDF_Dataset_BFsignal_PIPIEE_3/scan1dDatasetsPlugin_PDF_Dataset_BFsignal_PIPIEE_3_run1.root, root/scan1dDatasetsPlugin_PDF_Dataset_BFsignal_PIPIEE_3/scan1dDatasetsPlugin_PDF_Dataset_BFsignal_PIPIEE_3_run2.root, root/scan1dDatasetsPlugin_PDF_Dataset_BFsignal_PIPIEE_3/scan1dDatasetsPlugin_PDF_Dataset_BFsignal_PIPIEE_3_run3.root, root/scan1dDatasetsPlugin_PDF_Dataset_BFsignal_PIPIEE_3/scan1dDatasetsPlugin_PDF_Dataset_BFsignal_PIPIEE_3_run4.root, root/scan1dDatasetsPlugin_PDF_Dataset_BFsignal_PIPIEE_4/scan1dDatasetsPlugin_PDF_Dataset_BFsignal_PIPIEE_4_run0.root, root/scan1dDatasetsPlugin_PDF_Dataset_BFsignal_PIPIEE_4/scan1dDatasetsPlugin_PDF_Dataset_BFsignal_PIPIEE_4_run1.root, root/scan1dDatasetsPlugin_PDF_Dataset_BFsignal_PIPIEE_4/scan1dDatasetsPlugin_PDF_Dataset_BFsignal_PIPIEE_4_run2.root, root/scan1dDatasetsPlugin_PDF_Dataset_BFsignal_PIPIEE_4/scan1dDatasetsPlugin_PDF_Dataset_BFsignal_PIPIEE_4_run3.root, root/scan1dDatasetsPlugin_PDF_Dataset_BFsignal_PIPIEE_4/scan1dDatasetsPlugin_PDF_Dataset_BFsignal_PIPIEE_4_run4.root, root/scan1dDatasetsPlugin_PDF_Dataset_BFsignal_KKEE_0/scan1dDatasetsPlugin_PDF_Dataset_BFsignal_KKEE_0_run0.root, root/scan1dDatasetsPlugin_PDF_Dataset_BFsignal_KKEE_0/scan1dDatasetsPlugin_PDF_Dataset_BFsignal_KKEE_0_run1.root, root/scan1dDatasetsPlugin_PDF_Dataset_BFsignal_KKEE_0/scan1dDatasetsPlugin_PDF_Dataset_BFsignal_KKEE_0_run2.root, root/scan1dDatasetsPlugin_PDF_Dataset_BFsignal_KKEE_0/scan1dDatasetsPlugin_PDF_Dataset_BFsignal_KKEE_0_run3.root, root/scan1dDatasetsPlugin_PDF_Dataset_BFsignal_KKEE_0/scan1dDatasetsPlugin_PDF_Dataset_BFsignal_KKEE_0_run4.root, root/scan1dDatasetsPlugin_PDF_Dataset_BFsignal_KKEE_1/scan1dDatasetsPlugin_PDF_Dataset_BFsignal_KKEE_1_run0.root, root/scan1dDatasetsPlugin_PDF_Dataset_BFsignal_KKEE_1/scan1dDatasetsPlugin_PDF_Dataset_BFsignal_KKEE_1_run1.root, root/scan1dDatasetsPlugin_PDF_Dataset_BFsignal_KKEE_1/scan1dDatasetsPlugin_PDF_Dataset_BFsignal_KKEE_1_run2.root, root/scan1dDatasetsPlugin_PDF_Dataset_BFsignal_KKEE_1/scan1dDatasetsPlugin_PDF_Dataset_BFsignal_KKEE_1_run3.root, root/scan1dDatasetsPlugin_PDF_Dataset_BFsignal_KKEE_1/scan1dDatasetsPlugin_PDF_Dataset_BFsignal_KKEE_1_run4.root, root/scan1dDatasetsPlugin_PDF_Dataset_BFsignal_KKEE_2/scan1dDatasetsPlugin_PDF_Dataset_BFsignal_KKEE_2_run0.root, root/scan1dDatasetsPlugin_PDF_Dataset_BFsignal_KKEE_2/scan1dDatasetsPlugin_PDF_Dataset_BFsignal_KKEE_2_run1.root, root/scan1dDatasetsPlugin_PDF_Dataset_BFsignal_KKEE_2/scan1dDatasetsPlugin_PDF_Dataset_BFsignal_KKEE_2_run2.root, root/scan1dDatasetsPlugin_PDF_Dataset_BFsignal_KKEE_2/scan1dDatasetsPlugin_PDF_Dataset_BFsignal_KKEE_2_run3.root, root/scan1dDatasetsPlugin_PDF_Dataset_BFsignal_KKEE_2/scan1dDatasetsPlugin_PDF_Dataset_BFsignal_KKEE_2_run4.root
    output: plots/cl/clintervals_PDF_Dataset_BFsignal_PIPIEE_1_DatasetsPlugin.py, plots/cl/clintervals_PDF_Dataset_BFsignal_PIPIEE_1_DatasetsPlugin_CLs2.py, plots/cl/clintervals_PDF_Dataset_BFsignal_PIPIEE_1_DatasetsPlugin_expected_standardCLs.py
    log: tutorial_dataset_plugin_PDF_Dataset_BFsignal_PIPIEE_1.log
    jobid: 58
    reason: Input files updated by another job: root/scan1dDatasetsPlugin_PDF_Dataset_BFsignal_PIPIEE_2/scan1dDatasetsPlugin_PDF_Dataset_BFsignal_PIPIEE_2_run3.root, root/scan1dDatasetsPlugin_PDF_Dataset_BFsignal_PIPIEE_4/scan1dDatasetsPlugin_PDF_Dataset_BFsignal_PIPIEE_4_run0.root, root/scan1dDatasetsPlugin_PDF_Dataset_BFsignal_KKEE_1/scan1dDatasetsPlugin_PDF_Dataset_BFsignal_KKEE_1_run2.root, root/scan1dDatasetsPlugin_PDF_Dataset_BFsignal_KKEE_1/scan1dDatasetsPlugin_PDF_Dataset_BFsignal_KKEE_1_run4.root, root/scan1dDatasetsPlugin_PDF_Dataset_BFsignal_PIPIEE_4/scan1dDatasetsPlugin_PDF_Dataset_BFsignal_PIPIEE_4_run2.root, root/scan1dDatasetsPlugin_PDF_Dataset_BFsignal_PIPIEE_2/scan1dDatasetsPlugin_PDF_Dataset_BFsignal_PIPIEE_2_run4.root, root/scan1dDatasetsPlugin_PDF_Dataset_BFsignal_PIPIEE_2/scan1dDatasetsPlugin_PDF_Dataset_BFsignal_PIPIEE_2_run1.root, root/scan1dDatasetsPlugin_PDF_Dataset_BFsignal_KKEE_1/scan1dDatasetsPlugin_PDF_Dataset_BFsignal_KKEE_1_run3.root, root/scan1dDatasetsPlugin_PDF_Dataset_BFsignal_PIPIEE_2/scan1dDatasetsPlugin_PDF_Dataset_BFsignal_PIPIEE_2_run2.root, root/scan1dDatasetsPlugin_PDF_Dataset_BFsignal_PIPIEE_3/scan1dDatasetsPlugin_PDF_Dataset_BFsignal_PIPIEE_3_run0.root, root/scan1dDatasetsPlugin_PDF_Dataset_BFsignal_PIPIEE_0/scan1dDatasetsPlugin_PDF_Dataset_BFsignal_PIPIEE_0_run3.root, root/scan1dDatasetsPlugin_PDF_Dataset_BFsignal_KKEE_1/scan1dDatasetsPlugin_PDF_Dataset_BFsignal_KKEE_1_run1.root, root/scan1dDatasetsPlugin_PDF_Dataset_BFsignal_PIPIEE_1/scan1dDatasetsPlugin_PDF_Dataset_BFsignal_PIPIEE_1_run1.root, root/scan1dDatasetsPlugin_PDF_Dataset_BFsignal_PIPIEE_0/scan1dDatasetsPlugin_PDF_Dataset_BFsignal_PIPIEE_0_run4.root, root/scan1dDatasetsPlugin_PDF_Dataset_BFsignal_PIPIEE_2/scan1dDatasetsPlugin_PDF_Dataset_BFsignal_PIPIEE_2_run0.root, root/scan1dDatasetsPlugin_PDF_Dataset_BFsignal_PIPIEE_4/scan1dDatasetsPlugin_PDF_Dataset_BFsignal_PIPIEE_4_run3.root, root/scan1dDatasetsPlugin_PDF_Dataset_BFsignal_KKEE_2/scan1dDatasetsPlugin_PDF_Dataset_BFsignal_KKEE_2_run1.root, root/scan1dDatasetsPlugin_PDF_Dataset_BFsignal_PIPIEE_0/scan1dDatasetsPlugin_PDF_Dataset_BFsignal_PIPIEE_0_run1.root, root/scan1dDatasetsPlugin_PDF_Dataset_BFsignal_PIPIEE_4/scan1dDatasetsPlugin_PDF_Dataset_BFsignal_PIPIEE_4_run4.root, root/scan1dDatasetsPlugin_PDF_Dataset_BFsignal_PIPIEE_4/scan1dDatasetsPlugin_PDF_Dataset_BFsignal_PIPIEE_4_run1.root
    wildcards: name=PDF_Dataset, var=BFsignal, decay=PIPIEE, bin_number=1
    resources: tmpdir=/tmp/ascarabo

[Mon Mar 27 14:08:10 2023]
Finished job 58.
27 of 30 steps (90%) done
Select jobs to execute...

[Mon Mar 27 14:08:10 2023]
rule run_plugin:
    input: workspace.root, root/scan1dDatasetsProb_PDF_Dataset_50p_BFsignal_PIPIEE_0.root, root/scan1dDatasetsPlugin_PDF_Dataset_BFsignal_PIPIEE_0/scan1dDatasetsPlugin_PDF_Dataset_BFsignal_PIPIEE_0_run0.root, root/scan1dDatasetsPlugin_PDF_Dataset_BFsignal_PIPIEE_0/scan1dDatasetsPlugin_PDF_Dataset_BFsignal_PIPIEE_0_run1.root, root/scan1dDatasetsPlugin_PDF_Dataset_BFsignal_PIPIEE_0/scan1dDatasetsPlugin_PDF_Dataset_BFsignal_PIPIEE_0_run2.root, root/scan1dDatasetsPlugin_PDF_Dataset_BFsignal_PIPIEE_0/scan1dDatasetsPlugin_PDF_Dataset_BFsignal_PIPIEE_0_run3.root, root/scan1dDatasetsPlugin_PDF_Dataset_BFsignal_PIPIEE_0/scan1dDatasetsPlugin_PDF_Dataset_BFsignal_PIPIEE_0_run4.root, root/scan1dDatasetsPlugin_PDF_Dataset_BFsignal_PIPIEE_1/scan1dDatasetsPlugin_PDF_Dataset_BFsignal_PIPIEE_1_run0.root, root/scan1dDatasetsPlugin_PDF_Dataset_BFsignal_PIPIEE_1/scan1dDatasetsPlugin_PDF_Dataset_BFsignal_PIPIEE_1_run1.root, root/scan1dDatasetsPlugin_PDF_Dataset_BFsignal_PIPIEE_1/scan1dDatasetsPlugin_PDF_Dataset_BFsignal_PIPIEE_1_run2.root, root/scan1dDatasetsPlugin_PDF_Dataset_BFsignal_PIPIEE_1/scan1dDatasetsPlugin_PDF_Dataset_BFsignal_PIPIEE_1_run3.root, root/scan1dDatasetsPlugin_PDF_Dataset_BFsignal_PIPIEE_1/scan1dDatasetsPlugin_PDF_Dataset_BFsignal_PIPIEE_1_run4.root, root/scan1dDatasetsPlugin_PDF_Dataset_BFsignal_PIPIEE_2/scan1dDatasetsPlugin_PDF_Dataset_BFsignal_PIPIEE_2_run0.root, root/scan1dDatasetsPlugin_PDF_Dataset_BFsignal_PIPIEE_2/scan1dDatasetsPlugin_PDF_Dataset_BFsignal_PIPIEE_2_run1.root, root/scan1dDatasetsPlugin_PDF_Dataset_BFsignal_PIPIEE_2/scan1dDatasetsPlugin_PDF_Dataset_BFsignal_PIPIEE_2_run2.root, root/scan1dDatasetsPlugin_PDF_Dataset_BFsignal_PIPIEE_2/scan1dDatasetsPlugin_PDF_Dataset_BFsignal_PIPIEE_2_run3.root, root/scan1dDatasetsPlugin_PDF_Dataset_BFsignal_PIPIEE_2/scan1dDatasetsPlugin_PDF_Dataset_BFsignal_PIPIEE_2_run4.root, root/scan1dDatasetsPlugin_PDF_Dataset_BFsignal_PIPIEE_3/scan1dDatasetsPlugin_PDF_Dataset_BFsignal_PIPIEE_3_run0.root, root/scan1dDatasetsPlugin_PDF_Dataset_BFsignal_PIPIEE_3/scan1dDatasetsPlugin_PDF_Dataset_BFsignal_PIPIEE_3_run1.root, root/scan1dDatasetsPlugin_PDF_Dataset_BFsignal_PIPIEE_3/scan1dDatasetsPlugin_PDF_Dataset_BFsignal_PIPIEE_3_run2.root, root/scan1dDatasetsPlugin_PDF_Dataset_BFsignal_PIPIEE_3/scan1dDatasetsPlugin_PDF_Dataset_BFsignal_PIPIEE_3_run3.root, root/scan1dDatasetsPlugin_PDF_Dataset_BFsignal_PIPIEE_3/scan1dDatasetsPlugin_PDF_Dataset_BFsignal_PIPIEE_3_run4.root, root/scan1dDatasetsPlugin_PDF_Dataset_BFsignal_PIPIEE_4/scan1dDatasetsPlugin_PDF_Dataset_BFsignal_PIPIEE_4_run0.root, root/scan1dDatasetsPlugin_PDF_Dataset_BFsignal_PIPIEE_4/scan1dDatasetsPlugin_PDF_Dataset_BFsignal_PIPIEE_4_run1.root, root/scan1dDatasetsPlugin_PDF_Dataset_BFsignal_PIPIEE_4/scan1dDatasetsPlugin_PDF_Dataset_BFsignal_PIPIEE_4_run2.root, root/scan1dDatasetsPlugin_PDF_Dataset_BFsignal_PIPIEE_4/scan1dDatasetsPlugin_PDF_Dataset_BFsignal_PIPIEE_4_run3.root, root/scan1dDatasetsPlugin_PDF_Dataset_BFsignal_PIPIEE_4/scan1dDatasetsPlugin_PDF_Dataset_BFsignal_PIPIEE_4_run4.root, root/scan1dDatasetsPlugin_PDF_Dataset_BFsignal_KKEE_0/scan1dDatasetsPlugin_PDF_Dataset_BFsignal_KKEE_0_run0.root, root/scan1dDatasetsPlugin_PDF_Dataset_BFsignal_KKEE_0/scan1dDatasetsPlugin_PDF_Dataset_BFsignal_KKEE_0_run1.root, root/scan1dDatasetsPlugin_PDF_Dataset_BFsignal_KKEE_0/scan1dDatasetsPlugin_PDF_Dataset_BFsignal_KKEE_0_run2.root, root/scan1dDatasetsPlugin_PDF_Dataset_BFsignal_KKEE_0/scan1dDatasetsPlugin_PDF_Dataset_BFsignal_KKEE_0_run3.root, root/scan1dDatasetsPlugin_PDF_Dataset_BFsignal_KKEE_0/scan1dDatasetsPlugin_PDF_Dataset_BFsignal_KKEE_0_run4.root, root/scan1dDatasetsPlugin_PDF_Dataset_BFsignal_KKEE_1/scan1dDatasetsPlugin_PDF_Dataset_BFsignal_KKEE_1_run0.root, root/scan1dDatasetsPlugin_PDF_Dataset_BFsignal_KKEE_1/scan1dDatasetsPlugin_PDF_Dataset_BFsignal_KKEE_1_run1.root, root/scan1dDatasetsPlugin_PDF_Dataset_BFsignal_KKEE_1/scan1dDatasetsPlugin_PDF_Dataset_BFsignal_KKEE_1_run2.root, root/scan1dDatasetsPlugin_PDF_Dataset_BFsignal_KKEE_1/scan1dDatasetsPlugin_PDF_Dataset_BFsignal_KKEE_1_run3.root, root/scan1dDatasetsPlugin_PDF_Dataset_BFsignal_KKEE_1/scan1dDatasetsPlugin_PDF_Dataset_BFsignal_KKEE_1_run4.root, root/scan1dDatasetsPlugin_PDF_Dataset_BFsignal_KKEE_2/scan1dDatasetsPlugin_PDF_Dataset_BFsignal_KKEE_2_run0.root, root/scan1dDatasetsPlugin_PDF_Dataset_BFsignal_KKEE_2/scan1dDatasetsPlugin_PDF_Dataset_BFsignal_KKEE_2_run1.root, root/scan1dDatasetsPlugin_PDF_Dataset_BFsignal_KKEE_2/scan1dDatasetsPlugin_PDF_Dataset_BFsignal_KKEE_2_run2.root, root/scan1dDatasetsPlugin_PDF_Dataset_BFsignal_KKEE_2/scan1dDatasetsPlugin_PDF_Dataset_BFsignal_KKEE_2_run3.root, root/scan1dDatasetsPlugin_PDF_Dataset_BFsignal_KKEE_2/scan1dDatasetsPlugin_PDF_Dataset_BFsignal_KKEE_2_run4.root
    output: plots/cl/clintervals_PDF_Dataset_BFsignal_PIPIEE_0_DatasetsPlugin.py, plots/cl/clintervals_PDF_Dataset_BFsignal_PIPIEE_0_DatasetsPlugin_CLs2.py, plots/cl/clintervals_PDF_Dataset_BFsignal_PIPIEE_0_DatasetsPlugin_expected_standardCLs.py
    log: tutorial_dataset_plugin_PDF_Dataset_BFsignal_PIPIEE_0.log
    jobid: 39
    reason: Input files updated by another job: root/scan1dDatasetsPlugin_PDF_Dataset_BFsignal_PIPIEE_2/scan1dDatasetsPlugin_PDF_Dataset_BFsignal_PIPIEE_2_run3.root, root/scan1dDatasetsPlugin_PDF_Dataset_BFsignal_PIPIEE_4/scan1dDatasetsPlugin_PDF_Dataset_BFsignal_PIPIEE_4_run0.root, root/scan1dDatasetsPlugin_PDF_Dataset_BFsignal_KKEE_1/scan1dDatasetsPlugin_PDF_Dataset_BFsignal_KKEE_1_run2.root, root/scan1dDatasetsPlugin_PDF_Dataset_BFsignal_KKEE_1/scan1dDatasetsPlugin_PDF_Dataset_BFsignal_KKEE_1_run4.root, root/scan1dDatasetsPlugin_PDF_Dataset_BFsignal_PIPIEE_4/scan1dDatasetsPlugin_PDF_Dataset_BFsignal_PIPIEE_4_run2.root, root/scan1dDatasetsPlugin_PDF_Dataset_BFsignal_PIPIEE_2/scan1dDatasetsPlugin_PDF_Dataset_BFsignal_PIPIEE_2_run4.root, root/scan1dDatasetsPlugin_PDF_Dataset_BFsignal_PIPIEE_2/scan1dDatasetsPlugin_PDF_Dataset_BFsignal_PIPIEE_2_run1.root, root/scan1dDatasetsPlugin_PDF_Dataset_BFsignal_KKEE_1/scan1dDatasetsPlugin_PDF_Dataset_BFsignal_KKEE_1_run3.root, root/scan1dDatasetsPlugin_PDF_Dataset_BFsignal_PIPIEE_2/scan1dDatasetsPlugin_PDF_Dataset_BFsignal_PIPIEE_2_run2.root, root/scan1dDatasetsPlugin_PDF_Dataset_BFsignal_PIPIEE_3/scan1dDatasetsPlugin_PDF_Dataset_BFsignal_PIPIEE_3_run0.root, root/scan1dDatasetsPlugin_PDF_Dataset_BFsignal_PIPIEE_0/scan1dDatasetsPlugin_PDF_Dataset_BFsignal_PIPIEE_0_run3.root, root/scan1dDatasetsPlugin_PDF_Dataset_BFsignal_KKEE_1/scan1dDatasetsPlugin_PDF_Dataset_BFsignal_KKEE_1_run1.root, root/scan1dDatasetsPlugin_PDF_Dataset_BFsignal_PIPIEE_1/scan1dDatasetsPlugin_PDF_Dataset_BFsignal_PIPIEE_1_run1.root, root/scan1dDatasetsPlugin_PDF_Dataset_BFsignal_PIPIEE_0/scan1dDatasetsPlugin_PDF_Dataset_BFsignal_PIPIEE_0_run4.root, root/scan1dDatasetsPlugin_PDF_Dataset_BFsignal_PIPIEE_2/scan1dDatasetsPlugin_PDF_Dataset_BFsignal_PIPIEE_2_run0.root, root/scan1dDatasetsPlugin_PDF_Dataset_BFsignal_PIPIEE_4/scan1dDatasetsPlugin_PDF_Dataset_BFsignal_PIPIEE_4_run3.root, root/scan1dDatasetsPlugin_PDF_Dataset_BFsignal_KKEE_2/scan1dDatasetsPlugin_PDF_Dataset_BFsignal_KKEE_2_run1.root, root/scan1dDatasetsPlugin_PDF_Dataset_BFsignal_PIPIEE_0/scan1dDatasetsPlugin_PDF_Dataset_BFsignal_PIPIEE_0_run1.root, root/scan1dDatasetsPlugin_PDF_Dataset_BFsignal_PIPIEE_4/scan1dDatasetsPlugin_PDF_Dataset_BFsignal_PIPIEE_4_run4.root, root/scan1dDatasetsPlugin_PDF_Dataset_BFsignal_PIPIEE_4/scan1dDatasetsPlugin_PDF_Dataset_BFsignal_PIPIEE_4_run1.root
    wildcards: name=PDF_Dataset, var=BFsignal, decay=PIPIEE, bin_number=0
    resources: tmpdir=/tmp/ascarabo

[Mon Mar 27 14:08:12 2023]
Finished job 39.
28 of 30 steps (93%) done
Select jobs to execute...

[Mon Mar 27 14:08:12 2023]
rule run_plugin:
    input: workspace.root, root/scan1dDatasetsProb_PDF_Dataset_50p_BFsignal_PIPIEE_4.root, root/scan1dDatasetsPlugin_PDF_Dataset_BFsignal_PIPIEE_0/scan1dDatasetsPlugin_PDF_Dataset_BFsignal_PIPIEE_0_run0.root, root/scan1dDatasetsPlugin_PDF_Dataset_BFsignal_PIPIEE_0/scan1dDatasetsPlugin_PDF_Dataset_BFsignal_PIPIEE_0_run1.root, root/scan1dDatasetsPlugin_PDF_Dataset_BFsignal_PIPIEE_0/scan1dDatasetsPlugin_PDF_Dataset_BFsignal_PIPIEE_0_run2.root, root/scan1dDatasetsPlugin_PDF_Dataset_BFsignal_PIPIEE_0/scan1dDatasetsPlugin_PDF_Dataset_BFsignal_PIPIEE_0_run3.root, root/scan1dDatasetsPlugin_PDF_Dataset_BFsignal_PIPIEE_0/scan1dDatasetsPlugin_PDF_Dataset_BFsignal_PIPIEE_0_run4.root, root/scan1dDatasetsPlugin_PDF_Dataset_BFsignal_PIPIEE_1/scan1dDatasetsPlugin_PDF_Dataset_BFsignal_PIPIEE_1_run0.root, root/scan1dDatasetsPlugin_PDF_Dataset_BFsignal_PIPIEE_1/scan1dDatasetsPlugin_PDF_Dataset_BFsignal_PIPIEE_1_run1.root, root/scan1dDatasetsPlugin_PDF_Dataset_BFsignal_PIPIEE_1/scan1dDatasetsPlugin_PDF_Dataset_BFsignal_PIPIEE_1_run2.root, root/scan1dDatasetsPlugin_PDF_Dataset_BFsignal_PIPIEE_1/scan1dDatasetsPlugin_PDF_Dataset_BFsignal_PIPIEE_1_run3.root, root/scan1dDatasetsPlugin_PDF_Dataset_BFsignal_PIPIEE_1/scan1dDatasetsPlugin_PDF_Dataset_BFsignal_PIPIEE_1_run4.root, root/scan1dDatasetsPlugin_PDF_Dataset_BFsignal_PIPIEE_2/scan1dDatasetsPlugin_PDF_Dataset_BFsignal_PIPIEE_2_run0.root, root/scan1dDatasetsPlugin_PDF_Dataset_BFsignal_PIPIEE_2/scan1dDatasetsPlugin_PDF_Dataset_BFsignal_PIPIEE_2_run1.root, root/scan1dDatasetsPlugin_PDF_Dataset_BFsignal_PIPIEE_2/scan1dDatasetsPlugin_PDF_Dataset_BFsignal_PIPIEE_2_run2.root, root/scan1dDatasetsPlugin_PDF_Dataset_BFsignal_PIPIEE_2/scan1dDatasetsPlugin_PDF_Dataset_BFsignal_PIPIEE_2_run3.root, root/scan1dDatasetsPlugin_PDF_Dataset_BFsignal_PIPIEE_2/scan1dDatasetsPlugin_PDF_Dataset_BFsignal_PIPIEE_2_run4.root, root/scan1dDatasetsPlugin_PDF_Dataset_BFsignal_PIPIEE_3/scan1dDatasetsPlugin_PDF_Dataset_BFsignal_PIPIEE_3_run0.root, root/scan1dDatasetsPlugin_PDF_Dataset_BFsignal_PIPIEE_3/scan1dDatasetsPlugin_PDF_Dataset_BFsignal_PIPIEE_3_run1.root, root/scan1dDatasetsPlugin_PDF_Dataset_BFsignal_PIPIEE_3/scan1dDatasetsPlugin_PDF_Dataset_BFsignal_PIPIEE_3_run2.root, root/scan1dDatasetsPlugin_PDF_Dataset_BFsignal_PIPIEE_3/scan1dDatasetsPlugin_PDF_Dataset_BFsignal_PIPIEE_3_run3.root, root/scan1dDatasetsPlugin_PDF_Dataset_BFsignal_PIPIEE_3/scan1dDatasetsPlugin_PDF_Dataset_BFsignal_PIPIEE_3_run4.root, root/scan1dDatasetsPlugin_PDF_Dataset_BFsignal_PIPIEE_4/scan1dDatasetsPlugin_PDF_Dataset_BFsignal_PIPIEE_4_run0.root, root/scan1dDatasetsPlugin_PDF_Dataset_BFsignal_PIPIEE_4/scan1dDatasetsPlugin_PDF_Dataset_BFsignal_PIPIEE_4_run1.root, root/scan1dDatasetsPlugin_PDF_Dataset_BFsignal_PIPIEE_4/scan1dDatasetsPlugin_PDF_Dataset_BFsignal_PIPIEE_4_run2.root, root/scan1dDatasetsPlugin_PDF_Dataset_BFsignal_PIPIEE_4/scan1dDatasetsPlugin_PDF_Dataset_BFsignal_PIPIEE_4_run3.root, root/scan1dDatasetsPlugin_PDF_Dataset_BFsignal_PIPIEE_4/scan1dDatasetsPlugin_PDF_Dataset_BFsignal_PIPIEE_4_run4.root, root/scan1dDatasetsPlugin_PDF_Dataset_BFsignal_KKEE_0/scan1dDatasetsPlugin_PDF_Dataset_BFsignal_KKEE_0_run0.root, root/scan1dDatasetsPlugin_PDF_Dataset_BFsignal_KKEE_0/scan1dDatasetsPlugin_PDF_Dataset_BFsignal_KKEE_0_run1.root, root/scan1dDatasetsPlugin_PDF_Dataset_BFsignal_KKEE_0/scan1dDatasetsPlugin_PDF_Dataset_BFsignal_KKEE_0_run2.root, root/scan1dDatasetsPlugin_PDF_Dataset_BFsignal_KKEE_0/scan1dDatasetsPlugin_PDF_Dataset_BFsignal_KKEE_0_run3.root, root/scan1dDatasetsPlugin_PDF_Dataset_BFsignal_KKEE_0/scan1dDatasetsPlugin_PDF_Dataset_BFsignal_KKEE_0_run4.root, root/scan1dDatasetsPlugin_PDF_Dataset_BFsignal_KKEE_1/scan1dDatasetsPlugin_PDF_Dataset_BFsignal_KKEE_1_run0.root, root/scan1dDatasetsPlugin_PDF_Dataset_BFsignal_KKEE_1/scan1dDatasetsPlugin_PDF_Dataset_BFsignal_KKEE_1_run1.root, root/scan1dDatasetsPlugin_PDF_Dataset_BFsignal_KKEE_1/scan1dDatasetsPlugin_PDF_Dataset_BFsignal_KKEE_1_run2.root, root/scan1dDatasetsPlugin_PDF_Dataset_BFsignal_KKEE_1/scan1dDatasetsPlugin_PDF_Dataset_BFsignal_KKEE_1_run3.root, root/scan1dDatasetsPlugin_PDF_Dataset_BFsignal_KKEE_1/scan1dDatasetsPlugin_PDF_Dataset_BFsignal_KKEE_1_run4.root, root/scan1dDatasetsPlugin_PDF_Dataset_BFsignal_KKEE_2/scan1dDatasetsPlugin_PDF_Dataset_BFsignal_KKEE_2_run0.root, root/scan1dDatasetsPlugin_PDF_Dataset_BFsignal_KKEE_2/scan1dDatasetsPlugin_PDF_Dataset_BFsignal_KKEE_2_run1.root, root/scan1dDatasetsPlugin_PDF_Dataset_BFsignal_KKEE_2/scan1dDatasetsPlugin_PDF_Dataset_BFsignal_KKEE_2_run2.root, root/scan1dDatasetsPlugin_PDF_Dataset_BFsignal_KKEE_2/scan1dDatasetsPlugin_PDF_Dataset_BFsignal_KKEE_2_run3.root, root/scan1dDatasetsPlugin_PDF_Dataset_BFsignal_KKEE_2/scan1dDatasetsPlugin_PDF_Dataset_BFsignal_KKEE_2_run4.root
    output: plots/cl/clintervals_PDF_Dataset_BFsignal_PIPIEE_4_DatasetsPlugin.py, plots/cl/clintervals_PDF_Dataset_BFsignal_PIPIEE_4_DatasetsPlugin_CLs2.py, plots/cl/clintervals_PDF_Dataset_BFsignal_PIPIEE_4_DatasetsPlugin_expected_standardCLs.py
    log: tutorial_dataset_plugin_PDF_Dataset_BFsignal_PIPIEE_4.log
    jobid: 61
    reason: Input files updated by another job: root/scan1dDatasetsPlugin_PDF_Dataset_BFsignal_PIPIEE_2/scan1dDatasetsPlugin_PDF_Dataset_BFsignal_PIPIEE_2_run3.root, root/scan1dDatasetsPlugin_PDF_Dataset_BFsignal_PIPIEE_4/scan1dDatasetsPlugin_PDF_Dataset_BFsignal_PIPIEE_4_run0.root, root/scan1dDatasetsPlugin_PDF_Dataset_BFsignal_KKEE_1/scan1dDatasetsPlugin_PDF_Dataset_BFsignal_KKEE_1_run2.root, root/scan1dDatasetsPlugin_PDF_Dataset_BFsignal_KKEE_1/scan1dDatasetsPlugin_PDF_Dataset_BFsignal_KKEE_1_run4.root, root/scan1dDatasetsPlugin_PDF_Dataset_BFsignal_PIPIEE_4/scan1dDatasetsPlugin_PDF_Dataset_BFsignal_PIPIEE_4_run2.root, root/scan1dDatasetsPlugin_PDF_Dataset_BFsignal_PIPIEE_2/scan1dDatasetsPlugin_PDF_Dataset_BFsignal_PIPIEE_2_run4.root, root/scan1dDatasetsPlugin_PDF_Dataset_BFsignal_PIPIEE_2/scan1dDatasetsPlugin_PDF_Dataset_BFsignal_PIPIEE_2_run1.root, root/scan1dDatasetsPlugin_PDF_Dataset_BFsignal_KKEE_1/scan1dDatasetsPlugin_PDF_Dataset_BFsignal_KKEE_1_run3.root, root/scan1dDatasetsPlugin_PDF_Dataset_BFsignal_PIPIEE_2/scan1dDatasetsPlugin_PDF_Dataset_BFsignal_PIPIEE_2_run2.root, root/scan1dDatasetsPlugin_PDF_Dataset_BFsignal_PIPIEE_3/scan1dDatasetsPlugin_PDF_Dataset_BFsignal_PIPIEE_3_run0.root, root/scan1dDatasetsPlugin_PDF_Dataset_BFsignal_PIPIEE_0/scan1dDatasetsPlugin_PDF_Dataset_BFsignal_PIPIEE_0_run3.root, root/scan1dDatasetsPlugin_PDF_Dataset_BFsignal_KKEE_1/scan1dDatasetsPlugin_PDF_Dataset_BFsignal_KKEE_1_run1.root, root/scan1dDatasetsPlugin_PDF_Dataset_BFsignal_PIPIEE_1/scan1dDatasetsPlugin_PDF_Dataset_BFsignal_PIPIEE_1_run1.root, root/scan1dDatasetsPlugin_PDF_Dataset_BFsignal_PIPIEE_0/scan1dDatasetsPlugin_PDF_Dataset_BFsignal_PIPIEE_0_run4.root, root/scan1dDatasetsPlugin_PDF_Dataset_BFsignal_PIPIEE_2/scan1dDatasetsPlugin_PDF_Dataset_BFsignal_PIPIEE_2_run0.root, root/scan1dDatasetsPlugin_PDF_Dataset_BFsignal_PIPIEE_4/scan1dDatasetsPlugin_PDF_Dataset_BFsignal_PIPIEE_4_run3.root, root/scan1dDatasetsProb_PDF_Dataset_50p_BFsignal_PIPIEE_4.root, root/scan1dDatasetsPlugin_PDF_Dataset_BFsignal_KKEE_2/scan1dDatasetsPlugin_PDF_Dataset_BFsignal_KKEE_2_run1.root, root/scan1dDatasetsPlugin_PDF_Dataset_BFsignal_PIPIEE_0/scan1dDatasetsPlugin_PDF_Dataset_BFsignal_PIPIEE_0_run1.root, root/scan1dDatasetsPlugin_PDF_Dataset_BFsignal_PIPIEE_4/scan1dDatasetsPlugin_PDF_Dataset_BFsignal_PIPIEE_4_run4.root, root/scan1dDatasetsPlugin_PDF_Dataset_BFsignal_PIPIEE_4/scan1dDatasetsPlugin_PDF_Dataset_BFsignal_PIPIEE_4_run1.root
    wildcards: name=PDF_Dataset, var=BFsignal, decay=PIPIEE, bin_number=4
    resources: tmpdir=/tmp/ascarabo

[Mon Mar 27 14:08:13 2023]
Finished job 61.
29 of 30 steps (97%) done
Select jobs to execute...

[Mon Mar 27 14:08:13 2023]
localrule all:
    input: workspace_PIPIEE_0.root, workspace_PIPIEE_1.root, workspace_PIPIEE_2.root, workspace_PIPIEE_3.root, workspace_PIPIEE_4.root, workspace_KKEE_0.root, workspace_KKEE_1.root, workspace_KKEE_2.root, root/scan1dDatasetsProb_PDF_Dataset_50p_BFsignal_PIPIEE_0.root, root/scan1dDatasetsProb_PDF_Dataset_50p_BFsignal_PIPIEE_1.root, root/scan1dDatasetsProb_PDF_Dataset_50p_BFsignal_PIPIEE_2.root, root/scan1dDatasetsProb_PDF_Dataset_50p_BFsignal_PIPIEE_3.root, root/scan1dDatasetsProb_PDF_Dataset_50p_BFsignal_PIPIEE_4.root, root/scan1dDatasetsPlugin_PDF_Dataset_BFsignal_PIPIEE_0/scan1dDatasetsPlugin_PDF_Dataset_BFsignal_PIPIEE_0_run0.root, root/scan1dDatasetsPlugin_PDF_Dataset_BFsignal_PIPIEE_0/scan1dDatasetsPlugin_PDF_Dataset_BFsignal_PIPIEE_0_run1.root, root/scan1dDatasetsPlugin_PDF_Dataset_BFsignal_PIPIEE_0/scan1dDatasetsPlugin_PDF_Dataset_BFsignal_PIPIEE_0_run2.root, root/scan1dDatasetsPlugin_PDF_Dataset_BFsignal_PIPIEE_0/scan1dDatasetsPlugin_PDF_Dataset_BFsignal_PIPIEE_0_run3.root, root/scan1dDatasetsPlugin_PDF_Dataset_BFsignal_PIPIEE_0/scan1dDatasetsPlugin_PDF_Dataset_BFsignal_PIPIEE_0_run4.root, root/scan1dDatasetsPlugin_PDF_Dataset_BFsignal_PIPIEE_1/scan1dDatasetsPlugin_PDF_Dataset_BFsignal_PIPIEE_1_run0.root, root/scan1dDatasetsPlugin_PDF_Dataset_BFsignal_PIPIEE_1/scan1dDatasetsPlugin_PDF_Dataset_BFsignal_PIPIEE_1_run1.root, root/scan1dDatasetsPlugin_PDF_Dataset_BFsignal_PIPIEE_1/scan1dDatasetsPlugin_PDF_Dataset_BFsignal_PIPIEE_1_run2.root, root/scan1dDatasetsPlugin_PDF_Dataset_BFsignal_PIPIEE_1/scan1dDatasetsPlugin_PDF_Dataset_BFsignal_PIPIEE_1_run3.root, root/scan1dDatasetsPlugin_PDF_Dataset_BFsignal_PIPIEE_1/scan1dDatasetsPlugin_PDF_Dataset_BFsignal_PIPIEE_1_run4.root, root/scan1dDatasetsPlugin_PDF_Dataset_BFsignal_PIPIEE_2/scan1dDatasetsPlugin_PDF_Dataset_BFsignal_PIPIEE_2_run0.root, root/scan1dDatasetsPlugin_PDF_Dataset_BFsignal_PIPIEE_2/scan1dDatasetsPlugin_PDF_Dataset_BFsignal_PIPIEE_2_run1.root, root/scan1dDatasetsPlugin_PDF_Dataset_BFsignal_PIPIEE_2/scan1dDatasetsPlugin_PDF_Dataset_BFsignal_PIPIEE_2_run2.root, root/scan1dDatasetsPlugin_PDF_Dataset_BFsignal_PIPIEE_2/scan1dDatasetsPlugin_PDF_Dataset_BFsignal_PIPIEE_2_run3.root, root/scan1dDatasetsPlugin_PDF_Dataset_BFsignal_PIPIEE_2/scan1dDatasetsPlugin_PDF_Dataset_BFsignal_PIPIEE_2_run4.root, root/scan1dDatasetsPlugin_PDF_Dataset_BFsignal_PIPIEE_3/scan1dDatasetsPlugin_PDF_Dataset_BFsignal_PIPIEE_3_run0.root, root/scan1dDatasetsPlugin_PDF_Dataset_BFsignal_PIPIEE_3/scan1dDatasetsPlugin_PDF_Dataset_BFsignal_PIPIEE_3_run1.root, root/scan1dDatasetsPlugin_PDF_Dataset_BFsignal_PIPIEE_3/scan1dDatasetsPlugin_PDF_Dataset_BFsignal_PIPIEE_3_run2.root, root/scan1dDatasetsPlugin_PDF_Dataset_BFsignal_PIPIEE_3/scan1dDatasetsPlugin_PDF_Dataset_BFsignal_PIPIEE_3_run3.root, root/scan1dDatasetsPlugin_PDF_Dataset_BFsignal_PIPIEE_3/scan1dDatasetsPlugin_PDF_Dataset_BFsignal_PIPIEE_3_run4.root, root/scan1dDatasetsPlugin_PDF_Dataset_BFsignal_PIPIEE_4/scan1dDatasetsPlugin_PDF_Dataset_BFsignal_PIPIEE_4_run0.root, root/scan1dDatasetsPlugin_PDF_Dataset_BFsignal_PIPIEE_4/scan1dDatasetsPlugin_PDF_Dataset_BFsignal_PIPIEE_4_run1.root, root/scan1dDatasetsPlugin_PDF_Dataset_BFsignal_PIPIEE_4/scan1dDatasetsPlugin_PDF_Dataset_BFsignal_PIPIEE_4_run2.root, root/scan1dDatasetsPlugin_PDF_Dataset_BFsignal_PIPIEE_4/scan1dDatasetsPlugin_PDF_Dataset_BFsignal_PIPIEE_4_run3.root, root/scan1dDatasetsPlugin_PDF_Dataset_BFsignal_PIPIEE_4/scan1dDatasetsPlugin_PDF_Dataset_BFsignal_PIPIEE_4_run4.root, plots/cl/clintervals_PDF_Dataset_BFsignal_PIPIEE_0_DatasetsPlugin.py, plots/cl/clintervals_PDF_Dataset_BFsignal_PIPIEE_1_DatasetsPlugin.py, plots/cl/clintervals_PDF_Dataset_BFsignal_PIPIEE_2_DatasetsPlugin.py, plots/cl/clintervals_PDF_Dataset_BFsignal_PIPIEE_3_DatasetsPlugin.py, plots/cl/clintervals_PDF_Dataset_BFsignal_PIPIEE_4_DatasetsPlugin.py, plots/cl/clintervals_PDF_Dataset_BFsignal_PIPIEE_0_DatasetsPlugin_CLs2.py, plots/cl/clintervals_PDF_Dataset_BFsignal_PIPIEE_1_DatasetsPlugin_CLs2.py, plots/cl/clintervals_PDF_Dataset_BFsignal_PIPIEE_2_DatasetsPlugin_CLs2.py, plots/cl/clintervals_PDF_Dataset_BFsignal_PIPIEE_3_DatasetsPlugin_CLs2.py, plots/cl/clintervals_PDF_Dataset_BFsignal_PIPIEE_4_DatasetsPlugin_CLs2.py, plots/cl/clintervals_PDF_Dataset_BFsignal_PIPIEE_0_DatasetsPlugin_expected_standardCLs.py, plots/cl/clintervals_PDF_Dataset_BFsignal_PIPIEE_1_DatasetsPlugin_expected_standardCLs.py, plots/cl/clintervals_PDF_Dataset_BFsignal_PIPIEE_2_DatasetsPlugin_expected_standardCLs.py, plots/cl/clintervals_PDF_Dataset_BFsignal_PIPIEE_3_DatasetsPlugin_expected_standardCLs.py, plots/cl/clintervals_PDF_Dataset_BFsignal_PIPIEE_4_DatasetsPlugin_expected_standardCLs.py, root/scan1dDatasetsProb_PDF_Dataset_50p_BFsignal_KKEE_0.root, root/scan1dDatasetsProb_PDF_Dataset_50p_BFsignal_KKEE_1.root, root/scan1dDatasetsProb_PDF_Dataset_50p_BFsignal_KKEE_2.root, root/scan1dDatasetsPlugin_PDF_Dataset_BFsignal_KKEE_0/scan1dDatasetsPlugin_PDF_Dataset_BFsignal_KKEE_0_run0.root, root/scan1dDatasetsPlugin_PDF_Dataset_BFsignal_KKEE_0/scan1dDatasetsPlugin_PDF_Dataset_BFsignal_KKEE_0_run1.root, root/scan1dDatasetsPlugin_PDF_Dataset_BFsignal_KKEE_0/scan1dDatasetsPlugin_PDF_Dataset_BFsignal_KKEE_0_run2.root, root/scan1dDatasetsPlugin_PDF_Dataset_BFsignal_KKEE_0/scan1dDatasetsPlugin_PDF_Dataset_BFsignal_KKEE_0_run3.root, root/scan1dDatasetsPlugin_PDF_Dataset_BFsignal_KKEE_0/scan1dDatasetsPlugin_PDF_Dataset_BFsignal_KKEE_0_run4.root, root/scan1dDatasetsPlugin_PDF_Dataset_BFsignal_KKEE_1/scan1dDatasetsPlugin_PDF_Dataset_BFsignal_KKEE_1_run0.root, root/scan1dDatasetsPlugin_PDF_Dataset_BFsignal_KKEE_1/scan1dDatasetsPlugin_PDF_Dataset_BFsignal_KKEE_1_run1.root, root/scan1dDatasetsPlugin_PDF_Dataset_BFsignal_KKEE_1/scan1dDatasetsPlugin_PDF_Dataset_BFsignal_KKEE_1_run2.root, root/scan1dDatasetsPlugin_PDF_Dataset_BFsignal_KKEE_1/scan1dDatasetsPlugin_PDF_Dataset_BFsignal_KKEE_1_run3.root, root/scan1dDatasetsPlugin_PDF_Dataset_BFsignal_KKEE_1/scan1dDatasetsPlugin_PDF_Dataset_BFsignal_KKEE_1_run4.root, root/scan1dDatasetsPlugin_PDF_Dataset_BFsignal_KKEE_2/scan1dDatasetsPlugin_PDF_Dataset_BFsignal_KKEE_2_run0.root, root/scan1dDatasetsPlugin_PDF_Dataset_BFsignal_KKEE_2/scan1dDatasetsPlugin_PDF_Dataset_BFsignal_KKEE_2_run1.root, root/scan1dDatasetsPlugin_PDF_Dataset_BFsignal_KKEE_2/scan1dDatasetsPlugin_PDF_Dataset_BFsignal_KKEE_2_run2.root, root/scan1dDatasetsPlugin_PDF_Dataset_BFsignal_KKEE_2/scan1dDatasetsPlugin_PDF_Dataset_BFsignal_KKEE_2_run3.root, root/scan1dDatasetsPlugin_PDF_Dataset_BFsignal_KKEE_2/scan1dDatasetsPlugin_PDF_Dataset_BFsignal_KKEE_2_run4.root, plots/cl/clintervals_PDF_Dataset_BFsignal_KKEE_0_DatasetsPlugin.py, plots/cl/clintervals_PDF_Dataset_BFsignal_KKEE_1_DatasetsPlugin.py, plots/cl/clintervals_PDF_Dataset_BFsignal_KKEE_2_DatasetsPlugin.py, plots/cl/clintervals_PDF_Dataset_BFsignal_KKEE_0_DatasetsPlugin_CLs2.py, plots/cl/clintervals_PDF_Dataset_BFsignal_KKEE_1_DatasetsPlugin_CLs2.py, plots/cl/clintervals_PDF_Dataset_BFsignal_KKEE_2_DatasetsPlugin_CLs2.py, plots/cl/clintervals_PDF_Dataset_BFsignal_KKEE_0_DatasetsPlugin_expected_standardCLs.py, plots/cl/clintervals_PDF_Dataset_BFsignal_KKEE_1_DatasetsPlugin_expected_standardCLs.py, plots/cl/clintervals_PDF_Dataset_BFsignal_KKEE_2_DatasetsPlugin_expected_standardCLs.py
    jobid: 0
    reason: Input files updated by another job: root/scan1dDatasetsPlugin_PDF_Dataset_BFsignal_PIPIEE_2/scan1dDatasetsPlugin_PDF_Dataset_BFsignal_PIPIEE_2_run3.root, root/scan1dDatasetsPlugin_PDF_Dataset_BFsignal_PIPIEE_4/scan1dDatasetsPlugin_PDF_Dataset_BFsignal_PIPIEE_4_run0.root, plots/cl/clintervals_PDF_Dataset_BFsignal_KKEE_2_DatasetsPlugin.py, plots/cl/clintervals_PDF_Dataset_BFsignal_PIPIEE_2_DatasetsPlugin_expected_standardCLs.py, root/scan1dDatasetsPlugin_PDF_Dataset_BFsignal_KKEE_1/scan1dDatasetsPlugin_PDF_Dataset_BFsignal_KKEE_1_run2.root, plots/cl/clintervals_PDF_Dataset_BFsignal_KKEE_1_DatasetsPlugin_CLs2.py, plots/cl/clintervals_PDF_Dataset_BFsignal_KKEE_2_DatasetsPlugin_CLs2.py, root/scan1dDatasetsPlugin_PDF_Dataset_BFsignal_KKEE_1/scan1dDatasetsPlugin_PDF_Dataset_BFsignal_KKEE_1_run4.root, plots/cl/clintervals_PDF_Dataset_BFsignal_KKEE_0_DatasetsPlugin_CLs2.py, root/scan1dDatasetsPlugin_PDF_Dataset_BFsignal_PIPIEE_2/scan1dDatasetsPlugin_PDF_Dataset_BFsignal_PIPIEE_2_run1.root, plots/cl/clintervals_PDF_Dataset_BFsignal_PIPIEE_4_DatasetsPlugin.py, plots/cl/clintervals_PDF_Dataset_BFsignal_PIPIEE_4_DatasetsPlugin_expected_standardCLs.py, root/scan1dDatasetsPlugin_PDF_Dataset_BFsignal_PIPIEE_3/scan1dDatasetsPlugin_PDF_Dataset_BFsignal_PIPIEE_3_run0.root, plots/cl/clintervals_PDF_Dataset_BFsignal_KKEE_1_DatasetsPlugin_expected_standardCLs.py, plots/cl/clintervals_PDF_Dataset_BFsignal_KKEE_0_DatasetsPlugin.py, root/scan1dDatasetsPlugin_PDF_Dataset_BFsignal_PIPIEE_0/scan1dDatasetsPlugin_PDF_Dataset_BFsignal_PIPIEE_0_run4.root, plots/cl/clintervals_PDF_Dataset_BFsignal_PIPIEE_3_DatasetsPlugin_CLs2.py, root/scan1dDatasetsPlugin_PDF_Dataset_BFsignal_PIPIEE_0/scan1dDatasetsPlugin_PDF_Dataset_BFsignal_PIPIEE_0_run1.root, plots/cl/clintervals_PDF_Dataset_BFsignal_PIPIEE_2_DatasetsPlugin_CLs2.py, root/scan1dDatasetsPlugin_PDF_Dataset_BFsignal_PIPIEE_2/scan1dDatasetsPlugin_PDF_Dataset_BFsignal_PIPIEE_2_run2.root, plots/cl/clintervals_PDF_Dataset_BFsignal_PIPIEE_3_DatasetsPlugin_expected_standardCLs.py, plots/cl/clintervals_PDF_Dataset_BFsignal_PIPIEE_3_DatasetsPlugin.py, plots/cl/clintervals_PDF_Dataset_BFsignal_KKEE_2_DatasetsPlugin_expected_standardCLs.py, plots/cl/clintervals_PDF_Dataset_BFsignal_KKEE_1_DatasetsPlugin.py, plots/cl/clintervals_PDF_Dataset_BFsignal_PIPIEE_1_DatasetsPlugin_expected_standardCLs.py, plots/cl/clintervals_PDF_Dataset_BFsignal_PIPIEE_1_DatasetsPlugin_CLs2.py, root/scan1dDatasetsPlugin_PDF_Dataset_BFsignal_PIPIEE_4/scan1dDatasetsPlugin_PDF_Dataset_BFsignal_PIPIEE_4_run2.root, plots/cl/clintervals_PDF_Dataset_BFsignal_PIPIEE_1_DatasetsPlugin.py, root/scan1dDatasetsPlugin_PDF_Dataset_BFsignal_PIPIEE_2/scan1dDatasetsPlugin_PDF_Dataset_BFsignal_PIPIEE_2_run4.root, plots/cl/clintervals_PDF_Dataset_BFsignal_PIPIEE_2_DatasetsPlugin.py, root/scan1dDatasetsPlugin_PDF_Dataset_BFsignal_KKEE_1/scan1dDatasetsPlugin_PDF_Dataset_BFsignal_KKEE_1_run3.root, plots/cl/clintervals_PDF_Dataset_BFsignal_PIPIEE_0_DatasetsPlugin_CLs2.py, plots/cl/clintervals_PDF_Dataset_BFsignal_KKEE_0_DatasetsPlugin_expected_standardCLs.py, root/scan1dDatasetsPlugin_PDF_Dataset_BFsignal_PIPIEE_0/scan1dDatasetsPlugin_PDF_Dataset_BFsignal_PIPIEE_0_run3.root, plots/cl/clintervals_PDF_Dataset_BFsignal_PIPIEE_0_DatasetsPlugin_expected_standardCLs.py, root/scan1dDatasetsPlugin_PDF_Dataset_BFsignal_KKEE_1/scan1dDatasetsPlugin_PDF_Dataset_BFsignal_KKEE_1_run1.root, root/scan1dDatasetsPlugin_PDF_Dataset_BFsignal_PIPIEE_1/scan1dDatasetsPlugin_PDF_Dataset_BFsignal_PIPIEE_1_run1.root, plots/cl/clintervals_PDF_Dataset_BFsignal_PIPIEE_0_DatasetsPlugin.py, root/scan1dDatasetsPlugin_PDF_Dataset_BFsignal_PIPIEE_2/scan1dDatasetsPlugin_PDF_Dataset_BFsignal_PIPIEE_2_run0.root, root/scan1dDatasetsPlugin_PDF_Dataset_BFsignal_PIPIEE_4/scan1dDatasetsPlugin_PDF_Dataset_BFsignal_PIPIEE_4_run3.root, root/scan1dDatasetsProb_PDF_Dataset_50p_BFsignal_PIPIEE_4.root, root/scan1dDatasetsPlugin_PDF_Dataset_BFsignal_KKEE_2/scan1dDatasetsPlugin_PDF_Dataset_BFsignal_KKEE_2_run1.root, plots/cl/clintervals_PDF_Dataset_BFsignal_PIPIEE_4_DatasetsPlugin_CLs2.py, root/scan1dDatasetsPlugin_PDF_Dataset_BFsignal_PIPIEE_4/scan1dDatasetsPlugin_PDF_Dataset_BFsignal_PIPIEE_4_run4.root, root/scan1dDatasetsPlugin_PDF_Dataset_BFsignal_PIPIEE_4/scan1dDatasetsPlugin_PDF_Dataset_BFsignal_PIPIEE_4_run1.root
    resources: tmpdir=/tmp/ascarabo

[Mon Mar 27 14:08:13 2023]
Finished job 0.
30 of 30 steps (100%) done
Complete log: .snakemake/log/2023-03-27T100820.003493.snakemake.log
