Building DAG of jobs...
Using shell: /cvmfs/lhcbdev.cern.ch/conda/envs/default/2023-03-05_13-05/linux-64/bin/bash
Provided cores: 32
Rules claiming more threads will be scaled down.
Job stats:
job           count    min threads    max threads
----------  -------  -------------  -------------
all               1              1              1
build_wspc        6              1              1
total             7              1              1

Select jobs to execute...

[Fri Mar 24 16:30:08 2023]
rule build_wspc:
    output: workspace_PIPIEE_0.root
    log: build_workspace_PIPIEE_0.log
    jobid: 1
    reason: Missing output files: workspace_PIPIEE_0.root
    wildcards: decay=PIPIEE, bin_number=0
    resources: tmpdir=/tmp/ascarabo


[Fri Mar 24 16:30:08 2023]
rule build_wspc:
    output: workspace_PIPIEE_2.root
    log: build_workspace_PIPIEE_2.log
    jobid: 3
    reason: Missing output files: workspace_PIPIEE_2.root
    wildcards: decay=PIPIEE, bin_number=2
    resources: tmpdir=/tmp/ascarabo


[Fri Mar 24 16:30:08 2023]
rule build_wspc:
    output: workspace_PIPIEE_4.root
    log: build_workspace_PIPIEE_4.log
    jobid: 5
    reason: Missing output files: workspace_PIPIEE_4.root
    wildcards: decay=PIPIEE, bin_number=4
    resources: tmpdir=/tmp/ascarabo


[Fri Mar 24 16:30:08 2023]
rule build_wspc:
    output: workspace_PIPIEE_3.root
    log: build_workspace_PIPIEE_3.log
    jobid: 4
    reason: Missing output files: workspace_PIPIEE_3.root
    wildcards: decay=PIPIEE, bin_number=3
    resources: tmpdir=/tmp/ascarabo


[Fri Mar 24 16:30:08 2023]
rule build_wspc:
    output: workspace_KKEE_0.root
    log: build_workspace_KKEE_0.log
    jobid: 6
    reason: Missing output files: workspace_KKEE_0.root
    wildcards: decay=KKEE, bin_number=0
    resources: tmpdir=/tmp/ascarabo


[Fri Mar 24 16:30:08 2023]
rule build_wspc:
    output: workspace_KKEE_2.root
    log: build_workspace_KKEE_2.log
    jobid: 8
    reason: Missing output files: workspace_KKEE_2.root
    wildcards: decay=KKEE, bin_number=2
    resources: tmpdir=/tmp/ascarabo

[Fri Mar 24 16:30:10 2023]
Finished job 4.
1 of 7 steps (14%) done
[Fri Mar 24 16:30:10 2023]
Finished job 6.
2 of 7 steps (29%) done
[Fri Mar 24 16:30:10 2023]
Finished job 5.
3 of 7 steps (43%) done
[Fri Mar 24 16:30:10 2023]
Finished job 8.
4 of 7 steps (57%) done
[Fri Mar 24 16:30:10 2023]
Finished job 1.
5 of 7 steps (71%) done
[Fri Mar 24 16:30:10 2023]
Finished job 3.
6 of 7 steps (86%) done
Select jobs to execute...

[Fri Mar 24 16:30:10 2023]
localrule all:
    input: workspace_PIPIEE_0.root, workspace_PIPIEE_1.root, workspace_PIPIEE_2.root, workspace_PIPIEE_3.root, workspace_PIPIEE_4.root, workspace_KKEE_0.root, workspace_KKEE_1.root, workspace_KKEE_2.root
    jobid: 0
    reason: Input files updated by another job: workspace_PIPIEE_4.root, workspace_PIPIEE_2.root, workspace_PIPIEE_0.root, workspace_KKEE_2.root, workspace_PIPIEE_3.root, workspace_KKEE_0.root
    resources: tmpdir=/tmp/ascarabo

[Fri Mar 24 16:30:10 2023]
Finished job 0.
7 of 7 steps (100%) done
Complete log: .snakemake/log/2023-03-24T163007.466593.snakemake.log
