Building DAG of jobs...
Using shell: /cvmfs/lhcbdev.cern.ch/conda/envs/default/2023-03-05_13-05/linux-64/bin/bash
Provided cores: 1 (use --cores to define parallelism)
Rules claiming more threads will be scaled down.
Job stats:
job                count    min threads    max threads
---------------  -------  -------------  -------------
all                    1              1              1
build_wspc             5              1              1
run_plugin             5              1              1
run_pluginbatch        5              1              1
run_prob               5              1              1
total                 21              1              1

Select jobs to execute...

[Fri Mar 24 18:31:14 2023]
rule build_wspc:
    output: workspace_PIPIEE_3.root
    log: build_workspace_PIPIEE_3.log
    jobid: 4
    reason: Forced execution
    wildcards: decay=PIPIEE, bin_number=3
    resources: tmpdir=/tmp/ascarabo

[Fri Mar 24 18:31:15 2023]
Finished job 4.
1 of 21 steps (5%) done
Select jobs to execute...

[Fri Mar 24 18:31:15 2023]
rule build_wspc:
    output: workspace_PIPIEE_1.root
    log: build_workspace_PIPIEE_1.log
    jobid: 2
    reason: Forced execution
    wildcards: decay=PIPIEE, bin_number=1
    resources: tmpdir=/tmp/ascarabo

[Fri Mar 24 18:31:16 2023]
Finished job 2.
2 of 21 steps (10%) done
Select jobs to execute...

[Fri Mar 24 18:31:16 2023]
rule run_prob:
    input: workspace_PIPIEE_3.root
    output: root/scan1dDatasetsProb_PDF_Dataset_3p_BFsignal_PIPIEE_3.root
    log: tutorial_dataset_prob_PDF_Dataset_3p_BFsignal_PIPIEE_3.log
    jobid: 9
    reason: Input files updated by another job: workspace_PIPIEE_3.root
    wildcards: name=PDF_Dataset, points=3, var=BFsignal, decay=PIPIEE, bin_number=3
    resources: tmpdir=/tmp/ascarabo

[Fri Mar 24 18:31:18 2023]
Finished job 9.
3 of 21 steps (14%) done
Select jobs to execute...

[Fri Mar 24 18:31:18 2023]
rule run_prob:
    input: workspace_PIPIEE_1.root
    output: root/scan1dDatasetsProb_PDF_Dataset_3p_BFsignal_PIPIEE_1.root
    log: tutorial_dataset_prob_PDF_Dataset_3p_BFsignal_PIPIEE_1.log
    jobid: 7
    reason: Missing output files: root/scan1dDatasetsProb_PDF_Dataset_3p_BFsignal_PIPIEE_1.root; Input files updated by another job: workspace_PIPIEE_1.root
    wildcards: name=PDF_Dataset, points=3, var=BFsignal, decay=PIPIEE, bin_number=1
    resources: tmpdir=/tmp/ascarabo

[Fri Mar 24 18:31:20 2023]
Error in rule run_prob:
    jobid: 7
    output: root/scan1dDatasetsProb_PDF_Dataset_3p_BFsignal_PIPIEE_1.root
    log: tutorial_dataset_prob_PDF_Dataset_3p_BFsignal_PIPIEE_1.log (check log file(s) for error message)
    shell:
         bin/tutorial_dataset --var BFsignal --npoints 3 --scanrange 1e-8:1.e-6 --cls 2 --CL 90 --CL 95 --decay PIPIEE --bin 1 > tutorial_dataset_prob_PDF_Dataset_3p_BFsignal_PIPIEE_1.log
        (one of the commands exited with non-zero exit code; note that snakemake uses bash strict mode!)

Removing output files of failed job run_prob since they might be corrupted:
root/scan1dDatasetsProb_PDF_Dataset_3p_BFsignal_PIPIEE_1.root
Shutting down, this might take some time.
Exiting because a job execution failed. Look above for error message
Complete log: .snakemake/log/2023-03-24T183113.665706.snakemake.log
