Building DAG of jobs...
Using shell: /cvmfs/lhcbdev.cern.ch/conda/envs/default/2023-03-05_13-05/linux-64/bin/bash
Provided cores: 1 (use --cores to define parallelism)
Rules claiming more threads will be scaled down.
Job stats:
job           count    min threads    max threads
----------  -------  -------------  -------------
all               1              1              1
build_wspc        2              1              1
run_prob          2              1              1
total             5              1              1

Select jobs to execute...

[Fri Mar 24 18:36:20 2023]
rule build_wspc:
    output: workspace_PIPIEE_0.root
    log: build_workspace_PIPIEE_0.log
    jobid: 1
    reason: Forced execution
    wildcards: decay=PIPIEE, bin_number=0
    resources: tmpdir=/tmp/ascarabo

[Fri Mar 24 18:36:21 2023]
Finished job 1.
1 of 5 steps (20%) done
Select jobs to execute...

[Fri Mar 24 18:36:21 2023]
rule build_wspc:
    output: workspace_PIPIEE_1.root
    log: build_workspace_PIPIEE_1.log
    jobid: 2
    reason: Forced execution
    wildcards: decay=PIPIEE, bin_number=1
    resources: tmpdir=/tmp/ascarabo

[Fri Mar 24 18:36:23 2023]
Finished job 2.
2 of 5 steps (40%) done
Select jobs to execute...

[Fri Mar 24 18:36:23 2023]
rule run_prob:
    input: workspace_PIPIEE_0.root
    output: root/scan1dDatasetsProb_PDF_Dataset_3p_BFsignal_PIPIEE_0.root
    log: tutorial_dataset_prob_PDF_Dataset_3p_BFsignal_PIPIEE_0.log
    jobid: 3
    reason: Input files updated by another job: workspace_PIPIEE_0.root
    wildcards: name=PDF_Dataset, points=3, var=BFsignal, decay=PIPIEE, bin_number=0
    resources: tmpdir=/tmp/ascarabo

[Fri Mar 24 18:36:25 2023]
Finished job 3.
3 of 5 steps (60%) done
Select jobs to execute...

[Fri Mar 24 18:36:25 2023]
rule run_prob:
    input: workspace_PIPIEE_1.root
    output: root/scan1dDatasetsProb_PDF_Dataset_3p_BFsignal_PIPIEE_1.root
    log: tutorial_dataset_prob_PDF_Dataset_3p_BFsignal_PIPIEE_1.log
    jobid: 4
    reason: Input files updated by another job: workspace_PIPIEE_1.root
    wildcards: name=PDF_Dataset, points=3, var=BFsignal, decay=PIPIEE, bin_number=1
    resources: tmpdir=/tmp/ascarabo

[Fri Mar 24 18:36:26 2023]
Finished job 4.
4 of 5 steps (80%) done
Select jobs to execute...

[Fri Mar 24 18:36:26 2023]
localrule all:
    input: workspace_PIPIEE_0.root, workspace_PIPIEE_1.root, root/scan1dDatasetsProb_PDF_Dataset_3p_BFsignal_PIPIEE_0.root, root/scan1dDatasetsProb_PDF_Dataset_3p_BFsignal_PIPIEE_1.root
    jobid: 0
    reason: Input files updated by another job: root/scan1dDatasetsProb_PDF_Dataset_3p_BFsignal_PIPIEE_0.root, root/scan1dDatasetsProb_PDF_Dataset_3p_BFsignal_PIPIEE_1.root, workspace_PIPIEE_1.root, workspace_PIPIEE_0.root
    resources: tmpdir=/tmp/ascarabo

[Fri Mar 24 18:36:26 2023]
Finished job 0.
5 of 5 steps (100%) done
Complete log: .snakemake/log/2023-03-24T183619.747683.snakemake.log
