Building DAG of jobs...
Using shell: /cvmfs/lhcbdev.cern.ch/conda/envs/default/2023-03-05_13-05/linux-64/bin/bash
Provided cores: 32
Rules claiming more threads will be scaled down.
Job stats:
job                count    min threads    max threads
---------------  -------  -------------  -------------
all                    1              1              1
run_plugin             8             32             32
run_pluginbatch        6             32             32
total                 15              1             32

Select jobs to execute...

[Fri Mar 31 09:56:53 2023]
rule run_pluginbatch:
    input: workspace.root, root/scan1dDatasetsProb_PDF_Dataset_50p_BFsignal_PIPIEE_0.root
    output: root/scan1dDatasetsPlugin_PDF_Dataset_BFsignal_PIPIEE_0/scan1dDatasetsPlugin_PDF_Dataset_BFsignal_PIPIEE_0_run4.root
    log: tutorial_dataset_pluginbatch_PDF_Dataset_BFsignal_PIPIEE_0_4.log
    jobid: 18
    reason: Forced execution
    wildcards: name=PDF_Dataset, var=BFsignal, decay=PIPIEE, nbin=0, jobnum=4
    threads: 32
    resources: tmpdir=/tmp/ascarabo

[Fri Mar 31 10:31:47 2023]
Finished job 18.
1 of 15 steps (7%) done
Select jobs to execute...

[Fri Mar 31 10:31:47 2023]
rule run_pluginbatch:
    input: workspace.root, root/scan1dDatasetsProb_PDF_Dataset_50p_BFsignal_KKEE_1.root
    output: root/scan1dDatasetsPlugin_PDF_Dataset_BFsignal_KKEE_1/scan1dDatasetsPlugin_PDF_Dataset_BFsignal_KKEE_1_run3.root
    log: tutorial_dataset_pluginbatch_PDF_Dataset_BFsignal_KKEE_1_3.log
    jobid: 50
    reason: Updated input files: root/scan1dDatasetsProb_PDF_Dataset_50p_BFsignal_KKEE_1.root
    wildcards: name=PDF_Dataset, var=BFsignal, decay=KKEE, nbin=1, jobnum=3
    threads: 32
    resources: tmpdir=/tmp/ascarabo

[Fri Mar 31 10:39:36 2023]
Finished job 50.
2 of 15 steps (13%) done
Select jobs to execute...

[Fri Mar 31 10:39:36 2023]
rule run_pluginbatch:
    input: workspace.root, root/scan1dDatasetsProb_PDF_Dataset_50p_BFsignal_PIPIEE_3.root
    output: root/scan1dDatasetsPlugin_PDF_Dataset_BFsignal_PIPIEE_3/scan1dDatasetsPlugin_PDF_Dataset_BFsignal_PIPIEE_3_run4.root
    log: tutorial_dataset_pluginbatch_PDF_Dataset_BFsignal_PIPIEE_3_4.log
    jobid: 33
    reason: Updated input files: root/scan1dDatasetsProb_PDF_Dataset_50p_BFsignal_PIPIEE_3.root
    wildcards: name=PDF_Dataset, var=BFsignal, decay=PIPIEE, nbin=3, jobnum=4
    threads: 32
    resources: tmpdir=/tmp/ascarabo

[Fri Mar 31 10:51:22 2023]
Finished job 33.
3 of 15 steps (20%) done
Select jobs to execute...

[Fri Mar 31 10:51:22 2023]
rule run_pluginbatch:
    input: workspace.root, root/scan1dDatasetsProb_PDF_Dataset_50p_BFsignal_PIPIEE_0.root
    output: root/scan1dDatasetsPlugin_PDF_Dataset_BFsignal_PIPIEE_0/scan1dDatasetsPlugin_PDF_Dataset_BFsignal_PIPIEE_0_run2.root
    log: tutorial_dataset_pluginbatch_PDF_Dataset_BFsignal_PIPIEE_0_2.log
    jobid: 16
    reason: Updated input files: root/scan1dDatasetsProb_PDF_Dataset_50p_BFsignal_PIPIEE_0.root
    wildcards: name=PDF_Dataset, var=BFsignal, decay=PIPIEE, nbin=0, jobnum=2
    threads: 32
    resources: tmpdir=/tmp/ascarabo

[Fri Mar 31 11:26:40 2023]
Finished job 16.
4 of 15 steps (27%) done
Select jobs to execute...

[Fri Mar 31 11:26:41 2023]
rule run_pluginbatch:
    input: workspace.root, root/scan1dDatasetsProb_PDF_Dataset_50p_BFsignal_PIPIEE_3.root
    output: root/scan1dDatasetsPlugin_PDF_Dataset_BFsignal_PIPIEE_3/scan1dDatasetsPlugin_PDF_Dataset_BFsignal_PIPIEE_3_run0.root
    log: tutorial_dataset_pluginbatch_PDF_Dataset_BFsignal_PIPIEE_3_0.log
    jobid: 29
    reason: Updated input files: root/scan1dDatasetsProb_PDF_Dataset_50p_BFsignal_PIPIEE_3.root
    wildcards: name=PDF_Dataset, var=BFsignal, decay=PIPIEE, nbin=3, jobnum=0
    threads: 32
    resources: tmpdir=/tmp/ascarabo

[Fri Mar 31 11:38:19 2023]
Finished job 29.
5 of 15 steps (33%) done
Select jobs to execute...

[Fri Mar 31 11:38:19 2023]
rule run_pluginbatch:
    input: workspace.root, root/scan1dDatasetsProb_PDF_Dataset_50p_BFsignal_PIPIEE_0.root
    output: root/scan1dDatasetsPlugin_PDF_Dataset_BFsignal_PIPIEE_0/scan1dDatasetsPlugin_PDF_Dataset_BFsignal_PIPIEE_0_run0.root
    log: tutorial_dataset_pluginbatch_PDF_Dataset_BFsignal_PIPIEE_0_0.log
    jobid: 14
    reason: Updated input files: root/scan1dDatasetsProb_PDF_Dataset_50p_BFsignal_PIPIEE_0.root
    wildcards: name=PDF_Dataset, var=BFsignal, decay=PIPIEE, nbin=0, jobnum=0
    threads: 32
    resources: tmpdir=/tmp/ascarabo

[Fri Mar 31 12:13:20 2023]
Finished job 14.
6 of 15 steps (40%) done
Select jobs to execute...

[Fri Mar 31 12:13:20 2023]
rule run_plugin:
    input: workspace.root, root/scan1dDatasetsProb_PDF_Dataset_50p_BFsignal_PIPIEE_2.root, root/scan1dDatasetsPlugin_PDF_Dataset_BFsignal_PIPIEE_0/scan1dDatasetsPlugin_PDF_Dataset_BFsignal_PIPIEE_0_run0.root, root/scan1dDatasetsPlugin_PDF_Dataset_BFsignal_PIPIEE_0/scan1dDatasetsPlugin_PDF_Dataset_BFsignal_PIPIEE_0_run1.root, root/scan1dDatasetsPlugin_PDF_Dataset_BFsignal_PIPIEE_0/scan1dDatasetsPlugin_PDF_Dataset_BFsignal_PIPIEE_0_run2.root, root/scan1dDatasetsPlugin_PDF_Dataset_BFsignal_PIPIEE_0/scan1dDatasetsPlugin_PDF_Dataset_BFsignal_PIPIEE_0_run3.root, root/scan1dDatasetsPlugin_PDF_Dataset_BFsignal_PIPIEE_0/scan1dDatasetsPlugin_PDF_Dataset_BFsignal_PIPIEE_0_run4.root, root/scan1dDatasetsPlugin_PDF_Dataset_BFsignal_PIPIEE_1/scan1dDatasetsPlugin_PDF_Dataset_BFsignal_PIPIEE_1_run0.root, root/scan1dDatasetsPlugin_PDF_Dataset_BFsignal_PIPIEE_1/scan1dDatasetsPlugin_PDF_Dataset_BFsignal_PIPIEE_1_run1.root, root/scan1dDatasetsPlugin_PDF_Dataset_BFsignal_PIPIEE_1/scan1dDatasetsPlugin_PDF_Dataset_BFsignal_PIPIEE_1_run2.root, root/scan1dDatasetsPlugin_PDF_Dataset_BFsignal_PIPIEE_1/scan1dDatasetsPlugin_PDF_Dataset_BFsignal_PIPIEE_1_run3.root, root/scan1dDatasetsPlugin_PDF_Dataset_BFsignal_PIPIEE_1/scan1dDatasetsPlugin_PDF_Dataset_BFsignal_PIPIEE_1_run4.root, root/scan1dDatasetsPlugin_PDF_Dataset_BFsignal_PIPIEE_2/scan1dDatasetsPlugin_PDF_Dataset_BFsignal_PIPIEE_2_run0.root, root/scan1dDatasetsPlugin_PDF_Dataset_BFsignal_PIPIEE_2/scan1dDatasetsPlugin_PDF_Dataset_BFsignal_PIPIEE_2_run1.root, root/scan1dDatasetsPlugin_PDF_Dataset_BFsignal_PIPIEE_2/scan1dDatasetsPlugin_PDF_Dataset_BFsignal_PIPIEE_2_run2.root, root/scan1dDatasetsPlugin_PDF_Dataset_BFsignal_PIPIEE_2/scan1dDatasetsPlugin_PDF_Dataset_BFsignal_PIPIEE_2_run3.root, root/scan1dDatasetsPlugin_PDF_Dataset_BFsignal_PIPIEE_2/scan1dDatasetsPlugin_PDF_Dataset_BFsignal_PIPIEE_2_run4.root, root/scan1dDatasetsPlugin_PDF_Dataset_BFsignal_PIPIEE_3/scan1dDatasetsPlugin_PDF_Dataset_BFsignal_PIPIEE_3_run0.root, root/scan1dDatasetsPlugin_PDF_Dataset_BFsignal_PIPIEE_3/scan1dDatasetsPlugin_PDF_Dataset_BFsignal_PIPIEE_3_run1.root, root/scan1dDatasetsPlugin_PDF_Dataset_BFsignal_PIPIEE_3/scan1dDatasetsPlugin_PDF_Dataset_BFsignal_PIPIEE_3_run2.root, root/scan1dDatasetsPlugin_PDF_Dataset_BFsignal_PIPIEE_3/scan1dDatasetsPlugin_PDF_Dataset_BFsignal_PIPIEE_3_run3.root, root/scan1dDatasetsPlugin_PDF_Dataset_BFsignal_PIPIEE_3/scan1dDatasetsPlugin_PDF_Dataset_BFsignal_PIPIEE_3_run4.root, root/scan1dDatasetsPlugin_PDF_Dataset_BFsignal_PIPIEE_4/scan1dDatasetsPlugin_PDF_Dataset_BFsignal_PIPIEE_4_run0.root, root/scan1dDatasetsPlugin_PDF_Dataset_BFsignal_PIPIEE_4/scan1dDatasetsPlugin_PDF_Dataset_BFsignal_PIPIEE_4_run1.root, root/scan1dDatasetsPlugin_PDF_Dataset_BFsignal_PIPIEE_4/scan1dDatasetsPlugin_PDF_Dataset_BFsignal_PIPIEE_4_run2.root, root/scan1dDatasetsPlugin_PDF_Dataset_BFsignal_PIPIEE_4/scan1dDatasetsPlugin_PDF_Dataset_BFsignal_PIPIEE_4_run3.root, root/scan1dDatasetsPlugin_PDF_Dataset_BFsignal_PIPIEE_4/scan1dDatasetsPlugin_PDF_Dataset_BFsignal_PIPIEE_4_run4.root, root/scan1dDatasetsPlugin_PDF_Dataset_BFsignal_KKEE_0/scan1dDatasetsPlugin_PDF_Dataset_BFsignal_KKEE_0_run0.root, root/scan1dDatasetsPlugin_PDF_Dataset_BFsignal_KKEE_0/scan1dDatasetsPlugin_PDF_Dataset_BFsignal_KKEE_0_run1.root, root/scan1dDatasetsPlugin_PDF_Dataset_BFsignal_KKEE_0/scan1dDatasetsPlugin_PDF_Dataset_BFsignal_KKEE_0_run2.root, root/scan1dDatasetsPlugin_PDF_Dataset_BFsignal_KKEE_0/scan1dDatasetsPlugin_PDF_Dataset_BFsignal_KKEE_0_run3.root, root/scan1dDatasetsPlugin_PDF_Dataset_BFsignal_KKEE_0/scan1dDatasetsPlugin_PDF_Dataset_BFsignal_KKEE_0_run4.root, root/scan1dDatasetsPlugin_PDF_Dataset_BFsignal_KKEE_1/scan1dDatasetsPlugin_PDF_Dataset_BFsignal_KKEE_1_run0.root, root/scan1dDatasetsPlugin_PDF_Dataset_BFsignal_KKEE_1/scan1dDatasetsPlugin_PDF_Dataset_BFsignal_KKEE_1_run1.root, root/scan1dDatasetsPlugin_PDF_Dataset_BFsignal_KKEE_1/scan1dDatasetsPlugin_PDF_Dataset_BFsignal_KKEE_1_run2.root, root/scan1dDatasetsPlugin_PDF_Dataset_BFsignal_KKEE_1/scan1dDatasetsPlugin_PDF_Dataset_BFsignal_KKEE_1_run3.root, root/scan1dDatasetsPlugin_PDF_Dataset_BFsignal_KKEE_1/scan1dDatasetsPlugin_PDF_Dataset_BFsignal_KKEE_1_run4.root, root/scan1dDatasetsPlugin_PDF_Dataset_BFsignal_KKEE_2/scan1dDatasetsPlugin_PDF_Dataset_BFsignal_KKEE_2_run0.root, root/scan1dDatasetsPlugin_PDF_Dataset_BFsignal_KKEE_2/scan1dDatasetsPlugin_PDF_Dataset_BFsignal_KKEE_2_run1.root, root/scan1dDatasetsPlugin_PDF_Dataset_BFsignal_KKEE_2/scan1dDatasetsPlugin_PDF_Dataset_BFsignal_KKEE_2_run2.root, root/scan1dDatasetsPlugin_PDF_Dataset_BFsignal_KKEE_2/scan1dDatasetsPlugin_PDF_Dataset_BFsignal_KKEE_2_run3.root, root/scan1dDatasetsPlugin_PDF_Dataset_BFsignal_KKEE_2/scan1dDatasetsPlugin_PDF_Dataset_BFsignal_KKEE_2_run4.root
    output: plots/cl/clintervals_PDF_Dataset_BFsignal_PIPIEE_2_DatasetsPlugin.py, plots/cl/clintervals_PDF_Dataset_BFsignal_PIPIEE_2_DatasetsPlugin_CLs2.py, plots/cl/clintervals_PDF_Dataset_BFsignal_PIPIEE_2_DatasetsPlugin_expected_standardCLs.py
    log: tutorial_dataset_plugin_PDF_Dataset_BFsignal_PIPIEE_2.log
    jobid: 59
    reason: Input files updated by another job: root/scan1dDatasetsPlugin_PDF_Dataset_BFsignal_PIPIEE_3/scan1dDatasetsPlugin_PDF_Dataset_BFsignal_PIPIEE_3_run0.root, root/scan1dDatasetsPlugin_PDF_Dataset_BFsignal_PIPIEE_0/scan1dDatasetsPlugin_PDF_Dataset_BFsignal_PIPIEE_0_run0.root, root/scan1dDatasetsPlugin_PDF_Dataset_BFsignal_PIPIEE_3/scan1dDatasetsPlugin_PDF_Dataset_BFsignal_PIPIEE_3_run4.root, root/scan1dDatasetsPlugin_PDF_Dataset_BFsignal_KKEE_1/scan1dDatasetsPlugin_PDF_Dataset_BFsignal_KKEE_1_run3.root, root/scan1dDatasetsPlugin_PDF_Dataset_BFsignal_PIPIEE_0/scan1dDatasetsPlugin_PDF_Dataset_BFsignal_PIPIEE_0_run2.root, root/scan1dDatasetsPlugin_PDF_Dataset_BFsignal_PIPIEE_0/scan1dDatasetsPlugin_PDF_Dataset_BFsignal_PIPIEE_0_run4.root
    wildcards: name=PDF_Dataset, var=BFsignal, decay=PIPIEE, bin_number=2
    threads: 32
    resources: tmpdir=/tmp/ascarabo

[Fri Mar 31 12:13:23 2023]
Finished job 59.
7 of 15 steps (47%) done
Select jobs to execute...

[Fri Mar 31 12:13:23 2023]
rule run_plugin:
    input: workspace.root, root/scan1dDatasetsProb_PDF_Dataset_50p_BFsignal_KKEE_2.root, root/scan1dDatasetsPlugin_PDF_Dataset_BFsignal_PIPIEE_0/scan1dDatasetsPlugin_PDF_Dataset_BFsignal_PIPIEE_0_run0.root, root/scan1dDatasetsPlugin_PDF_Dataset_BFsignal_PIPIEE_0/scan1dDatasetsPlugin_PDF_Dataset_BFsignal_PIPIEE_0_run1.root, root/scan1dDatasetsPlugin_PDF_Dataset_BFsignal_PIPIEE_0/scan1dDatasetsPlugin_PDF_Dataset_BFsignal_PIPIEE_0_run2.root, root/scan1dDatasetsPlugin_PDF_Dataset_BFsignal_PIPIEE_0/scan1dDatasetsPlugin_PDF_Dataset_BFsignal_PIPIEE_0_run3.root, root/scan1dDatasetsPlugin_PDF_Dataset_BFsignal_PIPIEE_0/scan1dDatasetsPlugin_PDF_Dataset_BFsignal_PIPIEE_0_run4.root, root/scan1dDatasetsPlugin_PDF_Dataset_BFsignal_PIPIEE_1/scan1dDatasetsPlugin_PDF_Dataset_BFsignal_PIPIEE_1_run0.root, root/scan1dDatasetsPlugin_PDF_Dataset_BFsignal_PIPIEE_1/scan1dDatasetsPlugin_PDF_Dataset_BFsignal_PIPIEE_1_run1.root, root/scan1dDatasetsPlugin_PDF_Dataset_BFsignal_PIPIEE_1/scan1dDatasetsPlugin_PDF_Dataset_BFsignal_PIPIEE_1_run2.root, root/scan1dDatasetsPlugin_PDF_Dataset_BFsignal_PIPIEE_1/scan1dDatasetsPlugin_PDF_Dataset_BFsignal_PIPIEE_1_run3.root, root/scan1dDatasetsPlugin_PDF_Dataset_BFsignal_PIPIEE_1/scan1dDatasetsPlugin_PDF_Dataset_BFsignal_PIPIEE_1_run4.root, root/scan1dDatasetsPlugin_PDF_Dataset_BFsignal_PIPIEE_2/scan1dDatasetsPlugin_PDF_Dataset_BFsignal_PIPIEE_2_run0.root, root/scan1dDatasetsPlugin_PDF_Dataset_BFsignal_PIPIEE_2/scan1dDatasetsPlugin_PDF_Dataset_BFsignal_PIPIEE_2_run1.root, root/scan1dDatasetsPlugin_PDF_Dataset_BFsignal_PIPIEE_2/scan1dDatasetsPlugin_PDF_Dataset_BFsignal_PIPIEE_2_run2.root, root/scan1dDatasetsPlugin_PDF_Dataset_BFsignal_PIPIEE_2/scan1dDatasetsPlugin_PDF_Dataset_BFsignal_PIPIEE_2_run3.root, root/scan1dDatasetsPlugin_PDF_Dataset_BFsignal_PIPIEE_2/scan1dDatasetsPlugin_PDF_Dataset_BFsignal_PIPIEE_2_run4.root, root/scan1dDatasetsPlugin_PDF_Dataset_BFsignal_PIPIEE_3/scan1dDatasetsPlugin_PDF_Dataset_BFsignal_PIPIEE_3_run0.root, root/scan1dDatasetsPlugin_PDF_Dataset_BFsignal_PIPIEE_3/scan1dDatasetsPlugin_PDF_Dataset_BFsignal_PIPIEE_3_run1.root, root/scan1dDatasetsPlugin_PDF_Dataset_BFsignal_PIPIEE_3/scan1dDatasetsPlugin_PDF_Dataset_BFsignal_PIPIEE_3_run2.root, root/scan1dDatasetsPlugin_PDF_Dataset_BFsignal_PIPIEE_3/scan1dDatasetsPlugin_PDF_Dataset_BFsignal_PIPIEE_3_run3.root, root/scan1dDatasetsPlugin_PDF_Dataset_BFsignal_PIPIEE_3/scan1dDatasetsPlugin_PDF_Dataset_BFsignal_PIPIEE_3_run4.root, root/scan1dDatasetsPlugin_PDF_Dataset_BFsignal_PIPIEE_4/scan1dDatasetsPlugin_PDF_Dataset_BFsignal_PIPIEE_4_run0.root, root/scan1dDatasetsPlugin_PDF_Dataset_BFsignal_PIPIEE_4/scan1dDatasetsPlugin_PDF_Dataset_BFsignal_PIPIEE_4_run1.root, root/scan1dDatasetsPlugin_PDF_Dataset_BFsignal_PIPIEE_4/scan1dDatasetsPlugin_PDF_Dataset_BFsignal_PIPIEE_4_run2.root, root/scan1dDatasetsPlugin_PDF_Dataset_BFsignal_PIPIEE_4/scan1dDatasetsPlugin_PDF_Dataset_BFsignal_PIPIEE_4_run3.root, root/scan1dDatasetsPlugin_PDF_Dataset_BFsignal_PIPIEE_4/scan1dDatasetsPlugin_PDF_Dataset_BFsignal_PIPIEE_4_run4.root, root/scan1dDatasetsPlugin_PDF_Dataset_BFsignal_KKEE_0/scan1dDatasetsPlugin_PDF_Dataset_BFsignal_KKEE_0_run0.root, root/scan1dDatasetsPlugin_PDF_Dataset_BFsignal_KKEE_0/scan1dDatasetsPlugin_PDF_Dataset_BFsignal_KKEE_0_run1.root, root/scan1dDatasetsPlugin_PDF_Dataset_BFsignal_KKEE_0/scan1dDatasetsPlugin_PDF_Dataset_BFsignal_KKEE_0_run2.root, root/scan1dDatasetsPlugin_PDF_Dataset_BFsignal_KKEE_0/scan1dDatasetsPlugin_PDF_Dataset_BFsignal_KKEE_0_run3.root, root/scan1dDatasetsPlugin_PDF_Dataset_BFsignal_KKEE_0/scan1dDatasetsPlugin_PDF_Dataset_BFsignal_KKEE_0_run4.root, root/scan1dDatasetsPlugin_PDF_Dataset_BFsignal_KKEE_1/scan1dDatasetsPlugin_PDF_Dataset_BFsignal_KKEE_1_run0.root, root/scan1dDatasetsPlugin_PDF_Dataset_BFsignal_KKEE_1/scan1dDatasetsPlugin_PDF_Dataset_BFsignal_KKEE_1_run1.root, root/scan1dDatasetsPlugin_PDF_Dataset_BFsignal_KKEE_1/scan1dDatasetsPlugin_PDF_Dataset_BFsignal_KKEE_1_run2.root, root/scan1dDatasetsPlugin_PDF_Dataset_BFsignal_KKEE_1/scan1dDatasetsPlugin_PDF_Dataset_BFsignal_KKEE_1_run3.root, root/scan1dDatasetsPlugin_PDF_Dataset_BFsignal_KKEE_1/scan1dDatasetsPlugin_PDF_Dataset_BFsignal_KKEE_1_run4.root, root/scan1dDatasetsPlugin_PDF_Dataset_BFsignal_KKEE_2/scan1dDatasetsPlugin_PDF_Dataset_BFsignal_KKEE_2_run0.root, root/scan1dDatasetsPlugin_PDF_Dataset_BFsignal_KKEE_2/scan1dDatasetsPlugin_PDF_Dataset_BFsignal_KKEE_2_run1.root, root/scan1dDatasetsPlugin_PDF_Dataset_BFsignal_KKEE_2/scan1dDatasetsPlugin_PDF_Dataset_BFsignal_KKEE_2_run2.root, root/scan1dDatasetsPlugin_PDF_Dataset_BFsignal_KKEE_2/scan1dDatasetsPlugin_PDF_Dataset_BFsignal_KKEE_2_run3.root, root/scan1dDatasetsPlugin_PDF_Dataset_BFsignal_KKEE_2/scan1dDatasetsPlugin_PDF_Dataset_BFsignal_KKEE_2_run4.root
    output: plots/cl/clintervals_PDF_Dataset_BFsignal_KKEE_2_DatasetsPlugin.py, plots/cl/clintervals_PDF_Dataset_BFsignal_KKEE_2_DatasetsPlugin_CLs2.py, plots/cl/clintervals_PDF_Dataset_BFsignal_KKEE_2_DatasetsPlugin_expected_standardCLs.py
    log: tutorial_dataset_plugin_PDF_Dataset_BFsignal_KKEE_2.log
    jobid: 64
    reason: Input files updated by another job: root/scan1dDatasetsPlugin_PDF_Dataset_BFsignal_PIPIEE_3/scan1dDatasetsPlugin_PDF_Dataset_BFsignal_PIPIEE_3_run0.root, root/scan1dDatasetsPlugin_PDF_Dataset_BFsignal_PIPIEE_0/scan1dDatasetsPlugin_PDF_Dataset_BFsignal_PIPIEE_0_run0.root, root/scan1dDatasetsPlugin_PDF_Dataset_BFsignal_PIPIEE_3/scan1dDatasetsPlugin_PDF_Dataset_BFsignal_PIPIEE_3_run4.root, root/scan1dDatasetsPlugin_PDF_Dataset_BFsignal_KKEE_1/scan1dDatasetsPlugin_PDF_Dataset_BFsignal_KKEE_1_run3.root, root/scan1dDatasetsPlugin_PDF_Dataset_BFsignal_PIPIEE_0/scan1dDatasetsPlugin_PDF_Dataset_BFsignal_PIPIEE_0_run2.root, root/scan1dDatasetsPlugin_PDF_Dataset_BFsignal_PIPIEE_0/scan1dDatasetsPlugin_PDF_Dataset_BFsignal_PIPIEE_0_run4.root
    wildcards: name=PDF_Dataset, var=BFsignal, decay=KKEE, bin_number=2
    threads: 32
    resources: tmpdir=/tmp/ascarabo

[Fri Mar 31 12:13:25 2023]
Finished job 64.
8 of 15 steps (53%) done
Select jobs to execute...

[Fri Mar 31 12:13:26 2023]
rule run_plugin:
    input: workspace.root, root/scan1dDatasetsProb_PDF_Dataset_50p_BFsignal_KKEE_0.root, root/scan1dDatasetsPlugin_PDF_Dataset_BFsignal_PIPIEE_0/scan1dDatasetsPlugin_PDF_Dataset_BFsignal_PIPIEE_0_run0.root, root/scan1dDatasetsPlugin_PDF_Dataset_BFsignal_PIPIEE_0/scan1dDatasetsPlugin_PDF_Dataset_BFsignal_PIPIEE_0_run1.root, root/scan1dDatasetsPlugin_PDF_Dataset_BFsignal_PIPIEE_0/scan1dDatasetsPlugin_PDF_Dataset_BFsignal_PIPIEE_0_run2.root, root/scan1dDatasetsPlugin_PDF_Dataset_BFsignal_PIPIEE_0/scan1dDatasetsPlugin_PDF_Dataset_BFsignal_PIPIEE_0_run3.root, root/scan1dDatasetsPlugin_PDF_Dataset_BFsignal_PIPIEE_0/scan1dDatasetsPlugin_PDF_Dataset_BFsignal_PIPIEE_0_run4.root, root/scan1dDatasetsPlugin_PDF_Dataset_BFsignal_PIPIEE_1/scan1dDatasetsPlugin_PDF_Dataset_BFsignal_PIPIEE_1_run0.root, root/scan1dDatasetsPlugin_PDF_Dataset_BFsignal_PIPIEE_1/scan1dDatasetsPlugin_PDF_Dataset_BFsignal_PIPIEE_1_run1.root, root/scan1dDatasetsPlugin_PDF_Dataset_BFsignal_PIPIEE_1/scan1dDatasetsPlugin_PDF_Dataset_BFsignal_PIPIEE_1_run2.root, root/scan1dDatasetsPlugin_PDF_Dataset_BFsignal_PIPIEE_1/scan1dDatasetsPlugin_PDF_Dataset_BFsignal_PIPIEE_1_run3.root, root/scan1dDatasetsPlugin_PDF_Dataset_BFsignal_PIPIEE_1/scan1dDatasetsPlugin_PDF_Dataset_BFsignal_PIPIEE_1_run4.root, root/scan1dDatasetsPlugin_PDF_Dataset_BFsignal_PIPIEE_2/scan1dDatasetsPlugin_PDF_Dataset_BFsignal_PIPIEE_2_run0.root, root/scan1dDatasetsPlugin_PDF_Dataset_BFsignal_PIPIEE_2/scan1dDatasetsPlugin_PDF_Dataset_BFsignal_PIPIEE_2_run1.root, root/scan1dDatasetsPlugin_PDF_Dataset_BFsignal_PIPIEE_2/scan1dDatasetsPlugin_PDF_Dataset_BFsignal_PIPIEE_2_run2.root, root/scan1dDatasetsPlugin_PDF_Dataset_BFsignal_PIPIEE_2/scan1dDatasetsPlugin_PDF_Dataset_BFsignal_PIPIEE_2_run3.root, root/scan1dDatasetsPlugin_PDF_Dataset_BFsignal_PIPIEE_2/scan1dDatasetsPlugin_PDF_Dataset_BFsignal_PIPIEE_2_run4.root, root/scan1dDatasetsPlugin_PDF_Dataset_BFsignal_PIPIEE_3/scan1dDatasetsPlugin_PDF_Dataset_BFsignal_PIPIEE_3_run0.root, root/scan1dDatasetsPlugin_PDF_Dataset_BFsignal_PIPIEE_3/scan1dDatasetsPlugin_PDF_Dataset_BFsignal_PIPIEE_3_run1.root, root/scan1dDatasetsPlugin_PDF_Dataset_BFsignal_PIPIEE_3/scan1dDatasetsPlugin_PDF_Dataset_BFsignal_PIPIEE_3_run2.root, root/scan1dDatasetsPlugin_PDF_Dataset_BFsignal_PIPIEE_3/scan1dDatasetsPlugin_PDF_Dataset_BFsignal_PIPIEE_3_run3.root, root/scan1dDatasetsPlugin_PDF_Dataset_BFsignal_PIPIEE_3/scan1dDatasetsPlugin_PDF_Dataset_BFsignal_PIPIEE_3_run4.root, root/scan1dDatasetsPlugin_PDF_Dataset_BFsignal_PIPIEE_4/scan1dDatasetsPlugin_PDF_Dataset_BFsignal_PIPIEE_4_run0.root, root/scan1dDatasetsPlugin_PDF_Dataset_BFsignal_PIPIEE_4/scan1dDatasetsPlugin_PDF_Dataset_BFsignal_PIPIEE_4_run1.root, root/scan1dDatasetsPlugin_PDF_Dataset_BFsignal_PIPIEE_4/scan1dDatasetsPlugin_PDF_Dataset_BFsignal_PIPIEE_4_run2.root, root/scan1dDatasetsPlugin_PDF_Dataset_BFsignal_PIPIEE_4/scan1dDatasetsPlugin_PDF_Dataset_BFsignal_PIPIEE_4_run3.root, root/scan1dDatasetsPlugin_PDF_Dataset_BFsignal_PIPIEE_4/scan1dDatasetsPlugin_PDF_Dataset_BFsignal_PIPIEE_4_run4.root, root/scan1dDatasetsPlugin_PDF_Dataset_BFsignal_KKEE_0/scan1dDatasetsPlugin_PDF_Dataset_BFsignal_KKEE_0_run0.root, root/scan1dDatasetsPlugin_PDF_Dataset_BFsignal_KKEE_0/scan1dDatasetsPlugin_PDF_Dataset_BFsignal_KKEE_0_run1.root, root/scan1dDatasetsPlugin_PDF_Dataset_BFsignal_KKEE_0/scan1dDatasetsPlugin_PDF_Dataset_BFsignal_KKEE_0_run2.root, root/scan1dDatasetsPlugin_PDF_Dataset_BFsignal_KKEE_0/scan1dDatasetsPlugin_PDF_Dataset_BFsignal_KKEE_0_run3.root, root/scan1dDatasetsPlugin_PDF_Dataset_BFsignal_KKEE_0/scan1dDatasetsPlugin_PDF_Dataset_BFsignal_KKEE_0_run4.root, root/scan1dDatasetsPlugin_PDF_Dataset_BFsignal_KKEE_1/scan1dDatasetsPlugin_PDF_Dataset_BFsignal_KKEE_1_run0.root, root/scan1dDatasetsPlugin_PDF_Dataset_BFsignal_KKEE_1/scan1dDatasetsPlugin_PDF_Dataset_BFsignal_KKEE_1_run1.root, root/scan1dDatasetsPlugin_PDF_Dataset_BFsignal_KKEE_1/scan1dDatasetsPlugin_PDF_Dataset_BFsignal_KKEE_1_run2.root, root/scan1dDatasetsPlugin_PDF_Dataset_BFsignal_KKEE_1/scan1dDatasetsPlugin_PDF_Dataset_BFsignal_KKEE_1_run3.root, root/scan1dDatasetsPlugin_PDF_Dataset_BFsignal_KKEE_1/scan1dDatasetsPlugin_PDF_Dataset_BFsignal_KKEE_1_run4.root, root/scan1dDatasetsPlugin_PDF_Dataset_BFsignal_KKEE_2/scan1dDatasetsPlugin_PDF_Dataset_BFsignal_KKEE_2_run0.root, root/scan1dDatasetsPlugin_PDF_Dataset_BFsignal_KKEE_2/scan1dDatasetsPlugin_PDF_Dataset_BFsignal_KKEE_2_run1.root, root/scan1dDatasetsPlugin_PDF_Dataset_BFsignal_KKEE_2/scan1dDatasetsPlugin_PDF_Dataset_BFsignal_KKEE_2_run2.root, root/scan1dDatasetsPlugin_PDF_Dataset_BFsignal_KKEE_2/scan1dDatasetsPlugin_PDF_Dataset_BFsignal_KKEE_2_run3.root, root/scan1dDatasetsPlugin_PDF_Dataset_BFsignal_KKEE_2/scan1dDatasetsPlugin_PDF_Dataset_BFsignal_KKEE_2_run4.root
    output: plots/cl/clintervals_PDF_Dataset_BFsignal_KKEE_0_DatasetsPlugin.py, plots/cl/clintervals_PDF_Dataset_BFsignal_KKEE_0_DatasetsPlugin_CLs2.py, plots/cl/clintervals_PDF_Dataset_BFsignal_KKEE_0_DatasetsPlugin_expected_standardCLs.py
    log: tutorial_dataset_plugin_PDF_Dataset_BFsignal_KKEE_0.log
    jobid: 62
    reason: Input files updated by another job: root/scan1dDatasetsPlugin_PDF_Dataset_BFsignal_PIPIEE_3/scan1dDatasetsPlugin_PDF_Dataset_BFsignal_PIPIEE_3_run0.root, root/scan1dDatasetsPlugin_PDF_Dataset_BFsignal_PIPIEE_0/scan1dDatasetsPlugin_PDF_Dataset_BFsignal_PIPIEE_0_run0.root, root/scan1dDatasetsPlugin_PDF_Dataset_BFsignal_PIPIEE_3/scan1dDatasetsPlugin_PDF_Dataset_BFsignal_PIPIEE_3_run4.root, root/scan1dDatasetsPlugin_PDF_Dataset_BFsignal_KKEE_1/scan1dDatasetsPlugin_PDF_Dataset_BFsignal_KKEE_1_run3.root, root/scan1dDatasetsPlugin_PDF_Dataset_BFsignal_PIPIEE_0/scan1dDatasetsPlugin_PDF_Dataset_BFsignal_PIPIEE_0_run2.root, root/scan1dDatasetsPlugin_PDF_Dataset_BFsignal_PIPIEE_0/scan1dDatasetsPlugin_PDF_Dataset_BFsignal_PIPIEE_0_run4.root
    wildcards: name=PDF_Dataset, var=BFsignal, decay=KKEE, bin_number=0
    threads: 32
    resources: tmpdir=/tmp/ascarabo

[Fri Mar 31 12:13:28 2023]
Finished job 62.
9 of 15 steps (60%) done
Select jobs to execute...

[Fri Mar 31 12:13:28 2023]
rule run_plugin:
    input: workspace.root, root/scan1dDatasetsProb_PDF_Dataset_50p_BFsignal_PIPIEE_3.root, root/scan1dDatasetsPlugin_PDF_Dataset_BFsignal_PIPIEE_0/scan1dDatasetsPlugin_PDF_Dataset_BFsignal_PIPIEE_0_run0.root, root/scan1dDatasetsPlugin_PDF_Dataset_BFsignal_PIPIEE_0/scan1dDatasetsPlugin_PDF_Dataset_BFsignal_PIPIEE_0_run1.root, root/scan1dDatasetsPlugin_PDF_Dataset_BFsignal_PIPIEE_0/scan1dDatasetsPlugin_PDF_Dataset_BFsignal_PIPIEE_0_run2.root, root/scan1dDatasetsPlugin_PDF_Dataset_BFsignal_PIPIEE_0/scan1dDatasetsPlugin_PDF_Dataset_BFsignal_PIPIEE_0_run3.root, root/scan1dDatasetsPlugin_PDF_Dataset_BFsignal_PIPIEE_0/scan1dDatasetsPlugin_PDF_Dataset_BFsignal_PIPIEE_0_run4.root, root/scan1dDatasetsPlugin_PDF_Dataset_BFsignal_PIPIEE_1/scan1dDatasetsPlugin_PDF_Dataset_BFsignal_PIPIEE_1_run0.root, root/scan1dDatasetsPlugin_PDF_Dataset_BFsignal_PIPIEE_1/scan1dDatasetsPlugin_PDF_Dataset_BFsignal_PIPIEE_1_run1.root, root/scan1dDatasetsPlugin_PDF_Dataset_BFsignal_PIPIEE_1/scan1dDatasetsPlugin_PDF_Dataset_BFsignal_PIPIEE_1_run2.root, root/scan1dDatasetsPlugin_PDF_Dataset_BFsignal_PIPIEE_1/scan1dDatasetsPlugin_PDF_Dataset_BFsignal_PIPIEE_1_run3.root, root/scan1dDatasetsPlugin_PDF_Dataset_BFsignal_PIPIEE_1/scan1dDatasetsPlugin_PDF_Dataset_BFsignal_PIPIEE_1_run4.root, root/scan1dDatasetsPlugin_PDF_Dataset_BFsignal_PIPIEE_2/scan1dDatasetsPlugin_PDF_Dataset_BFsignal_PIPIEE_2_run0.root, root/scan1dDatasetsPlugin_PDF_Dataset_BFsignal_PIPIEE_2/scan1dDatasetsPlugin_PDF_Dataset_BFsignal_PIPIEE_2_run1.root, root/scan1dDatasetsPlugin_PDF_Dataset_BFsignal_PIPIEE_2/scan1dDatasetsPlugin_PDF_Dataset_BFsignal_PIPIEE_2_run2.root, root/scan1dDatasetsPlugin_PDF_Dataset_BFsignal_PIPIEE_2/scan1dDatasetsPlugin_PDF_Dataset_BFsignal_PIPIEE_2_run3.root, root/scan1dDatasetsPlugin_PDF_Dataset_BFsignal_PIPIEE_2/scan1dDatasetsPlugin_PDF_Dataset_BFsignal_PIPIEE_2_run4.root, root/scan1dDatasetsPlugin_PDF_Dataset_BFsignal_PIPIEE_3/scan1dDatasetsPlugin_PDF_Dataset_BFsignal_PIPIEE_3_run0.root, root/scan1dDatasetsPlugin_PDF_Dataset_BFsignal_PIPIEE_3/scan1dDatasetsPlugin_PDF_Dataset_BFsignal_PIPIEE_3_run1.root, root/scan1dDatasetsPlugin_PDF_Dataset_BFsignal_PIPIEE_3/scan1dDatasetsPlugin_PDF_Dataset_BFsignal_PIPIEE_3_run2.root, root/scan1dDatasetsPlugin_PDF_Dataset_BFsignal_PIPIEE_3/scan1dDatasetsPlugin_PDF_Dataset_BFsignal_PIPIEE_3_run3.root, root/scan1dDatasetsPlugin_PDF_Dataset_BFsignal_PIPIEE_3/scan1dDatasetsPlugin_PDF_Dataset_BFsignal_PIPIEE_3_run4.root, root/scan1dDatasetsPlugin_PDF_Dataset_BFsignal_PIPIEE_4/scan1dDatasetsPlugin_PDF_Dataset_BFsignal_PIPIEE_4_run0.root, root/scan1dDatasetsPlugin_PDF_Dataset_BFsignal_PIPIEE_4/scan1dDatasetsPlugin_PDF_Dataset_BFsignal_PIPIEE_4_run1.root, root/scan1dDatasetsPlugin_PDF_Dataset_BFsignal_PIPIEE_4/scan1dDatasetsPlugin_PDF_Dataset_BFsignal_PIPIEE_4_run2.root, root/scan1dDatasetsPlugin_PDF_Dataset_BFsignal_PIPIEE_4/scan1dDatasetsPlugin_PDF_Dataset_BFsignal_PIPIEE_4_run3.root, root/scan1dDatasetsPlugin_PDF_Dataset_BFsignal_PIPIEE_4/scan1dDatasetsPlugin_PDF_Dataset_BFsignal_PIPIEE_4_run4.root, root/scan1dDatasetsPlugin_PDF_Dataset_BFsignal_KKEE_0/scan1dDatasetsPlugin_PDF_Dataset_BFsignal_KKEE_0_run0.root, root/scan1dDatasetsPlugin_PDF_Dataset_BFsignal_KKEE_0/scan1dDatasetsPlugin_PDF_Dataset_BFsignal_KKEE_0_run1.root, root/scan1dDatasetsPlugin_PDF_Dataset_BFsignal_KKEE_0/scan1dDatasetsPlugin_PDF_Dataset_BFsignal_KKEE_0_run2.root, root/scan1dDatasetsPlugin_PDF_Dataset_BFsignal_KKEE_0/scan1dDatasetsPlugin_PDF_Dataset_BFsignal_KKEE_0_run3.root, root/scan1dDatasetsPlugin_PDF_Dataset_BFsignal_KKEE_0/scan1dDatasetsPlugin_PDF_Dataset_BFsignal_KKEE_0_run4.root, root/scan1dDatasetsPlugin_PDF_Dataset_BFsignal_KKEE_1/scan1dDatasetsPlugin_PDF_Dataset_BFsignal_KKEE_1_run0.root, root/scan1dDatasetsPlugin_PDF_Dataset_BFsignal_KKEE_1/scan1dDatasetsPlugin_PDF_Dataset_BFsignal_KKEE_1_run1.root, root/scan1dDatasetsPlugin_PDF_Dataset_BFsignal_KKEE_1/scan1dDatasetsPlugin_PDF_Dataset_BFsignal_KKEE_1_run2.root, root/scan1dDatasetsPlugin_PDF_Dataset_BFsignal_KKEE_1/scan1dDatasetsPlugin_PDF_Dataset_BFsignal_KKEE_1_run3.root, root/scan1dDatasetsPlugin_PDF_Dataset_BFsignal_KKEE_1/scan1dDatasetsPlugin_PDF_Dataset_BFsignal_KKEE_1_run4.root, root/scan1dDatasetsPlugin_PDF_Dataset_BFsignal_KKEE_2/scan1dDatasetsPlugin_PDF_Dataset_BFsignal_KKEE_2_run0.root, root/scan1dDatasetsPlugin_PDF_Dataset_BFsignal_KKEE_2/scan1dDatasetsPlugin_PDF_Dataset_BFsignal_KKEE_2_run1.root, root/scan1dDatasetsPlugin_PDF_Dataset_BFsignal_KKEE_2/scan1dDatasetsPlugin_PDF_Dataset_BFsignal_KKEE_2_run2.root, root/scan1dDatasetsPlugin_PDF_Dataset_BFsignal_KKEE_2/scan1dDatasetsPlugin_PDF_Dataset_BFsignal_KKEE_2_run3.root, root/scan1dDatasetsPlugin_PDF_Dataset_BFsignal_KKEE_2/scan1dDatasetsPlugin_PDF_Dataset_BFsignal_KKEE_2_run4.root
    output: plots/cl/clintervals_PDF_Dataset_BFsignal_PIPIEE_3_DatasetsPlugin.py, plots/cl/clintervals_PDF_Dataset_BFsignal_PIPIEE_3_DatasetsPlugin_CLs2.py, plots/cl/clintervals_PDF_Dataset_BFsignal_PIPIEE_3_DatasetsPlugin_expected_standardCLs.py
    log: tutorial_dataset_plugin_PDF_Dataset_BFsignal_PIPIEE_3.log
    jobid: 60
    reason: Input files updated by another job: root/scan1dDatasetsPlugin_PDF_Dataset_BFsignal_PIPIEE_3/scan1dDatasetsPlugin_PDF_Dataset_BFsignal_PIPIEE_3_run0.root, root/scan1dDatasetsPlugin_PDF_Dataset_BFsignal_PIPIEE_0/scan1dDatasetsPlugin_PDF_Dataset_BFsignal_PIPIEE_0_run0.root, root/scan1dDatasetsPlugin_PDF_Dataset_BFsignal_PIPIEE_3/scan1dDatasetsPlugin_PDF_Dataset_BFsignal_PIPIEE_3_run4.root, root/scan1dDatasetsPlugin_PDF_Dataset_BFsignal_KKEE_1/scan1dDatasetsPlugin_PDF_Dataset_BFsignal_KKEE_1_run3.root, root/scan1dDatasetsPlugin_PDF_Dataset_BFsignal_PIPIEE_0/scan1dDatasetsPlugin_PDF_Dataset_BFsignal_PIPIEE_0_run2.root, root/scan1dDatasetsPlugin_PDF_Dataset_BFsignal_PIPIEE_0/scan1dDatasetsPlugin_PDF_Dataset_BFsignal_PIPIEE_0_run4.root
    wildcards: name=PDF_Dataset, var=BFsignal, decay=PIPIEE, bin_number=3
    threads: 32
    resources: tmpdir=/tmp/ascarabo

[Fri Mar 31 12:13:30 2023]
Finished job 60.
10 of 15 steps (67%) done
Select jobs to execute...

[Fri Mar 31 12:13:30 2023]
rule run_plugin:
    input: workspace.root, root/scan1dDatasetsProb_PDF_Dataset_50p_BFsignal_KKEE_1.root, root/scan1dDatasetsPlugin_PDF_Dataset_BFsignal_PIPIEE_0/scan1dDatasetsPlugin_PDF_Dataset_BFsignal_PIPIEE_0_run0.root, root/scan1dDatasetsPlugin_PDF_Dataset_BFsignal_PIPIEE_0/scan1dDatasetsPlugin_PDF_Dataset_BFsignal_PIPIEE_0_run1.root, root/scan1dDatasetsPlugin_PDF_Dataset_BFsignal_PIPIEE_0/scan1dDatasetsPlugin_PDF_Dataset_BFsignal_PIPIEE_0_run2.root, root/scan1dDatasetsPlugin_PDF_Dataset_BFsignal_PIPIEE_0/scan1dDatasetsPlugin_PDF_Dataset_BFsignal_PIPIEE_0_run3.root, root/scan1dDatasetsPlugin_PDF_Dataset_BFsignal_PIPIEE_0/scan1dDatasetsPlugin_PDF_Dataset_BFsignal_PIPIEE_0_run4.root, root/scan1dDatasetsPlugin_PDF_Dataset_BFsignal_PIPIEE_1/scan1dDatasetsPlugin_PDF_Dataset_BFsignal_PIPIEE_1_run0.root, root/scan1dDatasetsPlugin_PDF_Dataset_BFsignal_PIPIEE_1/scan1dDatasetsPlugin_PDF_Dataset_BFsignal_PIPIEE_1_run1.root, root/scan1dDatasetsPlugin_PDF_Dataset_BFsignal_PIPIEE_1/scan1dDatasetsPlugin_PDF_Dataset_BFsignal_PIPIEE_1_run2.root, root/scan1dDatasetsPlugin_PDF_Dataset_BFsignal_PIPIEE_1/scan1dDatasetsPlugin_PDF_Dataset_BFsignal_PIPIEE_1_run3.root, root/scan1dDatasetsPlugin_PDF_Dataset_BFsignal_PIPIEE_1/scan1dDatasetsPlugin_PDF_Dataset_BFsignal_PIPIEE_1_run4.root, root/scan1dDatasetsPlugin_PDF_Dataset_BFsignal_PIPIEE_2/scan1dDatasetsPlugin_PDF_Dataset_BFsignal_PIPIEE_2_run0.root, root/scan1dDatasetsPlugin_PDF_Dataset_BFsignal_PIPIEE_2/scan1dDatasetsPlugin_PDF_Dataset_BFsignal_PIPIEE_2_run1.root, root/scan1dDatasetsPlugin_PDF_Dataset_BFsignal_PIPIEE_2/scan1dDatasetsPlugin_PDF_Dataset_BFsignal_PIPIEE_2_run2.root, root/scan1dDatasetsPlugin_PDF_Dataset_BFsignal_PIPIEE_2/scan1dDatasetsPlugin_PDF_Dataset_BFsignal_PIPIEE_2_run3.root, root/scan1dDatasetsPlugin_PDF_Dataset_BFsignal_PIPIEE_2/scan1dDatasetsPlugin_PDF_Dataset_BFsignal_PIPIEE_2_run4.root, root/scan1dDatasetsPlugin_PDF_Dataset_BFsignal_PIPIEE_3/scan1dDatasetsPlugin_PDF_Dataset_BFsignal_PIPIEE_3_run0.root, root/scan1dDatasetsPlugin_PDF_Dataset_BFsignal_PIPIEE_3/scan1dDatasetsPlugin_PDF_Dataset_BFsignal_PIPIEE_3_run1.root, root/scan1dDatasetsPlugin_PDF_Dataset_BFsignal_PIPIEE_3/scan1dDatasetsPlugin_PDF_Dataset_BFsignal_PIPIEE_3_run2.root, root/scan1dDatasetsPlugin_PDF_Dataset_BFsignal_PIPIEE_3/scan1dDatasetsPlugin_PDF_Dataset_BFsignal_PIPIEE_3_run3.root, root/scan1dDatasetsPlugin_PDF_Dataset_BFsignal_PIPIEE_3/scan1dDatasetsPlugin_PDF_Dataset_BFsignal_PIPIEE_3_run4.root, root/scan1dDatasetsPlugin_PDF_Dataset_BFsignal_PIPIEE_4/scan1dDatasetsPlugin_PDF_Dataset_BFsignal_PIPIEE_4_run0.root, root/scan1dDatasetsPlugin_PDF_Dataset_BFsignal_PIPIEE_4/scan1dDatasetsPlugin_PDF_Dataset_BFsignal_PIPIEE_4_run1.root, root/scan1dDatasetsPlugin_PDF_Dataset_BFsignal_PIPIEE_4/scan1dDatasetsPlugin_PDF_Dataset_BFsignal_PIPIEE_4_run2.root, root/scan1dDatasetsPlugin_PDF_Dataset_BFsignal_PIPIEE_4/scan1dDatasetsPlugin_PDF_Dataset_BFsignal_PIPIEE_4_run3.root, root/scan1dDatasetsPlugin_PDF_Dataset_BFsignal_PIPIEE_4/scan1dDatasetsPlugin_PDF_Dataset_BFsignal_PIPIEE_4_run4.root, root/scan1dDatasetsPlugin_PDF_Dataset_BFsignal_KKEE_0/scan1dDatasetsPlugin_PDF_Dataset_BFsignal_KKEE_0_run0.root, root/scan1dDatasetsPlugin_PDF_Dataset_BFsignal_KKEE_0/scan1dDatasetsPlugin_PDF_Dataset_BFsignal_KKEE_0_run1.root, root/scan1dDatasetsPlugin_PDF_Dataset_BFsignal_KKEE_0/scan1dDatasetsPlugin_PDF_Dataset_BFsignal_KKEE_0_run2.root, root/scan1dDatasetsPlugin_PDF_Dataset_BFsignal_KKEE_0/scan1dDatasetsPlugin_PDF_Dataset_BFsignal_KKEE_0_run3.root, root/scan1dDatasetsPlugin_PDF_Dataset_BFsignal_KKEE_0/scan1dDatasetsPlugin_PDF_Dataset_BFsignal_KKEE_0_run4.root, root/scan1dDatasetsPlugin_PDF_Dataset_BFsignal_KKEE_1/scan1dDatasetsPlugin_PDF_Dataset_BFsignal_KKEE_1_run0.root, root/scan1dDatasetsPlugin_PDF_Dataset_BFsignal_KKEE_1/scan1dDatasetsPlugin_PDF_Dataset_BFsignal_KKEE_1_run1.root, root/scan1dDatasetsPlugin_PDF_Dataset_BFsignal_KKEE_1/scan1dDatasetsPlugin_PDF_Dataset_BFsignal_KKEE_1_run2.root, root/scan1dDatasetsPlugin_PDF_Dataset_BFsignal_KKEE_1/scan1dDatasetsPlugin_PDF_Dataset_BFsignal_KKEE_1_run3.root, root/scan1dDatasetsPlugin_PDF_Dataset_BFsignal_KKEE_1/scan1dDatasetsPlugin_PDF_Dataset_BFsignal_KKEE_1_run4.root, root/scan1dDatasetsPlugin_PDF_Dataset_BFsignal_KKEE_2/scan1dDatasetsPlugin_PDF_Dataset_BFsignal_KKEE_2_run0.root, root/scan1dDatasetsPlugin_PDF_Dataset_BFsignal_KKEE_2/scan1dDatasetsPlugin_PDF_Dataset_BFsignal_KKEE_2_run1.root, root/scan1dDatasetsPlugin_PDF_Dataset_BFsignal_KKEE_2/scan1dDatasetsPlugin_PDF_Dataset_BFsignal_KKEE_2_run2.root, root/scan1dDatasetsPlugin_PDF_Dataset_BFsignal_KKEE_2/scan1dDatasetsPlugin_PDF_Dataset_BFsignal_KKEE_2_run3.root, root/scan1dDatasetsPlugin_PDF_Dataset_BFsignal_KKEE_2/scan1dDatasetsPlugin_PDF_Dataset_BFsignal_KKEE_2_run4.root
    output: plots/cl/clintervals_PDF_Dataset_BFsignal_KKEE_1_DatasetsPlugin.py, plots/cl/clintervals_PDF_Dataset_BFsignal_KKEE_1_DatasetsPlugin_CLs2.py, plots/cl/clintervals_PDF_Dataset_BFsignal_KKEE_1_DatasetsPlugin_expected_standardCLs.py
    log: tutorial_dataset_plugin_PDF_Dataset_BFsignal_KKEE_1.log
    jobid: 63
    reason: Input files updated by another job: root/scan1dDatasetsPlugin_PDF_Dataset_BFsignal_PIPIEE_3/scan1dDatasetsPlugin_PDF_Dataset_BFsignal_PIPIEE_3_run0.root, root/scan1dDatasetsPlugin_PDF_Dataset_BFsignal_PIPIEE_0/scan1dDatasetsPlugin_PDF_Dataset_BFsignal_PIPIEE_0_run0.root, root/scan1dDatasetsPlugin_PDF_Dataset_BFsignal_PIPIEE_3/scan1dDatasetsPlugin_PDF_Dataset_BFsignal_PIPIEE_3_run4.root, root/scan1dDatasetsPlugin_PDF_Dataset_BFsignal_KKEE_1/scan1dDatasetsPlugin_PDF_Dataset_BFsignal_KKEE_1_run3.root, root/scan1dDatasetsPlugin_PDF_Dataset_BFsignal_PIPIEE_0/scan1dDatasetsPlugin_PDF_Dataset_BFsignal_PIPIEE_0_run2.root, root/scan1dDatasetsPlugin_PDF_Dataset_BFsignal_PIPIEE_0/scan1dDatasetsPlugin_PDF_Dataset_BFsignal_PIPIEE_0_run4.root
    wildcards: name=PDF_Dataset, var=BFsignal, decay=KKEE, bin_number=1
    threads: 32
    resources: tmpdir=/tmp/ascarabo

[Fri Mar 31 12:13:32 2023]
Finished job 63.
11 of 15 steps (73%) done
Select jobs to execute...

[Fri Mar 31 12:13:32 2023]
rule run_plugin:
    input: workspace.root, root/scan1dDatasetsProb_PDF_Dataset_50p_BFsignal_PIPIEE_1.root, root/scan1dDatasetsPlugin_PDF_Dataset_BFsignal_PIPIEE_0/scan1dDatasetsPlugin_PDF_Dataset_BFsignal_PIPIEE_0_run0.root, root/scan1dDatasetsPlugin_PDF_Dataset_BFsignal_PIPIEE_0/scan1dDatasetsPlugin_PDF_Dataset_BFsignal_PIPIEE_0_run1.root, root/scan1dDatasetsPlugin_PDF_Dataset_BFsignal_PIPIEE_0/scan1dDatasetsPlugin_PDF_Dataset_BFsignal_PIPIEE_0_run2.root, root/scan1dDatasetsPlugin_PDF_Dataset_BFsignal_PIPIEE_0/scan1dDatasetsPlugin_PDF_Dataset_BFsignal_PIPIEE_0_run3.root, root/scan1dDatasetsPlugin_PDF_Dataset_BFsignal_PIPIEE_0/scan1dDatasetsPlugin_PDF_Dataset_BFsignal_PIPIEE_0_run4.root, root/scan1dDatasetsPlugin_PDF_Dataset_BFsignal_PIPIEE_1/scan1dDatasetsPlugin_PDF_Dataset_BFsignal_PIPIEE_1_run0.root, root/scan1dDatasetsPlugin_PDF_Dataset_BFsignal_PIPIEE_1/scan1dDatasetsPlugin_PDF_Dataset_BFsignal_PIPIEE_1_run1.root, root/scan1dDatasetsPlugin_PDF_Dataset_BFsignal_PIPIEE_1/scan1dDatasetsPlugin_PDF_Dataset_BFsignal_PIPIEE_1_run2.root, root/scan1dDatasetsPlugin_PDF_Dataset_BFsignal_PIPIEE_1/scan1dDatasetsPlugin_PDF_Dataset_BFsignal_PIPIEE_1_run3.root, root/scan1dDatasetsPlugin_PDF_Dataset_BFsignal_PIPIEE_1/scan1dDatasetsPlugin_PDF_Dataset_BFsignal_PIPIEE_1_run4.root, root/scan1dDatasetsPlugin_PDF_Dataset_BFsignal_PIPIEE_2/scan1dDatasetsPlugin_PDF_Dataset_BFsignal_PIPIEE_2_run0.root, root/scan1dDatasetsPlugin_PDF_Dataset_BFsignal_PIPIEE_2/scan1dDatasetsPlugin_PDF_Dataset_BFsignal_PIPIEE_2_run1.root, root/scan1dDatasetsPlugin_PDF_Dataset_BFsignal_PIPIEE_2/scan1dDatasetsPlugin_PDF_Dataset_BFsignal_PIPIEE_2_run2.root, root/scan1dDatasetsPlugin_PDF_Dataset_BFsignal_PIPIEE_2/scan1dDatasetsPlugin_PDF_Dataset_BFsignal_PIPIEE_2_run3.root, root/scan1dDatasetsPlugin_PDF_Dataset_BFsignal_PIPIEE_2/scan1dDatasetsPlugin_PDF_Dataset_BFsignal_PIPIEE_2_run4.root, root/scan1dDatasetsPlugin_PDF_Dataset_BFsignal_PIPIEE_3/scan1dDatasetsPlugin_PDF_Dataset_BFsignal_PIPIEE_3_run0.root, root/scan1dDatasetsPlugin_PDF_Dataset_BFsignal_PIPIEE_3/scan1dDatasetsPlugin_PDF_Dataset_BFsignal_PIPIEE_3_run1.root, root/scan1dDatasetsPlugin_PDF_Dataset_BFsignal_PIPIEE_3/scan1dDatasetsPlugin_PDF_Dataset_BFsignal_PIPIEE_3_run2.root, root/scan1dDatasetsPlugin_PDF_Dataset_BFsignal_PIPIEE_3/scan1dDatasetsPlugin_PDF_Dataset_BFsignal_PIPIEE_3_run3.root, root/scan1dDatasetsPlugin_PDF_Dataset_BFsignal_PIPIEE_3/scan1dDatasetsPlugin_PDF_Dataset_BFsignal_PIPIEE_3_run4.root, root/scan1dDatasetsPlugin_PDF_Dataset_BFsignal_PIPIEE_4/scan1dDatasetsPlugin_PDF_Dataset_BFsignal_PIPIEE_4_run0.root, root/scan1dDatasetsPlugin_PDF_Dataset_BFsignal_PIPIEE_4/scan1dDatasetsPlugin_PDF_Dataset_BFsignal_PIPIEE_4_run1.root, root/scan1dDatasetsPlugin_PDF_Dataset_BFsignal_PIPIEE_4/scan1dDatasetsPlugin_PDF_Dataset_BFsignal_PIPIEE_4_run2.root, root/scan1dDatasetsPlugin_PDF_Dataset_BFsignal_PIPIEE_4/scan1dDatasetsPlugin_PDF_Dataset_BFsignal_PIPIEE_4_run3.root, root/scan1dDatasetsPlugin_PDF_Dataset_BFsignal_PIPIEE_4/scan1dDatasetsPlugin_PDF_Dataset_BFsignal_PIPIEE_4_run4.root, root/scan1dDatasetsPlugin_PDF_Dataset_BFsignal_KKEE_0/scan1dDatasetsPlugin_PDF_Dataset_BFsignal_KKEE_0_run0.root, root/scan1dDatasetsPlugin_PDF_Dataset_BFsignal_KKEE_0/scan1dDatasetsPlugin_PDF_Dataset_BFsignal_KKEE_0_run1.root, root/scan1dDatasetsPlugin_PDF_Dataset_BFsignal_KKEE_0/scan1dDatasetsPlugin_PDF_Dataset_BFsignal_KKEE_0_run2.root, root/scan1dDatasetsPlugin_PDF_Dataset_BFsignal_KKEE_0/scan1dDatasetsPlugin_PDF_Dataset_BFsignal_KKEE_0_run3.root, root/scan1dDatasetsPlugin_PDF_Dataset_BFsignal_KKEE_0/scan1dDatasetsPlugin_PDF_Dataset_BFsignal_KKEE_0_run4.root, root/scan1dDatasetsPlugin_PDF_Dataset_BFsignal_KKEE_1/scan1dDatasetsPlugin_PDF_Dataset_BFsignal_KKEE_1_run0.root, root/scan1dDatasetsPlugin_PDF_Dataset_BFsignal_KKEE_1/scan1dDatasetsPlugin_PDF_Dataset_BFsignal_KKEE_1_run1.root, root/scan1dDatasetsPlugin_PDF_Dataset_BFsignal_KKEE_1/scan1dDatasetsPlugin_PDF_Dataset_BFsignal_KKEE_1_run2.root, root/scan1dDatasetsPlugin_PDF_Dataset_BFsignal_KKEE_1/scan1dDatasetsPlugin_PDF_Dataset_BFsignal_KKEE_1_run3.root, root/scan1dDatasetsPlugin_PDF_Dataset_BFsignal_KKEE_1/scan1dDatasetsPlugin_PDF_Dataset_BFsignal_KKEE_1_run4.root, root/scan1dDatasetsPlugin_PDF_Dataset_BFsignal_KKEE_2/scan1dDatasetsPlugin_PDF_Dataset_BFsignal_KKEE_2_run0.root, root/scan1dDatasetsPlugin_PDF_Dataset_BFsignal_KKEE_2/scan1dDatasetsPlugin_PDF_Dataset_BFsignal_KKEE_2_run1.root, root/scan1dDatasetsPlugin_PDF_Dataset_BFsignal_KKEE_2/scan1dDatasetsPlugin_PDF_Dataset_BFsignal_KKEE_2_run2.root, root/scan1dDatasetsPlugin_PDF_Dataset_BFsignal_KKEE_2/scan1dDatasetsPlugin_PDF_Dataset_BFsignal_KKEE_2_run3.root, root/scan1dDatasetsPlugin_PDF_Dataset_BFsignal_KKEE_2/scan1dDatasetsPlugin_PDF_Dataset_BFsignal_KKEE_2_run4.root
    output: plots/cl/clintervals_PDF_Dataset_BFsignal_PIPIEE_1_DatasetsPlugin.py, plots/cl/clintervals_PDF_Dataset_BFsignal_PIPIEE_1_DatasetsPlugin_CLs2.py, plots/cl/clintervals_PDF_Dataset_BFsignal_PIPIEE_1_DatasetsPlugin_expected_standardCLs.py
    log: tutorial_dataset_plugin_PDF_Dataset_BFsignal_PIPIEE_1.log
    jobid: 58
    reason: Input files updated by another job: root/scan1dDatasetsPlugin_PDF_Dataset_BFsignal_PIPIEE_3/scan1dDatasetsPlugin_PDF_Dataset_BFsignal_PIPIEE_3_run0.root, root/scan1dDatasetsPlugin_PDF_Dataset_BFsignal_PIPIEE_0/scan1dDatasetsPlugin_PDF_Dataset_BFsignal_PIPIEE_0_run0.root, root/scan1dDatasetsPlugin_PDF_Dataset_BFsignal_PIPIEE_3/scan1dDatasetsPlugin_PDF_Dataset_BFsignal_PIPIEE_3_run4.root, root/scan1dDatasetsPlugin_PDF_Dataset_BFsignal_KKEE_1/scan1dDatasetsPlugin_PDF_Dataset_BFsignal_KKEE_1_run3.root, root/scan1dDatasetsPlugin_PDF_Dataset_BFsignal_PIPIEE_0/scan1dDatasetsPlugin_PDF_Dataset_BFsignal_PIPIEE_0_run2.root, root/scan1dDatasetsPlugin_PDF_Dataset_BFsignal_PIPIEE_0/scan1dDatasetsPlugin_PDF_Dataset_BFsignal_PIPIEE_0_run4.root
    wildcards: name=PDF_Dataset, var=BFsignal, decay=PIPIEE, bin_number=1
    threads: 32
    resources: tmpdir=/tmp/ascarabo

[Fri Mar 31 12:13:35 2023]
Finished job 58.
12 of 15 steps (80%) done
Select jobs to execute...

[Fri Mar 31 12:13:35 2023]
rule run_plugin:
    input: workspace.root, root/scan1dDatasetsProb_PDF_Dataset_50p_BFsignal_PIPIEE_0.root, root/scan1dDatasetsPlugin_PDF_Dataset_BFsignal_PIPIEE_0/scan1dDatasetsPlugin_PDF_Dataset_BFsignal_PIPIEE_0_run0.root, root/scan1dDatasetsPlugin_PDF_Dataset_BFsignal_PIPIEE_0/scan1dDatasetsPlugin_PDF_Dataset_BFsignal_PIPIEE_0_run1.root, root/scan1dDatasetsPlugin_PDF_Dataset_BFsignal_PIPIEE_0/scan1dDatasetsPlugin_PDF_Dataset_BFsignal_PIPIEE_0_run2.root, root/scan1dDatasetsPlugin_PDF_Dataset_BFsignal_PIPIEE_0/scan1dDatasetsPlugin_PDF_Dataset_BFsignal_PIPIEE_0_run3.root, root/scan1dDatasetsPlugin_PDF_Dataset_BFsignal_PIPIEE_0/scan1dDatasetsPlugin_PDF_Dataset_BFsignal_PIPIEE_0_run4.root, root/scan1dDatasetsPlugin_PDF_Dataset_BFsignal_PIPIEE_1/scan1dDatasetsPlugin_PDF_Dataset_BFsignal_PIPIEE_1_run0.root, root/scan1dDatasetsPlugin_PDF_Dataset_BFsignal_PIPIEE_1/scan1dDatasetsPlugin_PDF_Dataset_BFsignal_PIPIEE_1_run1.root, root/scan1dDatasetsPlugin_PDF_Dataset_BFsignal_PIPIEE_1/scan1dDatasetsPlugin_PDF_Dataset_BFsignal_PIPIEE_1_run2.root, root/scan1dDatasetsPlugin_PDF_Dataset_BFsignal_PIPIEE_1/scan1dDatasetsPlugin_PDF_Dataset_BFsignal_PIPIEE_1_run3.root, root/scan1dDatasetsPlugin_PDF_Dataset_BFsignal_PIPIEE_1/scan1dDatasetsPlugin_PDF_Dataset_BFsignal_PIPIEE_1_run4.root, root/scan1dDatasetsPlugin_PDF_Dataset_BFsignal_PIPIEE_2/scan1dDatasetsPlugin_PDF_Dataset_BFsignal_PIPIEE_2_run0.root, root/scan1dDatasetsPlugin_PDF_Dataset_BFsignal_PIPIEE_2/scan1dDatasetsPlugin_PDF_Dataset_BFsignal_PIPIEE_2_run1.root, root/scan1dDatasetsPlugin_PDF_Dataset_BFsignal_PIPIEE_2/scan1dDatasetsPlugin_PDF_Dataset_BFsignal_PIPIEE_2_run2.root, root/scan1dDatasetsPlugin_PDF_Dataset_BFsignal_PIPIEE_2/scan1dDatasetsPlugin_PDF_Dataset_BFsignal_PIPIEE_2_run3.root, root/scan1dDatasetsPlugin_PDF_Dataset_BFsignal_PIPIEE_2/scan1dDatasetsPlugin_PDF_Dataset_BFsignal_PIPIEE_2_run4.root, root/scan1dDatasetsPlugin_PDF_Dataset_BFsignal_PIPIEE_3/scan1dDatasetsPlugin_PDF_Dataset_BFsignal_PIPIEE_3_run0.root, root/scan1dDatasetsPlugin_PDF_Dataset_BFsignal_PIPIEE_3/scan1dDatasetsPlugin_PDF_Dataset_BFsignal_PIPIEE_3_run1.root, root/scan1dDatasetsPlugin_PDF_Dataset_BFsignal_PIPIEE_3/scan1dDatasetsPlugin_PDF_Dataset_BFsignal_PIPIEE_3_run2.root, root/scan1dDatasetsPlugin_PDF_Dataset_BFsignal_PIPIEE_3/scan1dDatasetsPlugin_PDF_Dataset_BFsignal_PIPIEE_3_run3.root, root/scan1dDatasetsPlugin_PDF_Dataset_BFsignal_PIPIEE_3/scan1dDatasetsPlugin_PDF_Dataset_BFsignal_PIPIEE_3_run4.root, root/scan1dDatasetsPlugin_PDF_Dataset_BFsignal_PIPIEE_4/scan1dDatasetsPlugin_PDF_Dataset_BFsignal_PIPIEE_4_run0.root, root/scan1dDatasetsPlugin_PDF_Dataset_BFsignal_PIPIEE_4/scan1dDatasetsPlugin_PDF_Dataset_BFsignal_PIPIEE_4_run1.root, root/scan1dDatasetsPlugin_PDF_Dataset_BFsignal_PIPIEE_4/scan1dDatasetsPlugin_PDF_Dataset_BFsignal_PIPIEE_4_run2.root, root/scan1dDatasetsPlugin_PDF_Dataset_BFsignal_PIPIEE_4/scan1dDatasetsPlugin_PDF_Dataset_BFsignal_PIPIEE_4_run3.root, root/scan1dDatasetsPlugin_PDF_Dataset_BFsignal_PIPIEE_4/scan1dDatasetsPlugin_PDF_Dataset_BFsignal_PIPIEE_4_run4.root, root/scan1dDatasetsPlugin_PDF_Dataset_BFsignal_KKEE_0/scan1dDatasetsPlugin_PDF_Dataset_BFsignal_KKEE_0_run0.root, root/scan1dDatasetsPlugin_PDF_Dataset_BFsignal_KKEE_0/scan1dDatasetsPlugin_PDF_Dataset_BFsignal_KKEE_0_run1.root, root/scan1dDatasetsPlugin_PDF_Dataset_BFsignal_KKEE_0/scan1dDatasetsPlugin_PDF_Dataset_BFsignal_KKEE_0_run2.root, root/scan1dDatasetsPlugin_PDF_Dataset_BFsignal_KKEE_0/scan1dDatasetsPlugin_PDF_Dataset_BFsignal_KKEE_0_run3.root, root/scan1dDatasetsPlugin_PDF_Dataset_BFsignal_KKEE_0/scan1dDatasetsPlugin_PDF_Dataset_BFsignal_KKEE_0_run4.root, root/scan1dDatasetsPlugin_PDF_Dataset_BFsignal_KKEE_1/scan1dDatasetsPlugin_PDF_Dataset_BFsignal_KKEE_1_run0.root, root/scan1dDatasetsPlugin_PDF_Dataset_BFsignal_KKEE_1/scan1dDatasetsPlugin_PDF_Dataset_BFsignal_KKEE_1_run1.root, root/scan1dDatasetsPlugin_PDF_Dataset_BFsignal_KKEE_1/scan1dDatasetsPlugin_PDF_Dataset_BFsignal_KKEE_1_run2.root, root/scan1dDatasetsPlugin_PDF_Dataset_BFsignal_KKEE_1/scan1dDatasetsPlugin_PDF_Dataset_BFsignal_KKEE_1_run3.root, root/scan1dDatasetsPlugin_PDF_Dataset_BFsignal_KKEE_1/scan1dDatasetsPlugin_PDF_Dataset_BFsignal_KKEE_1_run4.root, root/scan1dDatasetsPlugin_PDF_Dataset_BFsignal_KKEE_2/scan1dDatasetsPlugin_PDF_Dataset_BFsignal_KKEE_2_run0.root, root/scan1dDatasetsPlugin_PDF_Dataset_BFsignal_KKEE_2/scan1dDatasetsPlugin_PDF_Dataset_BFsignal_KKEE_2_run1.root, root/scan1dDatasetsPlugin_PDF_Dataset_BFsignal_KKEE_2/scan1dDatasetsPlugin_PDF_Dataset_BFsignal_KKEE_2_run2.root, root/scan1dDatasetsPlugin_PDF_Dataset_BFsignal_KKEE_2/scan1dDatasetsPlugin_PDF_Dataset_BFsignal_KKEE_2_run3.root, root/scan1dDatasetsPlugin_PDF_Dataset_BFsignal_KKEE_2/scan1dDatasetsPlugin_PDF_Dataset_BFsignal_KKEE_2_run4.root
    output: plots/cl/clintervals_PDF_Dataset_BFsignal_PIPIEE_0_DatasetsPlugin.py, plots/cl/clintervals_PDF_Dataset_BFsignal_PIPIEE_0_DatasetsPlugin_CLs2.py, plots/cl/clintervals_PDF_Dataset_BFsignal_PIPIEE_0_DatasetsPlugin_expected_standardCLs.py
    log: tutorial_dataset_plugin_PDF_Dataset_BFsignal_PIPIEE_0.log
    jobid: 39
    reason: Input files updated by another job: root/scan1dDatasetsPlugin_PDF_Dataset_BFsignal_PIPIEE_3/scan1dDatasetsPlugin_PDF_Dataset_BFsignal_PIPIEE_3_run0.root, root/scan1dDatasetsPlugin_PDF_Dataset_BFsignal_PIPIEE_0/scan1dDatasetsPlugin_PDF_Dataset_BFsignal_PIPIEE_0_run0.root, root/scan1dDatasetsPlugin_PDF_Dataset_BFsignal_PIPIEE_3/scan1dDatasetsPlugin_PDF_Dataset_BFsignal_PIPIEE_3_run4.root, root/scan1dDatasetsPlugin_PDF_Dataset_BFsignal_KKEE_1/scan1dDatasetsPlugin_PDF_Dataset_BFsignal_KKEE_1_run3.root, root/scan1dDatasetsPlugin_PDF_Dataset_BFsignal_PIPIEE_0/scan1dDatasetsPlugin_PDF_Dataset_BFsignal_PIPIEE_0_run2.root, root/scan1dDatasetsPlugin_PDF_Dataset_BFsignal_PIPIEE_0/scan1dDatasetsPlugin_PDF_Dataset_BFsignal_PIPIEE_0_run4.root
    wildcards: name=PDF_Dataset, var=BFsignal, decay=PIPIEE, bin_number=0
    threads: 32
    resources: tmpdir=/tmp/ascarabo

[Fri Mar 31 12:13:38 2023]
Finished job 39.
13 of 15 steps (87%) done
Select jobs to execute...

[Fri Mar 31 12:13:38 2023]
rule run_plugin:
    input: workspace.root, root/scan1dDatasetsProb_PDF_Dataset_50p_BFsignal_PIPIEE_4.root, root/scan1dDatasetsPlugin_PDF_Dataset_BFsignal_PIPIEE_0/scan1dDatasetsPlugin_PDF_Dataset_BFsignal_PIPIEE_0_run0.root, root/scan1dDatasetsPlugin_PDF_Dataset_BFsignal_PIPIEE_0/scan1dDatasetsPlugin_PDF_Dataset_BFsignal_PIPIEE_0_run1.root, root/scan1dDatasetsPlugin_PDF_Dataset_BFsignal_PIPIEE_0/scan1dDatasetsPlugin_PDF_Dataset_BFsignal_PIPIEE_0_run2.root, root/scan1dDatasetsPlugin_PDF_Dataset_BFsignal_PIPIEE_0/scan1dDatasetsPlugin_PDF_Dataset_BFsignal_PIPIEE_0_run3.root, root/scan1dDatasetsPlugin_PDF_Dataset_BFsignal_PIPIEE_0/scan1dDatasetsPlugin_PDF_Dataset_BFsignal_PIPIEE_0_run4.root, root/scan1dDatasetsPlugin_PDF_Dataset_BFsignal_PIPIEE_1/scan1dDatasetsPlugin_PDF_Dataset_BFsignal_PIPIEE_1_run0.root, root/scan1dDatasetsPlugin_PDF_Dataset_BFsignal_PIPIEE_1/scan1dDatasetsPlugin_PDF_Dataset_BFsignal_PIPIEE_1_run1.root, root/scan1dDatasetsPlugin_PDF_Dataset_BFsignal_PIPIEE_1/scan1dDatasetsPlugin_PDF_Dataset_BFsignal_PIPIEE_1_run2.root, root/scan1dDatasetsPlugin_PDF_Dataset_BFsignal_PIPIEE_1/scan1dDatasetsPlugin_PDF_Dataset_BFsignal_PIPIEE_1_run3.root, root/scan1dDatasetsPlugin_PDF_Dataset_BFsignal_PIPIEE_1/scan1dDatasetsPlugin_PDF_Dataset_BFsignal_PIPIEE_1_run4.root, root/scan1dDatasetsPlugin_PDF_Dataset_BFsignal_PIPIEE_2/scan1dDatasetsPlugin_PDF_Dataset_BFsignal_PIPIEE_2_run0.root, root/scan1dDatasetsPlugin_PDF_Dataset_BFsignal_PIPIEE_2/scan1dDatasetsPlugin_PDF_Dataset_BFsignal_PIPIEE_2_run1.root, root/scan1dDatasetsPlugin_PDF_Dataset_BFsignal_PIPIEE_2/scan1dDatasetsPlugin_PDF_Dataset_BFsignal_PIPIEE_2_run2.root, root/scan1dDatasetsPlugin_PDF_Dataset_BFsignal_PIPIEE_2/scan1dDatasetsPlugin_PDF_Dataset_BFsignal_PIPIEE_2_run3.root, root/scan1dDatasetsPlugin_PDF_Dataset_BFsignal_PIPIEE_2/scan1dDatasetsPlugin_PDF_Dataset_BFsignal_PIPIEE_2_run4.root, root/scan1dDatasetsPlugin_PDF_Dataset_BFsignal_PIPIEE_3/scan1dDatasetsPlugin_PDF_Dataset_BFsignal_PIPIEE_3_run0.root, root/scan1dDatasetsPlugin_PDF_Dataset_BFsignal_PIPIEE_3/scan1dDatasetsPlugin_PDF_Dataset_BFsignal_PIPIEE_3_run1.root, root/scan1dDatasetsPlugin_PDF_Dataset_BFsignal_PIPIEE_3/scan1dDatasetsPlugin_PDF_Dataset_BFsignal_PIPIEE_3_run2.root, root/scan1dDatasetsPlugin_PDF_Dataset_BFsignal_PIPIEE_3/scan1dDatasetsPlugin_PDF_Dataset_BFsignal_PIPIEE_3_run3.root, root/scan1dDatasetsPlugin_PDF_Dataset_BFsignal_PIPIEE_3/scan1dDatasetsPlugin_PDF_Dataset_BFsignal_PIPIEE_3_run4.root, root/scan1dDatasetsPlugin_PDF_Dataset_BFsignal_PIPIEE_4/scan1dDatasetsPlugin_PDF_Dataset_BFsignal_PIPIEE_4_run0.root, root/scan1dDatasetsPlugin_PDF_Dataset_BFsignal_PIPIEE_4/scan1dDatasetsPlugin_PDF_Dataset_BFsignal_PIPIEE_4_run1.root, root/scan1dDatasetsPlugin_PDF_Dataset_BFsignal_PIPIEE_4/scan1dDatasetsPlugin_PDF_Dataset_BFsignal_PIPIEE_4_run2.root, root/scan1dDatasetsPlugin_PDF_Dataset_BFsignal_PIPIEE_4/scan1dDatasetsPlugin_PDF_Dataset_BFsignal_PIPIEE_4_run3.root, root/scan1dDatasetsPlugin_PDF_Dataset_BFsignal_PIPIEE_4/scan1dDatasetsPlugin_PDF_Dataset_BFsignal_PIPIEE_4_run4.root, root/scan1dDatasetsPlugin_PDF_Dataset_BFsignal_KKEE_0/scan1dDatasetsPlugin_PDF_Dataset_BFsignal_KKEE_0_run0.root, root/scan1dDatasetsPlugin_PDF_Dataset_BFsignal_KKEE_0/scan1dDatasetsPlugin_PDF_Dataset_BFsignal_KKEE_0_run1.root, root/scan1dDatasetsPlugin_PDF_Dataset_BFsignal_KKEE_0/scan1dDatasetsPlugin_PDF_Dataset_BFsignal_KKEE_0_run2.root, root/scan1dDatasetsPlugin_PDF_Dataset_BFsignal_KKEE_0/scan1dDatasetsPlugin_PDF_Dataset_BFsignal_KKEE_0_run3.root, root/scan1dDatasetsPlugin_PDF_Dataset_BFsignal_KKEE_0/scan1dDatasetsPlugin_PDF_Dataset_BFsignal_KKEE_0_run4.root, root/scan1dDatasetsPlugin_PDF_Dataset_BFsignal_KKEE_1/scan1dDatasetsPlugin_PDF_Dataset_BFsignal_KKEE_1_run0.root, root/scan1dDatasetsPlugin_PDF_Dataset_BFsignal_KKEE_1/scan1dDatasetsPlugin_PDF_Dataset_BFsignal_KKEE_1_run1.root, root/scan1dDatasetsPlugin_PDF_Dataset_BFsignal_KKEE_1/scan1dDatasetsPlugin_PDF_Dataset_BFsignal_KKEE_1_run2.root, root/scan1dDatasetsPlugin_PDF_Dataset_BFsignal_KKEE_1/scan1dDatasetsPlugin_PDF_Dataset_BFsignal_KKEE_1_run3.root, root/scan1dDatasetsPlugin_PDF_Dataset_BFsignal_KKEE_1/scan1dDatasetsPlugin_PDF_Dataset_BFsignal_KKEE_1_run4.root, root/scan1dDatasetsPlugin_PDF_Dataset_BFsignal_KKEE_2/scan1dDatasetsPlugin_PDF_Dataset_BFsignal_KKEE_2_run0.root, root/scan1dDatasetsPlugin_PDF_Dataset_BFsignal_KKEE_2/scan1dDatasetsPlugin_PDF_Dataset_BFsignal_KKEE_2_run1.root, root/scan1dDatasetsPlugin_PDF_Dataset_BFsignal_KKEE_2/scan1dDatasetsPlugin_PDF_Dataset_BFsignal_KKEE_2_run2.root, root/scan1dDatasetsPlugin_PDF_Dataset_BFsignal_KKEE_2/scan1dDatasetsPlugin_PDF_Dataset_BFsignal_KKEE_2_run3.root, root/scan1dDatasetsPlugin_PDF_Dataset_BFsignal_KKEE_2/scan1dDatasetsPlugin_PDF_Dataset_BFsignal_KKEE_2_run4.root
    output: plots/cl/clintervals_PDF_Dataset_BFsignal_PIPIEE_4_DatasetsPlugin.py, plots/cl/clintervals_PDF_Dataset_BFsignal_PIPIEE_4_DatasetsPlugin_CLs2.py, plots/cl/clintervals_PDF_Dataset_BFsignal_PIPIEE_4_DatasetsPlugin_expected_standardCLs.py
    log: tutorial_dataset_plugin_PDF_Dataset_BFsignal_PIPIEE_4.log
    jobid: 61
    reason: Input files updated by another job: root/scan1dDatasetsPlugin_PDF_Dataset_BFsignal_PIPIEE_3/scan1dDatasetsPlugin_PDF_Dataset_BFsignal_PIPIEE_3_run0.root, root/scan1dDatasetsPlugin_PDF_Dataset_BFsignal_PIPIEE_0/scan1dDatasetsPlugin_PDF_Dataset_BFsignal_PIPIEE_0_run0.root, root/scan1dDatasetsPlugin_PDF_Dataset_BFsignal_PIPIEE_3/scan1dDatasetsPlugin_PDF_Dataset_BFsignal_PIPIEE_3_run4.root, root/scan1dDatasetsPlugin_PDF_Dataset_BFsignal_KKEE_1/scan1dDatasetsPlugin_PDF_Dataset_BFsignal_KKEE_1_run3.root, root/scan1dDatasetsPlugin_PDF_Dataset_BFsignal_PIPIEE_0/scan1dDatasetsPlugin_PDF_Dataset_BFsignal_PIPIEE_0_run2.root, root/scan1dDatasetsPlugin_PDF_Dataset_BFsignal_PIPIEE_0/scan1dDatasetsPlugin_PDF_Dataset_BFsignal_PIPIEE_0_run4.root
    wildcards: name=PDF_Dataset, var=BFsignal, decay=PIPIEE, bin_number=4
    threads: 32
    resources: tmpdir=/tmp/ascarabo

[Fri Mar 31 12:13:40 2023]
Finished job 61.
14 of 15 steps (93%) done
Select jobs to execute...

[Fri Mar 31 12:13:40 2023]
localrule all:
    input: workspace_PIPIEE_0.root, workspace_PIPIEE_1.root, workspace_PIPIEE_2.root, workspace_PIPIEE_3.root, workspace_PIPIEE_4.root, workspace_KKEE_0.root, workspace_KKEE_1.root, workspace_KKEE_2.root, root/scan1dDatasetsProb_PDF_Dataset_50p_BFsignal_PIPIEE_0.root, root/scan1dDatasetsProb_PDF_Dataset_50p_BFsignal_PIPIEE_1.root, root/scan1dDatasetsProb_PDF_Dataset_50p_BFsignal_PIPIEE_2.root, root/scan1dDatasetsProb_PDF_Dataset_50p_BFsignal_PIPIEE_3.root, root/scan1dDatasetsProb_PDF_Dataset_50p_BFsignal_PIPIEE_4.root, root/scan1dDatasetsPlugin_PDF_Dataset_BFsignal_PIPIEE_0/scan1dDatasetsPlugin_PDF_Dataset_BFsignal_PIPIEE_0_run0.root, root/scan1dDatasetsPlugin_PDF_Dataset_BFsignal_PIPIEE_0/scan1dDatasetsPlugin_PDF_Dataset_BFsignal_PIPIEE_0_run1.root, root/scan1dDatasetsPlugin_PDF_Dataset_BFsignal_PIPIEE_0/scan1dDatasetsPlugin_PDF_Dataset_BFsignal_PIPIEE_0_run2.root, root/scan1dDatasetsPlugin_PDF_Dataset_BFsignal_PIPIEE_0/scan1dDatasetsPlugin_PDF_Dataset_BFsignal_PIPIEE_0_run3.root, root/scan1dDatasetsPlugin_PDF_Dataset_BFsignal_PIPIEE_0/scan1dDatasetsPlugin_PDF_Dataset_BFsignal_PIPIEE_0_run4.root, root/scan1dDatasetsPlugin_PDF_Dataset_BFsignal_PIPIEE_1/scan1dDatasetsPlugin_PDF_Dataset_BFsignal_PIPIEE_1_run0.root, root/scan1dDatasetsPlugin_PDF_Dataset_BFsignal_PIPIEE_1/scan1dDatasetsPlugin_PDF_Dataset_BFsignal_PIPIEE_1_run1.root, root/scan1dDatasetsPlugin_PDF_Dataset_BFsignal_PIPIEE_1/scan1dDatasetsPlugin_PDF_Dataset_BFsignal_PIPIEE_1_run2.root, root/scan1dDatasetsPlugin_PDF_Dataset_BFsignal_PIPIEE_1/scan1dDatasetsPlugin_PDF_Dataset_BFsignal_PIPIEE_1_run3.root, root/scan1dDatasetsPlugin_PDF_Dataset_BFsignal_PIPIEE_1/scan1dDatasetsPlugin_PDF_Dataset_BFsignal_PIPIEE_1_run4.root, root/scan1dDatasetsPlugin_PDF_Dataset_BFsignal_PIPIEE_2/scan1dDatasetsPlugin_PDF_Dataset_BFsignal_PIPIEE_2_run0.root, root/scan1dDatasetsPlugin_PDF_Dataset_BFsignal_PIPIEE_2/scan1dDatasetsPlugin_PDF_Dataset_BFsignal_PIPIEE_2_run1.root, root/scan1dDatasetsPlugin_PDF_Dataset_BFsignal_PIPIEE_2/scan1dDatasetsPlugin_PDF_Dataset_BFsignal_PIPIEE_2_run2.root, root/scan1dDatasetsPlugin_PDF_Dataset_BFsignal_PIPIEE_2/scan1dDatasetsPlugin_PDF_Dataset_BFsignal_PIPIEE_2_run3.root, root/scan1dDatasetsPlugin_PDF_Dataset_BFsignal_PIPIEE_2/scan1dDatasetsPlugin_PDF_Dataset_BFsignal_PIPIEE_2_run4.root, root/scan1dDatasetsPlugin_PDF_Dataset_BFsignal_PIPIEE_3/scan1dDatasetsPlugin_PDF_Dataset_BFsignal_PIPIEE_3_run0.root, root/scan1dDatasetsPlugin_PDF_Dataset_BFsignal_PIPIEE_3/scan1dDatasetsPlugin_PDF_Dataset_BFsignal_PIPIEE_3_run1.root, root/scan1dDatasetsPlugin_PDF_Dataset_BFsignal_PIPIEE_3/scan1dDatasetsPlugin_PDF_Dataset_BFsignal_PIPIEE_3_run2.root, root/scan1dDatasetsPlugin_PDF_Dataset_BFsignal_PIPIEE_3/scan1dDatasetsPlugin_PDF_Dataset_BFsignal_PIPIEE_3_run3.root, root/scan1dDatasetsPlugin_PDF_Dataset_BFsignal_PIPIEE_3/scan1dDatasetsPlugin_PDF_Dataset_BFsignal_PIPIEE_3_run4.root, root/scan1dDatasetsPlugin_PDF_Dataset_BFsignal_PIPIEE_4/scan1dDatasetsPlugin_PDF_Dataset_BFsignal_PIPIEE_4_run0.root, root/scan1dDatasetsPlugin_PDF_Dataset_BFsignal_PIPIEE_4/scan1dDatasetsPlugin_PDF_Dataset_BFsignal_PIPIEE_4_run1.root, root/scan1dDatasetsPlugin_PDF_Dataset_BFsignal_PIPIEE_4/scan1dDatasetsPlugin_PDF_Dataset_BFsignal_PIPIEE_4_run2.root, root/scan1dDatasetsPlugin_PDF_Dataset_BFsignal_PIPIEE_4/scan1dDatasetsPlugin_PDF_Dataset_BFsignal_PIPIEE_4_run3.root, root/scan1dDatasetsPlugin_PDF_Dataset_BFsignal_PIPIEE_4/scan1dDatasetsPlugin_PDF_Dataset_BFsignal_PIPIEE_4_run4.root, plots/cl/clintervals_PDF_Dataset_BFsignal_PIPIEE_0_DatasetsPlugin.py, plots/cl/clintervals_PDF_Dataset_BFsignal_PIPIEE_1_DatasetsPlugin.py, plots/cl/clintervals_PDF_Dataset_BFsignal_PIPIEE_2_DatasetsPlugin.py, plots/cl/clintervals_PDF_Dataset_BFsignal_PIPIEE_3_DatasetsPlugin.py, plots/cl/clintervals_PDF_Dataset_BFsignal_PIPIEE_4_DatasetsPlugin.py, plots/cl/clintervals_PDF_Dataset_BFsignal_PIPIEE_0_DatasetsPlugin_CLs2.py, plots/cl/clintervals_PDF_Dataset_BFsignal_PIPIEE_1_DatasetsPlugin_CLs2.py, plots/cl/clintervals_PDF_Dataset_BFsignal_PIPIEE_2_DatasetsPlugin_CLs2.py, plots/cl/clintervals_PDF_Dataset_BFsignal_PIPIEE_3_DatasetsPlugin_CLs2.py, plots/cl/clintervals_PDF_Dataset_BFsignal_PIPIEE_4_DatasetsPlugin_CLs2.py, plots/cl/clintervals_PDF_Dataset_BFsignal_PIPIEE_0_DatasetsPlugin_expected_standardCLs.py, plots/cl/clintervals_PDF_Dataset_BFsignal_PIPIEE_1_DatasetsPlugin_expected_standardCLs.py, plots/cl/clintervals_PDF_Dataset_BFsignal_PIPIEE_2_DatasetsPlugin_expected_standardCLs.py, plots/cl/clintervals_PDF_Dataset_BFsignal_PIPIEE_3_DatasetsPlugin_expected_standardCLs.py, plots/cl/clintervals_PDF_Dataset_BFsignal_PIPIEE_4_DatasetsPlugin_expected_standardCLs.py, root/scan1dDatasetsProb_PDF_Dataset_50p_BFsignal_KKEE_0.root, root/scan1dDatasetsProb_PDF_Dataset_50p_BFsignal_KKEE_1.root, root/scan1dDatasetsProb_PDF_Dataset_50p_BFsignal_KKEE_2.root, root/scan1dDatasetsPlugin_PDF_Dataset_BFsignal_KKEE_0/scan1dDatasetsPlugin_PDF_Dataset_BFsignal_KKEE_0_run0.root, root/scan1dDatasetsPlugin_PDF_Dataset_BFsignal_KKEE_0/scan1dDatasetsPlugin_PDF_Dataset_BFsignal_KKEE_0_run1.root, root/scan1dDatasetsPlugin_PDF_Dataset_BFsignal_KKEE_0/scan1dDatasetsPlugin_PDF_Dataset_BFsignal_KKEE_0_run2.root, root/scan1dDatasetsPlugin_PDF_Dataset_BFsignal_KKEE_0/scan1dDatasetsPlugin_PDF_Dataset_BFsignal_KKEE_0_run3.root, root/scan1dDatasetsPlugin_PDF_Dataset_BFsignal_KKEE_0/scan1dDatasetsPlugin_PDF_Dataset_BFsignal_KKEE_0_run4.root, root/scan1dDatasetsPlugin_PDF_Dataset_BFsignal_KKEE_1/scan1dDatasetsPlugin_PDF_Dataset_BFsignal_KKEE_1_run0.root, root/scan1dDatasetsPlugin_PDF_Dataset_BFsignal_KKEE_1/scan1dDatasetsPlugin_PDF_Dataset_BFsignal_KKEE_1_run1.root, root/scan1dDatasetsPlugin_PDF_Dataset_BFsignal_KKEE_1/scan1dDatasetsPlugin_PDF_Dataset_BFsignal_KKEE_1_run2.root, root/scan1dDatasetsPlugin_PDF_Dataset_BFsignal_KKEE_1/scan1dDatasetsPlugin_PDF_Dataset_BFsignal_KKEE_1_run3.root, root/scan1dDatasetsPlugin_PDF_Dataset_BFsignal_KKEE_1/scan1dDatasetsPlugin_PDF_Dataset_BFsignal_KKEE_1_run4.root, root/scan1dDatasetsPlugin_PDF_Dataset_BFsignal_KKEE_2/scan1dDatasetsPlugin_PDF_Dataset_BFsignal_KKEE_2_run0.root, root/scan1dDatasetsPlugin_PDF_Dataset_BFsignal_KKEE_2/scan1dDatasetsPlugin_PDF_Dataset_BFsignal_KKEE_2_run1.root, root/scan1dDatasetsPlugin_PDF_Dataset_BFsignal_KKEE_2/scan1dDatasetsPlugin_PDF_Dataset_BFsignal_KKEE_2_run2.root, root/scan1dDatasetsPlugin_PDF_Dataset_BFsignal_KKEE_2/scan1dDatasetsPlugin_PDF_Dataset_BFsignal_KKEE_2_run3.root, root/scan1dDatasetsPlugin_PDF_Dataset_BFsignal_KKEE_2/scan1dDatasetsPlugin_PDF_Dataset_BFsignal_KKEE_2_run4.root, plots/cl/clintervals_PDF_Dataset_BFsignal_KKEE_0_DatasetsPlugin.py, plots/cl/clintervals_PDF_Dataset_BFsignal_KKEE_1_DatasetsPlugin.py, plots/cl/clintervals_PDF_Dataset_BFsignal_KKEE_2_DatasetsPlugin.py, plots/cl/clintervals_PDF_Dataset_BFsignal_KKEE_0_DatasetsPlugin_CLs2.py, plots/cl/clintervals_PDF_Dataset_BFsignal_KKEE_1_DatasetsPlugin_CLs2.py, plots/cl/clintervals_PDF_Dataset_BFsignal_KKEE_2_DatasetsPlugin_CLs2.py, plots/cl/clintervals_PDF_Dataset_BFsignal_KKEE_0_DatasetsPlugin_expected_standardCLs.py, plots/cl/clintervals_PDF_Dataset_BFsignal_KKEE_1_DatasetsPlugin_expected_standardCLs.py, plots/cl/clintervals_PDF_Dataset_BFsignal_KKEE_2_DatasetsPlugin_expected_standardCLs.py
    jobid: 0
    reason: Input files updated by another job: plots/cl/clintervals_PDF_Dataset_BFsignal_PIPIEE_3_DatasetsPlugin.py, plots/cl/clintervals_PDF_Dataset_BFsignal_KKEE_2_DatasetsPlugin.py, root/scan1dDatasetsPlugin_PDF_Dataset_BFsignal_PIPIEE_0/scan1dDatasetsPlugin_PDF_Dataset_BFsignal_PIPIEE_0_run0.root, plots/cl/clintervals_PDF_Dataset_BFsignal_PIPIEE_1_DatasetsPlugin_CLs2.py, root/scan1dDatasetsPlugin_PDF_Dataset_BFsignal_KKEE_1/scan1dDatasetsPlugin_PDF_Dataset_BFsignal_KKEE_1_run3.root, root/scan1dDatasetsPlugin_PDF_Dataset_BFsignal_PIPIEE_0/scan1dDatasetsPlugin_PDF_Dataset_BFsignal_PIPIEE_0_run2.root, plots/cl/clintervals_PDF_Dataset_BFsignal_PIPIEE_4_DatasetsPlugin_expected_standardCLs.py, plots/cl/clintervals_PDF_Dataset_BFsignal_PIPIEE_1_DatasetsPlugin.py, plots/cl/clintervals_PDF_Dataset_BFsignal_PIPIEE_4_DatasetsPlugin.py, plots/cl/clintervals_PDF_Dataset_BFsignal_PIPIEE_3_DatasetsPlugin_expected_standardCLs.py, root/scan1dDatasetsPlugin_PDF_Dataset_BFsignal_PIPIEE_0/scan1dDatasetsPlugin_PDF_Dataset_BFsignal_PIPIEE_0_run4.root, plots/cl/clintervals_PDF_Dataset_BFsignal_KKEE_2_DatasetsPlugin_expected_standardCLs.py, plots/cl/clintervals_PDF_Dataset_BFsignal_PIPIEE_0_DatasetsPlugin.py, plots/cl/clintervals_PDF_Dataset_BFsignal_PIPIEE_1_DatasetsPlugin_expected_standardCLs.py, plots/cl/clintervals_PDF_Dataset_BFsignal_KKEE_1_DatasetsPlugin_expected_standardCLs.py, root/scan1dDatasetsPlugin_PDF_Dataset_BFsignal_PIPIEE_3/scan1dDatasetsPlugin_PDF_Dataset_BFsignal_PIPIEE_3_run4.root, plots/cl/clintervals_PDF_Dataset_BFsignal_PIPIEE_2_DatasetsPlugin.py, plots/cl/clintervals_PDF_Dataset_BFsignal_PIPIEE_2_DatasetsPlugin_expected_standardCLs.py, plots/cl/clintervals_PDF_Dataset_BFsignal_KKEE_0_DatasetsPlugin_CLs2.py, plots/cl/clintervals_PDF_Dataset_BFsignal_KKEE_1_DatasetsPlugin.py, plots/cl/clintervals_PDF_Dataset_BFsignal_KKEE_0_DatasetsPlugin_expected_standardCLs.py, plots/cl/clintervals_PDF_Dataset_BFsignal_PIPIEE_4_DatasetsPlugin_CLs2.py, root/scan1dDatasetsPlugin_PDF_Dataset_BFsignal_PIPIEE_3/scan1dDatasetsPlugin_PDF_Dataset_BFsignal_PIPIEE_3_run0.root, plots/cl/clintervals_PDF_Dataset_BFsignal_PIPIEE_0_DatasetsPlugin_expected_standardCLs.py, plots/cl/clintervals_PDF_Dataset_BFsignal_PIPIEE_2_DatasetsPlugin_CLs2.py, plots/cl/clintervals_PDF_Dataset_BFsignal_KKEE_0_DatasetsPlugin.py, plots/cl/clintervals_PDF_Dataset_BFsignal_KKEE_1_DatasetsPlugin_CLs2.py, plots/cl/clintervals_PDF_Dataset_BFsignal_KKEE_2_DatasetsPlugin_CLs2.py, plots/cl/clintervals_PDF_Dataset_BFsignal_PIPIEE_0_DatasetsPlugin_CLs2.py, plots/cl/clintervals_PDF_Dataset_BFsignal_PIPIEE_3_DatasetsPlugin_CLs2.py
    resources: tmpdir=/tmp/ascarabo

[Fri Mar 31 12:13:40 2023]
Finished job 0.
15 of 15 steps (100%) done
Complete log: .snakemake/log/2023-03-31T095651.390118.snakemake.log
