Building DAG of jobs...
Using shell: /cvmfs/lhcbdev.cern.ch/conda/envs/default/2023-03-05_13-05/linux-64/bin/bash
Provided cores: 32
Rules claiming more threads will be scaled down.
Job stats:
job                count    min threads    max threads
---------------  -------  -------------  -------------
all                    1              1              1
build_wspc             5              1              1
run_plugin             5              1              1
run_pluginbatch        5              1              1
run_prob               5              1              1
total                 21              1              1

Select jobs to execute...

[Fri Mar 24 18:21:13 2023]
rule build_wspc:
    output: workspace_PIPIEE_0.root
    log: build_workspace_PIPIEE_0.log
    jobid: 1
    reason: Forced execution
    wildcards: decay=PIPIEE, bin_number=0
    resources: tmpdir=/tmp/ascarabo


[Fri Mar 24 18:21:13 2023]
rule build_wspc:
    output: workspace_PIPIEE_2.root
    log: build_workspace_PIPIEE_2.log
    jobid: 3
    reason: Forced execution
    wildcards: decay=PIPIEE, bin_number=2
    resources: tmpdir=/tmp/ascarabo


[Fri Mar 24 18:21:13 2023]
rule build_wspc:
    output: workspace_PIPIEE_4.root
    log: build_workspace_PIPIEE_4.log
    jobid: 5
    reason: Forced execution
    wildcards: decay=PIPIEE, bin_number=4
    resources: tmpdir=/tmp/ascarabo


[Fri Mar 24 18:21:13 2023]
rule build_wspc:
    output: workspace_PIPIEE_1.root
    log: build_workspace_PIPIEE_1.log
    jobid: 2
    reason: Forced execution
    wildcards: decay=PIPIEE, bin_number=1
    resources: tmpdir=/tmp/ascarabo


[Fri Mar 24 18:21:13 2023]
rule build_wspc:
    output: workspace_PIPIEE_3.root
    log: build_workspace_PIPIEE_3.log
    jobid: 4
    reason: Forced execution
    wildcards: decay=PIPIEE, bin_number=3
    resources: tmpdir=/tmp/ascarabo

[Fri Mar 24 18:21:14 2023]
Finished job 2.
1 of 21 steps (5%) done
Select jobs to execute...

[Fri Mar 24 18:21:14 2023]
rule run_prob:
    input: workspace_PIPIEE_1.root
    output: root/scan1dDatasetsProb_PDF_Dataset_3p_BFsignal_PIPIEE_1.root
    log: tutorial_dataset_prob_PDF_Dataset_3p_BFsignal_PIPIEE_1.log
    jobid: 7
    reason: Missing output files: root/scan1dDatasetsProb_PDF_Dataset_3p_BFsignal_PIPIEE_1.root; Input files updated by another job: workspace_PIPIEE_1.root
    wildcards: name=PDF_Dataset, points=3, var=BFsignal, decay=PIPIEE, bin_number=1
    resources: tmpdir=/tmp/ascarabo

[Fri Mar 24 18:21:14 2023]
Finished job 4.
2 of 21 steps (10%) done
[Fri Mar 24 18:21:14 2023]
Finished job 5.
3 of 21 steps (14%) done
[Fri Mar 24 18:21:14 2023]
Finished job 3.
4 of 21 steps (19%) done
Select jobs to execute...

[Fri Mar 24 18:21:14 2023]
rule run_prob:
    input: workspace_PIPIEE_2.root
    output: root/scan1dDatasetsProb_PDF_Dataset_3p_BFsignal_PIPIEE_2.root
    log: tutorial_dataset_prob_PDF_Dataset_3p_BFsignal_PIPIEE_2.log
    jobid: 8
    reason: Missing output files: root/scan1dDatasetsProb_PDF_Dataset_3p_BFsignal_PIPIEE_2.root; Input files updated by another job: workspace_PIPIEE_2.root
    wildcards: name=PDF_Dataset, points=3, var=BFsignal, decay=PIPIEE, bin_number=2
    resources: tmpdir=/tmp/ascarabo


[Fri Mar 24 18:21:14 2023]
rule run_prob:
    input: workspace_PIPIEE_3.root
    output: root/scan1dDatasetsProb_PDF_Dataset_3p_BFsignal_PIPIEE_3.root
    log: tutorial_dataset_prob_PDF_Dataset_3p_BFsignal_PIPIEE_3.log
    jobid: 9
    reason: Input files updated by another job: workspace_PIPIEE_3.root
    wildcards: name=PDF_Dataset, points=3, var=BFsignal, decay=PIPIEE, bin_number=3
    resources: tmpdir=/tmp/ascarabo


[Fri Mar 24 18:21:14 2023]
rule run_prob:
    input: workspace_PIPIEE_4.root
    output: root/scan1dDatasetsProb_PDF_Dataset_3p_BFsignal_PIPIEE_4.root
    log: tutorial_dataset_prob_PDF_Dataset_3p_BFsignal_PIPIEE_4.log
    jobid: 10
    reason: Missing output files: root/scan1dDatasetsProb_PDF_Dataset_3p_BFsignal_PIPIEE_4.root; Input files updated by another job: workspace_PIPIEE_4.root
    wildcards: name=PDF_Dataset, points=3, var=BFsignal, decay=PIPIEE, bin_number=4
    resources: tmpdir=/tmp/ascarabo

[Fri Mar 24 18:21:14 2023]
Finished job 1.
5 of 21 steps (24%) done
Select jobs to execute...

[Fri Mar 24 18:21:14 2023]
rule run_prob:
    input: workspace_PIPIEE_0.root
    output: root/scan1dDatasetsProb_PDF_Dataset_3p_BFsignal_PIPIEE_0.root
    log: tutorial_dataset_prob_PDF_Dataset_3p_BFsignal_PIPIEE_0.log
    jobid: 6
    reason: Missing output files: root/scan1dDatasetsProb_PDF_Dataset_3p_BFsignal_PIPIEE_0.root; Input files updated by another job: workspace_PIPIEE_0.root
    wildcards: name=PDF_Dataset, points=3, var=BFsignal, decay=PIPIEE, bin_number=0
    resources: tmpdir=/tmp/ascarabo

[Fri Mar 24 18:21:18 2023]
Finished job 6.
6 of 21 steps (29%) done
Select jobs to execute...

[Fri Mar 24 18:21:18 2023]
rule run_pluginbatch:
    input: workspace.root, root/scan1dDatasetsProb_PDF_Dataset_3p_BFsignal_PIPIEE_0.root
    output: root/scan1dDatasetsPlugin_PDF_Dataset_BFsignal_PIPIEE_0/scan1dDatasetsPlugin_PDF_Dataset_BFsignal_PIPIEE_0_run0.root
    log: tutorial_dataset_pluginbatch_PDF_Dataset_BFsignal_PIPIEE_0_0.log
    jobid: 11
    reason: Missing output files: root/scan1dDatasetsPlugin_PDF_Dataset_BFsignal_PIPIEE_0/scan1dDatasetsPlugin_PDF_Dataset_BFsignal_PIPIEE_0_run0.root; Input files updated by another job: root/scan1dDatasetsProb_PDF_Dataset_3p_BFsignal_PIPIEE_0.root
    wildcards: name=PDF_Dataset, var=BFsignal, nbin=0, decay=PIPIEE, jobnum=0
    resources: tmpdir=/tmp/ascarabo

[Fri Mar 24 18:21:18 2023]
Finished job 9.
7 of 21 steps (33%) done
Select jobs to execute...

[Fri Mar 24 18:21:18 2023]
rule run_pluginbatch:
    input: workspace.root, root/scan1dDatasetsProb_PDF_Dataset_3p_BFsignal_PIPIEE_3.root
    output: root/scan1dDatasetsPlugin_PDF_Dataset_BFsignal_PIPIEE_3/scan1dDatasetsPlugin_PDF_Dataset_BFsignal_PIPIEE_3_run0.root
    log: tutorial_dataset_pluginbatch_PDF_Dataset_BFsignal_PIPIEE_3_0.log
    jobid: 14
    reason: Input files updated by another job: root/scan1dDatasetsProb_PDF_Dataset_3p_BFsignal_PIPIEE_3.root
    wildcards: name=PDF_Dataset, var=BFsignal, nbin=3, decay=PIPIEE, jobnum=0
    resources: tmpdir=/tmp/ascarabo

[Fri Mar 24 18:21:18 2023]
Finished job 8.
8 of 21 steps (38%) done
Select jobs to execute...

[Fri Mar 24 18:21:18 2023]
rule run_pluginbatch:
    input: workspace.root, root/scan1dDatasetsProb_PDF_Dataset_3p_BFsignal_PIPIEE_2.root
    output: root/scan1dDatasetsPlugin_PDF_Dataset_BFsignal_PIPIEE_2/scan1dDatasetsPlugin_PDF_Dataset_BFsignal_PIPIEE_2_run0.root
    log: tutorial_dataset_pluginbatch_PDF_Dataset_BFsignal_PIPIEE_2_0.log
    jobid: 13
    reason: Missing output files: root/scan1dDatasetsPlugin_PDF_Dataset_BFsignal_PIPIEE_2/scan1dDatasetsPlugin_PDF_Dataset_BFsignal_PIPIEE_2_run0.root; Input files updated by another job: root/scan1dDatasetsProb_PDF_Dataset_3p_BFsignal_PIPIEE_2.root
    wildcards: name=PDF_Dataset, var=BFsignal, nbin=2, decay=PIPIEE, jobnum=0
    resources: tmpdir=/tmp/ascarabo

[Fri Mar 24 18:21:19 2023]
Finished job 14.
9 of 21 steps (43%) done
Select jobs to execute...

[Fri Mar 24 18:21:19 2023]
rule run_plugin:
    input: workspace.root, root/scan1dDatasetsProb_PDF_Dataset_3p_BFsignal_PIPIEE_0.root, root/scan1dDatasetsPlugin_PDF_Dataset_BFsignal_PIPIEE_3/scan1dDatasetsPlugin_PDF_Dataset_BFsignal_PIPIEE_3_run0.root
    output: plots/cl/clintervals_PDF_Dataset_BFsignal_PIPIEE_0_DatasetsPlugin.py, plots/cl/clintervals_PDF_Dataset_BFsignal_PIPIEE_0_DatasetsPlugin_CLs2.py, plots/cl/clintervals_PDF_Dataset_BFsignal_PIPIEE_0_DatasetsPlugin_expected_standardCLs.py
    log: tutorial_dataset_plugin_PDF_Dataset_BFsignal_PIPIEE_0.log
    jobid: 16
    reason: Missing output files: plots/cl/clintervals_PDF_Dataset_BFsignal_PIPIEE_0_DatasetsPlugin.py, plots/cl/clintervals_PDF_Dataset_BFsignal_PIPIEE_0_DatasetsPlugin_expected_standardCLs.py, plots/cl/clintervals_PDF_Dataset_BFsignal_PIPIEE_0_DatasetsPlugin_CLs2.py; Input files updated by another job: root/scan1dDatasetsPlugin_PDF_Dataset_BFsignal_PIPIEE_3/scan1dDatasetsPlugin_PDF_Dataset_BFsignal_PIPIEE_3_run0.root, root/scan1dDatasetsProb_PDF_Dataset_3p_BFsignal_PIPIEE_0.root
    wildcards: name=PDF_Dataset, var=BFsignal, decay=PIPIEE, bin_number=0
    resources: tmpdir=/tmp/ascarabo


[Fri Mar 24 18:21:19 2023]
rule run_plugin:
    input: workspace.root, root/scan1dDatasetsProb_PDF_Dataset_3p_BFsignal_PIPIEE_2.root, root/scan1dDatasetsPlugin_PDF_Dataset_BFsignal_PIPIEE_3/scan1dDatasetsPlugin_PDF_Dataset_BFsignal_PIPIEE_3_run0.root
    output: plots/cl/clintervals_PDF_Dataset_BFsignal_PIPIEE_2_DatasetsPlugin.py, plots/cl/clintervals_PDF_Dataset_BFsignal_PIPIEE_2_DatasetsPlugin_CLs2.py, plots/cl/clintervals_PDF_Dataset_BFsignal_PIPIEE_2_DatasetsPlugin_expected_standardCLs.py
    log: tutorial_dataset_plugin_PDF_Dataset_BFsignal_PIPIEE_2.log
    jobid: 18
    reason: Missing output files: plots/cl/clintervals_PDF_Dataset_BFsignal_PIPIEE_2_DatasetsPlugin_expected_standardCLs.py, plots/cl/clintervals_PDF_Dataset_BFsignal_PIPIEE_2_DatasetsPlugin_CLs2.py, plots/cl/clintervals_PDF_Dataset_BFsignal_PIPIEE_2_DatasetsPlugin.py; Input files updated by another job: root/scan1dDatasetsPlugin_PDF_Dataset_BFsignal_PIPIEE_3/scan1dDatasetsPlugin_PDF_Dataset_BFsignal_PIPIEE_3_run0.root, root/scan1dDatasetsProb_PDF_Dataset_3p_BFsignal_PIPIEE_2.root
    wildcards: name=PDF_Dataset, var=BFsignal, decay=PIPIEE, bin_number=2
    resources: tmpdir=/tmp/ascarabo


[Fri Mar 24 18:21:19 2023]
rule run_plugin:
    input: workspace.root, root/scan1dDatasetsProb_PDF_Dataset_3p_BFsignal_PIPIEE_3.root, root/scan1dDatasetsPlugin_PDF_Dataset_BFsignal_PIPIEE_3/scan1dDatasetsPlugin_PDF_Dataset_BFsignal_PIPIEE_3_run0.root
    output: plots/cl/clintervals_PDF_Dataset_BFsignal_PIPIEE_3_DatasetsPlugin.py, plots/cl/clintervals_PDF_Dataset_BFsignal_PIPIEE_3_DatasetsPlugin_CLs2.py, plots/cl/clintervals_PDF_Dataset_BFsignal_PIPIEE_3_DatasetsPlugin_expected_standardCLs.py
    log: tutorial_dataset_plugin_PDF_Dataset_BFsignal_PIPIEE_3.log
    jobid: 19
    reason: Input files updated by another job: root/scan1dDatasetsProb_PDF_Dataset_3p_BFsignal_PIPIEE_3.root, root/scan1dDatasetsPlugin_PDF_Dataset_BFsignal_PIPIEE_3/scan1dDatasetsPlugin_PDF_Dataset_BFsignal_PIPIEE_3_run0.root
    wildcards: name=PDF_Dataset, var=BFsignal, decay=PIPIEE, bin_number=3
    resources: tmpdir=/tmp/ascarabo

[Fri Mar 24 18:21:20 2023]
Finished job 13.
10 of 21 steps (48%) done
[Fri Mar 24 18:21:20 2023]
Error in rule run_prob:
    jobid: 7
    output: root/scan1dDatasetsProb_PDF_Dataset_3p_BFsignal_PIPIEE_1.root
    log: tutorial_dataset_prob_PDF_Dataset_3p_BFsignal_PIPIEE_1.log (check log file(s) for error message)
    shell:
         bin/tutorial_dataset --var BFsignal --npoints 3 --scanrange 1e-8:1.e-6 --cls 2 --CL 90 --CL 95 --decay PIPIEE --bin 1 > tutorial_dataset_prob_PDF_Dataset_3p_BFsignal_PIPIEE_1.log
        (one of the commands exited with non-zero exit code; note that snakemake uses bash strict mode!)

Removing output files of failed job run_prob since they might be corrupted:
root/scan1dDatasetsProb_PDF_Dataset_3p_BFsignal_PIPIEE_1.root
[Fri Mar 24 18:21:20 2023]
Error in rule run_prob:
    jobid: 10
    output: root/scan1dDatasetsProb_PDF_Dataset_3p_BFsignal_PIPIEE_4.root
    log: tutorial_dataset_prob_PDF_Dataset_3p_BFsignal_PIPIEE_4.log (check log file(s) for error message)
    shell:
         bin/tutorial_dataset --var BFsignal --npoints 3 --scanrange 1e-8:1.e-6 --cls 2 --CL 90 --CL 95 --decay PIPIEE --bin 4 > tutorial_dataset_prob_PDF_Dataset_3p_BFsignal_PIPIEE_4.log
        (one of the commands exited with non-zero exit code; note that snakemake uses bash strict mode!)

[Fri Mar 24 18:21:20 2023]
Finished job 11.
11 of 21 steps (52%) done
Removing output files of failed job run_prob since they might be corrupted:
root/scan1dDatasetsProb_PDF_Dataset_3p_BFsignal_PIPIEE_4.root
[Fri Mar 24 18:21:21 2023]
Finished job 19.
12 of 21 steps (57%) done
[Fri Mar 24 18:21:21 2023]
Finished job 18.
13 of 21 steps (62%) done
[Fri Mar 24 18:21:21 2023]
Finished job 16.
14 of 21 steps (67%) done
Shutting down, this might take some time.
Exiting because a job execution failed. Look above for error message
Complete log: .snakemake/log/2023-03-24T182112.531131.snakemake.log
