Building DAG of jobs...
Using shell: /cvmfs/lhcbdev.cern.ch/conda/envs/default/2023-03-05_13-05/linux-64/bin/bash
Provided cores: 32
Rules claiming more threads will be scaled down.
Job stats:
job                count    min threads    max threads
---------------  -------  -------------  -------------
all                    1              1              1
build_wspc             1              1              1
run_plugin             1              1              1
run_pluginbatch        1              1              1
run_prob               1              1              1
total                  5              1              1

Select jobs to execute...

[Fri Mar 24 18:13:39 2023]
rule build_wspc:
    output: workspace_PIPIEE_3.root
    log: build_workspace_PIPIEE_3.log
    jobid: 1
    reason: Forced execution
    wildcards: decay=PIPIEE, bin_number=3
    resources: tmpdir=/tmp/ascarabo

[Fri Mar 24 18:13:40 2023]
Finished job 1.
1 of 5 steps (20%) done
Select jobs to execute...

[Fri Mar 24 18:13:40 2023]
rule run_prob:
    input: workspace_PIPIEE_3.root
    output: root/scan1dDatasetsProb_PDF_Dataset_3p_BFsignal_PIPIEE_3.root
    log: tutorial_dataset_prob_PDF_Dataset_3p_BFsignal_PIPIEE_3.log
    jobid: 2
    reason: Input files updated by another job: workspace_PIPIEE_3.root
    wildcards: name=PDF_Dataset, points=3, var=BFsignal, decay=PIPIEE, bin_number=3
    resources: tmpdir=/tmp/ascarabo

[Fri Mar 24 18:13:41 2023]
Finished job 2.
2 of 5 steps (40%) done
Select jobs to execute...

[Fri Mar 24 18:13:41 2023]
rule run_pluginbatch:
    input: workspace.root, root/scan1dDatasetsProb_PDF_Dataset_3p_BFsignal_PIPIEE_3.root
    output: root/scan1dDatasetsPlugin_PDF_Dataset_BFsignal_PIPIEE_3/scan1dDatasetsPlugin_PDF_Dataset_BFsignal_PIPIEE_3_run0.root
    log: tutorial_dataset_pluginbatch_PDF_Dataset_BFsignal_PIPIEE_3_0.log
    jobid: 3
    reason: Input files updated by another job: root/scan1dDatasetsProb_PDF_Dataset_3p_BFsignal_PIPIEE_3.root
    wildcards: name=PDF_Dataset, var=BFsignal, decay=PIPIEE, bin_number=3, jobnum=0
    resources: tmpdir=/tmp/ascarabo

[Fri Mar 24 18:13:42 2023]
Finished job 3.
3 of 5 steps (60%) done
Select jobs to execute...

[Fri Mar 24 18:13:42 2023]
rule run_plugin:
    input: workspace.root, root/scan1dDatasetsProb_PDF_Dataset_3p_BFsignal_PIPIEE_3.root, root/scan1dDatasetsPlugin_PDF_Dataset_BFsignal_PIPIEE_3/scan1dDatasetsPlugin_PDF_Dataset_BFsignal_PIPIEE_3_run0.root
    output: plots/cl/clintervals_PDF_Dataset_BFsignal_PIPIEE_3_DatasetsPlugin.py, plots/cl/clintervals_PDF_Dataset_BFsignal_PIPIEE_3_DatasetsPlugin_CLs2.py, plots/cl/clintervals_PDF_Dataset_BFsignal_PIPIEE_3_DatasetsPlugin_expected_standardCLs.py
    log: tutorial_dataset_plugin_PDF_Dataset_BFsignal_PIPIEE_3.log
    jobid: 4
    reason: Input files updated by another job: root/scan1dDatasetsPlugin_PDF_Dataset_BFsignal_PIPIEE_3/scan1dDatasetsPlugin_PDF_Dataset_BFsignal_PIPIEE_3_run0.root, root/scan1dDatasetsProb_PDF_Dataset_3p_BFsignal_PIPIEE_3.root
    wildcards: name=PDF_Dataset, var=BFsignal, decay=PIPIEE, bin_number=3
    resources: tmpdir=/tmp/ascarabo

[Fri Mar 24 18:13:43 2023]
Finished job 4.
4 of 5 steps (80%) done
Select jobs to execute...

[Fri Mar 24 18:13:43 2023]
localrule all:
    input: workspace_PIPIEE_3.root, root/scan1dDatasetsProb_PDF_Dataset_3p_BFsignal_PIPIEE_3.root, root/scan1dDatasetsPlugin_PDF_Dataset_BFsignal_PIPIEE_3/scan1dDatasetsPlugin_PDF_Dataset_BFsignal_PIPIEE_3_run0.root, plots/cl/clintervals_PDF_Dataset_BFsignal_PIPIEE_3_DatasetsPlugin.py, plots/cl/clintervals_PDF_Dataset_BFsignal_PIPIEE_3_DatasetsPlugin_CLs2.py, plots/cl/clintervals_PDF_Dataset_BFsignal_PIPIEE_3_DatasetsPlugin_expected_standardCLs.py
    jobid: 0
    reason: Input files updated by another job: workspace_PIPIEE_3.root, plots/cl/clintervals_PDF_Dataset_BFsignal_PIPIEE_3_DatasetsPlugin_CLs2.py, root/scan1dDatasetsPlugin_PDF_Dataset_BFsignal_PIPIEE_3/scan1dDatasetsPlugin_PDF_Dataset_BFsignal_PIPIEE_3_run0.root, plots/cl/clintervals_PDF_Dataset_BFsignal_PIPIEE_3_DatasetsPlugin_expected_standardCLs.py, plots/cl/clintervals_PDF_Dataset_BFsignal_PIPIEE_3_DatasetsPlugin.py, root/scan1dDatasetsProb_PDF_Dataset_3p_BFsignal_PIPIEE_3.root
    resources: tmpdir=/tmp/ascarabo

[Fri Mar 24 18:13:43 2023]
Finished job 0.
5 of 5 steps (100%) done
Complete log: .snakemake/log/2023-03-24T181338.455839.snakemake.log
