Building DAG of jobs...
Using shell: /cvmfs/lhcbdev.cern.ch/conda/envs/default/2023-03-05_13-05/linux-64/bin/bash
Provided cores: 1 (use --cores to define parallelism)
Rules claiming more threads will be scaled down.
Job stats:
job                count    min threads    max threads
---------------  -------  -------------  -------------
all                    1              1              1
build_wspc             8              1              1
run_plugin             8              1              1
run_pluginbatch        8              1              1
run_prob               8              1              1
total                 33              1              1

Select jobs to execute...

[Fri Mar 24 18:42:55 2023]
rule build_wspc:
    output: workspace_KKEE_2.root
    log: build_workspace_KKEE_2.log
    jobid: 8
    reason: Forced execution
    wildcards: decay=KKEE, bin_number=2
    resources: tmpdir=/tmp/ascarabo

[Fri Mar 24 18:42:57 2023]
Finished job 8.
1 of 33 steps (3%) done
Select jobs to execute...

[Fri Mar 24 18:42:57 2023]
rule run_prob:
    input: workspace_KKEE_2.root
    output: root/scan1dDatasetsProb_PDF_Dataset_3p_BFsignal_KKEE_2.root
    log: tutorial_dataset_prob_PDF_Dataset_3p_BFsignal_KKEE_2.log
    jobid: 25
    reason: Missing output files: root/scan1dDatasetsProb_PDF_Dataset_3p_BFsignal_KKEE_2.root; Input files updated by another job: workspace_KKEE_2.root
    wildcards: name=PDF_Dataset, points=3, var=BFsignal, decay=KKEE, bin_number=2
    resources: tmpdir=/tmp/ascarabo

[Fri Mar 24 18:42:58 2023]
Finished job 25.
2 of 33 steps (6%) done
Select jobs to execute...

[Fri Mar 24 18:42:58 2023]
rule build_wspc:
    output: workspace_KKEE_0.root
    log: build_workspace_KKEE_0.log
    jobid: 6
    reason: Forced execution
    wildcards: decay=KKEE, bin_number=0
    resources: tmpdir=/tmp/ascarabo

[Fri Mar 24 18:42:59 2023]
Finished job 6.
3 of 33 steps (9%) done
Select jobs to execute...

[Fri Mar 24 18:42:59 2023]
rule run_prob:
    input: workspace_KKEE_0.root
    output: root/scan1dDatasetsProb_PDF_Dataset_3p_BFsignal_KKEE_0.root
    log: tutorial_dataset_prob_PDF_Dataset_3p_BFsignal_KKEE_0.log
    jobid: 21
    reason: Missing output files: root/scan1dDatasetsProb_PDF_Dataset_3p_BFsignal_KKEE_0.root; Input files updated by another job: workspace_KKEE_0.root
    wildcards: name=PDF_Dataset, points=3, var=BFsignal, decay=KKEE, bin_number=0
    resources: tmpdir=/tmp/ascarabo

[Fri Mar 24 18:43:00 2023]
Finished job 21.
4 of 33 steps (12%) done
Select jobs to execute...

[Fri Mar 24 18:43:00 2023]
rule build_wspc:
    output: workspace_PIPIEE_3.root
    log: build_workspace_PIPIEE_3.log
    jobid: 4
    reason: Forced execution
    wildcards: decay=PIPIEE, bin_number=3
    resources: tmpdir=/tmp/ascarabo

[Fri Mar 24 18:43:01 2023]
Finished job 4.
5 of 33 steps (15%) done
Select jobs to execute...

[Fri Mar 24 18:43:01 2023]
rule run_prob:
    input: workspace_PIPIEE_3.root
    output: root/scan1dDatasetsProb_PDF_Dataset_3p_BFsignal_PIPIEE_3.root
    log: tutorial_dataset_prob_PDF_Dataset_3p_BFsignal_PIPIEE_3.log
    jobid: 12
    reason: Input files updated by another job: workspace_PIPIEE_3.root
    wildcards: name=PDF_Dataset, points=3, var=BFsignal, decay=PIPIEE, bin_number=3
    resources: tmpdir=/tmp/ascarabo

[Fri Mar 24 18:43:02 2023]
Finished job 12.
6 of 33 steps (18%) done
Select jobs to execute...

[Fri Mar 24 18:43:02 2023]
rule build_wspc:
    output: workspace_PIPIEE_1.root
    log: build_workspace_PIPIEE_1.log
    jobid: 2
    reason: Forced execution
    wildcards: decay=PIPIEE, bin_number=1
    resources: tmpdir=/tmp/ascarabo

[Fri Mar 24 18:43:02 2023]
Finished job 2.
7 of 33 steps (21%) done
Select jobs to execute...

[Fri Mar 24 18:43:02 2023]
rule run_prob:
    input: workspace_PIPIEE_1.root
    output: root/scan1dDatasetsProb_PDF_Dataset_3p_BFsignal_PIPIEE_1.root
    log: tutorial_dataset_prob_PDF_Dataset_3p_BFsignal_PIPIEE_1.log
    jobid: 10
    reason: Input files updated by another job: workspace_PIPIEE_1.root
    wildcards: name=PDF_Dataset, points=3, var=BFsignal, decay=PIPIEE, bin_number=1
    resources: tmpdir=/tmp/ascarabo

[Fri Mar 24 18:43:03 2023]
Finished job 10.
8 of 33 steps (24%) done
Select jobs to execute...

[Fri Mar 24 18:43:03 2023]
rule run_pluginbatch:
    input: workspace.root, root/scan1dDatasetsProb_PDF_Dataset_3p_BFsignal_PIPIEE_3.root
    output: root/scan1dDatasetsPlugin_PDF_Dataset_BFsignal_PIPIEE_3/scan1dDatasetsPlugin_PDF_Dataset_BFsignal_PIPIEE_3_run0.root
    log: tutorial_dataset_pluginbatch_PDF_Dataset_BFsignal_PIPIEE_3_0.log
    jobid: 17
    reason: Input files updated by another job: root/scan1dDatasetsProb_PDF_Dataset_3p_BFsignal_PIPIEE_3.root
    wildcards: name=PDF_Dataset, var=BFsignal, decay=PIPIEE, nbin=3, jobnum=0
    resources: tmpdir=/tmp/ascarabo

[Fri Mar 24 18:43:04 2023]
Finished job 17.
9 of 33 steps (27%) done
Select jobs to execute...

[Fri Mar 24 18:43:04 2023]
rule run_pluginbatch:
    input: workspace.root, root/scan1dDatasetsProb_PDF_Dataset_3p_BFsignal_PIPIEE_1.root
    output: root/scan1dDatasetsPlugin_PDF_Dataset_BFsignal_PIPIEE_1/scan1dDatasetsPlugin_PDF_Dataset_BFsignal_PIPIEE_1_run0.root
    log: tutorial_dataset_pluginbatch_PDF_Dataset_BFsignal_PIPIEE_1_0.log
    jobid: 15
    reason: Input files updated by another job: root/scan1dDatasetsProb_PDF_Dataset_3p_BFsignal_PIPIEE_1.root
    wildcards: name=PDF_Dataset, var=BFsignal, decay=PIPIEE, nbin=1, jobnum=0
    resources: tmpdir=/tmp/ascarabo

[Fri Mar 24 18:43:05 2023]
Finished job 15.
10 of 33 steps (30%) done
Select jobs to execute...

[Fri Mar 24 18:43:05 2023]
rule run_pluginbatch:
    input: workspace.root, root/scan1dDatasetsProb_PDF_Dataset_3p_BFsignal_KKEE_2.root
    output: root/scan1dDatasetsPlugin_PDF_Dataset_BFsignal_KKEE_2/scan1dDatasetsPlugin_PDF_Dataset_BFsignal_KKEE_2_run0.root
    log: tutorial_dataset_pluginbatch_PDF_Dataset_BFsignal_KKEE_2_0.log
    jobid: 24
    reason: Missing output files: root/scan1dDatasetsPlugin_PDF_Dataset_BFsignal_KKEE_2/scan1dDatasetsPlugin_PDF_Dataset_BFsignal_KKEE_2_run0.root; Input files updated by another job: root/scan1dDatasetsProb_PDF_Dataset_3p_BFsignal_KKEE_2.root
    wildcards: name=PDF_Dataset, var=BFsignal, decay=KKEE, nbin=2, jobnum=0
    resources: tmpdir=/tmp/ascarabo

[Fri Mar 24 18:43:06 2023]
Finished job 24.
11 of 33 steps (33%) done
Select jobs to execute...

[Fri Mar 24 18:43:06 2023]
rule build_wspc:
    output: workspace_KKEE_1.root
    log: build_workspace_KKEE_1.log
    jobid: 7
    reason: Forced execution
    wildcards: decay=KKEE, bin_number=1
    resources: tmpdir=/tmp/ascarabo

[Fri Mar 24 18:43:07 2023]
Finished job 7.
12 of 33 steps (36%) done
Select jobs to execute...

[Fri Mar 24 18:43:07 2023]
rule run_prob:
    input: workspace_KKEE_1.root
    output: root/scan1dDatasetsProb_PDF_Dataset_3p_BFsignal_KKEE_1.root
    log: tutorial_dataset_prob_PDF_Dataset_3p_BFsignal_KKEE_1.log
    jobid: 23
    reason: Missing output files: root/scan1dDatasetsProb_PDF_Dataset_3p_BFsignal_KKEE_1.root; Input files updated by another job: workspace_KKEE_1.root
    wildcards: name=PDF_Dataset, points=3, var=BFsignal, decay=KKEE, bin_number=1
    resources: tmpdir=/tmp/ascarabo

[Fri Mar 24 18:43:10 2023]
Error in rule run_prob:
    jobid: 23
    output: root/scan1dDatasetsProb_PDF_Dataset_3p_BFsignal_KKEE_1.root
    log: tutorial_dataset_prob_PDF_Dataset_3p_BFsignal_KKEE_1.log (check log file(s) for error message)
    shell:
         bin/tutorial_dataset --var BFsignal --npoints 3 --scanrange 1e-8:0.4e-6 --cls 2 --CL 90 --CL 95 --decay KKEE --bin 1 > tutorial_dataset_prob_PDF_Dataset_3p_BFsignal_KKEE_1.log
        (one of the commands exited with non-zero exit code; note that snakemake uses bash strict mode!)

Removing output files of failed job run_prob since they might be corrupted:
root/scan1dDatasetsProb_PDF_Dataset_3p_BFsignal_KKEE_1.root
Shutting down, this might take some time.
Exiting because a job execution failed. Look above for error message
Complete log: .snakemake/log/2023-03-24T184255.026112.snakemake.log
