Building DAG of jobs...
Using shell: /cvmfs/lhcbdev.cern.ch/conda/envs/default/2023-03-05_13-05/linux-64/bin/bash
Provided cores: 32
Rules claiming more threads will be scaled down.
Job stats:
job                count    min threads    max threads
---------------  -------  -------------  -------------
all                    1              1              1
run_plugin             1              1              1
run_pluginbatch        5              1              1
total                  7              1              1

Select jobs to execute...

[Fri Mar 24 17:53:16 2023]
rule run_pluginbatch:
    input: workspace.root, root/scan1dDatasetsProb_PDF_Dataset_50p_BFsignal.root
    output: root/scan1dDatasetsPlugin_PDF_Dataset_BFsignal_PIPIEE_3/scan1dDatasetsPlugin_PDF_Dataset_BFsignal_PIPIEE_3_run0.root
    log: tutorial_dataset_pluginbatch_PDF_Dataset_BFsignal_PIPIEE_3_0.log
    jobid: 3
    reason: Missing output files: root/scan1dDatasetsPlugin_PDF_Dataset_BFsignal_PIPIEE_3/scan1dDatasetsPlugin_PDF_Dataset_BFsignal_PIPIEE_3_run0.root
    wildcards: name=PDF_Dataset, var=BFsignal, decay=PIPIEE, bin_number=3, jobnum=0
    resources: tmpdir=/tmp/ascarabo


[Fri Mar 24 17:53:16 2023]
rule run_pluginbatch:
    input: workspace.root, root/scan1dDatasetsProb_PDF_Dataset_50p_BFsignal.root
    output: root/scan1dDatasetsPlugin_PDF_Dataset_BFsignal_PIPIEE_3/scan1dDatasetsPlugin_PDF_Dataset_BFsignal_PIPIEE_3_run2.root
    log: tutorial_dataset_pluginbatch_PDF_Dataset_BFsignal_PIPIEE_3_2.log
    jobid: 5
    reason: Missing output files: root/scan1dDatasetsPlugin_PDF_Dataset_BFsignal_PIPIEE_3/scan1dDatasetsPlugin_PDF_Dataset_BFsignal_PIPIEE_3_run2.root
    wildcards: name=PDF_Dataset, var=BFsignal, decay=PIPIEE, bin_number=3, jobnum=2
    resources: tmpdir=/tmp/ascarabo


[Fri Mar 24 17:53:16 2023]
rule run_pluginbatch:
    input: workspace.root, root/scan1dDatasetsProb_PDF_Dataset_50p_BFsignal.root
    output: root/scan1dDatasetsPlugin_PDF_Dataset_BFsignal_PIPIEE_3/scan1dDatasetsPlugin_PDF_Dataset_BFsignal_PIPIEE_3_run4.root
    log: tutorial_dataset_pluginbatch_PDF_Dataset_BFsignal_PIPIEE_3_4.log
    jobid: 7
    reason: Missing output files: root/scan1dDatasetsPlugin_PDF_Dataset_BFsignal_PIPIEE_3/scan1dDatasetsPlugin_PDF_Dataset_BFsignal_PIPIEE_3_run4.root
    wildcards: name=PDF_Dataset, var=BFsignal, decay=PIPIEE, bin_number=3, jobnum=4
    resources: tmpdir=/tmp/ascarabo


[Fri Mar 24 17:53:16 2023]
rule run_pluginbatch:
    input: workspace.root, root/scan1dDatasetsProb_PDF_Dataset_50p_BFsignal.root
    output: root/scan1dDatasetsPlugin_PDF_Dataset_BFsignal_PIPIEE_3/scan1dDatasetsPlugin_PDF_Dataset_BFsignal_PIPIEE_3_run1.root
    log: tutorial_dataset_pluginbatch_PDF_Dataset_BFsignal_PIPIEE_3_1.log
    jobid: 4
    reason: Missing output files: root/scan1dDatasetsPlugin_PDF_Dataset_BFsignal_PIPIEE_3/scan1dDatasetsPlugin_PDF_Dataset_BFsignal_PIPIEE_3_run1.root
    wildcards: name=PDF_Dataset, var=BFsignal, decay=PIPIEE, bin_number=3, jobnum=1
    resources: tmpdir=/tmp/ascarabo


[Fri Mar 24 17:53:16 2023]
rule run_pluginbatch:
    input: workspace.root, root/scan1dDatasetsProb_PDF_Dataset_50p_BFsignal.root
    output: root/scan1dDatasetsPlugin_PDF_Dataset_BFsignal_PIPIEE_3/scan1dDatasetsPlugin_PDF_Dataset_BFsignal_PIPIEE_3_run3.root
    log: tutorial_dataset_pluginbatch_PDF_Dataset_BFsignal_PIPIEE_3_3.log
    jobid: 6
    reason: Missing output files: root/scan1dDatasetsPlugin_PDF_Dataset_BFsignal_PIPIEE_3/scan1dDatasetsPlugin_PDF_Dataset_BFsignal_PIPIEE_3_run3.root
    wildcards: name=PDF_Dataset, var=BFsignal, decay=PIPIEE, bin_number=3, jobnum=3
    resources: tmpdir=/tmp/ascarabo

Terminating processes on user request, this might take some time.
[Fri Mar 24 18:00:36 2023]
Error in rule run_pluginbatch:
    jobid: 7
    output: root/scan1dDatasetsPlugin_PDF_Dataset_BFsignal_PIPIEE_3/scan1dDatasetsPlugin_PDF_Dataset_BFsignal_PIPIEE_3_run4.root
    log: tutorial_dataset_pluginbatch_PDF_Dataset_BFsignal_PIPIEE_3_4.log (check log file(s) for error message)
    shell:
         bin/tutorial_dataset --var BFsignal --npoints 50 --scanrange 1e-8:1.e-6 -a pluginbatch --ntoys 100 --nrun 4 --decay PIPIEE --bin 3  > tutorial_dataset_pluginbatch_PDF_Dataset_BFsignal_PIPIEE_3_4.log
        (one of the commands exited with non-zero exit code; note that snakemake uses bash strict mode!)

[Fri Mar 24 18:00:36 2023]
Error in rule run_pluginbatch:
    jobid: 4
    output: root/scan1dDatasetsPlugin_PDF_Dataset_BFsignal_PIPIEE_3/scan1dDatasetsPlugin_PDF_Dataset_BFsignal_PIPIEE_3_run1.root
    log: tutorial_dataset_pluginbatch_PDF_Dataset_BFsignal_PIPIEE_3_1.log (check log file(s) for error message)
    shell:
         bin/tutorial_dataset --var BFsignal --npoints 50 --scanrange 1e-8:1.e-6 -a pluginbatch --ntoys 100 --nrun 1 --decay PIPIEE --bin 3  > tutorial_dataset_pluginbatch_PDF_Dataset_BFsignal_PIPIEE_3_1.log
        (one of the commands exited with non-zero exit code; note that snakemake uses bash strict mode!)

[Fri Mar 24 18:00:36 2023]
Error in rule run_pluginbatch:
    jobid: 6
    output: root/scan1dDatasetsPlugin_PDF_Dataset_BFsignal_PIPIEE_3/scan1dDatasetsPlugin_PDF_Dataset_BFsignal_PIPIEE_3_run3.root
    log: tutorial_dataset_pluginbatch_PDF_Dataset_BFsignal_PIPIEE_3_3.log (check log file(s) for error message)
    shell:
         bin/tutorial_dataset --var BFsignal --npoints 50 --scanrange 1e-8:1.e-6 -a pluginbatch --ntoys 100 --nrun 3 --decay PIPIEE --bin 3  > tutorial_dataset_pluginbatch_PDF_Dataset_BFsignal_PIPIEE_3_3.log
        (one of the commands exited with non-zero exit code; note that snakemake uses bash strict mode!)

[Fri Mar 24 18:00:36 2023]
Error in rule run_pluginbatch:
    jobid: 5
    output: root/scan1dDatasetsPlugin_PDF_Dataset_BFsignal_PIPIEE_3/scan1dDatasetsPlugin_PDF_Dataset_BFsignal_PIPIEE_3_run2.root
    log: tutorial_dataset_pluginbatch_PDF_Dataset_BFsignal_PIPIEE_3_2.log (check log file(s) for error message)
    shell:
         bin/tutorial_dataset --var BFsignal --npoints 50 --scanrange 1e-8:1.e-6 -a pluginbatch --ntoys 100 --nrun 2 --decay PIPIEE --bin 3  > tutorial_dataset_pluginbatch_PDF_Dataset_BFsignal_PIPIEE_3_2.log
        (one of the commands exited with non-zero exit code; note that snakemake uses bash strict mode!)

[Fri Mar 24 18:00:36 2023]
Error in rule run_pluginbatch:
    jobid: 3
    output: root/scan1dDatasetsPlugin_PDF_Dataset_BFsignal_PIPIEE_3/scan1dDatasetsPlugin_PDF_Dataset_BFsignal_PIPIEE_3_run0.root
    log: tutorial_dataset_pluginbatch_PDF_Dataset_BFsignal_PIPIEE_3_0.log (check log file(s) for error message)
    shell:
         bin/tutorial_dataset --var BFsignal --npoints 50 --scanrange 1e-8:1.e-6 -a pluginbatch --ntoys 100 --nrun 0 --decay PIPIEE --bin 3  > tutorial_dataset_pluginbatch_PDF_Dataset_BFsignal_PIPIEE_3_0.log
        (one of the commands exited with non-zero exit code; note that snakemake uses bash strict mode!)

Complete log: .snakemake/log/2023-03-24T175315.275623.snakemake.log
