Building DAG of jobs...
Using shell: /cvmfs/lhcbdev.cern.ch/conda/envs/default/2023-03-05_13-05/linux-64/bin/bash
Provided cores: 32
Rules claiming more threads will be scaled down.
Job stats:
job      count    min threads    max threads
-----  -------  -------------  -------------
all          1              1              1
total        1              1              1

Select jobs to execute...

[Fri Mar 24 16:30:43 2023]
localrule all:
    input: workspace_PIPIEE_0.root, workspace_PIPIEE_1.root, workspace_PIPIEE_2.root, workspace_PIPIEE_3.root, workspace_PIPIEE_4.root, workspace_KKEE_0.root, workspace_KKEE_1.root, workspace_KKEE_2.root
    jobid: 0
    reason: Forced execution
    resources: tmpdir=/tmp/ascarabo

[Fri Mar 24 16:30:43 2023]
Finished job 0.
1 of 1 steps (100%) done
Complete log: .snakemake/log/2023-03-24T163042.902977.snakemake.log
