Building DAG of jobs...
Using shell: /cvmfs/lhcbdev.cern.ch/conda/envs/default/2023-03-05_13-05/linux-64/bin/bash
Provided cores: 1 (use --cores to define parallelism)
Rules claiming more threads will be scaled down.
Job stats:
job                count    min threads    max threads
---------------  -------  -------------  -------------
all                    1              1              1
build_wspc             8              1              1
run_plugin             8              1              1
run_pluginbatch        8              1              1
run_prob               8              1              1
total                 33              1              1

Select jobs to execute...

[Fri Mar 24 18:46:28 2023]
rule build_wspc:
    output: workspace_KKEE_2.root
    log: build_workspace_KKEE_2.log
    jobid: 8
    reason: Forced execution
    wildcards: decay=KKEE, bin_number=2
    resources: tmpdir=/tmp/ascarabo

[Fri Mar 24 18:46:29 2023]
Finished job 8.
1 of 33 steps (3%) done
Select jobs to execute...

[Fri Mar 24 18:46:29 2023]
rule run_prob:
    input: workspace_KKEE_2.root
    output: root/scan1dDatasetsProb_PDF_Dataset_6p_BFsignal_KKEE_2.root
    log: tutorial_dataset_prob_PDF_Dataset_6p_BFsignal_KKEE_2.log
    jobid: 25
    reason: Missing output files: root/scan1dDatasetsProb_PDF_Dataset_6p_BFsignal_KKEE_2.root; Input files updated by another job: workspace_KKEE_2.root
    wildcards: name=PDF_Dataset, points=6, var=BFsignal, decay=KKEE, bin_number=2
    resources: tmpdir=/tmp/ascarabo

[Fri Mar 24 18:46:30 2023]
Finished job 25.
2 of 33 steps (6%) done
Select jobs to execute...

[Fri Mar 24 18:46:30 2023]
rule build_wspc:
    output: workspace_KKEE_0.root
    log: build_workspace_KKEE_0.log
    jobid: 6
    reason: Forced execution
    wildcards: decay=KKEE, bin_number=0
    resources: tmpdir=/tmp/ascarabo

[Fri Mar 24 18:46:30 2023]
Finished job 6.
3 of 33 steps (9%) done
Select jobs to execute...

[Fri Mar 24 18:46:30 2023]
rule run_prob:
    input: workspace_KKEE_0.root
    output: root/scan1dDatasetsProb_PDF_Dataset_6p_BFsignal_KKEE_0.root
    log: tutorial_dataset_prob_PDF_Dataset_6p_BFsignal_KKEE_0.log
    jobid: 21
    reason: Missing output files: root/scan1dDatasetsProb_PDF_Dataset_6p_BFsignal_KKEE_0.root; Input files updated by another job: workspace_KKEE_0.root
    wildcards: name=PDF_Dataset, points=6, var=BFsignal, decay=KKEE, bin_number=0
    resources: tmpdir=/tmp/ascarabo

[Fri Mar 24 18:46:32 2023]
Finished job 21.
4 of 33 steps (12%) done
Select jobs to execute...

[Fri Mar 24 18:46:32 2023]
rule build_wspc:
    output: workspace_PIPIEE_3.root
    log: build_workspace_PIPIEE_3.log
    jobid: 4
    reason: Forced execution
    wildcards: decay=PIPIEE, bin_number=3
    resources: tmpdir=/tmp/ascarabo

[Fri Mar 24 18:46:32 2023]
Finished job 4.
5 of 33 steps (15%) done
Select jobs to execute...

[Fri Mar 24 18:46:32 2023]
rule run_prob:
    input: workspace_PIPIEE_3.root
    output: root/scan1dDatasetsProb_PDF_Dataset_6p_BFsignal_PIPIEE_3.root
    log: tutorial_dataset_prob_PDF_Dataset_6p_BFsignal_PIPIEE_3.log
    jobid: 12
    reason: Missing output files: root/scan1dDatasetsProb_PDF_Dataset_6p_BFsignal_PIPIEE_3.root; Input files updated by another job: workspace_PIPIEE_3.root
    wildcards: name=PDF_Dataset, points=6, var=BFsignal, decay=PIPIEE, bin_number=3
    resources: tmpdir=/tmp/ascarabo

[Fri Mar 24 18:46:33 2023]
Finished job 12.
6 of 33 steps (18%) done
Select jobs to execute...

[Fri Mar 24 18:46:33 2023]
rule build_wspc:
    output: workspace_PIPIEE_1.root
    log: build_workspace_PIPIEE_1.log
    jobid: 2
    reason: Forced execution
    wildcards: decay=PIPIEE, bin_number=1
    resources: tmpdir=/tmp/ascarabo

[Fri Mar 24 18:46:34 2023]
Finished job 2.
7 of 33 steps (21%) done
Select jobs to execute...

[Fri Mar 24 18:46:34 2023]
rule run_prob:
    input: workspace_PIPIEE_1.root
    output: root/scan1dDatasetsProb_PDF_Dataset_6p_BFsignal_PIPIEE_1.root
    log: tutorial_dataset_prob_PDF_Dataset_6p_BFsignal_PIPIEE_1.log
    jobid: 10
    reason: Missing output files: root/scan1dDatasetsProb_PDF_Dataset_6p_BFsignal_PIPIEE_1.root; Input files updated by another job: workspace_PIPIEE_1.root
    wildcards: name=PDF_Dataset, points=6, var=BFsignal, decay=PIPIEE, bin_number=1
    resources: tmpdir=/tmp/ascarabo

[Fri Mar 24 18:46:35 2023]
Finished job 10.
8 of 33 steps (24%) done
Select jobs to execute...

[Fri Mar 24 18:46:35 2023]
rule run_pluginbatch:
    input: workspace.root, root/scan1dDatasetsProb_PDF_Dataset_6p_BFsignal_PIPIEE_3.root
    output: root/scan1dDatasetsPlugin_PDF_Dataset_BFsignal_PIPIEE_3/scan1dDatasetsPlugin_PDF_Dataset_BFsignal_PIPIEE_3_run0.root
    log: tutorial_dataset_pluginbatch_PDF_Dataset_BFsignal_PIPIEE_3_0.log
    jobid: 17
    reason: Input files updated by another job: root/scan1dDatasetsProb_PDF_Dataset_6p_BFsignal_PIPIEE_3.root
    wildcards: name=PDF_Dataset, var=BFsignal, decay=PIPIEE, nbin=3, jobnum=0
    resources: tmpdir=/tmp/ascarabo

[Fri Mar 24 18:46:36 2023]
Finished job 17.
9 of 33 steps (27%) done
Select jobs to execute...

[Fri Mar 24 18:46:36 2023]
rule run_pluginbatch:
    input: workspace.root, root/scan1dDatasetsProb_PDF_Dataset_6p_BFsignal_PIPIEE_1.root
    output: root/scan1dDatasetsPlugin_PDF_Dataset_BFsignal_PIPIEE_1/scan1dDatasetsPlugin_PDF_Dataset_BFsignal_PIPIEE_1_run0.root
    log: tutorial_dataset_pluginbatch_PDF_Dataset_BFsignal_PIPIEE_1_0.log
    jobid: 15
    reason: Input files updated by another job: root/scan1dDatasetsProb_PDF_Dataset_6p_BFsignal_PIPIEE_1.root
    wildcards: name=PDF_Dataset, var=BFsignal, decay=PIPIEE, nbin=1, jobnum=0
    resources: tmpdir=/tmp/ascarabo

[Fri Mar 24 18:46:38 2023]
Finished job 15.
10 of 33 steps (30%) done
Select jobs to execute...

[Fri Mar 24 18:46:38 2023]
rule run_pluginbatch:
    input: workspace.root, root/scan1dDatasetsProb_PDF_Dataset_6p_BFsignal_KKEE_2.root
    output: root/scan1dDatasetsPlugin_PDF_Dataset_BFsignal_KKEE_2/scan1dDatasetsPlugin_PDF_Dataset_BFsignal_KKEE_2_run0.root
    log: tutorial_dataset_pluginbatch_PDF_Dataset_BFsignal_KKEE_2_0.log
    jobid: 24
    reason: Input files updated by another job: root/scan1dDatasetsProb_PDF_Dataset_6p_BFsignal_KKEE_2.root
    wildcards: name=PDF_Dataset, var=BFsignal, decay=KKEE, nbin=2, jobnum=0
    resources: tmpdir=/tmp/ascarabo

[Fri Mar 24 18:46:39 2023]
Finished job 24.
11 of 33 steps (33%) done
Select jobs to execute...

[Fri Mar 24 18:46:39 2023]
rule build_wspc:
    output: workspace_KKEE_1.root
    log: build_workspace_KKEE_1.log
    jobid: 7
    reason: Forced execution
    wildcards: decay=KKEE, bin_number=1
    resources: tmpdir=/tmp/ascarabo

[Fri Mar 24 18:46:39 2023]
Finished job 7.
12 of 33 steps (36%) done
Select jobs to execute...

[Fri Mar 24 18:46:39 2023]
rule run_prob:
    input: workspace_KKEE_1.root
    output: root/scan1dDatasetsProb_PDF_Dataset_6p_BFsignal_KKEE_1.root
    log: tutorial_dataset_prob_PDF_Dataset_6p_BFsignal_KKEE_1.log
    jobid: 23
    reason: Missing output files: root/scan1dDatasetsProb_PDF_Dataset_6p_BFsignal_KKEE_1.root; Input files updated by another job: workspace_KKEE_1.root
    wildcards: name=PDF_Dataset, points=6, var=BFsignal, decay=KKEE, bin_number=1
    resources: tmpdir=/tmp/ascarabo

[Fri Mar 24 18:46:40 2023]
Finished job 23.
13 of 33 steps (39%) done
Select jobs to execute...

[Fri Mar 24 18:46:40 2023]
rule run_pluginbatch:
    input: workspace.root, root/scan1dDatasetsProb_PDF_Dataset_6p_BFsignal_KKEE_1.root
    output: root/scan1dDatasetsPlugin_PDF_Dataset_BFsignal_KKEE_1/scan1dDatasetsPlugin_PDF_Dataset_BFsignal_KKEE_1_run0.root
    log: tutorial_dataset_pluginbatch_PDF_Dataset_BFsignal_KKEE_1_0.log
    jobid: 22
    reason: Input files updated by another job: root/scan1dDatasetsProb_PDF_Dataset_6p_BFsignal_KKEE_1.root
    wildcards: name=PDF_Dataset, var=BFsignal, decay=KKEE, nbin=1, jobnum=0
    resources: tmpdir=/tmp/ascarabo

[Fri Mar 24 18:46:41 2023]
Finished job 22.
14 of 33 steps (42%) done
Select jobs to execute...

[Fri Mar 24 18:46:41 2023]
rule run_pluginbatch:
    input: workspace.root, root/scan1dDatasetsProb_PDF_Dataset_6p_BFsignal_KKEE_0.root
    output: root/scan1dDatasetsPlugin_PDF_Dataset_BFsignal_KKEE_0/scan1dDatasetsPlugin_PDF_Dataset_BFsignal_KKEE_0_run0.root
    log: tutorial_dataset_pluginbatch_PDF_Dataset_BFsignal_KKEE_0_0.log
    jobid: 20
    reason: Input files updated by another job: root/scan1dDatasetsProb_PDF_Dataset_6p_BFsignal_KKEE_0.root
    wildcards: name=PDF_Dataset, var=BFsignal, decay=KKEE, nbin=0, jobnum=0
    resources: tmpdir=/tmp/ascarabo

[Fri Mar 24 18:46:43 2023]
Finished job 20.
15 of 33 steps (45%) done
Select jobs to execute...

[Fri Mar 24 18:46:43 2023]
rule build_wspc:
    output: workspace_PIPIEE_2.root
    log: build_workspace_PIPIEE_2.log
    jobid: 3
    reason: Forced execution
    wildcards: decay=PIPIEE, bin_number=2
    resources: tmpdir=/tmp/ascarabo

[Fri Mar 24 18:46:44 2023]
Finished job 3.
16 of 33 steps (48%) done
Select jobs to execute...

[Fri Mar 24 18:46:44 2023]
rule run_prob:
    input: workspace_PIPIEE_2.root
    output: root/scan1dDatasetsProb_PDF_Dataset_6p_BFsignal_PIPIEE_2.root
    log: tutorial_dataset_prob_PDF_Dataset_6p_BFsignal_PIPIEE_2.log
    jobid: 11
    reason: Missing output files: root/scan1dDatasetsProb_PDF_Dataset_6p_BFsignal_PIPIEE_2.root; Input files updated by another job: workspace_PIPIEE_2.root
    wildcards: name=PDF_Dataset, points=6, var=BFsignal, decay=PIPIEE, bin_number=2
    resources: tmpdir=/tmp/ascarabo

[Fri Mar 24 18:46:45 2023]
Finished job 11.
17 of 33 steps (52%) done
Select jobs to execute...

[Fri Mar 24 18:46:45 2023]
rule build_wspc:
    output: workspace_PIPIEE_0.root
    log: build_workspace_PIPIEE_0.log
    jobid: 1
    reason: Forced execution
    wildcards: decay=PIPIEE, bin_number=0
    resources: tmpdir=/tmp/ascarabo

[Fri Mar 24 18:46:46 2023]
Finished job 1.
18 of 33 steps (55%) done
Select jobs to execute...

[Fri Mar 24 18:46:46 2023]
rule run_prob:
    input: workspace_PIPIEE_0.root
    output: root/scan1dDatasetsProb_PDF_Dataset_6p_BFsignal_PIPIEE_0.root
    log: tutorial_dataset_prob_PDF_Dataset_6p_BFsignal_PIPIEE_0.log
    jobid: 9
    reason: Missing output files: root/scan1dDatasetsProb_PDF_Dataset_6p_BFsignal_PIPIEE_0.root; Input files updated by another job: workspace_PIPIEE_0.root
    wildcards: name=PDF_Dataset, points=6, var=BFsignal, decay=PIPIEE, bin_number=0
    resources: tmpdir=/tmp/ascarabo

[Fri Mar 24 18:46:48 2023]
Finished job 9.
19 of 33 steps (58%) done
Select jobs to execute...

[Fri Mar 24 18:46:48 2023]
rule run_pluginbatch:
    input: workspace.root, root/scan1dDatasetsProb_PDF_Dataset_6p_BFsignal_PIPIEE_2.root
    output: root/scan1dDatasetsPlugin_PDF_Dataset_BFsignal_PIPIEE_2/scan1dDatasetsPlugin_PDF_Dataset_BFsignal_PIPIEE_2_run0.root
    log: tutorial_dataset_pluginbatch_PDF_Dataset_BFsignal_PIPIEE_2_0.log
    jobid: 16
    reason: Input files updated by another job: root/scan1dDatasetsProb_PDF_Dataset_6p_BFsignal_PIPIEE_2.root
    wildcards: name=PDF_Dataset, var=BFsignal, decay=PIPIEE, nbin=2, jobnum=0
    resources: tmpdir=/tmp/ascarabo

[Fri Mar 24 18:46:50 2023]
Finished job 16.
20 of 33 steps (61%) done
Select jobs to execute...

[Fri Mar 24 18:46:50 2023]
rule build_wspc:
    output: workspace_PIPIEE_4.root
    log: build_workspace_PIPIEE_4.log
    jobid: 5
    reason: Forced execution
    wildcards: decay=PIPIEE, bin_number=4
    resources: tmpdir=/tmp/ascarabo

[Fri Mar 24 18:46:50 2023]
Finished job 5.
21 of 33 steps (64%) done
Select jobs to execute...

[Fri Mar 24 18:46:50 2023]
rule run_prob:
    input: workspace_PIPIEE_4.root
    output: root/scan1dDatasetsProb_PDF_Dataset_6p_BFsignal_PIPIEE_4.root
    log: tutorial_dataset_prob_PDF_Dataset_6p_BFsignal_PIPIEE_4.log
    jobid: 13
    reason: Missing output files: root/scan1dDatasetsProb_PDF_Dataset_6p_BFsignal_PIPIEE_4.root; Input files updated by another job: workspace_PIPIEE_4.root
    wildcards: name=PDF_Dataset, points=6, var=BFsignal, decay=PIPIEE, bin_number=4
    resources: tmpdir=/tmp/ascarabo

[Fri Mar 24 18:46:52 2023]
Finished job 13.
22 of 33 steps (67%) done
Select jobs to execute...

[Fri Mar 24 18:46:52 2023]
rule run_pluginbatch:
    input: workspace.root, root/scan1dDatasetsProb_PDF_Dataset_6p_BFsignal_PIPIEE_0.root
    output: root/scan1dDatasetsPlugin_PDF_Dataset_BFsignal_PIPIEE_0/scan1dDatasetsPlugin_PDF_Dataset_BFsignal_PIPIEE_0_run0.root
    log: tutorial_dataset_pluginbatch_PDF_Dataset_BFsignal_PIPIEE_0_0.log
    jobid: 14
    reason: Input files updated by another job: root/scan1dDatasetsProb_PDF_Dataset_6p_BFsignal_PIPIEE_0.root
    wildcards: name=PDF_Dataset, var=BFsignal, decay=PIPIEE, nbin=0, jobnum=0
    resources: tmpdir=/tmp/ascarabo

[Fri Mar 24 18:46:54 2023]
Finished job 14.
23 of 33 steps (70%) done
Select jobs to execute...

[Fri Mar 24 18:46:54 2023]
rule run_pluginbatch:
    input: workspace.root, root/scan1dDatasetsProb_PDF_Dataset_6p_BFsignal_PIPIEE_4.root
    output: root/scan1dDatasetsPlugin_PDF_Dataset_BFsignal_PIPIEE_4/scan1dDatasetsPlugin_PDF_Dataset_BFsignal_PIPIEE_4_run0.root
    log: tutorial_dataset_pluginbatch_PDF_Dataset_BFsignal_PIPIEE_4_0.log
    jobid: 18
    reason: Input files updated by another job: root/scan1dDatasetsProb_PDF_Dataset_6p_BFsignal_PIPIEE_4.root
    wildcards: name=PDF_Dataset, var=BFsignal, decay=PIPIEE, nbin=4, jobnum=0
    resources: tmpdir=/tmp/ascarabo

[Fri Mar 24 18:46:56 2023]
Finished job 18.
24 of 33 steps (73%) done
Select jobs to execute...

[Fri Mar 24 18:46:56 2023]
rule run_plugin:
    input: workspace.root, root/scan1dDatasetsProb_PDF_Dataset_6p_BFsignal_PIPIEE_2.root, root/scan1dDatasetsPlugin_PDF_Dataset_BFsignal_PIPIEE_0/scan1dDatasetsPlugin_PDF_Dataset_BFsignal_PIPIEE_0_run0.root, root/scan1dDatasetsPlugin_PDF_Dataset_BFsignal_PIPIEE_1/scan1dDatasetsPlugin_PDF_Dataset_BFsignal_PIPIEE_1_run0.root, root/scan1dDatasetsPlugin_PDF_Dataset_BFsignal_PIPIEE_2/scan1dDatasetsPlugin_PDF_Dataset_BFsignal_PIPIEE_2_run0.root, root/scan1dDatasetsPlugin_PDF_Dataset_BFsignal_PIPIEE_3/scan1dDatasetsPlugin_PDF_Dataset_BFsignal_PIPIEE_3_run0.root, root/scan1dDatasetsPlugin_PDF_Dataset_BFsignal_PIPIEE_4/scan1dDatasetsPlugin_PDF_Dataset_BFsignal_PIPIEE_4_run0.root, root/scan1dDatasetsPlugin_PDF_Dataset_BFsignal_KKEE_0/scan1dDatasetsPlugin_PDF_Dataset_BFsignal_KKEE_0_run0.root, root/scan1dDatasetsPlugin_PDF_Dataset_BFsignal_KKEE_1/scan1dDatasetsPlugin_PDF_Dataset_BFsignal_KKEE_1_run0.root, root/scan1dDatasetsPlugin_PDF_Dataset_BFsignal_KKEE_2/scan1dDatasetsPlugin_PDF_Dataset_BFsignal_KKEE_2_run0.root
    output: plots/cl/clintervals_PDF_Dataset_BFsignal_PIPIEE_2_DatasetsPlugin.py, plots/cl/clintervals_PDF_Dataset_BFsignal_PIPIEE_2_DatasetsPlugin_CLs2.py, plots/cl/clintervals_PDF_Dataset_BFsignal_PIPIEE_2_DatasetsPlugin_expected_standardCLs.py
    log: tutorial_dataset_plugin_PDF_Dataset_BFsignal_PIPIEE_2.log
    jobid: 27
    reason: Missing output files: plots/cl/clintervals_PDF_Dataset_BFsignal_PIPIEE_2_DatasetsPlugin_expected_standardCLs.py, plots/cl/clintervals_PDF_Dataset_BFsignal_PIPIEE_2_DatasetsPlugin.py, plots/cl/clintervals_PDF_Dataset_BFsignal_PIPIEE_2_DatasetsPlugin_CLs2.py; Input files updated by another job: root/scan1dDatasetsProb_PDF_Dataset_6p_BFsignal_PIPIEE_2.root, root/scan1dDatasetsPlugin_PDF_Dataset_BFsignal_PIPIEE_3/scan1dDatasetsPlugin_PDF_Dataset_BFsignal_PIPIEE_3_run0.root, root/scan1dDatasetsPlugin_PDF_Dataset_BFsignal_PIPIEE_4/scan1dDatasetsPlugin_PDF_Dataset_BFsignal_PIPIEE_4_run0.root, root/scan1dDatasetsPlugin_PDF_Dataset_BFsignal_KKEE_2/scan1dDatasetsPlugin_PDF_Dataset_BFsignal_KKEE_2_run0.root, root/scan1dDatasetsPlugin_PDF_Dataset_BFsignal_KKEE_0/scan1dDatasetsPlugin_PDF_Dataset_BFsignal_KKEE_0_run0.root, root/scan1dDatasetsPlugin_PDF_Dataset_BFsignal_PIPIEE_0/scan1dDatasetsPlugin_PDF_Dataset_BFsignal_PIPIEE_0_run0.root, root/scan1dDatasetsPlugin_PDF_Dataset_BFsignal_PIPIEE_1/scan1dDatasetsPlugin_PDF_Dataset_BFsignal_PIPIEE_1_run0.root, root/scan1dDatasetsPlugin_PDF_Dataset_BFsignal_KKEE_1/scan1dDatasetsPlugin_PDF_Dataset_BFsignal_KKEE_1_run0.root, root/scan1dDatasetsPlugin_PDF_Dataset_BFsignal_PIPIEE_2/scan1dDatasetsPlugin_PDF_Dataset_BFsignal_PIPIEE_2_run0.root
    wildcards: name=PDF_Dataset, var=BFsignal, decay=PIPIEE, bin_number=2
    resources: tmpdir=/tmp/ascarabo

[Fri Mar 24 18:46:57 2023]
Finished job 27.
25 of 33 steps (76%) done
Select jobs to execute...

[Fri Mar 24 18:46:57 2023]
rule run_plugin:
    input: workspace.root, root/scan1dDatasetsProb_PDF_Dataset_6p_BFsignal_PIPIEE_0.root, root/scan1dDatasetsPlugin_PDF_Dataset_BFsignal_PIPIEE_0/scan1dDatasetsPlugin_PDF_Dataset_BFsignal_PIPIEE_0_run0.root, root/scan1dDatasetsPlugin_PDF_Dataset_BFsignal_PIPIEE_1/scan1dDatasetsPlugin_PDF_Dataset_BFsignal_PIPIEE_1_run0.root, root/scan1dDatasetsPlugin_PDF_Dataset_BFsignal_PIPIEE_2/scan1dDatasetsPlugin_PDF_Dataset_BFsignal_PIPIEE_2_run0.root, root/scan1dDatasetsPlugin_PDF_Dataset_BFsignal_PIPIEE_3/scan1dDatasetsPlugin_PDF_Dataset_BFsignal_PIPIEE_3_run0.root, root/scan1dDatasetsPlugin_PDF_Dataset_BFsignal_PIPIEE_4/scan1dDatasetsPlugin_PDF_Dataset_BFsignal_PIPIEE_4_run0.root, root/scan1dDatasetsPlugin_PDF_Dataset_BFsignal_KKEE_0/scan1dDatasetsPlugin_PDF_Dataset_BFsignal_KKEE_0_run0.root, root/scan1dDatasetsPlugin_PDF_Dataset_BFsignal_KKEE_1/scan1dDatasetsPlugin_PDF_Dataset_BFsignal_KKEE_1_run0.root, root/scan1dDatasetsPlugin_PDF_Dataset_BFsignal_KKEE_2/scan1dDatasetsPlugin_PDF_Dataset_BFsignal_KKEE_2_run0.root
    output: plots/cl/clintervals_PDF_Dataset_BFsignal_PIPIEE_0_DatasetsPlugin.py, plots/cl/clintervals_PDF_Dataset_BFsignal_PIPIEE_0_DatasetsPlugin_CLs2.py, plots/cl/clintervals_PDF_Dataset_BFsignal_PIPIEE_0_DatasetsPlugin_expected_standardCLs.py
    log: tutorial_dataset_plugin_PDF_Dataset_BFsignal_PIPIEE_0.log
    jobid: 19
    reason: Input files updated by another job: root/scan1dDatasetsPlugin_PDF_Dataset_BFsignal_PIPIEE_3/scan1dDatasetsPlugin_PDF_Dataset_BFsignal_PIPIEE_3_run0.root, root/scan1dDatasetsPlugin_PDF_Dataset_BFsignal_PIPIEE_4/scan1dDatasetsPlugin_PDF_Dataset_BFsignal_PIPIEE_4_run0.root, root/scan1dDatasetsProb_PDF_Dataset_6p_BFsignal_PIPIEE_0.root, root/scan1dDatasetsPlugin_PDF_Dataset_BFsignal_KKEE_2/scan1dDatasetsPlugin_PDF_Dataset_BFsignal_KKEE_2_run0.root, root/scan1dDatasetsPlugin_PDF_Dataset_BFsignal_KKEE_0/scan1dDatasetsPlugin_PDF_Dataset_BFsignal_KKEE_0_run0.root, root/scan1dDatasetsPlugin_PDF_Dataset_BFsignal_PIPIEE_0/scan1dDatasetsPlugin_PDF_Dataset_BFsignal_PIPIEE_0_run0.root, root/scan1dDatasetsPlugin_PDF_Dataset_BFsignal_PIPIEE_1/scan1dDatasetsPlugin_PDF_Dataset_BFsignal_PIPIEE_1_run0.root, root/scan1dDatasetsPlugin_PDF_Dataset_BFsignal_KKEE_1/scan1dDatasetsPlugin_PDF_Dataset_BFsignal_KKEE_1_run0.root, root/scan1dDatasetsPlugin_PDF_Dataset_BFsignal_PIPIEE_2/scan1dDatasetsPlugin_PDF_Dataset_BFsignal_PIPIEE_2_run0.root
    wildcards: name=PDF_Dataset, var=BFsignal, decay=PIPIEE, bin_number=0
    resources: tmpdir=/tmp/ascarabo

[Fri Mar 24 18:46:58 2023]
Finished job 19.
26 of 33 steps (79%) done
Select jobs to execute...

[Fri Mar 24 18:46:58 2023]
rule run_plugin:
    input: workspace.root, root/scan1dDatasetsProb_PDF_Dataset_6p_BFsignal_KKEE_2.root, root/scan1dDatasetsPlugin_PDF_Dataset_BFsignal_PIPIEE_0/scan1dDatasetsPlugin_PDF_Dataset_BFsignal_PIPIEE_0_run0.root, root/scan1dDatasetsPlugin_PDF_Dataset_BFsignal_PIPIEE_1/scan1dDatasetsPlugin_PDF_Dataset_BFsignal_PIPIEE_1_run0.root, root/scan1dDatasetsPlugin_PDF_Dataset_BFsignal_PIPIEE_2/scan1dDatasetsPlugin_PDF_Dataset_BFsignal_PIPIEE_2_run0.root, root/scan1dDatasetsPlugin_PDF_Dataset_BFsignal_PIPIEE_3/scan1dDatasetsPlugin_PDF_Dataset_BFsignal_PIPIEE_3_run0.root, root/scan1dDatasetsPlugin_PDF_Dataset_BFsignal_PIPIEE_4/scan1dDatasetsPlugin_PDF_Dataset_BFsignal_PIPIEE_4_run0.root, root/scan1dDatasetsPlugin_PDF_Dataset_BFsignal_KKEE_0/scan1dDatasetsPlugin_PDF_Dataset_BFsignal_KKEE_0_run0.root, root/scan1dDatasetsPlugin_PDF_Dataset_BFsignal_KKEE_1/scan1dDatasetsPlugin_PDF_Dataset_BFsignal_KKEE_1_run0.root, root/scan1dDatasetsPlugin_PDF_Dataset_BFsignal_KKEE_2/scan1dDatasetsPlugin_PDF_Dataset_BFsignal_KKEE_2_run0.root
    output: plots/cl/clintervals_PDF_Dataset_BFsignal_KKEE_2_DatasetsPlugin.py, plots/cl/clintervals_PDF_Dataset_BFsignal_KKEE_2_DatasetsPlugin_CLs2.py, plots/cl/clintervals_PDF_Dataset_BFsignal_KKEE_2_DatasetsPlugin_expected_standardCLs.py
    log: tutorial_dataset_plugin_PDF_Dataset_BFsignal_KKEE_2.log
    jobid: 32
    reason: Missing output files: plots/cl/clintervals_PDF_Dataset_BFsignal_KKEE_2_DatasetsPlugin_expected_standardCLs.py, plots/cl/clintervals_PDF_Dataset_BFsignal_KKEE_2_DatasetsPlugin_CLs2.py, plots/cl/clintervals_PDF_Dataset_BFsignal_KKEE_2_DatasetsPlugin.py; Input files updated by another job: root/scan1dDatasetsPlugin_PDF_Dataset_BFsignal_PIPIEE_3/scan1dDatasetsPlugin_PDF_Dataset_BFsignal_PIPIEE_3_run0.root, root/scan1dDatasetsPlugin_PDF_Dataset_BFsignal_PIPIEE_4/scan1dDatasetsPlugin_PDF_Dataset_BFsignal_PIPIEE_4_run0.root, root/scan1dDatasetsProb_PDF_Dataset_6p_BFsignal_KKEE_2.root, root/scan1dDatasetsPlugin_PDF_Dataset_BFsignal_KKEE_2/scan1dDatasetsPlugin_PDF_Dataset_BFsignal_KKEE_2_run0.root, root/scan1dDatasetsPlugin_PDF_Dataset_BFsignal_KKEE_0/scan1dDatasetsPlugin_PDF_Dataset_BFsignal_KKEE_0_run0.root, root/scan1dDatasetsPlugin_PDF_Dataset_BFsignal_PIPIEE_0/scan1dDatasetsPlugin_PDF_Dataset_BFsignal_PIPIEE_0_run0.root, root/scan1dDatasetsPlugin_PDF_Dataset_BFsignal_PIPIEE_1/scan1dDatasetsPlugin_PDF_Dataset_BFsignal_PIPIEE_1_run0.root, root/scan1dDatasetsPlugin_PDF_Dataset_BFsignal_KKEE_1/scan1dDatasetsPlugin_PDF_Dataset_BFsignal_KKEE_1_run0.root, root/scan1dDatasetsPlugin_PDF_Dataset_BFsignal_PIPIEE_2/scan1dDatasetsPlugin_PDF_Dataset_BFsignal_PIPIEE_2_run0.root
    wildcards: name=PDF_Dataset, var=BFsignal, decay=KKEE, bin_number=2
    resources: tmpdir=/tmp/ascarabo

[Fri Mar 24 18:46:59 2023]
Finished job 32.
27 of 33 steps (82%) done
Select jobs to execute...

[Fri Mar 24 18:46:59 2023]
rule run_plugin:
    input: workspace.root, root/scan1dDatasetsProb_PDF_Dataset_6p_BFsignal_KKEE_0.root, root/scan1dDatasetsPlugin_PDF_Dataset_BFsignal_PIPIEE_0/scan1dDatasetsPlugin_PDF_Dataset_BFsignal_PIPIEE_0_run0.root, root/scan1dDatasetsPlugin_PDF_Dataset_BFsignal_PIPIEE_1/scan1dDatasetsPlugin_PDF_Dataset_BFsignal_PIPIEE_1_run0.root, root/scan1dDatasetsPlugin_PDF_Dataset_BFsignal_PIPIEE_2/scan1dDatasetsPlugin_PDF_Dataset_BFsignal_PIPIEE_2_run0.root, root/scan1dDatasetsPlugin_PDF_Dataset_BFsignal_PIPIEE_3/scan1dDatasetsPlugin_PDF_Dataset_BFsignal_PIPIEE_3_run0.root, root/scan1dDatasetsPlugin_PDF_Dataset_BFsignal_PIPIEE_4/scan1dDatasetsPlugin_PDF_Dataset_BFsignal_PIPIEE_4_run0.root, root/scan1dDatasetsPlugin_PDF_Dataset_BFsignal_KKEE_0/scan1dDatasetsPlugin_PDF_Dataset_BFsignal_KKEE_0_run0.root, root/scan1dDatasetsPlugin_PDF_Dataset_BFsignal_KKEE_1/scan1dDatasetsPlugin_PDF_Dataset_BFsignal_KKEE_1_run0.root, root/scan1dDatasetsPlugin_PDF_Dataset_BFsignal_KKEE_2/scan1dDatasetsPlugin_PDF_Dataset_BFsignal_KKEE_2_run0.root
    output: plots/cl/clintervals_PDF_Dataset_BFsignal_KKEE_0_DatasetsPlugin.py, plots/cl/clintervals_PDF_Dataset_BFsignal_KKEE_0_DatasetsPlugin_CLs2.py, plots/cl/clintervals_PDF_Dataset_BFsignal_KKEE_0_DatasetsPlugin_expected_standardCLs.py
    log: tutorial_dataset_plugin_PDF_Dataset_BFsignal_KKEE_0.log
    jobid: 30
    reason: Missing output files: plots/cl/clintervals_PDF_Dataset_BFsignal_KKEE_0_DatasetsPlugin_expected_standardCLs.py, plots/cl/clintervals_PDF_Dataset_BFsignal_KKEE_0_DatasetsPlugin_CLs2.py, plots/cl/clintervals_PDF_Dataset_BFsignal_KKEE_0_DatasetsPlugin.py; Input files updated by another job: root/scan1dDatasetsPlugin_PDF_Dataset_BFsignal_PIPIEE_3/scan1dDatasetsPlugin_PDF_Dataset_BFsignal_PIPIEE_3_run0.root, root/scan1dDatasetsPlugin_PDF_Dataset_BFsignal_PIPIEE_4/scan1dDatasetsPlugin_PDF_Dataset_BFsignal_PIPIEE_4_run0.root, root/scan1dDatasetsPlugin_PDF_Dataset_BFsignal_KKEE_2/scan1dDatasetsPlugin_PDF_Dataset_BFsignal_KKEE_2_run0.root, root/scan1dDatasetsPlugin_PDF_Dataset_BFsignal_KKEE_0/scan1dDatasetsPlugin_PDF_Dataset_BFsignal_KKEE_0_run0.root, root/scan1dDatasetsPlugin_PDF_Dataset_BFsignal_PIPIEE_0/scan1dDatasetsPlugin_PDF_Dataset_BFsignal_PIPIEE_0_run0.root, root/scan1dDatasetsPlugin_PDF_Dataset_BFsignal_PIPIEE_1/scan1dDatasetsPlugin_PDF_Dataset_BFsignal_PIPIEE_1_run0.root, root/scan1dDatasetsPlugin_PDF_Dataset_BFsignal_KKEE_1/scan1dDatasetsPlugin_PDF_Dataset_BFsignal_KKEE_1_run0.root, root/scan1dDatasetsProb_PDF_Dataset_6p_BFsignal_KKEE_0.root, root/scan1dDatasetsPlugin_PDF_Dataset_BFsignal_PIPIEE_2/scan1dDatasetsPlugin_PDF_Dataset_BFsignal_PIPIEE_2_run0.root
    wildcards: name=PDF_Dataset, var=BFsignal, decay=KKEE, bin_number=0
    resources: tmpdir=/tmp/ascarabo

[Fri Mar 24 18:47:01 2023]
Finished job 30.
28 of 33 steps (85%) done
Select jobs to execute...

[Fri Mar 24 18:47:01 2023]
rule run_plugin:
    input: workspace.root, root/scan1dDatasetsProb_PDF_Dataset_6p_BFsignal_PIPIEE_3.root, root/scan1dDatasetsPlugin_PDF_Dataset_BFsignal_PIPIEE_0/scan1dDatasetsPlugin_PDF_Dataset_BFsignal_PIPIEE_0_run0.root, root/scan1dDatasetsPlugin_PDF_Dataset_BFsignal_PIPIEE_1/scan1dDatasetsPlugin_PDF_Dataset_BFsignal_PIPIEE_1_run0.root, root/scan1dDatasetsPlugin_PDF_Dataset_BFsignal_PIPIEE_2/scan1dDatasetsPlugin_PDF_Dataset_BFsignal_PIPIEE_2_run0.root, root/scan1dDatasetsPlugin_PDF_Dataset_BFsignal_PIPIEE_3/scan1dDatasetsPlugin_PDF_Dataset_BFsignal_PIPIEE_3_run0.root, root/scan1dDatasetsPlugin_PDF_Dataset_BFsignal_PIPIEE_4/scan1dDatasetsPlugin_PDF_Dataset_BFsignal_PIPIEE_4_run0.root, root/scan1dDatasetsPlugin_PDF_Dataset_BFsignal_KKEE_0/scan1dDatasetsPlugin_PDF_Dataset_BFsignal_KKEE_0_run0.root, root/scan1dDatasetsPlugin_PDF_Dataset_BFsignal_KKEE_1/scan1dDatasetsPlugin_PDF_Dataset_BFsignal_KKEE_1_run0.root, root/scan1dDatasetsPlugin_PDF_Dataset_BFsignal_KKEE_2/scan1dDatasetsPlugin_PDF_Dataset_BFsignal_KKEE_2_run0.root
    output: plots/cl/clintervals_PDF_Dataset_BFsignal_PIPIEE_3_DatasetsPlugin.py, plots/cl/clintervals_PDF_Dataset_BFsignal_PIPIEE_3_DatasetsPlugin_CLs2.py, plots/cl/clintervals_PDF_Dataset_BFsignal_PIPIEE_3_DatasetsPlugin_expected_standardCLs.py
    log: tutorial_dataset_plugin_PDF_Dataset_BFsignal_PIPIEE_3.log
    jobid: 28
    reason: Input files updated by another job: root/scan1dDatasetsProb_PDF_Dataset_6p_BFsignal_PIPIEE_3.root, root/scan1dDatasetsPlugin_PDF_Dataset_BFsignal_PIPIEE_3/scan1dDatasetsPlugin_PDF_Dataset_BFsignal_PIPIEE_3_run0.root, root/scan1dDatasetsPlugin_PDF_Dataset_BFsignal_PIPIEE_4/scan1dDatasetsPlugin_PDF_Dataset_BFsignal_PIPIEE_4_run0.root, root/scan1dDatasetsPlugin_PDF_Dataset_BFsignal_KKEE_2/scan1dDatasetsPlugin_PDF_Dataset_BFsignal_KKEE_2_run0.root, root/scan1dDatasetsPlugin_PDF_Dataset_BFsignal_KKEE_0/scan1dDatasetsPlugin_PDF_Dataset_BFsignal_KKEE_0_run0.root, root/scan1dDatasetsPlugin_PDF_Dataset_BFsignal_PIPIEE_0/scan1dDatasetsPlugin_PDF_Dataset_BFsignal_PIPIEE_0_run0.root, root/scan1dDatasetsPlugin_PDF_Dataset_BFsignal_PIPIEE_1/scan1dDatasetsPlugin_PDF_Dataset_BFsignal_PIPIEE_1_run0.root, root/scan1dDatasetsPlugin_PDF_Dataset_BFsignal_KKEE_1/scan1dDatasetsPlugin_PDF_Dataset_BFsignal_KKEE_1_run0.root, root/scan1dDatasetsPlugin_PDF_Dataset_BFsignal_PIPIEE_2/scan1dDatasetsPlugin_PDF_Dataset_BFsignal_PIPIEE_2_run0.root
    wildcards: name=PDF_Dataset, var=BFsignal, decay=PIPIEE, bin_number=3
    resources: tmpdir=/tmp/ascarabo

[Fri Mar 24 18:47:02 2023]
Finished job 28.
29 of 33 steps (88%) done
Select jobs to execute...

[Fri Mar 24 18:47:02 2023]
rule run_plugin:
    input: workspace.root, root/scan1dDatasetsProb_PDF_Dataset_6p_BFsignal_PIPIEE_1.root, root/scan1dDatasetsPlugin_PDF_Dataset_BFsignal_PIPIEE_0/scan1dDatasetsPlugin_PDF_Dataset_BFsignal_PIPIEE_0_run0.root, root/scan1dDatasetsPlugin_PDF_Dataset_BFsignal_PIPIEE_1/scan1dDatasetsPlugin_PDF_Dataset_BFsignal_PIPIEE_1_run0.root, root/scan1dDatasetsPlugin_PDF_Dataset_BFsignal_PIPIEE_2/scan1dDatasetsPlugin_PDF_Dataset_BFsignal_PIPIEE_2_run0.root, root/scan1dDatasetsPlugin_PDF_Dataset_BFsignal_PIPIEE_3/scan1dDatasetsPlugin_PDF_Dataset_BFsignal_PIPIEE_3_run0.root, root/scan1dDatasetsPlugin_PDF_Dataset_BFsignal_PIPIEE_4/scan1dDatasetsPlugin_PDF_Dataset_BFsignal_PIPIEE_4_run0.root, root/scan1dDatasetsPlugin_PDF_Dataset_BFsignal_KKEE_0/scan1dDatasetsPlugin_PDF_Dataset_BFsignal_KKEE_0_run0.root, root/scan1dDatasetsPlugin_PDF_Dataset_BFsignal_KKEE_1/scan1dDatasetsPlugin_PDF_Dataset_BFsignal_KKEE_1_run0.root, root/scan1dDatasetsPlugin_PDF_Dataset_BFsignal_KKEE_2/scan1dDatasetsPlugin_PDF_Dataset_BFsignal_KKEE_2_run0.root
    output: plots/cl/clintervals_PDF_Dataset_BFsignal_PIPIEE_1_DatasetsPlugin.py, plots/cl/clintervals_PDF_Dataset_BFsignal_PIPIEE_1_DatasetsPlugin_CLs2.py, plots/cl/clintervals_PDF_Dataset_BFsignal_PIPIEE_1_DatasetsPlugin_expected_standardCLs.py
    log: tutorial_dataset_plugin_PDF_Dataset_BFsignal_PIPIEE_1.log
    jobid: 26
    reason: Input files updated by another job: root/scan1dDatasetsPlugin_PDF_Dataset_BFsignal_PIPIEE_3/scan1dDatasetsPlugin_PDF_Dataset_BFsignal_PIPIEE_3_run0.root, root/scan1dDatasetsPlugin_PDF_Dataset_BFsignal_PIPIEE_4/scan1dDatasetsPlugin_PDF_Dataset_BFsignal_PIPIEE_4_run0.root, root/scan1dDatasetsPlugin_PDF_Dataset_BFsignal_KKEE_2/scan1dDatasetsPlugin_PDF_Dataset_BFsignal_KKEE_2_run0.root, root/scan1dDatasetsPlugin_PDF_Dataset_BFsignal_KKEE_0/scan1dDatasetsPlugin_PDF_Dataset_BFsignal_KKEE_0_run0.root, root/scan1dDatasetsPlugin_PDF_Dataset_BFsignal_PIPIEE_0/scan1dDatasetsPlugin_PDF_Dataset_BFsignal_PIPIEE_0_run0.root, root/scan1dDatasetsPlugin_PDF_Dataset_BFsignal_PIPIEE_1/scan1dDatasetsPlugin_PDF_Dataset_BFsignal_PIPIEE_1_run0.root, root/scan1dDatasetsPlugin_PDF_Dataset_BFsignal_KKEE_1/scan1dDatasetsPlugin_PDF_Dataset_BFsignal_KKEE_1_run0.root, root/scan1dDatasetsProb_PDF_Dataset_6p_BFsignal_PIPIEE_1.root, root/scan1dDatasetsPlugin_PDF_Dataset_BFsignal_PIPIEE_2/scan1dDatasetsPlugin_PDF_Dataset_BFsignal_PIPIEE_2_run0.root
    wildcards: name=PDF_Dataset, var=BFsignal, decay=PIPIEE, bin_number=1
    resources: tmpdir=/tmp/ascarabo

[Fri Mar 24 18:47:03 2023]
Finished job 26.
30 of 33 steps (91%) done
Select jobs to execute...

[Fri Mar 24 18:47:03 2023]
rule run_plugin:
    input: workspace.root, root/scan1dDatasetsProb_PDF_Dataset_6p_BFsignal_PIPIEE_4.root, root/scan1dDatasetsPlugin_PDF_Dataset_BFsignal_PIPIEE_0/scan1dDatasetsPlugin_PDF_Dataset_BFsignal_PIPIEE_0_run0.root, root/scan1dDatasetsPlugin_PDF_Dataset_BFsignal_PIPIEE_1/scan1dDatasetsPlugin_PDF_Dataset_BFsignal_PIPIEE_1_run0.root, root/scan1dDatasetsPlugin_PDF_Dataset_BFsignal_PIPIEE_2/scan1dDatasetsPlugin_PDF_Dataset_BFsignal_PIPIEE_2_run0.root, root/scan1dDatasetsPlugin_PDF_Dataset_BFsignal_PIPIEE_3/scan1dDatasetsPlugin_PDF_Dataset_BFsignal_PIPIEE_3_run0.root, root/scan1dDatasetsPlugin_PDF_Dataset_BFsignal_PIPIEE_4/scan1dDatasetsPlugin_PDF_Dataset_BFsignal_PIPIEE_4_run0.root, root/scan1dDatasetsPlugin_PDF_Dataset_BFsignal_KKEE_0/scan1dDatasetsPlugin_PDF_Dataset_BFsignal_KKEE_0_run0.root, root/scan1dDatasetsPlugin_PDF_Dataset_BFsignal_KKEE_1/scan1dDatasetsPlugin_PDF_Dataset_BFsignal_KKEE_1_run0.root, root/scan1dDatasetsPlugin_PDF_Dataset_BFsignal_KKEE_2/scan1dDatasetsPlugin_PDF_Dataset_BFsignal_KKEE_2_run0.root
    output: plots/cl/clintervals_PDF_Dataset_BFsignal_PIPIEE_4_DatasetsPlugin.py, plots/cl/clintervals_PDF_Dataset_BFsignal_PIPIEE_4_DatasetsPlugin_CLs2.py, plots/cl/clintervals_PDF_Dataset_BFsignal_PIPIEE_4_DatasetsPlugin_expected_standardCLs.py
    log: tutorial_dataset_plugin_PDF_Dataset_BFsignal_PIPIEE_4.log
    jobid: 29
    reason: Input files updated by another job: root/scan1dDatasetsProb_PDF_Dataset_6p_BFsignal_PIPIEE_4.root, root/scan1dDatasetsPlugin_PDF_Dataset_BFsignal_PIPIEE_3/scan1dDatasetsPlugin_PDF_Dataset_BFsignal_PIPIEE_3_run0.root, root/scan1dDatasetsPlugin_PDF_Dataset_BFsignal_PIPIEE_4/scan1dDatasetsPlugin_PDF_Dataset_BFsignal_PIPIEE_4_run0.root, root/scan1dDatasetsPlugin_PDF_Dataset_BFsignal_KKEE_2/scan1dDatasetsPlugin_PDF_Dataset_BFsignal_KKEE_2_run0.root, root/scan1dDatasetsPlugin_PDF_Dataset_BFsignal_KKEE_0/scan1dDatasetsPlugin_PDF_Dataset_BFsignal_KKEE_0_run0.root, root/scan1dDatasetsPlugin_PDF_Dataset_BFsignal_PIPIEE_0/scan1dDatasetsPlugin_PDF_Dataset_BFsignal_PIPIEE_0_run0.root, root/scan1dDatasetsPlugin_PDF_Dataset_BFsignal_PIPIEE_1/scan1dDatasetsPlugin_PDF_Dataset_BFsignal_PIPIEE_1_run0.root, root/scan1dDatasetsPlugin_PDF_Dataset_BFsignal_KKEE_1/scan1dDatasetsPlugin_PDF_Dataset_BFsignal_KKEE_1_run0.root, root/scan1dDatasetsPlugin_PDF_Dataset_BFsignal_PIPIEE_2/scan1dDatasetsPlugin_PDF_Dataset_BFsignal_PIPIEE_2_run0.root
    wildcards: name=PDF_Dataset, var=BFsignal, decay=PIPIEE, bin_number=4
    resources: tmpdir=/tmp/ascarabo

[Fri Mar 24 18:47:04 2023]
Finished job 29.
31 of 33 steps (94%) done
Select jobs to execute...

[Fri Mar 24 18:47:04 2023]
rule run_plugin:
    input: workspace.root, root/scan1dDatasetsProb_PDF_Dataset_6p_BFsignal_KKEE_1.root, root/scan1dDatasetsPlugin_PDF_Dataset_BFsignal_PIPIEE_0/scan1dDatasetsPlugin_PDF_Dataset_BFsignal_PIPIEE_0_run0.root, root/scan1dDatasetsPlugin_PDF_Dataset_BFsignal_PIPIEE_1/scan1dDatasetsPlugin_PDF_Dataset_BFsignal_PIPIEE_1_run0.root, root/scan1dDatasetsPlugin_PDF_Dataset_BFsignal_PIPIEE_2/scan1dDatasetsPlugin_PDF_Dataset_BFsignal_PIPIEE_2_run0.root, root/scan1dDatasetsPlugin_PDF_Dataset_BFsignal_PIPIEE_3/scan1dDatasetsPlugin_PDF_Dataset_BFsignal_PIPIEE_3_run0.root, root/scan1dDatasetsPlugin_PDF_Dataset_BFsignal_PIPIEE_4/scan1dDatasetsPlugin_PDF_Dataset_BFsignal_PIPIEE_4_run0.root, root/scan1dDatasetsPlugin_PDF_Dataset_BFsignal_KKEE_0/scan1dDatasetsPlugin_PDF_Dataset_BFsignal_KKEE_0_run0.root, root/scan1dDatasetsPlugin_PDF_Dataset_BFsignal_KKEE_1/scan1dDatasetsPlugin_PDF_Dataset_BFsignal_KKEE_1_run0.root, root/scan1dDatasetsPlugin_PDF_Dataset_BFsignal_KKEE_2/scan1dDatasetsPlugin_PDF_Dataset_BFsignal_KKEE_2_run0.root
    output: plots/cl/clintervals_PDF_Dataset_BFsignal_KKEE_1_DatasetsPlugin.py, plots/cl/clintervals_PDF_Dataset_BFsignal_KKEE_1_DatasetsPlugin_CLs2.py, plots/cl/clintervals_PDF_Dataset_BFsignal_KKEE_1_DatasetsPlugin_expected_standardCLs.py
    log: tutorial_dataset_plugin_PDF_Dataset_BFsignal_KKEE_1.log
    jobid: 31
    reason: Missing output files: plots/cl/clintervals_PDF_Dataset_BFsignal_KKEE_1_DatasetsPlugin_expected_standardCLs.py, plots/cl/clintervals_PDF_Dataset_BFsignal_KKEE_1_DatasetsPlugin_CLs2.py, plots/cl/clintervals_PDF_Dataset_BFsignal_KKEE_1_DatasetsPlugin.py; Input files updated by another job: root/scan1dDatasetsPlugin_PDF_Dataset_BFsignal_PIPIEE_3/scan1dDatasetsPlugin_PDF_Dataset_BFsignal_PIPIEE_3_run0.root, root/scan1dDatasetsPlugin_PDF_Dataset_BFsignal_PIPIEE_4/scan1dDatasetsPlugin_PDF_Dataset_BFsignal_PIPIEE_4_run0.root, root/scan1dDatasetsPlugin_PDF_Dataset_BFsignal_KKEE_2/scan1dDatasetsPlugin_PDF_Dataset_BFsignal_KKEE_2_run0.root, root/scan1dDatasetsPlugin_PDF_Dataset_BFsignal_KKEE_0/scan1dDatasetsPlugin_PDF_Dataset_BFsignal_KKEE_0_run0.root, root/scan1dDatasetsProb_PDF_Dataset_6p_BFsignal_KKEE_1.root, root/scan1dDatasetsPlugin_PDF_Dataset_BFsignal_PIPIEE_0/scan1dDatasetsPlugin_PDF_Dataset_BFsignal_PIPIEE_0_run0.root, root/scan1dDatasetsPlugin_PDF_Dataset_BFsignal_PIPIEE_1/scan1dDatasetsPlugin_PDF_Dataset_BFsignal_PIPIEE_1_run0.root, root/scan1dDatasetsPlugin_PDF_Dataset_BFsignal_KKEE_1/scan1dDatasetsPlugin_PDF_Dataset_BFsignal_KKEE_1_run0.root, root/scan1dDatasetsPlugin_PDF_Dataset_BFsignal_PIPIEE_2/scan1dDatasetsPlugin_PDF_Dataset_BFsignal_PIPIEE_2_run0.root
    wildcards: name=PDF_Dataset, var=BFsignal, decay=KKEE, bin_number=1
    resources: tmpdir=/tmp/ascarabo

[Fri Mar 24 18:47:06 2023]
Finished job 31.
32 of 33 steps (97%) done
Select jobs to execute...

[Fri Mar 24 18:47:06 2023]
localrule all:
    input: workspace_PIPIEE_0.root, workspace_PIPIEE_1.root, workspace_PIPIEE_2.root, workspace_PIPIEE_3.root, workspace_PIPIEE_4.root, workspace_KKEE_0.root, workspace_KKEE_1.root, workspace_KKEE_2.root, root/scan1dDatasetsProb_PDF_Dataset_6p_BFsignal_PIPIEE_0.root, root/scan1dDatasetsProb_PDF_Dataset_6p_BFsignal_PIPIEE_1.root, root/scan1dDatasetsProb_PDF_Dataset_6p_BFsignal_PIPIEE_2.root, root/scan1dDatasetsProb_PDF_Dataset_6p_BFsignal_PIPIEE_3.root, root/scan1dDatasetsProb_PDF_Dataset_6p_BFsignal_PIPIEE_4.root, root/scan1dDatasetsPlugin_PDF_Dataset_BFsignal_PIPIEE_0/scan1dDatasetsPlugin_PDF_Dataset_BFsignal_PIPIEE_0_run0.root, root/scan1dDatasetsPlugin_PDF_Dataset_BFsignal_PIPIEE_1/scan1dDatasetsPlugin_PDF_Dataset_BFsignal_PIPIEE_1_run0.root, root/scan1dDatasetsPlugin_PDF_Dataset_BFsignal_PIPIEE_2/scan1dDatasetsPlugin_PDF_Dataset_BFsignal_PIPIEE_2_run0.root, root/scan1dDatasetsPlugin_PDF_Dataset_BFsignal_PIPIEE_3/scan1dDatasetsPlugin_PDF_Dataset_BFsignal_PIPIEE_3_run0.root, root/scan1dDatasetsPlugin_PDF_Dataset_BFsignal_PIPIEE_4/scan1dDatasetsPlugin_PDF_Dataset_BFsignal_PIPIEE_4_run0.root, plots/cl/clintervals_PDF_Dataset_BFsignal_PIPIEE_0_DatasetsPlugin.py, plots/cl/clintervals_PDF_Dataset_BFsignal_PIPIEE_1_DatasetsPlugin.py, plots/cl/clintervals_PDF_Dataset_BFsignal_PIPIEE_2_DatasetsPlugin.py, plots/cl/clintervals_PDF_Dataset_BFsignal_PIPIEE_3_DatasetsPlugin.py, plots/cl/clintervals_PDF_Dataset_BFsignal_PIPIEE_4_DatasetsPlugin.py, plots/cl/clintervals_PDF_Dataset_BFsignal_PIPIEE_0_DatasetsPlugin_CLs2.py, plots/cl/clintervals_PDF_Dataset_BFsignal_PIPIEE_1_DatasetsPlugin_CLs2.py, plots/cl/clintervals_PDF_Dataset_BFsignal_PIPIEE_2_DatasetsPlugin_CLs2.py, plots/cl/clintervals_PDF_Dataset_BFsignal_PIPIEE_3_DatasetsPlugin_CLs2.py, plots/cl/clintervals_PDF_Dataset_BFsignal_PIPIEE_4_DatasetsPlugin_CLs2.py, plots/cl/clintervals_PDF_Dataset_BFsignal_PIPIEE_0_DatasetsPlugin_expected_standardCLs.py, plots/cl/clintervals_PDF_Dataset_BFsignal_PIPIEE_1_DatasetsPlugin_expected_standardCLs.py, plots/cl/clintervals_PDF_Dataset_BFsignal_PIPIEE_2_DatasetsPlugin_expected_standardCLs.py, plots/cl/clintervals_PDF_Dataset_BFsignal_PIPIEE_3_DatasetsPlugin_expected_standardCLs.py, plots/cl/clintervals_PDF_Dataset_BFsignal_PIPIEE_4_DatasetsPlugin_expected_standardCLs.py, root/scan1dDatasetsProb_PDF_Dataset_6p_BFsignal_KKEE_0.root, root/scan1dDatasetsProb_PDF_Dataset_6p_BFsignal_KKEE_1.root, root/scan1dDatasetsProb_PDF_Dataset_6p_BFsignal_KKEE_2.root, root/scan1dDatasetsPlugin_PDF_Dataset_BFsignal_KKEE_0/scan1dDatasetsPlugin_PDF_Dataset_BFsignal_KKEE_0_run0.root, root/scan1dDatasetsPlugin_PDF_Dataset_BFsignal_KKEE_1/scan1dDatasetsPlugin_PDF_Dataset_BFsignal_KKEE_1_run0.root, root/scan1dDatasetsPlugin_PDF_Dataset_BFsignal_KKEE_2/scan1dDatasetsPlugin_PDF_Dataset_BFsignal_KKEE_2_run0.root, plots/cl/clintervals_PDF_Dataset_BFsignal_KKEE_0_DatasetsPlugin.py, plots/cl/clintervals_PDF_Dataset_BFsignal_KKEE_1_DatasetsPlugin.py, plots/cl/clintervals_PDF_Dataset_BFsignal_KKEE_2_DatasetsPlugin.py, plots/cl/clintervals_PDF_Dataset_BFsignal_KKEE_0_DatasetsPlugin_CLs2.py, plots/cl/clintervals_PDF_Dataset_BFsignal_KKEE_1_DatasetsPlugin_CLs2.py, plots/cl/clintervals_PDF_Dataset_BFsignal_KKEE_2_DatasetsPlugin_CLs2.py, plots/cl/clintervals_PDF_Dataset_BFsignal_KKEE_0_DatasetsPlugin_expected_standardCLs.py, plots/cl/clintervals_PDF_Dataset_BFsignal_KKEE_1_DatasetsPlugin_expected_standardCLs.py, plots/cl/clintervals_PDF_Dataset_BFsignal_KKEE_2_DatasetsPlugin_expected_standardCLs.py
    jobid: 0
    reason: Input files updated by another job: plots/cl/clintervals_PDF_Dataset_BFsignal_PIPIEE_1_DatasetsPlugin_expected_standardCLs.py, plots/cl/clintervals_PDF_Dataset_BFsignal_KKEE_1_DatasetsPlugin_expected_standardCLs.py, plots/cl/clintervals_PDF_Dataset_BFsignal_KKEE_0_DatasetsPlugin_CLs2.py, plots/cl/clintervals_PDF_Dataset_BFsignal_PIPIEE_0_DatasetsPlugin.py, root/scan1dDatasetsProb_PDF_Dataset_6p_BFsignal_PIPIEE_0.root, plots/cl/clintervals_PDF_Dataset_BFsignal_PIPIEE_0_DatasetsPlugin_expected_standardCLs.py, plots/cl/clintervals_PDF_Dataset_BFsignal_KKEE_0_DatasetsPlugin.py, plots/cl/clintervals_PDF_Dataset_BFsignal_KKEE_1_DatasetsPlugin_CLs2.py, plots/cl/clintervals_PDF_Dataset_BFsignal_PIPIEE_3_DatasetsPlugin.py, root/scan1dDatasetsPlugin_PDF_Dataset_BFsignal_KKEE_2/scan1dDatasetsPlugin_PDF_Dataset_BFsignal_KKEE_2_run0.root, workspace_PIPIEE_4.root, root/scan1dDatasetsPlugin_PDF_Dataset_BFsignal_PIPIEE_1/scan1dDatasetsPlugin_PDF_Dataset_BFsignal_PIPIEE_1_run0.root, workspace_PIPIEE_1.root, plots/cl/clintervals_PDF_Dataset_BFsignal_KKEE_0_DatasetsPlugin_expected_standardCLs.py, plots/cl/clintervals_PDF_Dataset_BFsignal_KKEE_2_DatasetsPlugin.py, root/scan1dDatasetsProb_PDF_Dataset_6p_BFsignal_PIPIEE_2.root, plots/cl/clintervals_PDF_Dataset_BFsignal_PIPIEE_1_DatasetsPlugin_CLs2.py, root/scan1dDatasetsPlugin_PDF_Dataset_BFsignal_PIPIEE_3/scan1dDatasetsPlugin_PDF_Dataset_BFsignal_PIPIEE_3_run0.root, plots/cl/clintervals_PDF_Dataset_BFsignal_KKEE_2_DatasetsPlugin_CLs2.py, plots/cl/clintervals_PDF_Dataset_BFsignal_PIPIEE_4_DatasetsPlugin_expected_standardCLs.py, workspace_KKEE_1.root, plots/cl/clintervals_PDF_Dataset_BFsignal_PIPIEE_4_DatasetsPlugin.py, root/scan1dDatasetsPlugin_PDF_Dataset_BFsignal_KKEE_0/scan1dDatasetsPlugin_PDF_Dataset_BFsignal_KKEE_0_run0.root, plots/cl/clintervals_PDF_Dataset_BFsignal_PIPIEE_0_DatasetsPlugin_CLs2.py, workspace_PIPIEE_2.root, root/scan1dDatasetsProb_PDF_Dataset_6p_BFsignal_KKEE_1.root, root/scan1dDatasetsPlugin_PDF_Dataset_BFsignal_PIPIEE_0/scan1dDatasetsPlugin_PDF_Dataset_BFsignal_PIPIEE_0_run0.root, root/scan1dDatasetsProb_PDF_Dataset_6p_BFsignal_PIPIEE_4.root, plots/cl/clintervals_PDF_Dataset_BFsignal_PIPIEE_3_DatasetsPlugin_expected_standardCLs.py, root/scan1dDatasetsPlugin_PDF_Dataset_BFsignal_PIPIEE_4/scan1dDatasetsPlugin_PDF_Dataset_BFsignal_PIPIEE_4_run0.root, plots/cl/clintervals_PDF_Dataset_BFsignal_KKEE_2_DatasetsPlugin_expected_standardCLs.py, root/scan1dDatasetsProb_PDF_Dataset_6p_BFsignal_KKEE_2.root, workspace_KKEE_2.root, root/scan1dDatasetsProb_PDF_Dataset_6p_BFsignal_PIPIEE_1.root, workspace_PIPIEE_3.root, workspace_KKEE_0.root, root/scan1dDatasetsPlugin_PDF_Dataset_BFsignal_KKEE_1/scan1dDatasetsPlugin_PDF_Dataset_BFsignal_KKEE_1_run0.root, plots/cl/clintervals_PDF_Dataset_BFsignal_PIPIEE_2_DatasetsPlugin.py, plots/cl/clintervals_PDF_Dataset_BFsignal_PIPIEE_4_DatasetsPlugin_CLs2.py, root/scan1dDatasetsProb_PDF_Dataset_6p_BFsignal_PIPIEE_3.root, plots/cl/clintervals_PDF_Dataset_BFsignal_KKEE_1_DatasetsPlugin.py, plots/cl/clintervals_PDF_Dataset_BFsignal_PIPIEE_2_DatasetsPlugin_expected_standardCLs.py, plots/cl/clintervals_PDF_Dataset_BFsignal_PIPIEE_3_DatasetsPlugin_CLs2.py, workspace_PIPIEE_0.root, plots/cl/clintervals_PDF_Dataset_BFsignal_PIPIEE_2_DatasetsPlugin_CLs2.py, plots/cl/clintervals_PDF_Dataset_BFsignal_PIPIEE_1_DatasetsPlugin.py, root/scan1dDatasetsProb_PDF_Dataset_6p_BFsignal_KKEE_0.root, root/scan1dDatasetsPlugin_PDF_Dataset_BFsignal_PIPIEE_2/scan1dDatasetsPlugin_PDF_Dataset_BFsignal_PIPIEE_2_run0.root
    resources: tmpdir=/tmp/ascarabo

[Fri Mar 24 18:47:06 2023]
Finished job 0.
33 of 33 steps (100%) done
Complete log: .snakemake/log/2023-03-24T184627.569769.snakemake.log
