Building DAG of jobs...
Using shell: /cvmfs/lhcbdev.cern.ch/conda/envs/default/2023-03-05_13-05/linux-64/bin/bash
Provided cores: 32
Rules claiming more threads will be scaled down.
Job stats:
job                count    min threads    max threads
---------------  -------  -------------  -------------
all                    1              1              1
run_plugin             1              1              1
run_pluginbatch        5              1              1
total                  7              1              1

Select jobs to execute...

[Thu Mar 16 14:41:18 2023]
rule run_pluginbatch:
    input: workspace.root, root/scan1dDatasetsProb_PDF_Dataset_50p_branchingRatio.root
    output: root/scan1dDatasetsPlugin_PDF_Dataset_branchingRatio/scan1dDatasetsPlugin_PDF_Dataset_branchingRatio_run1.root
    log: tutorial_dataset_pluginbatch_PDF_Dataset_branchingRatio_1.log
    jobid: 4
    reason: Updated input files: root/scan1dDatasetsProb_PDF_Dataset_50p_branchingRatio.root
    wildcards: name=PDF_Dataset, var=branchingRatio, jobnum=1
    resources: tmpdir=/tmp/ascarabo


[Thu Mar 16 14:41:18 2023]
rule run_pluginbatch:
    input: workspace.root, root/scan1dDatasetsProb_PDF_Dataset_50p_branchingRatio.root
    output: root/scan1dDatasetsPlugin_PDF_Dataset_branchingRatio/scan1dDatasetsPlugin_PDF_Dataset_branchingRatio_run3.root
    log: tutorial_dataset_pluginbatch_PDF_Dataset_branchingRatio_3.log
    jobid: 6
    reason: Missing output files: root/scan1dDatasetsPlugin_PDF_Dataset_branchingRatio/scan1dDatasetsPlugin_PDF_Dataset_branchingRatio_run3.root; Updated input files: root/scan1dDatasetsProb_PDF_Dataset_50p_branchingRatio.root
    wildcards: name=PDF_Dataset, var=branchingRatio, jobnum=3
    resources: tmpdir=/tmp/ascarabo


[Thu Mar 16 14:41:18 2023]
rule run_pluginbatch:
    input: workspace.root, root/scan1dDatasetsProb_PDF_Dataset_50p_branchingRatio.root
    output: root/scan1dDatasetsPlugin_PDF_Dataset_branchingRatio/scan1dDatasetsPlugin_PDF_Dataset_branchingRatio_run0.root
    log: tutorial_dataset_pluginbatch_PDF_Dataset_branchingRatio_0.log
    jobid: 3
    reason: Updated input files: root/scan1dDatasetsProb_PDF_Dataset_50p_branchingRatio.root
    wildcards: name=PDF_Dataset, var=branchingRatio, jobnum=0
    resources: tmpdir=/tmp/ascarabo


[Thu Mar 16 14:41:18 2023]
rule run_pluginbatch:
    input: workspace.root, root/scan1dDatasetsProb_PDF_Dataset_50p_branchingRatio.root
    output: root/scan1dDatasetsPlugin_PDF_Dataset_branchingRatio/scan1dDatasetsPlugin_PDF_Dataset_branchingRatio_run2.root
    log: tutorial_dataset_pluginbatch_PDF_Dataset_branchingRatio_2.log
    jobid: 5
    reason: Missing output files: root/scan1dDatasetsPlugin_PDF_Dataset_branchingRatio/scan1dDatasetsPlugin_PDF_Dataset_branchingRatio_run2.root; Updated input files: root/scan1dDatasetsProb_PDF_Dataset_50p_branchingRatio.root
    wildcards: name=PDF_Dataset, var=branchingRatio, jobnum=2
    resources: tmpdir=/tmp/ascarabo


[Thu Mar 16 14:41:18 2023]
rule run_pluginbatch:
    input: workspace.root, root/scan1dDatasetsProb_PDF_Dataset_50p_branchingRatio.root
    output: root/scan1dDatasetsPlugin_PDF_Dataset_branchingRatio/scan1dDatasetsPlugin_PDF_Dataset_branchingRatio_run4.root
    log: tutorial_dataset_pluginbatch_PDF_Dataset_branchingRatio_4.log
    jobid: 7
    reason: Missing output files: root/scan1dDatasetsPlugin_PDF_Dataset_branchingRatio/scan1dDatasetsPlugin_PDF_Dataset_branchingRatio_run4.root; Updated input files: root/scan1dDatasetsProb_PDF_Dataset_50p_branchingRatio.root
    wildcards: name=PDF_Dataset, var=branchingRatio, jobnum=4
    resources: tmpdir=/tmp/ascarabo

[Thu Mar 16 14:43:27 2023]
Error in rule run_pluginbatch:
    jobid: 7
    output: root/scan1dDatasetsPlugin_PDF_Dataset_branchingRatio/scan1dDatasetsPlugin_PDF_Dataset_branchingRatio_run4.root
    log: tutorial_dataset_pluginbatch_PDF_Dataset_branchingRatio_4.log (check log file(s) for error message)
    shell:
        export PATH=/usr/local/bin:/usr/bin ;set +u ;source ../scripts/setup_lxplus.sh ; bin/tutorial_dataset --var branchingRatio --npoints 50 --scanrange 0:1.e-6 -a pluginbatch --ntoys 100 --nrun 4 > tutorial_dataset_pluginbatch_PDF_Dataset_branchingRatio_4.log
        (one of the commands exited with non-zero exit code; note that snakemake uses bash strict mode!)

[Thu Mar 16 14:43:27 2023]
Error in rule run_pluginbatch:
    jobid: 4
    output: root/scan1dDatasetsPlugin_PDF_Dataset_branchingRatio/scan1dDatasetsPlugin_PDF_Dataset_branchingRatio_run1.root
    log: tutorial_dataset_pluginbatch_PDF_Dataset_branchingRatio_1.log (check log file(s) for error message)
    shell:
        export PATH=/usr/local/bin:/usr/bin ;set +u ;source ../scripts/setup_lxplus.sh ; bin/tutorial_dataset --var branchingRatio --npoints 50 --scanrange 0:1.e-6 -a pluginbatch --ntoys 100 --nrun 1 > tutorial_dataset_pluginbatch_PDF_Dataset_branchingRatio_1.log
        (one of the commands exited with non-zero exit code; note that snakemake uses bash strict mode!)

[Thu Mar 16 14:43:27 2023]
Error in rule run_pluginbatch:
    jobid: 3
    output: root/scan1dDatasetsPlugin_PDF_Dataset_branchingRatio/scan1dDatasetsPlugin_PDF_Dataset_branchingRatio_run0.root
    log: tutorial_dataset_pluginbatch_PDF_Dataset_branchingRatio_0.log (check log file(s) for error message)
    shell:
        export PATH=/usr/local/bin:/usr/bin ;set +u ;source ../scripts/setup_lxplus.sh ; bin/tutorial_dataset --var branchingRatio --npoints 50 --scanrange 0:1.e-6 -a pluginbatch --ntoys 100 --nrun 0 > tutorial_dataset_pluginbatch_PDF_Dataset_branchingRatio_0.log
        (one of the commands exited with non-zero exit code; note that snakemake uses bash strict mode!)

[Thu Mar 16 14:43:27 2023]
Error in rule run_pluginbatch:
    jobid: 6
    output: root/scan1dDatasetsPlugin_PDF_Dataset_branchingRatio/scan1dDatasetsPlugin_PDF_Dataset_branchingRatio_run3.root
    log: tutorial_dataset_pluginbatch_PDF_Dataset_branchingRatio_3.log (check log file(s) for error message)
    shell:
        export PATH=/usr/local/bin:/usr/bin ;set +u ;source ../scripts/setup_lxplus.sh ; bin/tutorial_dataset --var branchingRatio --npoints 50 --scanrange 0:1.e-6 -a pluginbatch --ntoys 100 --nrun 3 > tutorial_dataset_pluginbatch_PDF_Dataset_branchingRatio_3.log
        (one of the commands exited with non-zero exit code; note that snakemake uses bash strict mode!)

[Thu Mar 16 14:43:27 2023]
Error in rule run_pluginbatch:
    jobid: 5
    output: root/scan1dDatasetsPlugin_PDF_Dataset_branchingRatio/scan1dDatasetsPlugin_PDF_Dataset_branchingRatio_run2.root
    log: tutorial_dataset_pluginbatch_PDF_Dataset_branchingRatio_2.log (check log file(s) for error message)
    shell:
        export PATH=/usr/local/bin:/usr/bin ;set +u ;source ../scripts/setup_lxplus.sh ; bin/tutorial_dataset --var branchingRatio --npoints 50 --scanrange 0:1.e-6 -a pluginbatch --ntoys 100 --nrun 2 > tutorial_dataset_pluginbatch_PDF_Dataset_branchingRatio_2.log
        (one of the commands exited with non-zero exit code; note that snakemake uses bash strict mode!)

Shutting down, this might take some time.
Exiting because a job execution failed. Look above for error message
Complete log: .snakemake/log/2023-03-16T144108.140805.snakemake.log
