Building DAG of jobs...
Using shell: /cvmfs/lhcbdev.cern.ch/conda/envs/default/2023-03-05_13-05/linux-64/bin/bash
Provided cores: 10
Rules claiming more threads will be scaled down.
Job stats:
job                count    min threads    max threads
---------------  -------  -------------  -------------
all                    1              1              1
build_wspc             8             10             10
run_plugin             8             10             10
run_pluginbatch       40             10             10
run_prob               8             10             10
total                 65              1             10

Select jobs to execute...

[Mon Mar 27 15:57:15 2023]
rule build_wspc:
    output: workspace_KKEE_2.root
    log: build_workspace_KKEE_2.log
    jobid: 8
    reason: Forced execution
    wildcards: decay=KKEE, bin_number=2
    threads: 10
    resources: tmpdir=/tmp/ascarabo, request_memory=1024, MaxRunHours=1, request_disk=1024000

[Mon Mar 27 15:57:20 2023]
Finished job 8.
1 of 65 steps (2%) done
Select jobs to execute...

[Mon Mar 27 15:57:20 2023]
rule build_wspc:
    output: workspace_KKEE_0.root
    log: build_workspace_KKEE_0.log
    jobid: 6
    reason: Forced execution
    wildcards: decay=KKEE, bin_number=0
    threads: 10
    resources: tmpdir=/tmp/ascarabo, request_memory=1024, MaxRunHours=1, request_disk=1024000

[Mon Mar 27 15:57:21 2023]
Finished job 6.
2 of 65 steps (3%) done
Select jobs to execute...

[Mon Mar 27 15:57:21 2023]
rule run_prob:
    input: workspace_KKEE_2.root
    output: root/scan1dDatasetsProb_PDF_Dataset_50p_BFsignal_KKEE_2.root
    log: tutorial_dataset_prob_PDF_Dataset_50p_BFsignal_KKEE_2.log
    jobid: 53
    reason: Input files updated by another job: workspace_KKEE_2.root
    wildcards: name=PDF_Dataset, points=50, var=BFsignal, decay=KKEE, bin_number=2
    threads: 10
    resources: tmpdir=/tmp/ascarabo, request_memory=1024, MaxRunHours=1, request_disk=1024000

[Mon Mar 27 15:57:22 2023]
Error in rule run_prob:
    jobid: 53
    output: root/scan1dDatasetsProb_PDF_Dataset_50p_BFsignal_KKEE_2.root
    log: tutorial_dataset_prob_PDF_Dataset_50p_BFsignal_KKEE_2.log (check log file(s) for error message)
    shell:
         bin/tutorial_dataset --var BFsignal --npoints 50 --scanrange 1e-8:4e-6 --cls 2 --CL 90 --CL 95 --decay KKEE --bin 2 > tutorial_dataset_prob_PDF_Dataset_50p_BFsignal_KKEE_2.log
        (one of the commands exited with non-zero exit code; note that snakemake uses bash strict mode!)

Removing output files of failed job run_prob since they might be corrupted:
root/scan1dDatasetsProb_PDF_Dataset_50p_BFsignal_KKEE_2.root
Shutting down, this might take some time.
Exiting because a job execution failed. Look above for error message
Complete log: .snakemake/log/2023-03-27T155714.201951.snakemake.log
