Building DAG of jobs...
Using shell: /cvmfs/lhcbdev.cern.ch/conda/envs/default/2023-03-05_13-05/linux-64/bin/bash
Provided cores: 1 (use --cores to define parallelism)
Rules claiming more threads will be scaled down.
Job stats:
job                count    min threads    max threads
---------------  -------  -------------  -------------
all                    1              1              1
build_wspc             5              1              1
run_plugin             5              1              1
run_pluginbatch        5              1              1
run_prob               5              1              1
total                 21              1              1

Select jobs to execute...

[Fri Mar 24 18:37:57 2023]
rule build_wspc:
    output: workspace_PIPIEE_3.root
    log: build_workspace_PIPIEE_3.log
    jobid: 4
    reason: Forced execution
    wildcards: decay=PIPIEE, bin_number=3
    resources: tmpdir=/tmp/ascarabo

[Fri Mar 24 18:37:58 2023]
Finished job 4.
1 of 21 steps (5%) done
Select jobs to execute...

[Fri Mar 24 18:37:58 2023]
rule build_wspc:
    output: workspace_PIPIEE_1.root
    log: build_workspace_PIPIEE_1.log
    jobid: 2
    reason: Forced execution
    wildcards: decay=PIPIEE, bin_number=1
    resources: tmpdir=/tmp/ascarabo

[Fri Mar 24 18:37:58 2023]
Finished job 2.
2 of 21 steps (10%) done
Select jobs to execute...

[Fri Mar 24 18:37:58 2023]
rule run_prob:
    input: workspace_PIPIEE_3.root
    output: root/scan1dDatasetsProb_PDF_Dataset_3p_BFsignal_PIPIEE_3.root
    log: tutorial_dataset_prob_PDF_Dataset_3p_BFsignal_PIPIEE_3.log
    jobid: 9
    reason: Input files updated by another job: workspace_PIPIEE_3.root
    wildcards: name=PDF_Dataset, points=3, var=BFsignal, decay=PIPIEE, bin_number=3
    resources: tmpdir=/tmp/ascarabo

[Fri Mar 24 18:38:00 2023]
Finished job 9.
3 of 21 steps (14%) done
Select jobs to execute...

[Fri Mar 24 18:38:00 2023]
rule run_prob:
    input: workspace_PIPIEE_1.root
    output: root/scan1dDatasetsProb_PDF_Dataset_3p_BFsignal_PIPIEE_1.root
    log: tutorial_dataset_prob_PDF_Dataset_3p_BFsignal_PIPIEE_1.log
    jobid: 7
    reason: Input files updated by another job: workspace_PIPIEE_1.root
    wildcards: name=PDF_Dataset, points=3, var=BFsignal, decay=PIPIEE, bin_number=1
    resources: tmpdir=/tmp/ascarabo

[Fri Mar 24 18:38:01 2023]
Finished job 7.
4 of 21 steps (19%) done
Select jobs to execute...

[Fri Mar 24 18:38:01 2023]
rule run_pluginbatch:
    input: workspace.root, root/scan1dDatasetsProb_PDF_Dataset_3p_BFsignal_PIPIEE_1.root
    output: root/scan1dDatasetsPlugin_PDF_Dataset_BFsignal_PIPIEE_1/scan1dDatasetsPlugin_PDF_Dataset_BFsignal_PIPIEE_1_run0.root
    log: tutorial_dataset_pluginbatch_PDF_Dataset_BFsignal_PIPIEE_1_0.log
    jobid: 12
    reason: Missing output files: root/scan1dDatasetsPlugin_PDF_Dataset_BFsignal_PIPIEE_1/scan1dDatasetsPlugin_PDF_Dataset_BFsignal_PIPIEE_1_run0.root; Input files updated by another job: root/scan1dDatasetsProb_PDF_Dataset_3p_BFsignal_PIPIEE_1.root
    wildcards: name=PDF_Dataset, var=BFsignal, nbin=1, decay=PIPIEE, jobnum=0
    resources: tmpdir=/tmp/ascarabo

[Fri Mar 24 18:38:02 2023]
Finished job 12.
5 of 21 steps (24%) done
Select jobs to execute...

[Fri Mar 24 18:38:02 2023]
rule build_wspc:
    output: workspace_PIPIEE_2.root
    log: build_workspace_PIPIEE_2.log
    jobid: 3
    reason: Forced execution
    wildcards: decay=PIPIEE, bin_number=2
    resources: tmpdir=/tmp/ascarabo

[Fri Mar 24 18:38:03 2023]
Finished job 3.
6 of 21 steps (29%) done
Select jobs to execute...

[Fri Mar 24 18:38:03 2023]
rule build_wspc:
    output: workspace_PIPIEE_0.root
    log: build_workspace_PIPIEE_0.log
    jobid: 1
    reason: Forced execution
    wildcards: decay=PIPIEE, bin_number=0
    resources: tmpdir=/tmp/ascarabo

[Fri Mar 24 18:38:04 2023]
Finished job 1.
7 of 21 steps (33%) done
Select jobs to execute...

[Fri Mar 24 18:38:04 2023]
rule run_prob:
    input: workspace_PIPIEE_0.root
    output: root/scan1dDatasetsProb_PDF_Dataset_3p_BFsignal_PIPIEE_0.root
    log: tutorial_dataset_prob_PDF_Dataset_3p_BFsignal_PIPIEE_0.log
    jobid: 6
    reason: Input files updated by another job: workspace_PIPIEE_0.root
    wildcards: name=PDF_Dataset, points=3, var=BFsignal, decay=PIPIEE, bin_number=0
    resources: tmpdir=/tmp/ascarabo

[Fri Mar 24 18:38:05 2023]
Finished job 6.
8 of 21 steps (38%) done
Select jobs to execute...

[Fri Mar 24 18:38:05 2023]
rule run_pluginbatch:
    input: workspace.root, root/scan1dDatasetsProb_PDF_Dataset_3p_BFsignal_PIPIEE_0.root
    output: root/scan1dDatasetsPlugin_PDF_Dataset_BFsignal_PIPIEE_0/scan1dDatasetsPlugin_PDF_Dataset_BFsignal_PIPIEE_0_run0.root
    log: tutorial_dataset_pluginbatch_PDF_Dataset_BFsignal_PIPIEE_0_0.log
    jobid: 11
    reason: Input files updated by another job: root/scan1dDatasetsProb_PDF_Dataset_3p_BFsignal_PIPIEE_0.root
    wildcards: name=PDF_Dataset, var=BFsignal, nbin=0, decay=PIPIEE, jobnum=0
    resources: tmpdir=/tmp/ascarabo

[Fri Mar 24 18:38:07 2023]
Finished job 11.
9 of 21 steps (43%) done
Select jobs to execute...

[Fri Mar 24 18:38:07 2023]
rule run_prob:
    input: workspace_PIPIEE_2.root
    output: root/scan1dDatasetsProb_PDF_Dataset_3p_BFsignal_PIPIEE_2.root
    log: tutorial_dataset_prob_PDF_Dataset_3p_BFsignal_PIPIEE_2.log
    jobid: 8
    reason: Input files updated by another job: workspace_PIPIEE_2.root
    wildcards: name=PDF_Dataset, points=3, var=BFsignal, decay=PIPIEE, bin_number=2
    resources: tmpdir=/tmp/ascarabo

[Fri Mar 24 18:38:08 2023]
Finished job 8.
10 of 21 steps (48%) done
Select jobs to execute...

[Fri Mar 24 18:38:08 2023]
rule build_wspc:
    output: workspace_PIPIEE_4.root
    log: build_workspace_PIPIEE_4.log
    jobid: 5
    reason: Forced execution
    wildcards: decay=PIPIEE, bin_number=4
    resources: tmpdir=/tmp/ascarabo

[Fri Mar 24 18:38:09 2023]
Finished job 5.
11 of 21 steps (52%) done
Select jobs to execute...

[Fri Mar 24 18:38:09 2023]
rule run_prob:
    input: workspace_PIPIEE_4.root
    output: root/scan1dDatasetsProb_PDF_Dataset_3p_BFsignal_PIPIEE_4.root
    log: tutorial_dataset_prob_PDF_Dataset_3p_BFsignal_PIPIEE_4.log
    jobid: 10
    reason: Input files updated by another job: workspace_PIPIEE_4.root
    wildcards: name=PDF_Dataset, points=3, var=BFsignal, decay=PIPIEE, bin_number=4
    resources: tmpdir=/tmp/ascarabo

[Fri Mar 24 18:38:10 2023]
Finished job 10.
12 of 21 steps (57%) done
Select jobs to execute...

[Fri Mar 24 18:38:10 2023]
rule run_pluginbatch:
    input: workspace.root, root/scan1dDatasetsProb_PDF_Dataset_3p_BFsignal_PIPIEE_4.root
    output: root/scan1dDatasetsPlugin_PDF_Dataset_BFsignal_PIPIEE_4/scan1dDatasetsPlugin_PDF_Dataset_BFsignal_PIPIEE_4_run0.root
    log: tutorial_dataset_pluginbatch_PDF_Dataset_BFsignal_PIPIEE_4_0.log
    jobid: 15
    reason: Missing output files: root/scan1dDatasetsPlugin_PDF_Dataset_BFsignal_PIPIEE_4/scan1dDatasetsPlugin_PDF_Dataset_BFsignal_PIPIEE_4_run0.root; Input files updated by another job: root/scan1dDatasetsProb_PDF_Dataset_3p_BFsignal_PIPIEE_4.root
    wildcards: name=PDF_Dataset, var=BFsignal, nbin=4, decay=PIPIEE, jobnum=0
    resources: tmpdir=/tmp/ascarabo

[Fri Mar 24 18:38:11 2023]
Finished job 15.
13 of 21 steps (62%) done
Select jobs to execute...

[Fri Mar 24 18:38:11 2023]
rule run_pluginbatch:
    input: workspace.root, root/scan1dDatasetsProb_PDF_Dataset_3p_BFsignal_PIPIEE_2.root
    output: root/scan1dDatasetsPlugin_PDF_Dataset_BFsignal_PIPIEE_2/scan1dDatasetsPlugin_PDF_Dataset_BFsignal_PIPIEE_2_run0.root
    log: tutorial_dataset_pluginbatch_PDF_Dataset_BFsignal_PIPIEE_2_0.log
    jobid: 13
    reason: Input files updated by another job: root/scan1dDatasetsProb_PDF_Dataset_3p_BFsignal_PIPIEE_2.root
    wildcards: name=PDF_Dataset, var=BFsignal, nbin=2, decay=PIPIEE, jobnum=0
    resources: tmpdir=/tmp/ascarabo

[Fri Mar 24 18:38:13 2023]
Finished job 13.
14 of 21 steps (67%) done
Select jobs to execute...

[Fri Mar 24 18:38:13 2023]
rule run_pluginbatch:
    input: workspace.root, root/scan1dDatasetsProb_PDF_Dataset_3p_BFsignal_PIPIEE_3.root
    output: root/scan1dDatasetsPlugin_PDF_Dataset_BFsignal_PIPIEE_3/scan1dDatasetsPlugin_PDF_Dataset_BFsignal_PIPIEE_3_run0.root
    log: tutorial_dataset_pluginbatch_PDF_Dataset_BFsignal_PIPIEE_3_0.log
    jobid: 14
    reason: Input files updated by another job: root/scan1dDatasetsProb_PDF_Dataset_3p_BFsignal_PIPIEE_3.root
    wildcards: name=PDF_Dataset, var=BFsignal, nbin=3, decay=PIPIEE, jobnum=0
    resources: tmpdir=/tmp/ascarabo

[Fri Mar 24 18:38:14 2023]
Finished job 14.
15 of 21 steps (71%) done
Select jobs to execute...

[Fri Mar 24 18:38:14 2023]
rule run_plugin:
    input: workspace.root, root/scan1dDatasetsProb_PDF_Dataset_3p_BFsignal_PIPIEE_3.root, root/scan1dDatasetsPlugin_PDF_Dataset_BFsignal_PIPIEE_3/scan1dDatasetsPlugin_PDF_Dataset_BFsignal_PIPIEE_3_run0.root
    output: plots/cl/clintervals_PDF_Dataset_BFsignal_PIPIEE_3_DatasetsPlugin.py, plots/cl/clintervals_PDF_Dataset_BFsignal_PIPIEE_3_DatasetsPlugin_CLs2.py, plots/cl/clintervals_PDF_Dataset_BFsignal_PIPIEE_3_DatasetsPlugin_expected_standardCLs.py
    log: tutorial_dataset_plugin_PDF_Dataset_BFsignal_PIPIEE_3.log
    jobid: 19
    reason: Input files updated by another job: root/scan1dDatasetsPlugin_PDF_Dataset_BFsignal_PIPIEE_3/scan1dDatasetsPlugin_PDF_Dataset_BFsignal_PIPIEE_3_run0.root, root/scan1dDatasetsProb_PDF_Dataset_3p_BFsignal_PIPIEE_3.root
    wildcards: name=PDF_Dataset, var=BFsignal, decay=PIPIEE, bin_number=3
    resources: tmpdir=/tmp/ascarabo

[Fri Mar 24 18:38:15 2023]
Finished job 19.
16 of 21 steps (76%) done
Select jobs to execute...

[Fri Mar 24 18:38:15 2023]
rule run_plugin:
    input: workspace.root, root/scan1dDatasetsProb_PDF_Dataset_3p_BFsignal_PIPIEE_4.root, root/scan1dDatasetsPlugin_PDF_Dataset_BFsignal_PIPIEE_3/scan1dDatasetsPlugin_PDF_Dataset_BFsignal_PIPIEE_3_run0.root
    output: plots/cl/clintervals_PDF_Dataset_BFsignal_PIPIEE_4_DatasetsPlugin.py, plots/cl/clintervals_PDF_Dataset_BFsignal_PIPIEE_4_DatasetsPlugin_CLs2.py, plots/cl/clintervals_PDF_Dataset_BFsignal_PIPIEE_4_DatasetsPlugin_expected_standardCLs.py
    log: tutorial_dataset_plugin_PDF_Dataset_BFsignal_PIPIEE_4.log
    jobid: 20
    reason: Missing output files: plots/cl/clintervals_PDF_Dataset_BFsignal_PIPIEE_4_DatasetsPlugin_expected_standardCLs.py, plots/cl/clintervals_PDF_Dataset_BFsignal_PIPIEE_4_DatasetsPlugin_CLs2.py, plots/cl/clintervals_PDF_Dataset_BFsignal_PIPIEE_4_DatasetsPlugin.py; Input files updated by another job: root/scan1dDatasetsPlugin_PDF_Dataset_BFsignal_PIPIEE_3/scan1dDatasetsPlugin_PDF_Dataset_BFsignal_PIPIEE_3_run0.root, root/scan1dDatasetsProb_PDF_Dataset_3p_BFsignal_PIPIEE_4.root
    wildcards: name=PDF_Dataset, var=BFsignal, decay=PIPIEE, bin_number=4
    resources: tmpdir=/tmp/ascarabo

[Fri Mar 24 18:38:17 2023]
Finished job 20.
17 of 21 steps (81%) done
Select jobs to execute...

[Fri Mar 24 18:38:17 2023]
rule run_plugin:
    input: workspace.root, root/scan1dDatasetsProb_PDF_Dataset_3p_BFsignal_PIPIEE_2.root, root/scan1dDatasetsPlugin_PDF_Dataset_BFsignal_PIPIEE_3/scan1dDatasetsPlugin_PDF_Dataset_BFsignal_PIPIEE_3_run0.root
    output: plots/cl/clintervals_PDF_Dataset_BFsignal_PIPIEE_2_DatasetsPlugin.py, plots/cl/clintervals_PDF_Dataset_BFsignal_PIPIEE_2_DatasetsPlugin_CLs2.py, plots/cl/clintervals_PDF_Dataset_BFsignal_PIPIEE_2_DatasetsPlugin_expected_standardCLs.py
    log: tutorial_dataset_plugin_PDF_Dataset_BFsignal_PIPIEE_2.log
    jobid: 18
    reason: Input files updated by another job: root/scan1dDatasetsPlugin_PDF_Dataset_BFsignal_PIPIEE_3/scan1dDatasetsPlugin_PDF_Dataset_BFsignal_PIPIEE_3_run0.root, root/scan1dDatasetsProb_PDF_Dataset_3p_BFsignal_PIPIEE_2.root
    wildcards: name=PDF_Dataset, var=BFsignal, decay=PIPIEE, bin_number=2
    resources: tmpdir=/tmp/ascarabo

[Fri Mar 24 18:38:18 2023]
Finished job 18.
18 of 21 steps (86%) done
Select jobs to execute...

[Fri Mar 24 18:38:18 2023]
rule run_plugin:
    input: workspace.root, root/scan1dDatasetsProb_PDF_Dataset_3p_BFsignal_PIPIEE_0.root, root/scan1dDatasetsPlugin_PDF_Dataset_BFsignal_PIPIEE_3/scan1dDatasetsPlugin_PDF_Dataset_BFsignal_PIPIEE_3_run0.root
    output: plots/cl/clintervals_PDF_Dataset_BFsignal_PIPIEE_0_DatasetsPlugin.py, plots/cl/clintervals_PDF_Dataset_BFsignal_PIPIEE_0_DatasetsPlugin_CLs2.py, plots/cl/clintervals_PDF_Dataset_BFsignal_PIPIEE_0_DatasetsPlugin_expected_standardCLs.py
    log: tutorial_dataset_plugin_PDF_Dataset_BFsignal_PIPIEE_0.log
    jobid: 16
    reason: Input files updated by another job: root/scan1dDatasetsProb_PDF_Dataset_3p_BFsignal_PIPIEE_0.root, root/scan1dDatasetsPlugin_PDF_Dataset_BFsignal_PIPIEE_3/scan1dDatasetsPlugin_PDF_Dataset_BFsignal_PIPIEE_3_run0.root
    wildcards: name=PDF_Dataset, var=BFsignal, decay=PIPIEE, bin_number=0
    resources: tmpdir=/tmp/ascarabo

[Fri Mar 24 18:38:20 2023]
Finished job 16.
19 of 21 steps (90%) done
Select jobs to execute...

[Fri Mar 24 18:38:20 2023]
rule run_plugin:
    input: workspace.root, root/scan1dDatasetsProb_PDF_Dataset_3p_BFsignal_PIPIEE_1.root, root/scan1dDatasetsPlugin_PDF_Dataset_BFsignal_PIPIEE_3/scan1dDatasetsPlugin_PDF_Dataset_BFsignal_PIPIEE_3_run0.root
    output: plots/cl/clintervals_PDF_Dataset_BFsignal_PIPIEE_1_DatasetsPlugin.py, plots/cl/clintervals_PDF_Dataset_BFsignal_PIPIEE_1_DatasetsPlugin_CLs2.py, plots/cl/clintervals_PDF_Dataset_BFsignal_PIPIEE_1_DatasetsPlugin_expected_standardCLs.py
    log: tutorial_dataset_plugin_PDF_Dataset_BFsignal_PIPIEE_1.log
    jobid: 17
    reason: Missing output files: plots/cl/clintervals_PDF_Dataset_BFsignal_PIPIEE_1_DatasetsPlugin.py, plots/cl/clintervals_PDF_Dataset_BFsignal_PIPIEE_1_DatasetsPlugin_expected_standardCLs.py, plots/cl/clintervals_PDF_Dataset_BFsignal_PIPIEE_1_DatasetsPlugin_CLs2.py; Input files updated by another job: root/scan1dDatasetsPlugin_PDF_Dataset_BFsignal_PIPIEE_3/scan1dDatasetsPlugin_PDF_Dataset_BFsignal_PIPIEE_3_run0.root, root/scan1dDatasetsProb_PDF_Dataset_3p_BFsignal_PIPIEE_1.root
    wildcards: name=PDF_Dataset, var=BFsignal, decay=PIPIEE, bin_number=1
    resources: tmpdir=/tmp/ascarabo

[Fri Mar 24 18:38:21 2023]
Finished job 17.
20 of 21 steps (95%) done
Select jobs to execute...

[Fri Mar 24 18:38:21 2023]
localrule all:
    input: workspace_PIPIEE_0.root, workspace_PIPIEE_1.root, workspace_PIPIEE_2.root, workspace_PIPIEE_3.root, workspace_PIPIEE_4.root, root/scan1dDatasetsProb_PDF_Dataset_3p_BFsignal_PIPIEE_0.root, root/scan1dDatasetsProb_PDF_Dataset_3p_BFsignal_PIPIEE_1.root, root/scan1dDatasetsProb_PDF_Dataset_3p_BFsignal_PIPIEE_2.root, root/scan1dDatasetsProb_PDF_Dataset_3p_BFsignal_PIPIEE_3.root, root/scan1dDatasetsProb_PDF_Dataset_3p_BFsignal_PIPIEE_4.root, root/scan1dDatasetsPlugin_PDF_Dataset_BFsignal_PIPIEE_0/scan1dDatasetsPlugin_PDF_Dataset_BFsignal_PIPIEE_0_run0.root, root/scan1dDatasetsPlugin_PDF_Dataset_BFsignal_PIPIEE_1/scan1dDatasetsPlugin_PDF_Dataset_BFsignal_PIPIEE_1_run0.root, root/scan1dDatasetsPlugin_PDF_Dataset_BFsignal_PIPIEE_2/scan1dDatasetsPlugin_PDF_Dataset_BFsignal_PIPIEE_2_run0.root, root/scan1dDatasetsPlugin_PDF_Dataset_BFsignal_PIPIEE_3/scan1dDatasetsPlugin_PDF_Dataset_BFsignal_PIPIEE_3_run0.root, root/scan1dDatasetsPlugin_PDF_Dataset_BFsignal_PIPIEE_4/scan1dDatasetsPlugin_PDF_Dataset_BFsignal_PIPIEE_4_run0.root, plots/cl/clintervals_PDF_Dataset_BFsignal_PIPIEE_0_DatasetsPlugin.py, plots/cl/clintervals_PDF_Dataset_BFsignal_PIPIEE_1_DatasetsPlugin.py, plots/cl/clintervals_PDF_Dataset_BFsignal_PIPIEE_2_DatasetsPlugin.py, plots/cl/clintervals_PDF_Dataset_BFsignal_PIPIEE_3_DatasetsPlugin.py, plots/cl/clintervals_PDF_Dataset_BFsignal_PIPIEE_4_DatasetsPlugin.py, plots/cl/clintervals_PDF_Dataset_BFsignal_PIPIEE_0_DatasetsPlugin_CLs2.py, plots/cl/clintervals_PDF_Dataset_BFsignal_PIPIEE_1_DatasetsPlugin_CLs2.py, plots/cl/clintervals_PDF_Dataset_BFsignal_PIPIEE_2_DatasetsPlugin_CLs2.py, plots/cl/clintervals_PDF_Dataset_BFsignal_PIPIEE_3_DatasetsPlugin_CLs2.py, plots/cl/clintervals_PDF_Dataset_BFsignal_PIPIEE_4_DatasetsPlugin_CLs2.py, plots/cl/clintervals_PDF_Dataset_BFsignal_PIPIEE_0_DatasetsPlugin_expected_standardCLs.py, plots/cl/clintervals_PDF_Dataset_BFsignal_PIPIEE_1_DatasetsPlugin_expected_standardCLs.py, plots/cl/clintervals_PDF_Dataset_BFsignal_PIPIEE_2_DatasetsPlugin_expected_standardCLs.py, plots/cl/clintervals_PDF_Dataset_BFsignal_PIPIEE_3_DatasetsPlugin_expected_standardCLs.py, plots/cl/clintervals_PDF_Dataset_BFsignal_PIPIEE_4_DatasetsPlugin_expected_standardCLs.py
    jobid: 0
    reason: Input files updated by another job: workspace_PIPIEE_4.root, plots/cl/clintervals_PDF_Dataset_BFsignal_PIPIEE_0_DatasetsPlugin.py, workspace_PIPIEE_2.root, plots/cl/clintervals_PDF_Dataset_BFsignal_PIPIEE_3_DatasetsPlugin_expected_standardCLs.py, plots/cl/clintervals_PDF_Dataset_BFsignal_PIPIEE_1_DatasetsPlugin_CLs2.py, root/scan1dDatasetsProb_PDF_Dataset_3p_BFsignal_PIPIEE_4.root, plots/cl/clintervals_PDF_Dataset_BFsignal_PIPIEE_4_DatasetsPlugin_CLs2.py, workspace_PIPIEE_1.root, plots/cl/clintervals_PDF_Dataset_BFsignal_PIPIEE_2_DatasetsPlugin_expected_standardCLs.py, plots/cl/clintervals_PDF_Dataset_BFsignal_PIPIEE_3_DatasetsPlugin_CLs2.py, root/scan1dDatasetsPlugin_PDF_Dataset_BFsignal_PIPIEE_1/scan1dDatasetsPlugin_PDF_Dataset_BFsignal_PIPIEE_1_run0.root, root/scan1dDatasetsProb_PDF_Dataset_3p_BFsignal_PIPIEE_3.root, plots/cl/clintervals_PDF_Dataset_BFsignal_PIPIEE_0_DatasetsPlugin_CLs2.py, plots/cl/clintervals_PDF_Dataset_BFsignal_PIPIEE_1_DatasetsPlugin.py, root/scan1dDatasetsProb_PDF_Dataset_3p_BFsignal_PIPIEE_0.root, workspace_PIPIEE_0.root, root/scan1dDatasetsPlugin_PDF_Dataset_BFsignal_PIPIEE_3/scan1dDatasetsPlugin_PDF_Dataset_BFsignal_PIPIEE_3_run0.root, plots/cl/clintervals_PDF_Dataset_BFsignal_PIPIEE_4_DatasetsPlugin.py, plots/cl/clintervals_PDF_Dataset_BFsignal_PIPIEE_2_DatasetsPlugin.py, workspace_PIPIEE_3.root, root/scan1dDatasetsProb_PDF_Dataset_3p_BFsignal_PIPIEE_1.root, plots/cl/clintervals_PDF_Dataset_BFsignal_PIPIEE_4_DatasetsPlugin_expected_standardCLs.py, plots/cl/clintervals_PDF_Dataset_BFsignal_PIPIEE_2_DatasetsPlugin_CLs2.py, root/scan1dDatasetsProb_PDF_Dataset_3p_BFsignal_PIPIEE_2.root, plots/cl/clintervals_PDF_Dataset_BFsignal_PIPIEE_0_DatasetsPlugin_expected_standardCLs.py, root/scan1dDatasetsPlugin_PDF_Dataset_BFsignal_PIPIEE_2/scan1dDatasetsPlugin_PDF_Dataset_BFsignal_PIPIEE_2_run0.root, root/scan1dDatasetsPlugin_PDF_Dataset_BFsignal_PIPIEE_4/scan1dDatasetsPlugin_PDF_Dataset_BFsignal_PIPIEE_4_run0.root, plots/cl/clintervals_PDF_Dataset_BFsignal_PIPIEE_1_DatasetsPlugin_expected_standardCLs.py, root/scan1dDatasetsPlugin_PDF_Dataset_BFsignal_PIPIEE_0/scan1dDatasetsPlugin_PDF_Dataset_BFsignal_PIPIEE_0_run0.root, plots/cl/clintervals_PDF_Dataset_BFsignal_PIPIEE_3_DatasetsPlugin.py
    resources: tmpdir=/tmp/ascarabo

[Fri Mar 24 18:38:21 2023]
Finished job 0.
21 of 21 steps (100%) done
Complete log: .snakemake/log/2023-03-24T183755.417606.snakemake.log
