Building DAG of jobs...
Using shell: /cvmfs/lhcbdev.cern.ch/conda/envs/default/2023-03-05_13-05/linux-64/bin/bash
Provided cores: 32
Rules claiming more threads will be scaled down.
Job stats:
job           count    min threads    max threads
----------  -------  -------------  -------------
all               1              1              1
build_wspc        1              1              1
run_prob          1              1              1
total             3              1              1

Select jobs to execute...

[Fri Mar 24 16:59:15 2023]
rule build_wspc:
    output: workspace_PIPIEE_3.root
    log: build_workspace_PIPIEE_3.log
    jobid: 1
    reason: Forced execution
    wildcards: decay=PIPIEE, bin_number=3
    resources: tmpdir=/tmp/ascarabo

[Fri Mar 24 16:59:16 2023]
Finished job 1.
1 of 3 steps (33%) done
Select jobs to execute...

[Fri Mar 24 16:59:16 2023]
rule run_prob:
    input: workspace_PIPIEE_3.root
    output: root/scan1dDatasetsProb_PDF_Dataset_50p_BFsignal_PIPIEE_3.root
    log: tutorial_dataset_prob_PDF_Dataset_50p_BFsignal_PIPIEE_3.log
    jobid: 2
    reason: Missing output files: root/scan1dDatasetsProb_PDF_Dataset_50p_BFsignal_PIPIEE_3.root; Input files updated by another job: workspace_PIPIEE_3.root
    wildcards: name=PDF_Dataset, points=50, var=BFsignal, decay=PIPIEE, bin_number=3
    resources: tmpdir=/tmp/ascarabo

[Fri Mar 24 16:59:18 2023]
Error in rule run_prob:
    jobid: 2
    output: root/scan1dDatasetsProb_PDF_Dataset_50p_BFsignal_PIPIEE_3.root
    log: tutorial_dataset_prob_PDF_Dataset_50p_BFsignal_PIPIEE_3.log (check log file(s) for error message)
    shell:
         bin/tutorial_dataset --var BFsignal --npoints 50 --scanrange 1e-8:2.5.e-6 --cls 2 --CL 90 --CL 95 --decay PIPIEE --bin 3 > tutorial_dataset_prob_PDF_Dataset_50p_BFsignal_PIPIEE_3.log
        (one of the commands exited with non-zero exit code; note that snakemake uses bash strict mode!)

Shutting down, this might take some time.
Exiting because a job execution failed. Look above for error message
Complete log: .snakemake/log/2023-03-24T165914.875655.snakemake.log
