Building DAG of jobs...
Using shell: /cvmfs/lhcbdev.cern.ch/conda/envs/default/2023-03-05_13-05/linux-64/bin/bash
Provided cores: 1 (use --cores to define parallelism)
Rules claiming more threads will be scaled down.
Job stats:
job                count    min threads    max threads
---------------  -------  -------------  -------------
all                    1              1              1
build_wspc             8              1              1
run_plugin             5              1              1
run_pluginbatch       40              1              1
run_prob               8              1              1
total                 62              1              1

Select jobs to execute...

[Mon Mar 27 16:38:28 2023]
rule build_wspc:
    output: workspace_KKEE_2.root
    log: build_workspace_KKEE_2.log
    jobid: 53
    reason: Forced execution
    wildcards: decay=KKEE, bin_number=2
    resources: tmpdir=/tmp/ascarabo

[Mon Mar 27 16:38:30 2023]
Finished job 53.
1 of 62 steps (2%) done
Select jobs to execute...

[Mon Mar 27 16:38:30 2023]
rule build_wspc:
    output: workspace_PIPIEE_3.root
    log: build_workspace_PIPIEE_3.log
    jobid: 4
    reason: Forced execution
    wildcards: decay=PIPIEE, bin_number=3
    resources: tmpdir=/tmp/ascarabo

[Mon Mar 27 16:38:31 2023]
Finished job 4.
2 of 62 steps (3%) done
Select jobs to execute...

[Mon Mar 27 16:38:31 2023]
rule build_wspc:
    output: workspace_PIPIEE_1.root
    log: build_workspace_PIPIEE_1.log
    jobid: 2
    reason: Forced execution
    wildcards: decay=PIPIEE, bin_number=1
    resources: tmpdir=/tmp/ascarabo

[Mon Mar 27 16:38:32 2023]
Finished job 2.
3 of 62 steps (5%) done
Select jobs to execute...

[Mon Mar 27 16:38:32 2023]
rule run_prob:
    input: workspace_PIPIEE_3.root
    output: root/scan1dDatasetsProb_PDF_Dataset_50p_BFsignal_PIPIEE_3.root
    log: tutorial_dataset_prob_PDF_Dataset_50p_BFsignal_PIPIEE_3.log
    jobid: 9
    reason: Input files updated by another job: workspace_PIPIEE_3.root
    wildcards: name=PDF_Dataset, points=50, var=BFsignal, decay=PIPIEE, bin_number=3
    resources: tmpdir=/tmp/ascarabo

[Mon Mar 27 16:38:35 2023]
Finished job 9.
4 of 62 steps (6%) done
Select jobs to execute...

[Mon Mar 27 16:38:35 2023]
rule run_pluginbatch:
    input: workspace.root, root/scan1dDatasetsProb_PDF_Dataset_50p_BFsignal_PIPIEE_3.root
    output: root/scan1dDatasetsPlugin_PDF_Dataset_BFsignal_PIPIEE_3/scan1dDatasetsPlugin_PDF_Dataset_BFsignal_PIPIEE_3_run2.root
    log: tutorial_dataset_pluginbatch_PDF_Dataset_BFsignal_PIPIEE_3_2.log
    jobid: 28
    reason: Input files updated by another job: root/scan1dDatasetsProb_PDF_Dataset_50p_BFsignal_PIPIEE_3.root
    wildcards: name=PDF_Dataset, var=BFsignal, decay=PIPIEE, nbin=3, jobnum=2
    resources: tmpdir=/tmp/ascarabo

[Mon Mar 27 16:47:46 2023]
Finished job 28.
5 of 62 steps (8%) done
Select jobs to execute...

[Mon Mar 27 16:47:46 2023]
rule run_pluginbatch:
    input: workspace.root, root/scan1dDatasetsProb_PDF_Dataset_50p_BFsignal_PIPIEE_3.root
    output: root/scan1dDatasetsPlugin_PDF_Dataset_BFsignal_PIPIEE_3/scan1dDatasetsPlugin_PDF_Dataset_BFsignal_PIPIEE_3_run4.root
    log: tutorial_dataset_pluginbatch_PDF_Dataset_BFsignal_PIPIEE_3_4.log
    jobid: 30
    reason: Input files updated by another job: root/scan1dDatasetsProb_PDF_Dataset_50p_BFsignal_PIPIEE_3.root
    wildcards: name=PDF_Dataset, var=BFsignal, decay=PIPIEE, nbin=3, jobnum=4
    resources: tmpdir=/tmp/ascarabo

[Mon Mar 27 16:56:56 2023]
Finished job 30.
6 of 62 steps (10%) done
Select jobs to execute...

[Mon Mar 27 16:56:56 2023]
rule run_pluginbatch:
    input: workspace.root, root/scan1dDatasetsProb_PDF_Dataset_50p_BFsignal_PIPIEE_3.root
    output: root/scan1dDatasetsPlugin_PDF_Dataset_BFsignal_PIPIEE_3/scan1dDatasetsPlugin_PDF_Dataset_BFsignal_PIPIEE_3_run1.root
    log: tutorial_dataset_pluginbatch_PDF_Dataset_BFsignal_PIPIEE_3_1.log
    jobid: 27
    reason: Input files updated by another job: root/scan1dDatasetsProb_PDF_Dataset_50p_BFsignal_PIPIEE_3.root
    wildcards: name=PDF_Dataset, var=BFsignal, decay=PIPIEE, nbin=3, jobnum=1
    resources: tmpdir=/tmp/ascarabo

[Mon Mar 27 17:06:01 2023]
Finished job 27.
7 of 62 steps (11%) done
Select jobs to execute...

[Mon Mar 27 17:06:01 2023]
rule run_pluginbatch:
    input: workspace.root, root/scan1dDatasetsProb_PDF_Dataset_50p_BFsignal_PIPIEE_3.root
    output: root/scan1dDatasetsPlugin_PDF_Dataset_BFsignal_PIPIEE_3/scan1dDatasetsPlugin_PDF_Dataset_BFsignal_PIPIEE_3_run0.root
    log: tutorial_dataset_pluginbatch_PDF_Dataset_BFsignal_PIPIEE_3_0.log
    jobid: 26
    reason: Input files updated by another job: root/scan1dDatasetsProb_PDF_Dataset_50p_BFsignal_PIPIEE_3.root
    wildcards: name=PDF_Dataset, var=BFsignal, decay=PIPIEE, nbin=3, jobnum=0
    resources: tmpdir=/tmp/ascarabo

[Mon Mar 27 17:15:06 2023]
Finished job 26.
8 of 62 steps (13%) done
Select jobs to execute...

[Mon Mar 27 17:15:06 2023]
rule run_prob:
    input: workspace_PIPIEE_1.root
    output: root/scan1dDatasetsProb_PDF_Dataset_50p_BFsignal_PIPIEE_1.root
    log: tutorial_dataset_prob_PDF_Dataset_50p_BFsignal_PIPIEE_1.log
    jobid: 7
    reason: Missing output files: root/scan1dDatasetsProb_PDF_Dataset_50p_BFsignal_PIPIEE_1.root; Input files updated by another job: workspace_PIPIEE_1.root
    wildcards: name=PDF_Dataset, points=50, var=BFsignal, decay=PIPIEE, bin_number=1
    resources: tmpdir=/tmp/ascarabo

[Mon Mar 27 17:15:15 2023]
Error in rule run_prob:
    jobid: 7
    output: root/scan1dDatasetsProb_PDF_Dataset_50p_BFsignal_PIPIEE_1.root
    log: tutorial_dataset_prob_PDF_Dataset_50p_BFsignal_PIPIEE_1.log (check log file(s) for error message)
    shell:
         bin/tutorial_dataset --var BFsignal --npoints 50 --scanrange 1e-8:4e-6 --cls 2 --CL 90 --CL 95 --decay PIPIEE --bin 1 > tutorial_dataset_prob_PDF_Dataset_50p_BFsignal_PIPIEE_1.log
        (one of the commands exited with non-zero exit code; note that snakemake uses bash strict mode!)

Removing output files of failed job run_prob since they might be corrupted:
root/scan1dDatasetsProb_PDF_Dataset_50p_BFsignal_PIPIEE_1.root
Shutting down, this might take some time.
Exiting because a job execution failed. Look above for error message
Complete log: .snakemake/log/2023-03-27T163824.963243.snakemake.log
