Building DAG of jobs...
Using shell: /cvmfs/lhcbdev.cern.ch/conda/envs/default/2023-03-05_13-05/linux-64/bin/bash
Provided cores: 1 (use --cores to define parallelism)
Rules claiming more threads will be scaled down.
Job stats:
job           count    min threads    max threads
----------  -------  -------------  -------------
all               1              1              1
build_wspc        5              1              1
run_prob          5              1              1
total            11              1              1

Select jobs to execute...

[Fri Mar 24 18:36:36 2023]
rule build_wspc:
    output: workspace_PIPIEE_3.root
    log: build_workspace_PIPIEE_3.log
    jobid: 4
    reason: Forced execution
    wildcards: decay=PIPIEE, bin_number=3
    resources: tmpdir=/tmp/ascarabo

[Fri Mar 24 18:36:36 2023]
Finished job 4.
1 of 11 steps (9%) done
Select jobs to execute...

[Fri Mar 24 18:36:36 2023]
rule build_wspc:
    output: workspace_PIPIEE_1.root
    log: build_workspace_PIPIEE_1.log
    jobid: 2
    reason: Forced execution
    wildcards: decay=PIPIEE, bin_number=1
    resources: tmpdir=/tmp/ascarabo

[Fri Mar 24 18:36:37 2023]
Finished job 2.
2 of 11 steps (18%) done
Select jobs to execute...

[Fri Mar 24 18:36:37 2023]
rule run_prob:
    input: workspace_PIPIEE_3.root
    output: root/scan1dDatasetsProb_PDF_Dataset_3p_BFsignal_PIPIEE_3.root
    log: tutorial_dataset_prob_PDF_Dataset_3p_BFsignal_PIPIEE_3.log
    jobid: 9
    reason: Input files updated by another job: workspace_PIPIEE_3.root
    wildcards: name=PDF_Dataset, points=3, var=BFsignal, decay=PIPIEE, bin_number=3
    resources: tmpdir=/tmp/ascarabo

[Fri Mar 24 18:36:38 2023]
Finished job 9.
3 of 11 steps (27%) done
Select jobs to execute...

[Fri Mar 24 18:36:38 2023]
rule build_wspc:
    output: workspace_PIPIEE_2.root
    log: build_workspace_PIPIEE_2.log
    jobid: 3
    reason: Forced execution
    wildcards: decay=PIPIEE, bin_number=2
    resources: tmpdir=/tmp/ascarabo

[Fri Mar 24 18:36:39 2023]
Finished job 3.
4 of 11 steps (36%) done
Select jobs to execute...

[Fri Mar 24 18:36:39 2023]
rule build_wspc:
    output: workspace_PIPIEE_0.root
    log: build_workspace_PIPIEE_0.log
    jobid: 1
    reason: Forced execution
    wildcards: decay=PIPIEE, bin_number=0
    resources: tmpdir=/tmp/ascarabo

[Fri Mar 24 18:36:39 2023]
Finished job 1.
5 of 11 steps (45%) done
Select jobs to execute...

[Fri Mar 24 18:36:39 2023]
rule run_prob:
    input: workspace_PIPIEE_2.root
    output: root/scan1dDatasetsProb_PDF_Dataset_3p_BFsignal_PIPIEE_2.root
    log: tutorial_dataset_prob_PDF_Dataset_3p_BFsignal_PIPIEE_2.log
    jobid: 8
    reason: Input files updated by another job: workspace_PIPIEE_2.root
    wildcards: name=PDF_Dataset, points=3, var=BFsignal, decay=PIPIEE, bin_number=2
    resources: tmpdir=/tmp/ascarabo

[Fri Mar 24 18:36:41 2023]
Finished job 8.
6 of 11 steps (55%) done
Select jobs to execute...

[Fri Mar 24 18:36:41 2023]
rule run_prob:
    input: workspace_PIPIEE_1.root
    output: root/scan1dDatasetsProb_PDF_Dataset_3p_BFsignal_PIPIEE_1.root
    log: tutorial_dataset_prob_PDF_Dataset_3p_BFsignal_PIPIEE_1.log
    jobid: 7
    reason: Input files updated by another job: workspace_PIPIEE_1.root
    wildcards: name=PDF_Dataset, points=3, var=BFsignal, decay=PIPIEE, bin_number=1
    resources: tmpdir=/tmp/ascarabo

[Fri Mar 24 18:36:42 2023]
Finished job 7.
7 of 11 steps (64%) done
Select jobs to execute...

[Fri Mar 24 18:36:42 2023]
rule build_wspc:
    output: workspace_PIPIEE_4.root
    log: build_workspace_PIPIEE_4.log
    jobid: 5
    reason: Forced execution
    wildcards: decay=PIPIEE, bin_number=4
    resources: tmpdir=/tmp/ascarabo

[Fri Mar 24 18:36:43 2023]
Finished job 5.
8 of 11 steps (73%) done
Select jobs to execute...

[Fri Mar 24 18:36:43 2023]
rule run_prob:
    input: workspace_PIPIEE_0.root
    output: root/scan1dDatasetsProb_PDF_Dataset_3p_BFsignal_PIPIEE_0.root
    log: tutorial_dataset_prob_PDF_Dataset_3p_BFsignal_PIPIEE_0.log
    jobid: 6
    reason: Input files updated by another job: workspace_PIPIEE_0.root
    wildcards: name=PDF_Dataset, points=3, var=BFsignal, decay=PIPIEE, bin_number=0
    resources: tmpdir=/tmp/ascarabo

[Fri Mar 24 18:36:44 2023]
Finished job 6.
9 of 11 steps (82%) done
Select jobs to execute...

[Fri Mar 24 18:36:44 2023]
rule run_prob:
    input: workspace_PIPIEE_4.root
    output: root/scan1dDatasetsProb_PDF_Dataset_3p_BFsignal_PIPIEE_4.root
    log: tutorial_dataset_prob_PDF_Dataset_3p_BFsignal_PIPIEE_4.log
    jobid: 10
    reason: Missing output files: root/scan1dDatasetsProb_PDF_Dataset_3p_BFsignal_PIPIEE_4.root; Input files updated by another job: workspace_PIPIEE_4.root
    wildcards: name=PDF_Dataset, points=3, var=BFsignal, decay=PIPIEE, bin_number=4
    resources: tmpdir=/tmp/ascarabo

[Fri Mar 24 18:36:46 2023]
Finished job 10.
10 of 11 steps (91%) done
Select jobs to execute...

[Fri Mar 24 18:36:46 2023]
localrule all:
    input: workspace_PIPIEE_0.root, workspace_PIPIEE_1.root, workspace_PIPIEE_2.root, workspace_PIPIEE_3.root, workspace_PIPIEE_4.root, root/scan1dDatasetsProb_PDF_Dataset_3p_BFsignal_PIPIEE_0.root, root/scan1dDatasetsProb_PDF_Dataset_3p_BFsignal_PIPIEE_1.root, root/scan1dDatasetsProb_PDF_Dataset_3p_BFsignal_PIPIEE_2.root, root/scan1dDatasetsProb_PDF_Dataset_3p_BFsignal_PIPIEE_3.root, root/scan1dDatasetsProb_PDF_Dataset_3p_BFsignal_PIPIEE_4.root
    jobid: 0
    reason: Input files updated by another job: workspace_PIPIEE_1.root, workspace_PIPIEE_4.root, root/scan1dDatasetsProb_PDF_Dataset_3p_BFsignal_PIPIEE_2.root, workspace_PIPIEE_2.root, root/scan1dDatasetsProb_PDF_Dataset_3p_BFsignal_PIPIEE_1.root, root/scan1dDatasetsProb_PDF_Dataset_3p_BFsignal_PIPIEE_0.root, root/scan1dDatasetsProb_PDF_Dataset_3p_BFsignal_PIPIEE_4.root, workspace_PIPIEE_3.root, root/scan1dDatasetsProb_PDF_Dataset_3p_BFsignal_PIPIEE_3.root, workspace_PIPIEE_0.root
    resources: tmpdir=/tmp/ascarabo

[Fri Mar 24 18:36:46 2023]
Finished job 0.
11 of 11 steps (100%) done
Complete log: .snakemake/log/2023-03-24T183635.317086.snakemake.log
