Building DAG of jobs...
Using shell: /usr/bin/bash
Provided cores: 1 (use --cores to define parallelism)
Rules claiming more threads will be scaled down.
Job stats:
job           count
----------  -------
all               1
build_wspc        8
run_plugin        8
run_prob          8
total            25

Select jobs to execute...

[Wed Mar 20 18:53:09 2024]
rule run_prob:
    input: workspace.root
    output: root/scan1dDatasetsProb_PDF_Dataset_50p_BFsignal_KKEE_2.root
    log: tutorial_dataset_prob_PDF_Dataset_50p_BFsignal_KKEE_2.log
    jobid: 21
    reason: Forced execution
    wildcards: name=PDF_Dataset, points=50, var=BFsignal, decay=KKEE, bin_number=2
    resources: tmpdir=/tmp/ascarabo

[Wed Mar 20 18:53:12 2024]
Finished job 21.
1 of 25 steps (4%) done
Select jobs to execute...

[Wed Mar 20 18:53:12 2024]
rule run_plugin:
    input: workspace.root, root/scan1dDatasetsProb_PDF_Dataset_50p_BFsignal_KKEE_2.root, root/scan1dDatasetsPlugin_PDF_Dataset_BFsignal_PIPIEE_0/scan1dDatasetsPlugin_PDF_Dataset_BFsignal_PIPIEE_0_run0.root, root/scan1dDatasetsPlugin_PDF_Dataset_BFsignal_PIPIEE_0/scan1dDatasetsPlugin_PDF_Dataset_BFsignal_PIPIEE_0_run1.root, root/scan1dDatasetsPlugin_PDF_Dataset_BFsignal_PIPIEE_0/scan1dDatasetsPlugin_PDF_Dataset_BFsignal_PIPIEE_0_run2.root, root/scan1dDatasetsPlugin_PDF_Dataset_BFsignal_PIPIEE_0/scan1dDatasetsPlugin_PDF_Dataset_BFsignal_PIPIEE_0_run3.root, root/scan1dDatasetsPlugin_PDF_Dataset_BFsignal_PIPIEE_0/scan1dDatasetsPlugin_PDF_Dataset_BFsignal_PIPIEE_0_run4.root, root/scan1dDatasetsPlugin_PDF_Dataset_BFsignal_PIPIEE_1/scan1dDatasetsPlugin_PDF_Dataset_BFsignal_PIPIEE_1_run0.root, root/scan1dDatasetsPlugin_PDF_Dataset_BFsignal_PIPIEE_1/scan1dDatasetsPlugin_PDF_Dataset_BFsignal_PIPIEE_1_run1.root, root/scan1dDatasetsPlugin_PDF_Dataset_BFsignal_PIPIEE_1/scan1dDatasetsPlugin_PDF_Dataset_BFsignal_PIPIEE_1_run2.root, root/scan1dDatasetsPlugin_PDF_Dataset_BFsignal_PIPIEE_1/scan1dDatasetsPlugin_PDF_Dataset_BFsignal_PIPIEE_1_run3.root, root/scan1dDatasetsPlugin_PDF_Dataset_BFsignal_PIPIEE_1/scan1dDatasetsPlugin_PDF_Dataset_BFsignal_PIPIEE_1_run4.root, root/scan1dDatasetsPlugin_PDF_Dataset_BFsignal_PIPIEE_2/scan1dDatasetsPlugin_PDF_Dataset_BFsignal_PIPIEE_2_run0.root, root/scan1dDatasetsPlugin_PDF_Dataset_BFsignal_PIPIEE_2/scan1dDatasetsPlugin_PDF_Dataset_BFsignal_PIPIEE_2_run1.root, root/scan1dDatasetsPlugin_PDF_Dataset_BFsignal_PIPIEE_2/scan1dDatasetsPlugin_PDF_Dataset_BFsignal_PIPIEE_2_run2.root, root/scan1dDatasetsPlugin_PDF_Dataset_BFsignal_PIPIEE_2/scan1dDatasetsPlugin_PDF_Dataset_BFsignal_PIPIEE_2_run3.root, root/scan1dDatasetsPlugin_PDF_Dataset_BFsignal_PIPIEE_2/scan1dDatasetsPlugin_PDF_Dataset_BFsignal_PIPIEE_2_run4.root, root/scan1dDatasetsPlugin_PDF_Dataset_BFsignal_PIPIEE_3/scan1dDatasetsPlugin_PDF_Dataset_BFsignal_PIPIEE_3_run0.root, root/scan1dDatasetsPlugin_PDF_Dataset_BFsignal_PIPIEE_3/scan1dDatasetsPlugin_PDF_Dataset_BFsignal_PIPIEE_3_run1.root, root/scan1dDatasetsPlugin_PDF_Dataset_BFsignal_PIPIEE_3/scan1dDatasetsPlugin_PDF_Dataset_BFsignal_PIPIEE_3_run2.root, root/scan1dDatasetsPlugin_PDF_Dataset_BFsignal_PIPIEE_3/scan1dDatasetsPlugin_PDF_Dataset_BFsignal_PIPIEE_3_run3.root, root/scan1dDatasetsPlugin_PDF_Dataset_BFsignal_PIPIEE_3/scan1dDatasetsPlugin_PDF_Dataset_BFsignal_PIPIEE_3_run4.root, root/scan1dDatasetsPlugin_PDF_Dataset_BFsignal_PIPIEE_4/scan1dDatasetsPlugin_PDF_Dataset_BFsignal_PIPIEE_4_run0.root, root/scan1dDatasetsPlugin_PDF_Dataset_BFsignal_PIPIEE_4/scan1dDatasetsPlugin_PDF_Dataset_BFsignal_PIPIEE_4_run1.root, root/scan1dDatasetsPlugin_PDF_Dataset_BFsignal_PIPIEE_4/scan1dDatasetsPlugin_PDF_Dataset_BFsignal_PIPIEE_4_run2.root, root/scan1dDatasetsPlugin_PDF_Dataset_BFsignal_PIPIEE_4/scan1dDatasetsPlugin_PDF_Dataset_BFsignal_PIPIEE_4_run3.root, root/scan1dDatasetsPlugin_PDF_Dataset_BFsignal_PIPIEE_4/scan1dDatasetsPlugin_PDF_Dataset_BFsignal_PIPIEE_4_run4.root, root/scan1dDatasetsPlugin_PDF_Dataset_BFsignal_KKEE_0/scan1dDatasetsPlugin_PDF_Dataset_BFsignal_KKEE_0_run0.root, root/scan1dDatasetsPlugin_PDF_Dataset_BFsignal_KKEE_0/scan1dDatasetsPlugin_PDF_Dataset_BFsignal_KKEE_0_run1.root, root/scan1dDatasetsPlugin_PDF_Dataset_BFsignal_KKEE_0/scan1dDatasetsPlugin_PDF_Dataset_BFsignal_KKEE_0_run2.root, root/scan1dDatasetsPlugin_PDF_Dataset_BFsignal_KKEE_0/scan1dDatasetsPlugin_PDF_Dataset_BFsignal_KKEE_0_run3.root, root/scan1dDatasetsPlugin_PDF_Dataset_BFsignal_KKEE_0/scan1dDatasetsPlugin_PDF_Dataset_BFsignal_KKEE_0_run4.root, root/scan1dDatasetsPlugin_PDF_Dataset_BFsignal_KKEE_1/scan1dDatasetsPlugin_PDF_Dataset_BFsignal_KKEE_1_run0.root, root/scan1dDatasetsPlugin_PDF_Dataset_BFsignal_KKEE_1/scan1dDatasetsPlugin_PDF_Dataset_BFsignal_KKEE_1_run1.root, root/scan1dDatasetsPlugin_PDF_Dataset_BFsignal_KKEE_1/scan1dDatasetsPlugin_PDF_Dataset_BFsignal_KKEE_1_run2.root, root/scan1dDatasetsPlugin_PDF_Dataset_BFsignal_KKEE_1/scan1dDatasetsPlugin_PDF_Dataset_BFsignal_KKEE_1_run3.root, root/scan1dDatasetsPlugin_PDF_Dataset_BFsignal_KKEE_1/scan1dDatasetsPlugin_PDF_Dataset_BFsignal_KKEE_1_run4.root, root/scan1dDatasetsPlugin_PDF_Dataset_BFsignal_KKEE_2/scan1dDatasetsPlugin_PDF_Dataset_BFsignal_KKEE_2_run0.root, root/scan1dDatasetsPlugin_PDF_Dataset_BFsignal_KKEE_2/scan1dDatasetsPlugin_PDF_Dataset_BFsignal_KKEE_2_run1.root, root/scan1dDatasetsPlugin_PDF_Dataset_BFsignal_KKEE_2/scan1dDatasetsPlugin_PDF_Dataset_BFsignal_KKEE_2_run2.root, root/scan1dDatasetsPlugin_PDF_Dataset_BFsignal_KKEE_2/scan1dDatasetsPlugin_PDF_Dataset_BFsignal_KKEE_2_run3.root, root/scan1dDatasetsPlugin_PDF_Dataset_BFsignal_KKEE_2/scan1dDatasetsPlugin_PDF_Dataset_BFsignal_KKEE_2_run4.root
    output: plots/cl/clintervals_PDF_Dataset_BFsignal_KKEE_2_DatasetsPlugin.py, plots/cl/clintervals_PDF_Dataset_BFsignal_KKEE_2_DatasetsPlugin_CLs2.py, plots/cl/clintervals_PDF_Dataset_BFsignal_KKEE_2_DatasetsPlugin_expected_standardCLs.py
    log: tutorial_dataset_plugin_PDF_Dataset_BFsignal_KKEE_2.log
    jobid: 24
    reason: Input files updated by another job: root/scan1dDatasetsProb_PDF_Dataset_50p_BFsignal_KKEE_2.root
    wildcards: name=PDF_Dataset, var=BFsignal, decay=KKEE, bin_number=2
    resources: tmpdir=/tmp/ascarabo

[Wed Mar 20 18:53:14 2024]
Finished job 24.
2 of 25 steps (8%) done
Select jobs to execute...

[Wed Mar 20 18:53:14 2024]
rule run_prob:
    input: workspace.root
    output: root/scan1dDatasetsProb_PDF_Dataset_50p_BFsignal_PIPIEE_1.root
    log: tutorial_dataset_prob_PDF_Dataset_50p_BFsignal_PIPIEE_1.log
    jobid: 10
    reason: Forced execution
    wildcards: name=PDF_Dataset, points=50, var=BFsignal, decay=PIPIEE, bin_number=1
    resources: tmpdir=/tmp/ascarabo

[Wed Mar 20 18:53:18 2024]
Finished job 10.
3 of 25 steps (12%) done
Select jobs to execute...

[Wed Mar 20 18:53:18 2024]
rule run_plugin:
    input: workspace.root, root/scan1dDatasetsProb_PDF_Dataset_50p_BFsignal_PIPIEE_1.root, root/scan1dDatasetsPlugin_PDF_Dataset_BFsignal_PIPIEE_0/scan1dDatasetsPlugin_PDF_Dataset_BFsignal_PIPIEE_0_run0.root, root/scan1dDatasetsPlugin_PDF_Dataset_BFsignal_PIPIEE_0/scan1dDatasetsPlugin_PDF_Dataset_BFsignal_PIPIEE_0_run1.root, root/scan1dDatasetsPlugin_PDF_Dataset_BFsignal_PIPIEE_0/scan1dDatasetsPlugin_PDF_Dataset_BFsignal_PIPIEE_0_run2.root, root/scan1dDatasetsPlugin_PDF_Dataset_BFsignal_PIPIEE_0/scan1dDatasetsPlugin_PDF_Dataset_BFsignal_PIPIEE_0_run3.root, root/scan1dDatasetsPlugin_PDF_Dataset_BFsignal_PIPIEE_0/scan1dDatasetsPlugin_PDF_Dataset_BFsignal_PIPIEE_0_run4.root, root/scan1dDatasetsPlugin_PDF_Dataset_BFsignal_PIPIEE_1/scan1dDatasetsPlugin_PDF_Dataset_BFsignal_PIPIEE_1_run0.root, root/scan1dDatasetsPlugin_PDF_Dataset_BFsignal_PIPIEE_1/scan1dDatasetsPlugin_PDF_Dataset_BFsignal_PIPIEE_1_run1.root, root/scan1dDatasetsPlugin_PDF_Dataset_BFsignal_PIPIEE_1/scan1dDatasetsPlugin_PDF_Dataset_BFsignal_PIPIEE_1_run2.root, root/scan1dDatasetsPlugin_PDF_Dataset_BFsignal_PIPIEE_1/scan1dDatasetsPlugin_PDF_Dataset_BFsignal_PIPIEE_1_run3.root, root/scan1dDatasetsPlugin_PDF_Dataset_BFsignal_PIPIEE_1/scan1dDatasetsPlugin_PDF_Dataset_BFsignal_PIPIEE_1_run4.root, root/scan1dDatasetsPlugin_PDF_Dataset_BFsignal_PIPIEE_2/scan1dDatasetsPlugin_PDF_Dataset_BFsignal_PIPIEE_2_run0.root, root/scan1dDatasetsPlugin_PDF_Dataset_BFsignal_PIPIEE_2/scan1dDatasetsPlugin_PDF_Dataset_BFsignal_PIPIEE_2_run1.root, root/scan1dDatasetsPlugin_PDF_Dataset_BFsignal_PIPIEE_2/scan1dDatasetsPlugin_PDF_Dataset_BFsignal_PIPIEE_2_run2.root, root/scan1dDatasetsPlugin_PDF_Dataset_BFsignal_PIPIEE_2/scan1dDatasetsPlugin_PDF_Dataset_BFsignal_PIPIEE_2_run3.root, root/scan1dDatasetsPlugin_PDF_Dataset_BFsignal_PIPIEE_2/scan1dDatasetsPlugin_PDF_Dataset_BFsignal_PIPIEE_2_run4.root, root/scan1dDatasetsPlugin_PDF_Dataset_BFsignal_PIPIEE_3/scan1dDatasetsPlugin_PDF_Dataset_BFsignal_PIPIEE_3_run0.root, root/scan1dDatasetsPlugin_PDF_Dataset_BFsignal_PIPIEE_3/scan1dDatasetsPlugin_PDF_Dataset_BFsignal_PIPIEE_3_run1.root, root/scan1dDatasetsPlugin_PDF_Dataset_BFsignal_PIPIEE_3/scan1dDatasetsPlugin_PDF_Dataset_BFsignal_PIPIEE_3_run2.root, root/scan1dDatasetsPlugin_PDF_Dataset_BFsignal_PIPIEE_3/scan1dDatasetsPlugin_PDF_Dataset_BFsignal_PIPIEE_3_run3.root, root/scan1dDatasetsPlugin_PDF_Dataset_BFsignal_PIPIEE_3/scan1dDatasetsPlugin_PDF_Dataset_BFsignal_PIPIEE_3_run4.root, root/scan1dDatasetsPlugin_PDF_Dataset_BFsignal_PIPIEE_4/scan1dDatasetsPlugin_PDF_Dataset_BFsignal_PIPIEE_4_run0.root, root/scan1dDatasetsPlugin_PDF_Dataset_BFsignal_PIPIEE_4/scan1dDatasetsPlugin_PDF_Dataset_BFsignal_PIPIEE_4_run1.root, root/scan1dDatasetsPlugin_PDF_Dataset_BFsignal_PIPIEE_4/scan1dDatasetsPlugin_PDF_Dataset_BFsignal_PIPIEE_4_run2.root, root/scan1dDatasetsPlugin_PDF_Dataset_BFsignal_PIPIEE_4/scan1dDatasetsPlugin_PDF_Dataset_BFsignal_PIPIEE_4_run3.root, root/scan1dDatasetsPlugin_PDF_Dataset_BFsignal_PIPIEE_4/scan1dDatasetsPlugin_PDF_Dataset_BFsignal_PIPIEE_4_run4.root, root/scan1dDatasetsPlugin_PDF_Dataset_BFsignal_KKEE_0/scan1dDatasetsPlugin_PDF_Dataset_BFsignal_KKEE_0_run0.root, root/scan1dDatasetsPlugin_PDF_Dataset_BFsignal_KKEE_0/scan1dDatasetsPlugin_PDF_Dataset_BFsignal_KKEE_0_run1.root, root/scan1dDatasetsPlugin_PDF_Dataset_BFsignal_KKEE_0/scan1dDatasetsPlugin_PDF_Dataset_BFsignal_KKEE_0_run2.root, root/scan1dDatasetsPlugin_PDF_Dataset_BFsignal_KKEE_0/scan1dDatasetsPlugin_PDF_Dataset_BFsignal_KKEE_0_run3.root, root/scan1dDatasetsPlugin_PDF_Dataset_BFsignal_KKEE_0/scan1dDatasetsPlugin_PDF_Dataset_BFsignal_KKEE_0_run4.root, root/scan1dDatasetsPlugin_PDF_Dataset_BFsignal_KKEE_1/scan1dDatasetsPlugin_PDF_Dataset_BFsignal_KKEE_1_run0.root, root/scan1dDatasetsPlugin_PDF_Dataset_BFsignal_KKEE_1/scan1dDatasetsPlugin_PDF_Dataset_BFsignal_KKEE_1_run1.root, root/scan1dDatasetsPlugin_PDF_Dataset_BFsignal_KKEE_1/scan1dDatasetsPlugin_PDF_Dataset_BFsignal_KKEE_1_run2.root, root/scan1dDatasetsPlugin_PDF_Dataset_BFsignal_KKEE_1/scan1dDatasetsPlugin_PDF_Dataset_BFsignal_KKEE_1_run3.root, root/scan1dDatasetsPlugin_PDF_Dataset_BFsignal_KKEE_1/scan1dDatasetsPlugin_PDF_Dataset_BFsignal_KKEE_1_run4.root, root/scan1dDatasetsPlugin_PDF_Dataset_BFsignal_KKEE_2/scan1dDatasetsPlugin_PDF_Dataset_BFsignal_KKEE_2_run0.root, root/scan1dDatasetsPlugin_PDF_Dataset_BFsignal_KKEE_2/scan1dDatasetsPlugin_PDF_Dataset_BFsignal_KKEE_2_run1.root, root/scan1dDatasetsPlugin_PDF_Dataset_BFsignal_KKEE_2/scan1dDatasetsPlugin_PDF_Dataset_BFsignal_KKEE_2_run2.root, root/scan1dDatasetsPlugin_PDF_Dataset_BFsignal_KKEE_2/scan1dDatasetsPlugin_PDF_Dataset_BFsignal_KKEE_2_run3.root, root/scan1dDatasetsPlugin_PDF_Dataset_BFsignal_KKEE_2/scan1dDatasetsPlugin_PDF_Dataset_BFsignal_KKEE_2_run4.root
    output: plots/cl/clintervals_PDF_Dataset_BFsignal_PIPIEE_1_DatasetsPlugin.py, plots/cl/clintervals_PDF_Dataset_BFsignal_PIPIEE_1_DatasetsPlugin_CLs2.py, plots/cl/clintervals_PDF_Dataset_BFsignal_PIPIEE_1_DatasetsPlugin_expected_standardCLs.py
    log: tutorial_dataset_plugin_PDF_Dataset_BFsignal_PIPIEE_1.log
    jobid: 15
    reason: Input files updated by another job: root/scan1dDatasetsProb_PDF_Dataset_50p_BFsignal_PIPIEE_1.root
    wildcards: name=PDF_Dataset, var=BFsignal, decay=PIPIEE, bin_number=1
    resources: tmpdir=/tmp/ascarabo

[Wed Mar 20 18:53:20 2024]
Finished job 15.
4 of 25 steps (16%) done
Select jobs to execute...

[Wed Mar 20 18:53:20 2024]
rule run_prob:
    input: workspace.root
    output: root/scan1dDatasetsProb_PDF_Dataset_50p_BFsignal_PIPIEE_3.root
    log: tutorial_dataset_prob_PDF_Dataset_50p_BFsignal_PIPIEE_3.log
    jobid: 12
    reason: Forced execution
    wildcards: name=PDF_Dataset, points=50, var=BFsignal, decay=PIPIEE, bin_number=3
    resources: tmpdir=/tmp/ascarabo

[Wed Mar 20 18:53:23 2024]
Finished job 12.
5 of 25 steps (20%) done
Select jobs to execute...

[Wed Mar 20 18:53:23 2024]
rule run_plugin:
    input: workspace.root, root/scan1dDatasetsProb_PDF_Dataset_50p_BFsignal_PIPIEE_3.root, root/scan1dDatasetsPlugin_PDF_Dataset_BFsignal_PIPIEE_0/scan1dDatasetsPlugin_PDF_Dataset_BFsignal_PIPIEE_0_run0.root, root/scan1dDatasetsPlugin_PDF_Dataset_BFsignal_PIPIEE_0/scan1dDatasetsPlugin_PDF_Dataset_BFsignal_PIPIEE_0_run1.root, root/scan1dDatasetsPlugin_PDF_Dataset_BFsignal_PIPIEE_0/scan1dDatasetsPlugin_PDF_Dataset_BFsignal_PIPIEE_0_run2.root, root/scan1dDatasetsPlugin_PDF_Dataset_BFsignal_PIPIEE_0/scan1dDatasetsPlugin_PDF_Dataset_BFsignal_PIPIEE_0_run3.root, root/scan1dDatasetsPlugin_PDF_Dataset_BFsignal_PIPIEE_0/scan1dDatasetsPlugin_PDF_Dataset_BFsignal_PIPIEE_0_run4.root, root/scan1dDatasetsPlugin_PDF_Dataset_BFsignal_PIPIEE_1/scan1dDatasetsPlugin_PDF_Dataset_BFsignal_PIPIEE_1_run0.root, root/scan1dDatasetsPlugin_PDF_Dataset_BFsignal_PIPIEE_1/scan1dDatasetsPlugin_PDF_Dataset_BFsignal_PIPIEE_1_run1.root, root/scan1dDatasetsPlugin_PDF_Dataset_BFsignal_PIPIEE_1/scan1dDatasetsPlugin_PDF_Dataset_BFsignal_PIPIEE_1_run2.root, root/scan1dDatasetsPlugin_PDF_Dataset_BFsignal_PIPIEE_1/scan1dDatasetsPlugin_PDF_Dataset_BFsignal_PIPIEE_1_run3.root, root/scan1dDatasetsPlugin_PDF_Dataset_BFsignal_PIPIEE_1/scan1dDatasetsPlugin_PDF_Dataset_BFsignal_PIPIEE_1_run4.root, root/scan1dDatasetsPlugin_PDF_Dataset_BFsignal_PIPIEE_2/scan1dDatasetsPlugin_PDF_Dataset_BFsignal_PIPIEE_2_run0.root, root/scan1dDatasetsPlugin_PDF_Dataset_BFsignal_PIPIEE_2/scan1dDatasetsPlugin_PDF_Dataset_BFsignal_PIPIEE_2_run1.root, root/scan1dDatasetsPlugin_PDF_Dataset_BFsignal_PIPIEE_2/scan1dDatasetsPlugin_PDF_Dataset_BFsignal_PIPIEE_2_run2.root, root/scan1dDatasetsPlugin_PDF_Dataset_BFsignal_PIPIEE_2/scan1dDatasetsPlugin_PDF_Dataset_BFsignal_PIPIEE_2_run3.root, root/scan1dDatasetsPlugin_PDF_Dataset_BFsignal_PIPIEE_2/scan1dDatasetsPlugin_PDF_Dataset_BFsignal_PIPIEE_2_run4.root, root/scan1dDatasetsPlugin_PDF_Dataset_BFsignal_PIPIEE_3/scan1dDatasetsPlugin_PDF_Dataset_BFsignal_PIPIEE_3_run0.root, root/scan1dDatasetsPlugin_PDF_Dataset_BFsignal_PIPIEE_3/scan1dDatasetsPlugin_PDF_Dataset_BFsignal_PIPIEE_3_run1.root, root/scan1dDatasetsPlugin_PDF_Dataset_BFsignal_PIPIEE_3/scan1dDatasetsPlugin_PDF_Dataset_BFsignal_PIPIEE_3_run2.root, root/scan1dDatasetsPlugin_PDF_Dataset_BFsignal_PIPIEE_3/scan1dDatasetsPlugin_PDF_Dataset_BFsignal_PIPIEE_3_run3.root, root/scan1dDatasetsPlugin_PDF_Dataset_BFsignal_PIPIEE_3/scan1dDatasetsPlugin_PDF_Dataset_BFsignal_PIPIEE_3_run4.root, root/scan1dDatasetsPlugin_PDF_Dataset_BFsignal_PIPIEE_4/scan1dDatasetsPlugin_PDF_Dataset_BFsignal_PIPIEE_4_run0.root, root/scan1dDatasetsPlugin_PDF_Dataset_BFsignal_PIPIEE_4/scan1dDatasetsPlugin_PDF_Dataset_BFsignal_PIPIEE_4_run1.root, root/scan1dDatasetsPlugin_PDF_Dataset_BFsignal_PIPIEE_4/scan1dDatasetsPlugin_PDF_Dataset_BFsignal_PIPIEE_4_run2.root, root/scan1dDatasetsPlugin_PDF_Dataset_BFsignal_PIPIEE_4/scan1dDatasetsPlugin_PDF_Dataset_BFsignal_PIPIEE_4_run3.root, root/scan1dDatasetsPlugin_PDF_Dataset_BFsignal_PIPIEE_4/scan1dDatasetsPlugin_PDF_Dataset_BFsignal_PIPIEE_4_run4.root, root/scan1dDatasetsPlugin_PDF_Dataset_BFsignal_KKEE_0/scan1dDatasetsPlugin_PDF_Dataset_BFsignal_KKEE_0_run0.root, root/scan1dDatasetsPlugin_PDF_Dataset_BFsignal_KKEE_0/scan1dDatasetsPlugin_PDF_Dataset_BFsignal_KKEE_0_run1.root, root/scan1dDatasetsPlugin_PDF_Dataset_BFsignal_KKEE_0/scan1dDatasetsPlugin_PDF_Dataset_BFsignal_KKEE_0_run2.root, root/scan1dDatasetsPlugin_PDF_Dataset_BFsignal_KKEE_0/scan1dDatasetsPlugin_PDF_Dataset_BFsignal_KKEE_0_run3.root, root/scan1dDatasetsPlugin_PDF_Dataset_BFsignal_KKEE_0/scan1dDatasetsPlugin_PDF_Dataset_BFsignal_KKEE_0_run4.root, root/scan1dDatasetsPlugin_PDF_Dataset_BFsignal_KKEE_1/scan1dDatasetsPlugin_PDF_Dataset_BFsignal_KKEE_1_run0.root, root/scan1dDatasetsPlugin_PDF_Dataset_BFsignal_KKEE_1/scan1dDatasetsPlugin_PDF_Dataset_BFsignal_KKEE_1_run1.root, root/scan1dDatasetsPlugin_PDF_Dataset_BFsignal_KKEE_1/scan1dDatasetsPlugin_PDF_Dataset_BFsignal_KKEE_1_run2.root, root/scan1dDatasetsPlugin_PDF_Dataset_BFsignal_KKEE_1/scan1dDatasetsPlugin_PDF_Dataset_BFsignal_KKEE_1_run3.root, root/scan1dDatasetsPlugin_PDF_Dataset_BFsignal_KKEE_1/scan1dDatasetsPlugin_PDF_Dataset_BFsignal_KKEE_1_run4.root, root/scan1dDatasetsPlugin_PDF_Dataset_BFsignal_KKEE_2/scan1dDatasetsPlugin_PDF_Dataset_BFsignal_KKEE_2_run0.root, root/scan1dDatasetsPlugin_PDF_Dataset_BFsignal_KKEE_2/scan1dDatasetsPlugin_PDF_Dataset_BFsignal_KKEE_2_run1.root, root/scan1dDatasetsPlugin_PDF_Dataset_BFsignal_KKEE_2/scan1dDatasetsPlugin_PDF_Dataset_BFsignal_KKEE_2_run2.root, root/scan1dDatasetsPlugin_PDF_Dataset_BFsignal_KKEE_2/scan1dDatasetsPlugin_PDF_Dataset_BFsignal_KKEE_2_run3.root, root/scan1dDatasetsPlugin_PDF_Dataset_BFsignal_KKEE_2/scan1dDatasetsPlugin_PDF_Dataset_BFsignal_KKEE_2_run4.root
    output: plots/cl/clintervals_PDF_Dataset_BFsignal_PIPIEE_3_DatasetsPlugin.py, plots/cl/clintervals_PDF_Dataset_BFsignal_PIPIEE_3_DatasetsPlugin_CLs2.py, plots/cl/clintervals_PDF_Dataset_BFsignal_PIPIEE_3_DatasetsPlugin_expected_standardCLs.py
    log: tutorial_dataset_plugin_PDF_Dataset_BFsignal_PIPIEE_3.log
    jobid: 17
    reason: Missing output files: plots/cl/clintervals_PDF_Dataset_BFsignal_PIPIEE_3_DatasetsPlugin_CLs2.py, plots/cl/clintervals_PDF_Dataset_BFsignal_PIPIEE_3_DatasetsPlugin_expected_standardCLs.py, plots/cl/clintervals_PDF_Dataset_BFsignal_PIPIEE_3_DatasetsPlugin.py; Input files updated by another job: root/scan1dDatasetsProb_PDF_Dataset_50p_BFsignal_PIPIEE_3.root
    wildcards: name=PDF_Dataset, var=BFsignal, decay=PIPIEE, bin_number=3
    resources: tmpdir=/tmp/ascarabo

[Wed Mar 20 18:53:28 2024]
Error in rule run_plugin:
    jobid: 17
    input: workspace.root, root/scan1dDatasetsProb_PDF_Dataset_50p_BFsignal_PIPIEE_3.root, root/scan1dDatasetsPlugin_PDF_Dataset_BFsignal_PIPIEE_0/scan1dDatasetsPlugin_PDF_Dataset_BFsignal_PIPIEE_0_run0.root, root/scan1dDatasetsPlugin_PDF_Dataset_BFsignal_PIPIEE_0/scan1dDatasetsPlugin_PDF_Dataset_BFsignal_PIPIEE_0_run1.root, root/scan1dDatasetsPlugin_PDF_Dataset_BFsignal_PIPIEE_0/scan1dDatasetsPlugin_PDF_Dataset_BFsignal_PIPIEE_0_run2.root, root/scan1dDatasetsPlugin_PDF_Dataset_BFsignal_PIPIEE_0/scan1dDatasetsPlugin_PDF_Dataset_BFsignal_PIPIEE_0_run3.root, root/scan1dDatasetsPlugin_PDF_Dataset_BFsignal_PIPIEE_0/scan1dDatasetsPlugin_PDF_Dataset_BFsignal_PIPIEE_0_run4.root, root/scan1dDatasetsPlugin_PDF_Dataset_BFsignal_PIPIEE_1/scan1dDatasetsPlugin_PDF_Dataset_BFsignal_PIPIEE_1_run0.root, root/scan1dDatasetsPlugin_PDF_Dataset_BFsignal_PIPIEE_1/scan1dDatasetsPlugin_PDF_Dataset_BFsignal_PIPIEE_1_run1.root, root/scan1dDatasetsPlugin_PDF_Dataset_BFsignal_PIPIEE_1/scan1dDatasetsPlugin_PDF_Dataset_BFsignal_PIPIEE_1_run2.root, root/scan1dDatasetsPlugin_PDF_Dataset_BFsignal_PIPIEE_1/scan1dDatasetsPlugin_PDF_Dataset_BFsignal_PIPIEE_1_run3.root, root/scan1dDatasetsPlugin_PDF_Dataset_BFsignal_PIPIEE_1/scan1dDatasetsPlugin_PDF_Dataset_BFsignal_PIPIEE_1_run4.root, root/scan1dDatasetsPlugin_PDF_Dataset_BFsignal_PIPIEE_2/scan1dDatasetsPlugin_PDF_Dataset_BFsignal_PIPIEE_2_run0.root, root/scan1dDatasetsPlugin_PDF_Dataset_BFsignal_PIPIEE_2/scan1dDatasetsPlugin_PDF_Dataset_BFsignal_PIPIEE_2_run1.root, root/scan1dDatasetsPlugin_PDF_Dataset_BFsignal_PIPIEE_2/scan1dDatasetsPlugin_PDF_Dataset_BFsignal_PIPIEE_2_run2.root, root/scan1dDatasetsPlugin_PDF_Dataset_BFsignal_PIPIEE_2/scan1dDatasetsPlugin_PDF_Dataset_BFsignal_PIPIEE_2_run3.root, root/scan1dDatasetsPlugin_PDF_Dataset_BFsignal_PIPIEE_2/scan1dDatasetsPlugin_PDF_Dataset_BFsignal_PIPIEE_2_run4.root, root/scan1dDatasetsPlugin_PDF_Dataset_BFsignal_PIPIEE_3/scan1dDatasetsPlugin_PDF_Dataset_BFsignal_PIPIEE_3_run0.root, root/scan1dDatasetsPlugin_PDF_Dataset_BFsignal_PIPIEE_3/scan1dDatasetsPlugin_PDF_Dataset_BFsignal_PIPIEE_3_run1.root, root/scan1dDatasetsPlugin_PDF_Dataset_BFsignal_PIPIEE_3/scan1dDatasetsPlugin_PDF_Dataset_BFsignal_PIPIEE_3_run2.root, root/scan1dDatasetsPlugin_PDF_Dataset_BFsignal_PIPIEE_3/scan1dDatasetsPlugin_PDF_Dataset_BFsignal_PIPIEE_3_run3.root, root/scan1dDatasetsPlugin_PDF_Dataset_BFsignal_PIPIEE_3/scan1dDatasetsPlugin_PDF_Dataset_BFsignal_PIPIEE_3_run4.root, root/scan1dDatasetsPlugin_PDF_Dataset_BFsignal_PIPIEE_4/scan1dDatasetsPlugin_PDF_Dataset_BFsignal_PIPIEE_4_run0.root, root/scan1dDatasetsPlugin_PDF_Dataset_BFsignal_PIPIEE_4/scan1dDatasetsPlugin_PDF_Dataset_BFsignal_PIPIEE_4_run1.root, root/scan1dDatasetsPlugin_PDF_Dataset_BFsignal_PIPIEE_4/scan1dDatasetsPlugin_PDF_Dataset_BFsignal_PIPIEE_4_run2.root, root/scan1dDatasetsPlugin_PDF_Dataset_BFsignal_PIPIEE_4/scan1dDatasetsPlugin_PDF_Dataset_BFsignal_PIPIEE_4_run3.root, root/scan1dDatasetsPlugin_PDF_Dataset_BFsignal_PIPIEE_4/scan1dDatasetsPlugin_PDF_Dataset_BFsignal_PIPIEE_4_run4.root, root/scan1dDatasetsPlugin_PDF_Dataset_BFsignal_KKEE_0/scan1dDatasetsPlugin_PDF_Dataset_BFsignal_KKEE_0_run0.root, root/scan1dDatasetsPlugin_PDF_Dataset_BFsignal_KKEE_0/scan1dDatasetsPlugin_PDF_Dataset_BFsignal_KKEE_0_run1.root, root/scan1dDatasetsPlugin_PDF_Dataset_BFsignal_KKEE_0/scan1dDatasetsPlugin_PDF_Dataset_BFsignal_KKEE_0_run2.root, root/scan1dDatasetsPlugin_PDF_Dataset_BFsignal_KKEE_0/scan1dDatasetsPlugin_PDF_Dataset_BFsignal_KKEE_0_run3.root, root/scan1dDatasetsPlugin_PDF_Dataset_BFsignal_KKEE_0/scan1dDatasetsPlugin_PDF_Dataset_BFsignal_KKEE_0_run4.root, root/scan1dDatasetsPlugin_PDF_Dataset_BFsignal_KKEE_1/scan1dDatasetsPlugin_PDF_Dataset_BFsignal_KKEE_1_run0.root, root/scan1dDatasetsPlugin_PDF_Dataset_BFsignal_KKEE_1/scan1dDatasetsPlugin_PDF_Dataset_BFsignal_KKEE_1_run1.root, root/scan1dDatasetsPlugin_PDF_Dataset_BFsignal_KKEE_1/scan1dDatasetsPlugin_PDF_Dataset_BFsignal_KKEE_1_run2.root, root/scan1dDatasetsPlugin_PDF_Dataset_BFsignal_KKEE_1/scan1dDatasetsPlugin_PDF_Dataset_BFsignal_KKEE_1_run3.root, root/scan1dDatasetsPlugin_PDF_Dataset_BFsignal_KKEE_1/scan1dDatasetsPlugin_PDF_Dataset_BFsignal_KKEE_1_run4.root, root/scan1dDatasetsPlugin_PDF_Dataset_BFsignal_KKEE_2/scan1dDatasetsPlugin_PDF_Dataset_BFsignal_KKEE_2_run0.root, root/scan1dDatasetsPlugin_PDF_Dataset_BFsignal_KKEE_2/scan1dDatasetsPlugin_PDF_Dataset_BFsignal_KKEE_2_run1.root, root/scan1dDatasetsPlugin_PDF_Dataset_BFsignal_KKEE_2/scan1dDatasetsPlugin_PDF_Dataset_BFsignal_KKEE_2_run2.root, root/scan1dDatasetsPlugin_PDF_Dataset_BFsignal_KKEE_2/scan1dDatasetsPlugin_PDF_Dataset_BFsignal_KKEE_2_run3.root, root/scan1dDatasetsPlugin_PDF_Dataset_BFsignal_KKEE_2/scan1dDatasetsPlugin_PDF_Dataset_BFsignal_KKEE_2_run4.root
    output: plots/cl/clintervals_PDF_Dataset_BFsignal_PIPIEE_3_DatasetsPlugin.py, plots/cl/clintervals_PDF_Dataset_BFsignal_PIPIEE_3_DatasetsPlugin_CLs2.py, plots/cl/clintervals_PDF_Dataset_BFsignal_PIPIEE_3_DatasetsPlugin_expected_standardCLs.py
    log: tutorial_dataset_plugin_PDF_Dataset_BFsignal_PIPIEE_3.log (check log file(s) for error details)
    shell:
         bin/tutorial_dataset --var BFsignal --npoints 50 --scanrange 1e-8:1e-6 -a plugin -j 0-4 --cls 2 --CL 90 --CL 95 --decay PIPIEE --bin 3 --teststat 1 > tutorial_dataset_plugin_PDF_Dataset_BFsignal_PIPIEE_3.log
        (one of the commands exited with non-zero exit code; note that snakemake uses bash strict mode!)

Removing output files of failed job run_plugin since they might be corrupted:
plots/cl/clintervals_PDF_Dataset_BFsignal_PIPIEE_3_DatasetsPlugin.py, plots/cl/clintervals_PDF_Dataset_BFsignal_PIPIEE_3_DatasetsPlugin_CLs2.py, plots/cl/clintervals_PDF_Dataset_BFsignal_PIPIEE_3_DatasetsPlugin_expected_standardCLs.py
Shutting down, this might take some time.
Exiting because a job execution failed. Look above for error message
Complete log: .snakemake/log/2024-03-20T185309.141694.snakemake.log
