Building DAG of jobs...
Using shell: /usr/bin/bash
Provided cores: 1 (use --cores to define parallelism)
Rules claiming more threads will be scaled down.
Job stats:
job                count
---------------  -------
all                    1
build_wspc             8
run_plugin             8
run_pluginbatch       40
run_prob               8
total                 65

Select jobs to execute...

[Wed Mar 20 15:37:58 2024]
rule build_wspc:
    output: workspace_KKEE_0.root
    log: build_workspace_KKEE_0.log
    jobid: 6
    reason: Missing output files: workspace_KKEE_0.root
    wildcards: decay=KKEE, bin_number=0
    resources: tmpdir=/tmp/ascarabo

[Wed Mar 20 15:37:58 2024]
Error in rule build_wspc:
    jobid: 6
    output: workspace_KKEE_0.root
    log: build_workspace_KKEE_0.log (check log file(s) for error details)
    shell:
         bin/tutorial_dataset_build_workspace --decay KKEE --bin 0 > build_workspace_KKEE_0.log
        (one of the commands exited with non-zero exit code; note that snakemake uses bash strict mode!)

Shutting down, this might take some time.
Exiting because a job execution failed. Look above for error message
Complete log: .snakemake/log/2024-03-20T153757.943340.snakemake.log
